This file contains any messages produced by compilers while
running configure, to aid debugging if configure makes a mistake.

It was created by GNU C Library configure (see version.h), which was
generated by GNU Autoconf 2.68.  Invocation command line was

  $ ./glibc-2.17/configure --prefix=/home/openwrt/staging_dir/toolchain-mipsel_24kec+dsp_gcc-4.8-linaro_uClibc-0.9.33.2 --host=mipsel-openwrt-linux-uclibc --build=i686-pc-linux-gnu --enable-add-on=nptl libc_cv_forced_unwind=yes libc_cv_c_cleanup=yes libc_cv_mips_tls=yes libc_cv_gnu99_inline=yes

## --------- ##
## Platform. ##
## --------- ##

hostname = ubuntu
uname -m = i686
uname -r = 2.6.35-22-generic
uname -s = Linux
uname -v = #33-Ubuntu SMP Sun Sep 19 20:34:50 UTC 2010

/usr/bin/uname -p = unknown
/bin/uname -X     = unknown

/bin/arch              = unknown
/usr/bin/arch -k       = unknown
/usr/convex/getsysinfo = unknown
/usr/bin/hostinfo      = unknown
/bin/machine           = unknown
/usr/bin/oslevel       = unknown
/bin/universe          = unknown

PATH: /usr/lib/jvm/java/bin
PATH: /usr/local/sbin
PATH: /usr/local/bin
PATH: /usr/sbin
PATH: /usr/bin
PATH: /sbin
PATH: /bin
PATH: /usr/games
PATH: /usr/local/arm/4.4.3/bin
PATH: /usr/local/mips/buildroot-gcc342/bin
PATH: /home/openwrt/staging_dir/toolchain-mipsel_24kec+dsp_gcc-4.8-linaro_uClibc-0.9.33.2/bin


## ----------- ##
## Core tests. ##
## ----------- ##

configure:2366: checking build system type
configure:2380: result: i686-pc-linux-gnu
configure:2400: checking host system type
configure:2413: result: mipsel-openwrt-linux-uclibc
configure:2442: checking for mipsel-openwrt-linux-uclibc-gcc
configure:2458: found /home/openwrt/staging_dir/toolchain-mipsel_24kec+dsp_gcc-4.8-linaro_uClibc-0.9.33.2/bin/mipsel-openwrt-linux-uclibc-gcc
configure:2469: result: mipsel-openwrt-linux-uclibc-gcc
configure:2738: checking for C compiler version
configure:2747: mipsel-openwrt-linux-uclibc-gcc --version >&5
mipsel-openwrt-linux-uclibc-gcc (OpenWrt/Linaro GCC 4.8-2014.04 r49363) 4.8.3
Copyright (C) 2013 Free Software Foundation, Inc.
This is free software; see the source for copying conditions.  There is NO
warranty; not even for MERCHANTABILITY or FITNESS FOR A PARTICULAR PURPOSE.

configure:2758: $? = 0
configure:2747: mipsel-openwrt-linux-uclibc-gcc -v >&5
Reading specs from /home/openwrt/staging_dir/toolchain-mipsel_24kec+dsp_gcc-4.8-linaro_uClibc-0.9.33.2/lib/gcc/mipsel-openwrt-linux-uclibc/4.8.3/specs
COLLECT_GCC=mipsel-openwrt-linux-uclibc-gcc
COLLECT_LTO_WRAPPER=/home/openwrt/staging_dir/toolchain-mipsel_24kec+dsp_gcc-4.8-linaro_uClibc-0.9.33.2/libexec/gcc/mipsel-openwrt-linux-uclibc/4.8.3/lto-wrapper
Target: mipsel-openwrt-linux-uclibc
Configured with: /home/openwrt/build_dir/toolchain-mipsel_24kec+dsp_gcc-4.8-linaro_uClibc-0.9.33.2/gcc-linaro-4.8-2014.04/configure --with-bugurl=https://dev.openwrt.org/ --with-pkgversion='OpenWrt/Linaro GCC 4.8-2014.04 r49363' --prefix=/home/openwrt/staging_dir/toolchain-mipsel_24kec+dsp_gcc-4.8-linaro_uClibc-0.9.33.2 --build=i686-linux-gnu --host=i686-linux-gnu --target=mipsel-openwrt-linux-uclibc --with-gnu-ld --enable-target-optspace --disable-libgomp --disable-libmudflap --disable-multilib --disable-nls --with-host-libstdcxx=-lstdc++ --with-float=soft --with-gmp=/home/openwrt/staging_dir/host --with-mpfr=/home/openwrt/staging_dir/host --with-mpc=/home/openwrt/staging_dir/host --disable-decimal-float --with-mips-plt --disable-libssp --disable-__cxa_atexit --with-headers=/home/openwrt/staging_dir/toolchain-mipsel_24kec+dsp_gcc-4.8-linaro_uClibc-0.9.33.2/include --disable-libsanitizer --enable-languages=c,c++ --enable-shared --enable-threads --with-slibdir=/home/openwrt/staging_dir/toolchain-mipsel_24kec+dsp_gcc-4.8-linaro_uClibc-0.9.33.2/lib
Thread model: posix
gcc version 4.8.3 (OpenWrt/Linaro GCC 4.8-2014.04 r49363) 
configure:2758: $? = 0
configure:2747: mipsel-openwrt-linux-uclibc-gcc -V >&5
mipsel-openwrt-linux-uclibc-gcc: error: unrecognized command line option '-V'
mipsel-openwrt-linux-uclibc-gcc: fatal error: no input files
compilation terminated.
configure:2758: $? = 1
configure:2747: mipsel-openwrt-linux-uclibc-gcc -qversion >&5
mipsel-openwrt-linux-uclibc-gcc: error: unrecognized command line option '-qversion'
mipsel-openwrt-linux-uclibc-gcc: fatal error: no input files
compilation terminated.
configure:2758: $? = 1
configure:2763: checking for suffix of object files
configure:2785: mipsel-openwrt-linux-uclibc-gcc -c   conftest.c >&5
mipsel-openwrt-linux-uclibc-gcc: warning: environment variable 'STAGING_DIR' not defined
configure:2789: $? = 0
configure:2810: result: o
configure:2814: checking whether we are using the GNU C compiler
configure:2833: mipsel-openwrt-linux-uclibc-gcc -c   conftest.c >&5
mipsel-openwrt-linux-uclibc-gcc: warning: environment variable 'STAGING_DIR' not defined
configure:2833: $? = 0
configure:2842: result: yes
configure:2851: checking whether mipsel-openwrt-linux-uclibc-gcc accepts -g
configure:2871: mipsel-openwrt-linux-uclibc-gcc -c -g  conftest.c >&5
mipsel-openwrt-linux-uclibc-gcc: warning: environment variable 'STAGING_DIR' not defined
configure:2871: $? = 0
configure: failed program was:
| /* confdefs.h */
| #define PACKAGE_NAME "GNU C Library"
| #define PACKAGE_TARNAME "glibc"
| #define PACKAGE_VERSION "(see version.h)"
| #define PACKAGE_STRING "GNU C Library (see version.h)"
| #define PACKAGE_BUGREPORT "http://sourceware.org/bugzilla/"
| #define PACKAGE_URL "http://www.gnu.org/software/glibc/"
| #define PKGVERSION "(GNU libc) "
| #define REPORT_BUGS_TO "<http://www.gnu.org/software/libc/bugs.html>"
| /* end confdefs.h.  */
| 
| int
| main ()
| {
| 
|   ;
|   return 0;
| }
configure:2886: mipsel-openwrt-linux-uclibc-gcc -c   conftest.c >&5
mipsel-openwrt-linux-uclibc-gcc: warning: environment variable 'STAGING_DIR' not defined
configure:2886: $? = 0
configure: failed program was:
| /* confdefs.h */
| #define PACKAGE_NAME "GNU C Library"
| #define PACKAGE_TARNAME "glibc"
| #define PACKAGE_VERSION "(see version.h)"
| #define PACKAGE_STRING "GNU C Library (see version.h)"
| #define PACKAGE_BUGREPORT "http://sourceware.org/bugzilla/"
| #define PACKAGE_URL "http://www.gnu.org/software/glibc/"
| #define PKGVERSION "(GNU libc) "
| #define REPORT_BUGS_TO "<http://www.gnu.org/software/libc/bugs.html>"
| /* end confdefs.h.  */
| 
| int
| main ()
| {
| 
|   ;
|   return 0;
| }
configure:2902: mipsel-openwrt-linux-uclibc-gcc -c -g  conftest.c >&5
mipsel-openwrt-linux-uclibc-gcc: warning: environment variable 'STAGING_DIR' not defined
configure:2902: $? = 0
configure:2912: result: yes
configure:2929: checking for mipsel-openwrt-linux-uclibc-gcc option to accept ISO C89
configure:2993: mipsel-openwrt-linux-uclibc-gcc  -c -g -O2  conftest.c >&5
mipsel-openwrt-linux-uclibc-gcc: warning: environment variable 'STAGING_DIR' not defined
configure:2993: $? = 0
configure:3006: result: none needed
configure:3031: checking for gcc
configure:3047: found /usr/bin/gcc
configure:3058: result: gcc
configure:3076: checking how to run the C preprocessor
configure:3107: mipsel-openwrt-linux-uclibc-gcc -E  conftest.c
mipsel-openwrt-linux-uclibc-gcc: warning: environment variable 'STAGING_DIR' not defined
configure:3107: $? = 0
configure:3121: mipsel-openwrt-linux-uclibc-gcc -E  conftest.c
mipsel-openwrt-linux-uclibc-gcc: warning: environment variable 'STAGING_DIR' not defined
conftest.c:11:28: fatal error: ac_nonexistent.h: No such file or directory
 #include <ac_nonexistent.h>
                            ^
compilation terminated.
configure:3121: $? = 1
configure: failed program was:
| /* confdefs.h */
| #define PACKAGE_NAME "GNU C Library"
| #define PACKAGE_TARNAME "glibc"
| #define PACKAGE_VERSION "(see version.h)"
| #define PACKAGE_STRING "GNU C Library (see version.h)"
| #define PACKAGE_BUGREPORT "http://sourceware.org/bugzilla/"
| #define PACKAGE_URL "http://www.gnu.org/software/glibc/"
| #define PKGVERSION "(GNU libc) "
| #define REPORT_BUGS_TO "<http://www.gnu.org/software/libc/bugs.html>"
| /* end confdefs.h.  */
| #include <ac_nonexistent.h>
configure:3146: result: mipsel-openwrt-linux-uclibc-gcc -E
configure:3166: mipsel-openwrt-linux-uclibc-gcc -E  conftest.c
mipsel-openwrt-linux-uclibc-gcc: warning: environment variable 'STAGING_DIR' not defined
configure:3166: $? = 0
configure:3180: mipsel-openwrt-linux-uclibc-gcc -E  conftest.c
mipsel-openwrt-linux-uclibc-gcc: warning: environment variable 'STAGING_DIR' not defined
conftest.c:11:28: fatal error: ac_nonexistent.h: No such file or directory
 #include <ac_nonexistent.h>
                            ^
compilation terminated.
configure:3180: $? = 1
configure: failed program was:
| /* confdefs.h */
| #define PACKAGE_NAME "GNU C Library"
| #define PACKAGE_TARNAME "glibc"
| #define PACKAGE_VERSION "(see version.h)"
| #define PACKAGE_STRING "GNU C Library (see version.h)"
| #define PACKAGE_BUGREPORT "http://sourceware.org/bugzilla/"
| #define PACKAGE_URL "http://www.gnu.org/software/glibc/"
| #define PKGVERSION "(GNU libc) "
| #define REPORT_BUGS_TO "<http://www.gnu.org/software/libc/bugs.html>"
| /* end confdefs.h.  */
| #include <ac_nonexistent.h>
configure:3223: checking for mipsel-openwrt-linux-uclibc-g++
configure:3239: found /home/openwrt/staging_dir/toolchain-mipsel_24kec+dsp_gcc-4.8-linaro_uClibc-0.9.33.2/bin/mipsel-openwrt-linux-uclibc-g++
configure:3250: result: mipsel-openwrt-linux-uclibc-g++
configure:3321: checking for C++ compiler version
configure:3330: mipsel-openwrt-linux-uclibc-g++ --version >&5
mipsel-openwrt-linux-uclibc-g++ (OpenWrt/Linaro GCC 4.8-2014.04 r49363) 4.8.3
Copyright (C) 2013 Free Software Foundation, Inc.
This is free software; see the source for copying conditions.  There is NO
warranty; not even for MERCHANTABILITY or FITNESS FOR A PARTICULAR PURPOSE.

configure:3341: $? = 0
configure:3330: mipsel-openwrt-linux-uclibc-g++ -v >&5
Reading specs from /home/openwrt/staging_dir/toolchain-mipsel_24kec+dsp_gcc-4.8-linaro_uClibc-0.9.33.2/lib/gcc/mipsel-openwrt-linux-uclibc/4.8.3/specs
COLLECT_GCC=mipsel-openwrt-linux-uclibc-g++
COLLECT_LTO_WRAPPER=/home/openwrt/staging_dir/toolchain-mipsel_24kec+dsp_gcc-4.8-linaro_uClibc-0.9.33.2/libexec/gcc/mipsel-openwrt-linux-uclibc/4.8.3/lto-wrapper
Target: mipsel-openwrt-linux-uclibc
Configured with: /home/openwrt/build_dir/toolchain-mipsel_24kec+dsp_gcc-4.8-linaro_uClibc-0.9.33.2/gcc-linaro-4.8-2014.04/configure --with-bugurl=https://dev.openwrt.org/ --with-pkgversion='OpenWrt/Linaro GCC 4.8-2014.04 r49363' --prefix=/home/openwrt/staging_dir/toolchain-mipsel_24kec+dsp_gcc-4.8-linaro_uClibc-0.9.33.2 --build=i686-linux-gnu --host=i686-linux-gnu --target=mipsel-openwrt-linux-uclibc --with-gnu-ld --enable-target-optspace --disable-libgomp --disable-libmudflap --disable-multilib --disable-nls --with-host-libstdcxx=-lstdc++ --with-float=soft --with-gmp=/home/openwrt/staging_dir/host --with-mpfr=/home/openwrt/staging_dir/host --with-mpc=/home/openwrt/staging_dir/host --disable-decimal-float --with-mips-plt --disable-libssp --disable-__cxa_atexit --with-headers=/home/openwrt/staging_dir/toolchain-mipsel_24kec+dsp_gcc-4.8-linaro_uClibc-0.9.33.2/include --disable-libsanitizer --enable-languages=c,c++ --enable-shared --enable-threads --with-slibdir=/home/openwrt/staging_dir/toolchain-mipsel_24kec+dsp_gcc-4.8-linaro_uClibc-0.9.33.2/lib
Thread model: posix
gcc version 4.8.3 (OpenWrt/Linaro GCC 4.8-2014.04 r49363) 
configure:3341: $? = 0
configure:3330: mipsel-openwrt-linux-uclibc-g++ -V >&5
mipsel-openwrt-linux-uclibc-g++: error: unrecognized command line option '-V'
mipsel-openwrt-linux-uclibc-g++: fatal error: no input files
compilation terminated.
configure:3341: $? = 1
configure:3330: mipsel-openwrt-linux-uclibc-g++ -qversion >&5
mipsel-openwrt-linux-uclibc-g++: error: unrecognized command line option '-qversion'
mipsel-openwrt-linux-uclibc-g++: fatal error: no input files
compilation terminated.
configure:3341: $? = 1
configure:3345: checking whether we are using the GNU C++ compiler
configure:3364: mipsel-openwrt-linux-uclibc-g++ -c   conftest.cpp >&5
mipsel-openwrt-linux-uclibc-g++: warning: environment variable 'STAGING_DIR' not defined
configure:3364: $? = 0
configure:3373: result: yes
configure:3382: checking whether mipsel-openwrt-linux-uclibc-g++ accepts -g
configure:3402: mipsel-openwrt-linux-uclibc-g++ -c -g  conftest.cpp >&5
mipsel-openwrt-linux-uclibc-g++: warning: environment variable 'STAGING_DIR' not defined
configure:3402: $? = 0
configure: failed program was:
| /* confdefs.h */
| #define PACKAGE_NAME "GNU C Library"
| #define PACKAGE_TARNAME "glibc"
| #define PACKAGE_VERSION "(see version.h)"
| #define PACKAGE_STRING "GNU C Library (see version.h)"
| #define PACKAGE_BUGREPORT "http://sourceware.org/bugzilla/"
| #define PACKAGE_URL "http://www.gnu.org/software/glibc/"
| #define PKGVERSION "(GNU libc) "
| #define REPORT_BUGS_TO "<http://www.gnu.org/software/libc/bugs.html>"
| /* end confdefs.h.  */
| 
| int
| main ()
| {
| 
|   ;
|   return 0;
| }
configure:3417: mipsel-openwrt-linux-uclibc-g++ -c   conftest.cpp >&5
mipsel-openwrt-linux-uclibc-g++: warning: environment variable 'STAGING_DIR' not defined
configure:3417: $? = 0
configure: failed program was:
| /* confdefs.h */
| #define PACKAGE_NAME "GNU C Library"
| #define PACKAGE_TARNAME "glibc"
| #define PACKAGE_VERSION "(see version.h)"
| #define PACKAGE_STRING "GNU C Library (see version.h)"
| #define PACKAGE_BUGREPORT "http://sourceware.org/bugzilla/"
| #define PACKAGE_URL "http://www.gnu.org/software/glibc/"
| #define PKGVERSION "(GNU libc) "
| #define REPORT_BUGS_TO "<http://www.gnu.org/software/libc/bugs.html>"
| /* end confdefs.h.  */
| 
| int
| main ()
| {
| 
|   ;
|   return 0;
| }
configure:3433: mipsel-openwrt-linux-uclibc-g++ -c -g  conftest.cpp >&5
mipsel-openwrt-linux-uclibc-g++: warning: environment variable 'STAGING_DIR' not defined
configure:3433: $? = 0
configure:3443: result: yes
configure:3469: checking for mipsel-openwrt-linux-uclibc-readelf
configure:3485: found /home/openwrt/staging_dir/toolchain-mipsel_24kec+dsp_gcc-4.8-linaro_uClibc-0.9.33.2/bin/mipsel-openwrt-linux-uclibc-readelf
configure:3496: result: mipsel-openwrt-linux-uclibc-readelf
configure:3998: checking for sysdeps preconfigure fragments
configure:4005: result: 
configure:4079: running configure fragment for add-on libidn
configure:4079: running configure fragment for add-on nptl
configure:4127: checking add-on ports for preconfigure fragments
configure:4134: result: 
configure:4215: checking for assembler and linker STT_GNU_IFUNC support
mipsel-openwrt-linux-uclibc-gcc: warning: environment variable 'STAGING_DIR' not defined
mipsel-openwrt-linux-uclibc-gcc: warning: environment variable 'STAGING_DIR' not defined
mipsel-openwrt-linux-uclibc-gcc: warning: environment variable 'STAGING_DIR' not defined

There are no relocations in this file.
configure:4246: result: no
configure:4249: checking whether .text pseudo-op must be used
configure:4259: mipsel-openwrt-linux-uclibc-gcc  -c conftest.s 1>&5
configure:4262: $? = 0
configure:4273: result: yes
configure:4291: checking sysdep dirs
configure:4505: result: sysdeps/generic
configure:4582: checking for a BSD-compatible install
configure:4650: result: /usr/bin/install -c
configure:4665: checking whether ln -s works
configure:4669: result: yes
configure:4693: checking whether /home/openwrt/staging_dir/toolchain-mipsel_24kec+dsp_gcc-4.8-linaro_uClibc-0.9.33.2/lib/gcc/mipsel-openwrt-linux-uclibc/4.8.3/../../../../mipsel-openwrt-linux-uclibc/bin/as is GNU as
configure:4707: result: yes
configure:4712: checking whether /home/openwrt/staging_dir/toolchain-mipsel_24kec+dsp_gcc-4.8-linaro_uClibc-0.9.33.2/lib/gcc/mipsel-openwrt-linux-uclibc/4.8.3/../../../../mipsel-openwrt-linux-uclibc/bin/ld is GNU ld
configure:4726: result: yes
configure:4736: checking for /home/openwrt/staging_dir/toolchain-mipsel_24kec+dsp_gcc-4.8-linaro_uClibc-0.9.33.2/lib/gcc/mipsel-openwrt-linux-uclibc/4.8.3/../../../../mipsel-openwrt-linux-uclibc/bin/as
configure:4763: result: /home/openwrt/staging_dir/toolchain-mipsel_24kec+dsp_gcc-4.8-linaro_uClibc-0.9.33.2/lib/gcc/mipsel-openwrt-linux-uclibc/4.8.3/../../../../mipsel-openwrt-linux-uclibc/bin/as
configure:4778: checking version of /home/openwrt/staging_dir/toolchain-mipsel_24kec+dsp_gcc-4.8-linaro_uClibc-0.9.33.2/lib/gcc/mipsel-openwrt-linux-uclibc/4.8.3/../../../../mipsel-openwrt-linux-uclibc/bin/as
configure:4788: result: 2.24.0, ok
configure:4799: checking for /home/openwrt/staging_dir/toolchain-mipsel_24kec+dsp_gcc-4.8-linaro_uClibc-0.9.33.2/lib/gcc/mipsel-openwrt-linux-uclibc/4.8.3/../../../../mipsel-openwrt-linux-uclibc/bin/ld
configure:4826: result: /home/openwrt/staging_dir/toolchain-mipsel_24kec+dsp_gcc-4.8-linaro_uClibc-0.9.33.2/lib/gcc/mipsel-openwrt-linux-uclibc/4.8.3/../../../../mipsel-openwrt-linux-uclibc/bin/ld
configure:4841: checking version of /home/openwrt/staging_dir/toolchain-mipsel_24kec+dsp_gcc-4.8-linaro_uClibc-0.9.33.2/lib/gcc/mipsel-openwrt-linux-uclibc/4.8.3/../../../../mipsel-openwrt-linux-uclibc/bin/ld
configure:4851: result: 2.24.0, ok
configure:4865: checking for mipsel-openwrt-linux-uclibc-gcc
configure:4892: result: mipsel-openwrt-linux-uclibc-gcc
configure:4907: checking version of mipsel-openwrt-linux-uclibc-gcc
configure:4917: result: 4.8.3, ok
configure:4928: checking for gnumake
configure:4958: result: no
configure:4928: checking for gmake
configure:4958: result: no
configure:4928: checking for make
configure:4944: found /usr/bin/make
configure:4955: result: make
configure:4970: checking version of make
configure:4980: result: 3.81, ok
configure:4992: checking for gnumsgfmt
configure:5022: result: no
configure:4992: checking for gmsgfmt
configure:5022: result: no
configure:4992: checking for msgfmt
configure:5008: found /usr/bin/msgfmt
configure:5019: result: msgfmt
configure:5034: checking version of msgfmt
configure:5044: result: 0.18.1, ok
configure:5055: checking for makeinfo
configure:5085: result: no
configure:5118: checking for sed
configure:5134: found /bin/sed
configure:5145: result: sed
configure:5160: checking version of sed
configure:5170: result: 4.2.1, ok
configure:5181: checking for gawk
configure:5197: found /usr/bin/gawk
configure:5208: result: gawk
configure:5223: checking version of gawk
configure:5233: result: 3.1.7, ok
configure:5244: checking for mipsel-openwrt-linux-uclibc-nm
configure:5260: found /home/openwrt/staging_dir/toolchain-mipsel_24kec+dsp_gcc-4.8-linaro_uClibc-0.9.33.2/bin/mipsel-openwrt-linux-uclibc-nm
configure:5271: result: mipsel-openwrt-linux-uclibc-nm
configure:5338: checking for autoconf
configure:5354: found /usr/bin/autoconf
configure:5365: result: autoconf
configure:5380: checking whether autoconf works
configure:5391: result: no
configure:5407: WARNING:
*** These auxiliary programs are missing or incompatible versions: makeinfo autoconf
*** some features will be disabled.
*** Check the INSTALL file for required versions.
configure:5443: checking LD_LIBRARY_PATH variable
configure:5453: result: ok
configure:5462: checking whether GCC supports -static-libgcc
configure:5473: result: -static-libgcc
configure:5479: checking for bash
configure:5497: found /bin/bash
configure:5510: result: /bin/bash
configure:5583: checking for perl
configure:5601: found /usr/bin/perl
configure:5614: result: /usr/bin/perl
configure:5628: checking for install-info
configure:5647: found /usr/sbin/install-info
configure:5660: result: /usr/sbin/install-info
configure:5670: checking for bison
configure:5689: found /usr/bin/bison
configure:5702: result: /usr/bin/bison
configure:5711: checking for libc-friendly stddef.h
configure:5735: mipsel-openwrt-linux-uclibc-gcc -c -g -O2  conftest.c >&5
mipsel-openwrt-linux-uclibc-gcc: warning: environment variable 'STAGING_DIR' not defined
conftest.c: In function 'main':
conftest.c:24:38: warning: incompatible implicit declaration of built-in function 'abort' [enabled by default]
 if (&size == NULL || &wchar == NULL) abort ();
                                      ^
configure:5735: $? = 0
configure:5742: result: yes
configure:5749: checking whether we need to use -P to assemble .S files
configure:5759: mipsel-openwrt-linux-uclibc-gcc   -c conftest.S 1>&5
mipsel-openwrt-linux-uclibc-gcc: warning: environment variable 'STAGING_DIR' not defined
configure:5762: $? = 0
configure:5770: result: no
configure:5777: checking for .set assembler directive
mipsel-openwrt-linux-uclibc-gcc: warning: environment variable 'STAGING_DIR' not defined
mipsel-openwrt-linux-uclibc-gcc: warning: environment variable 'STAGING_DIR' not defined
mipsel-openwrt-linux-uclibc-gcc: warning: environment variable 'STAGING_DIR' not defined
/home/openwrt/staging_dir/toolchain-mipsel_24kec+dsp_gcc-4.8-linaro_uClibc-0.9.33.2/lib/gcc/mipsel-openwrt-linux-uclibc/4.8.3/../../../../mipsel-openwrt-linux-uclibc/bin/ld: warning: cannot find entry symbol __start; defaulting to 00000000004000b0
configure:5803: result: yes
configure:5810: checking for assembler gnu_unique_object symbol type
configure:5827: result: yes
configure:5834: checking for .symver assembler directive
configure:5851: result: yes
configure:5853: checking for ld --version-script
configure:5879: mipsel-openwrt-linux-uclibc-gcc -g -O2  -shared
				-o conftest.so conftest.o
				-nostartfiles -nostdlib
				-Wl,--version-script,conftest.map
		       1>&5
mipsel-openwrt-linux-uclibc-gcc: warning: environment variable 'STAGING_DIR' not defined
mipsel-openwrt-linux-uclibc-gcc: warning: environment variable 'STAGING_DIR' not defined
configure:5882: $? = 0
configure:5897: result: yes
configure:5918: checking for .previous assembler directive
configure:5928: mipsel-openwrt-linux-uclibc-gcc -c  conftest.s 1>&5
configure:5931: $? = 0
configure:5939: result: yes
configure:5973: checking for .protected and .hidden assembler directive
configure:5985: mipsel-openwrt-linux-uclibc-gcc -c  conftest.s 1>&5
configure:5988: $? = 0
configure:5996: result: yes
configure:6000: checking whether __attribute__((visibility())) is supported
configure:6011: mipsel-openwrt-linux-uclibc-gcc -Werror -S conftest.c -o conftest.s 1>&5
mipsel-openwrt-linux-uclibc-gcc: warning: environment variable 'STAGING_DIR' not defined
configure:6014: $? = 0
configure:6025: result: yes
configure:6033: checking for broken __attribute__((visibility()))
configure:6045: mipsel-openwrt-linux-uclibc-gcc -Werror -S conftest.c -o conftest.s 1>&5
mipsel-openwrt-linux-uclibc-gcc: warning: environment variable 'STAGING_DIR' not defined
configure:6048: $? = 0
configure:6057: result: no
configure:6064: checking for broken __attribute__((alias()))
configure:6079: mipsel-openwrt-linux-uclibc-gcc -Werror -S conftest.c -o conftest.s 1>&5
mipsel-openwrt-linux-uclibc-gcc: warning: environment variable 'STAGING_DIR' not defined
configure:6082: $? = 0
configure:6092: result: no
configure:6099: checking whether to put _rtld_local into .sdata section
configure:6113: result: yes
configure:6121: checking for .preinit_array/.init_array/.fini_array support
configure:6137: mipsel-openwrt-linux-uclibc-gcc -g -O2   -o conftest
		       conftest.c -static -nostartfiles -nostdlib
		       1>&5
mipsel-openwrt-linux-uclibc-gcc: warning: environment variable 'STAGING_DIR' not defined
mipsel-openwrt-linux-uclibc-gcc: warning: environment variable 'STAGING_DIR' not defined
mipsel-openwrt-linux-uclibc-gcc: warning: environment variable 'STAGING_DIR' not defined
configure:6140: $? = 0
configure:6153: result: yes
configure:6159: checking whether to use .ctors/.dtors header and trailer
configure:6176: mipsel-openwrt-linux-uclibc-gcc -g -O2   -o conftest
		       conftest.c -static -nostartfiles -nostdlib
		       1>&5
mipsel-openwrt-linux-uclibc-gcc: warning: environment variable 'STAGING_DIR' not defined
mipsel-openwrt-linux-uclibc-gcc: warning: environment variable 'STAGING_DIR' not defined
mipsel-openwrt-linux-uclibc-gcc: warning: environment variable 'STAGING_DIR' not defined
configure:6179: $? = 0
configure:6205: result: yes
configure:6212: checking for libunwind-support in compiler
configure:6229: result: no
configure:6237: checking for linker that supports -z nodelete
configure:6250: mipsel-openwrt-linux-uclibc-gcc -g -O2  
				-Wl,--enable-new-dtags,-z,nodelete -nostdlib -nostartfiles
				-fPIC -shared -o conftest.so conftest.c
				1>&5
mipsel-openwrt-linux-uclibc-gcc: warning: environment variable 'STAGING_DIR' not defined
mipsel-openwrt-linux-uclibc-gcc: warning: environment variable 'STAGING_DIR' not defined
mipsel-openwrt-linux-uclibc-gcc: warning: environment variable 'STAGING_DIR' not defined
configure:6253: $? = 0
configure:6266: result: yes
configure:6269: checking for linker that supports -z nodlopen
configure:6282: mipsel-openwrt-linux-uclibc-gcc -g -O2  
				-Wl,--enable-new-dtags,-z,nodlopen -nostdlib -nostartfiles
				-fPIC -shared -o conftest.so conftest.c
				1>&5
mipsel-openwrt-linux-uclibc-gcc: warning: environment variable 'STAGING_DIR' not defined
mipsel-openwrt-linux-uclibc-gcc: warning: environment variable 'STAGING_DIR' not defined
mipsel-openwrt-linux-uclibc-gcc: warning: environment variable 'STAGING_DIR' not defined
configure:6285: $? = 0
configure:6298: result: yes
configure:6301: checking for linker that supports -z initfirst
configure:6314: mipsel-openwrt-linux-uclibc-gcc -g -O2  
				-Wl,--enable-new-dtags,-z,initfirst -nostdlib -nostartfiles
				-fPIC -shared -o conftest.so conftest.c
				1>&5
mipsel-openwrt-linux-uclibc-gcc: warning: environment variable 'STAGING_DIR' not defined
mipsel-openwrt-linux-uclibc-gcc: warning: environment variable 'STAGING_DIR' not defined
mipsel-openwrt-linux-uclibc-gcc: warning: environment variable 'STAGING_DIR' not defined
configure:6317: $? = 0
configure:6330: result: yes
configure:6421: WARNING: missing architecture parameter to check for working -z relro
configure:6425: checking for -Bgroup option
configure:6436: mipsel-openwrt-linux-uclibc-gcc -g -O2  
			    -fPIC -shared -o conftest.so conftest.c
			    -Wl,-Bgroup -nostdlib 1>&5
mipsel-openwrt-linux-uclibc-gcc: warning: environment variable 'STAGING_DIR' not defined
mipsel-openwrt-linux-uclibc-gcc: warning: environment variable 'STAGING_DIR' not defined
mipsel-openwrt-linux-uclibc-gcc: warning: environment variable 'STAGING_DIR' not defined
configure:6439: $? = 0
configure:6448: result: yes
configure:6453: checking whether --noexecstack is desirable for .S files
configure:6463: mipsel-openwrt-linux-uclibc-gcc -g -O2 
		   -S -o conftest.s conftest.c 1>&5
mipsel-openwrt-linux-uclibc-gcc: warning: environment variable 'STAGING_DIR' not defined
configure:6466: $? = 0
configure:6471: mipsel-openwrt-linux-uclibc-gcc  -Wa,--noexecstack
		      -c -o conftest.o conftest.s 1>&5
configure:6474: $? = 0
configure:6483: result: yes
configure:6490: checking for -z combreloc
configure:6504: mipsel-openwrt-linux-uclibc-gcc -g -O2  
			-fPIC -shared -o conftest.so conftest.c
			-nostdlib -nostartfiles
			-Wl,-z,combreloc 1>&5
mipsel-openwrt-linux-uclibc-gcc: warning: environment variable 'STAGING_DIR' not defined
mipsel-openwrt-linux-uclibc-gcc: warning: environment variable 'STAGING_DIR' not defined
mipsel-openwrt-linux-uclibc-gcc: warning: environment variable 'STAGING_DIR' not defined
configure:6507: $? = 0
configure:6520: result: no
configure:6528: checking for linker that supports -z execstack
configure:6541: mipsel-openwrt-linux-uclibc-gcc -g -O2  
				-Wl,-z,execstack -nostdlib -nostartfiles
				-fPIC -shared -o conftest.so conftest.c
				1>&5
mipsel-openwrt-linux-uclibc-gcc: warning: environment variable 'STAGING_DIR' not defined
mipsel-openwrt-linux-uclibc-gcc: warning: environment variable 'STAGING_DIR' not defined
mipsel-openwrt-linux-uclibc-gcc: warning: environment variable 'STAGING_DIR' not defined
configure:6544: $? = 0
configure:6557: result: yes
configure:6561: checking for -fpie
configure:6567: mipsel-openwrt-linux-uclibc-gcc -fpie -xc /dev/null -S -o /dev/null
mipsel-openwrt-linux-uclibc-gcc: warning: environment variable 'STAGING_DIR' not defined
configure:6570: $? = 0
configure:6578: result: yes
configure:6583: checking for --hash-style option
configure:6594: mipsel-openwrt-linux-uclibc-gcc -g -O2  
			    -fPIC -shared -o conftest.so conftest.c
			    -Wl,--hash-style=both -nostdlib 1>&5
mipsel-openwrt-linux-uclibc-gcc: warning: environment variable 'STAGING_DIR' not defined
mipsel-openwrt-linux-uclibc-gcc: warning: environment variable 'STAGING_DIR' not defined
mipsel-openwrt-linux-uclibc-gcc: warning: environment variable 'STAGING_DIR' not defined
/home/openwrt/staging_dir/toolchain-mipsel_24kec+dsp_gcc-4.8-linaro_uClibc-0.9.33.2/lib/gcc/mipsel-openwrt-linux-uclibc/4.8.3/../../../../mipsel-openwrt-linux-uclibc/bin/ld: .gnu.hash is incompatible with the MIPS ABI
collect2: error: ld returned 1 exit status
configure:6597: $? = 1
configure:6606: result: no
configure:6614: checking for sufficient default -shared layout
configure:6633:   mipsel-openwrt-linux-uclibc-gcc  -shared -o conftest.so conftest.s 1>&5
mipsel-openwrt-linux-uclibc-gcc: warning: environment variable 'STAGING_DIR' not defined
mipsel-openwrt-linux-uclibc-gcc: warning: environment variable 'STAGING_DIR' not defined
/home/openwrt/staging_dir/toolchain-mipsel_24kec+dsp_gcc-4.8-linaro_uClibc-0.9.33.2/lib/gcc/mipsel-openwrt-linux-uclibc/4.8.3/../../../../mipsel-openwrt-linux-uclibc/bin/ld: skipping incompatible /usr/lib/libc.so when searching for -lc
/home/openwrt/staging_dir/toolchain-mipsel_24kec+dsp_gcc-4.8-linaro_uClibc-0.9.33.2/lib/gcc/mipsel-openwrt-linux-uclibc/4.8.3/../../../../mipsel-openwrt-linux-uclibc/bin/ld: skipping incompatible /usr/lib/libc.a when searching for -lc
configure:6636: $? = 0
nono from:

MIPS_REGINFO .reginfo
DYNAMIC .dynamic
HASH .hash
DYNSYM .dynsym
STRTAB .dynstr
VERSYM .gnu.version
VERNEED .gnu.version_r
REL .rel.dyn
PROGBITS .init
PROGBITS .text
PROGBITS .fini
NOTE .note.a
NOTE .note.b
PROGBITS .eh_frame
PROGBITS .ctors
PROGBITS .dtors
PROGBITS .got
PROGBITS .sdata
NOBITS .bss
PROGBITS .comment
PROGBITS .pdr
LOOS+ffffff5 .gnu.attributes
PROGBITS .mdebug.abi32
STRTAB .shstrtab
SYMTAB .symtab
STRTAB .strtab
configure:6668: result: no
configure:6673: checking linker output format
mipsel-openwrt-linux-uclibc-gcc: warning: environment variable 'STAGING_DIR' not defined
mipsel-openwrt-linux-uclibc-gcc: warning: environment variable 'STAGING_DIR' not defined
configure:6687: result: elf32-tradlittlemips
configure:6691: checking for -fno-toplevel-reorder -fno-section-anchors
configure:6701: mipsel-openwrt-linux-uclibc-gcc -g -O2  -S -fno-toplevel-reorder -fno-section-anchors
			    conftest.c 1>&5
mipsel-openwrt-linux-uclibc-gcc: warning: environment variable 'STAGING_DIR' not defined
configure:6704: $? = 0
configure:6713: result: yes
configure:6722: checking for -fstack-protector
configure:6728: mipsel-openwrt-linux-uclibc-gcc -g -O2  -Werror -fstack-protector -xc /dev/null -S -o /dev/null
mipsel-openwrt-linux-uclibc-gcc: warning: environment variable 'STAGING_DIR' not defined
configure:6731: $? = 0
configure:6739: result: yes
configure:6743: checking for -fgnu89-inline
configure:6758: mipsel-openwrt-linux-uclibc-gcc -g -O2  -S -std=gnu99 -fgnu89-inline
			    -o conftest.s conftest.c 1>&5
mipsel-openwrt-linux-uclibc-gcc: warning: environment variable 'STAGING_DIR' not defined
conftest.c:3:1: warning: return type defaults to 'int' [enabled by default]
 main () { return 0;}
 ^
configure:6761: $? = 0
configure:6770: result: yes
configure:6779: checking whether cc puts quotes around section names
configure:6800: result: no
configure:6807: checking for assembler .weak directive
configure:6820: mipsel-openwrt-linux-uclibc-gcc  -c conftest.s 1>&5
configure:6823: $? = 0
configure:6831: result: yes
configure:6874: checking whether CFI directives are supported
configure:6893: mipsel-openwrt-linux-uclibc-gcc  -c conftest.s 1>&5
configure:6896: $? = 0
configure:6904: result: yes
configure:6911: checking for ld --no-whole-archive
configure:6924: mipsel-openwrt-linux-uclibc-gcc -g -O2  
			    -nostdlib -nostartfiles -Wl,--no-whole-archive
			    -o conftest conftest.c 1>&5
mipsel-openwrt-linux-uclibc-gcc: warning: environment variable 'STAGING_DIR' not defined
mipsel-openwrt-linux-uclibc-gcc: warning: environment variable 'STAGING_DIR' not defined
mipsel-openwrt-linux-uclibc-gcc: warning: environment variable 'STAGING_DIR' not defined
/home/openwrt/staging_dir/toolchain-mipsel_24kec+dsp_gcc-4.8-linaro_uClibc-0.9.33.2/lib/gcc/mipsel-openwrt-linux-uclibc/4.8.3/../../../../mipsel-openwrt-linux-uclibc/bin/ld: warning: cannot find entry symbol __start; defaulting to 00000000004000d0
configure:6927: $? = 0
configure:6935: result: yes
configure:6941: checking for gcc -fexceptions
configure:6954: mipsel-openwrt-linux-uclibc-gcc -g -O2  
			    -nostdlib -nostartfiles -fexceptions
			    -o conftest conftest.c 1>&5
mipsel-openwrt-linux-uclibc-gcc: warning: environment variable 'STAGING_DIR' not defined
mipsel-openwrt-linux-uclibc-gcc: warning: environment variable 'STAGING_DIR' not defined
mipsel-openwrt-linux-uclibc-gcc: warning: environment variable 'STAGING_DIR' not defined
/home/openwrt/staging_dir/toolchain-mipsel_24kec+dsp_gcc-4.8-linaro_uClibc-0.9.33.2/lib/gcc/mipsel-openwrt-linux-uclibc/4.8.3/../../../../mipsel-openwrt-linux-uclibc/bin/ld: warning: cannot find entry symbol __start; defaulting to 00000000004000f0
configure:6957: $? = 0
configure:6965: result: yes
configure:7005: checking for __builtin_memset
configure:7017: mipsel-openwrt-linux-uclibc-gcc -O3 -S conftest.c -o - | fgrep memset > /dev/null
mipsel-openwrt-linux-uclibc-gcc: warning: environment variable 'STAGING_DIR' not defined
configure:7020: $? = 0
configure:7029: result: no
configure:7036: checking for redirection of built-in functions
configure:7049: mipsel-openwrt-linux-uclibc-gcc -O3 -S conftest.c -o - | fgrep my_strstr > /dev/null
mipsel-openwrt-linux-uclibc-gcc: warning: environment variable 'STAGING_DIR' not defined
configure:7052: $? = 0
configure:7061: result: yes
configure:7067: checking for __thread
configure:7076: mipsel-openwrt-linux-uclibc-gcc -g -O2  -c conftest.c >&5
mipsel-openwrt-linux-uclibc-gcc: warning: environment variable 'STAGING_DIR' not defined
configure:7079: $? = 0
configure:7087: result: yes
configure:7093: checking for tls_model attribute
configure:7102: mipsel-openwrt-linux-uclibc-gcc -g -O2  -S -Werror conftest.c >&5
mipsel-openwrt-linux-uclibc-gcc: warning: environment variable 'STAGING_DIR' not defined
configure:7105: $? = 0
configure:7113: result: yes
configure:7119: checking for compiler option to disable generation of FMA instructions
configure:7127: mipsel-openwrt-linux-uclibc-gcc -ffp-contract=off -xc /dev/null -S -o /dev/null
mipsel-openwrt-linux-uclibc-gcc: warning: environment variable 'STAGING_DIR' not defined
configure:7130: $? = 0
configure:7136: result: -ffp-contract=off
configure:7167: checking for libgd
configure:7187: mipsel-openwrt-linux-uclibc-gcc -o conftest -g -O2     conftest.c  -lgd -lpng -lz -lm >&5
mipsel-openwrt-linux-uclibc-gcc: warning: environment variable 'STAGING_DIR' not defined
conftest.c:19:16: fatal error: gd.h: No such file or directory
 #include <gd.h>
                ^
compilation terminated.
configure:7187: $? = 1
configure: failed program was:
| /* confdefs.h */
| #define PACKAGE_NAME "GNU C Library"
| #define PACKAGE_TARNAME "glibc"
| #define PACKAGE_VERSION "(see version.h)"
| #define PACKAGE_STRING "GNU C Library (see version.h)"
| #define PACKAGE_BUGREPORT "http://sourceware.org/bugzilla/"
| #define PACKAGE_URL "http://www.gnu.org/software/glibc/"
| #define PKGVERSION "(GNU libc) "
| #define REPORT_BUGS_TO "<http://www.gnu.org/software/libc/bugs.html>"
| #define HAVE_LIBIDN 1
| #define HAVE_ASM_SET_DIRECTIVE 1
| #define HAVE_ASM_UNIQUE_OBJECT 1
| #define DO_VERSIONING 1
| #define HAVE_ASM_PREVIOUS_DIRECTIVE 1
| #define HAVE_SDATA_SECTION 1
| #define HAVE_ASM_WEAK_DIRECTIVE 1
| #define HAVE_ASM_CFI_DIRECTIVES 1
| /* end confdefs.h.  */
| #include <gd.h>
| int
| main ()
| {
| gdImagePng (0, 0)
|   ;
|   return 0;
| }
configure:7200: result: no
configure:7209: checking for is_selinux_enabled in -lselinux
configure:7234: mipsel-openwrt-linux-uclibc-gcc -o conftest -g -O2   conftest.c -lselinux   >&5
mipsel-openwrt-linux-uclibc-gcc: warning: environment variable 'STAGING_DIR' not defined
mipsel-openwrt-linux-uclibc-gcc: warning: environment variable 'STAGING_DIR' not defined
mipsel-openwrt-linux-uclibc-gcc: warning: environment variable 'STAGING_DIR' not defined
/home/openwrt/staging_dir/toolchain-mipsel_24kec+dsp_gcc-4.8-linaro_uClibc-0.9.33.2/lib/gcc/mipsel-openwrt-linux-uclibc/4.8.3/../../../../mipsel-openwrt-linux-uclibc/bin/ld: cannot find -lselinux
/home/openwrt/staging_dir/toolchain-mipsel_24kec+dsp_gcc-4.8-linaro_uClibc-0.9.33.2/lib/gcc/mipsel-openwrt-linux-uclibc/4.8.3/../../../../mipsel-openwrt-linux-uclibc/bin/ld: skipping incompatible /usr/lib/libc.so when searching for -lc
/home/openwrt/staging_dir/toolchain-mipsel_24kec+dsp_gcc-4.8-linaro_uClibc-0.9.33.2/lib/gcc/mipsel-openwrt-linux-uclibc/4.8.3/../../../../mipsel-openwrt-linux-uclibc/bin/ld: skipping incompatible /usr/lib/libc.a when searching for -lc
collect2: error: ld returned 1 exit status
configure:7234: $? = 1
configure: failed program was:
| /* confdefs.h */
| #define PACKAGE_NAME "GNU C Library"
| #define PACKAGE_TARNAME "glibc"
| #define PACKAGE_VERSION "(see version.h)"
| #define PACKAGE_STRING "GNU C Library (see version.h)"
| #define PACKAGE_BUGREPORT "http://sourceware.org/bugzilla/"
| #define PACKAGE_URL "http://www.gnu.org/software/glibc/"
| #define PKGVERSION "(GNU libc) "
| #define REPORT_BUGS_TO "<http://www.gnu.org/software/libc/bugs.html>"
| #define HAVE_LIBIDN 1
| #define HAVE_ASM_SET_DIRECTIVE 1
| #define HAVE_ASM_UNIQUE_OBJECT 1
| #define DO_VERSIONING 1
| #define HAVE_ASM_PREVIOUS_DIRECTIVE 1
| #define HAVE_SDATA_SECTION 1
| #define HAVE_ASM_WEAK_DIRECTIVE 1
| #define HAVE_ASM_CFI_DIRECTIVES 1
| /* end confdefs.h.  */
| 
| /* Override any GCC internal prototype to avoid an error.
|    Use char because int might match the return type of a GCC
|    builtin and then its argument prototype would still apply.  */
| #ifdef __cplusplus
| extern "C"
| #endif
| char is_selinux_enabled ();
| int
| main ()
| {
| return is_selinux_enabled ();
|   ;
|   return 0;
| }
configure:7243: result: no
configure:7399: checking size of long double
configure:7404: mipsel-openwrt-linux-uclibc-gcc -c -g -O2  conftest.c >&5
mipsel-openwrt-linux-uclibc-gcc: warning: environment variable 'STAGING_DIR' not defined
configure:7404: $? = 0
configure:7404: mipsel-openwrt-linux-uclibc-gcc -c -g -O2  conftest.c >&5
mipsel-openwrt-linux-uclibc-gcc: warning: environment variable 'STAGING_DIR' not defined
conftest.c: In function 'main':
conftest.c:23:12: error: size of array 'test_array' is negative
 static int test_array [1 - 2 * !(((long int) (sizeof (long double))) <= 0)];
            ^
configure:7404: $? = 1
configure: failed program was:
| /* confdefs.h */
| #define PACKAGE_NAME "GNU C Library"
| #define PACKAGE_TARNAME "glibc"
| #define PACKAGE_VERSION "(see version.h)"
| #define PACKAGE_STRING "GNU C Library (see version.h)"
| #define PACKAGE_BUGREPORT "http://sourceware.org/bugzilla/"
| #define PACKAGE_URL "http://www.gnu.org/software/glibc/"
| #define PKGVERSION "(GNU libc) "
| #define REPORT_BUGS_TO "<http://www.gnu.org/software/libc/bugs.html>"
| #define HAVE_LIBIDN 1
| #define HAVE_ASM_SET_DIRECTIVE 1
| #define HAVE_ASM_UNIQUE_OBJECT 1
| #define DO_VERSIONING 1
| #define HAVE_ASM_PREVIOUS_DIRECTIVE 1
| #define HAVE_SDATA_SECTION 1
| #define HAVE_ASM_WEAK_DIRECTIVE 1
| #define HAVE_ASM_CFI_DIRECTIVES 1
| /* end confdefs.h.  */
| /* none */
| int
| main ()
| {
| static int test_array [1 - 2 * !(((long int) (sizeof (long double))) <= 0)];
| test_array [0] = 0
| 
|   ;
|   return 0;
| }
configure:7404: mipsel-openwrt-linux-uclibc-gcc -c -g -O2  conftest.c >&5
mipsel-openwrt-linux-uclibc-gcc: warning: environment variable 'STAGING_DIR' not defined
conftest.c: In function 'main':
conftest.c:23:12: error: size of array 'test_array' is negative
 static int test_array [1 - 2 * !(((long int) (sizeof (long double))) <= 1)];
            ^
configure:7404: $? = 1
configure: failed program was:
| /* confdefs.h */
| #define PACKAGE_NAME "GNU C Library"
| #define PACKAGE_TARNAME "glibc"
| #define PACKAGE_VERSION "(see version.h)"
| #define PACKAGE_STRING "GNU C Library (see version.h)"
| #define PACKAGE_BUGREPORT "http://sourceware.org/bugzilla/"
| #define PACKAGE_URL "http://www.gnu.org/software/glibc/"
| #define PKGVERSION "(GNU libc) "
| #define REPORT_BUGS_TO "<http://www.gnu.org/software/libc/bugs.html>"
| #define HAVE_LIBIDN 1
| #define HAVE_ASM_SET_DIRECTIVE 1
| #define HAVE_ASM_UNIQUE_OBJECT 1
| #define DO_VERSIONING 1
| #define HAVE_ASM_PREVIOUS_DIRECTIVE 1
| #define HAVE_SDATA_SECTION 1
| #define HAVE_ASM_WEAK_DIRECTIVE 1
| #define HAVE_ASM_CFI_DIRECTIVES 1
| /* end confdefs.h.  */
| /* none */
| int
| main ()
| {
| static int test_array [1 - 2 * !(((long int) (sizeof (long double))) <= 1)];
| test_array [0] = 0
| 
|   ;
|   return 0;
| }
configure:7404: mipsel-openwrt-linux-uclibc-gcc -c -g -O2  conftest.c >&5
mipsel-openwrt-linux-uclibc-gcc: warning: environment variable 'STAGING_DIR' not defined
conftest.c: In function 'main':
conftest.c:23:12: error: size of array 'test_array' is negative
 static int test_array [1 - 2 * !(((long int) (sizeof (long double))) <= 3)];
            ^
configure:7404: $? = 1
configure: failed program was:
| /* confdefs.h */
| #define PACKAGE_NAME "GNU C Library"
| #define PACKAGE_TARNAME "glibc"
| #define PACKAGE_VERSION "(see version.h)"
| #define PACKAGE_STRING "GNU C Library (see version.h)"
| #define PACKAGE_BUGREPORT "http://sourceware.org/bugzilla/"
| #define PACKAGE_URL "http://www.gnu.org/software/glibc/"
| #define PKGVERSION "(GNU libc) "
| #define REPORT_BUGS_TO "<http://www.gnu.org/software/libc/bugs.html>"
| #define HAVE_LIBIDN 1
| #define HAVE_ASM_SET_DIRECTIVE 1
| #define HAVE_ASM_UNIQUE_OBJECT 1
| #define DO_VERSIONING 1
| #define HAVE_ASM_PREVIOUS_DIRECTIVE 1
| #define HAVE_SDATA_SECTION 1
| #define HAVE_ASM_WEAK_DIRECTIVE 1
| #define HAVE_ASM_CFI_DIRECTIVES 1
| /* end confdefs.h.  */
| /* none */
| int
| main ()
| {
| static int test_array [1 - 2 * !(((long int) (sizeof (long double))) <= 3)];
| test_array [0] = 0
| 
|   ;
|   return 0;
| }
configure:7404: mipsel-openwrt-linux-uclibc-gcc -c -g -O2  conftest.c >&5
mipsel-openwrt-linux-uclibc-gcc: warning: environment variable 'STAGING_DIR' not defined
conftest.c: In function 'main':
conftest.c:23:12: error: size of array 'test_array' is negative
 static int test_array [1 - 2 * !(((long int) (sizeof (long double))) <= 7)];
            ^
configure:7404: $? = 1
configure: failed program was:
| /* confdefs.h */
| #define PACKAGE_NAME "GNU C Library"
| #define PACKAGE_TARNAME "glibc"
| #define PACKAGE_VERSION "(see version.h)"
| #define PACKAGE_STRING "GNU C Library (see version.h)"
| #define PACKAGE_BUGREPORT "http://sourceware.org/bugzilla/"
| #define PACKAGE_URL "http://www.gnu.org/software/glibc/"
| #define PKGVERSION "(GNU libc) "
| #define REPORT_BUGS_TO "<http://www.gnu.org/software/libc/bugs.html>"
| #define HAVE_LIBIDN 1
| #define HAVE_ASM_SET_DIRECTIVE 1
| #define HAVE_ASM_UNIQUE_OBJECT 1
| #define DO_VERSIONING 1
| #define HAVE_ASM_PREVIOUS_DIRECTIVE 1
| #define HAVE_SDATA_SECTION 1
| #define HAVE_ASM_WEAK_DIRECTIVE 1
| #define HAVE_ASM_CFI_DIRECTIVES 1
| /* end confdefs.h.  */
| /* none */
| int
| main ()
| {
| static int test_array [1 - 2 * !(((long int) (sizeof (long double))) <= 7)];
| test_array [0] = 0
| 
|   ;
|   return 0;
| }
configure:7404: mipsel-openwrt-linux-uclibc-gcc -c -g -O2  conftest.c >&5
mipsel-openwrt-linux-uclibc-gcc: warning: environment variable 'STAGING_DIR' not defined
configure:7404: $? = 0
configure:7404: mipsel-openwrt-linux-uclibc-gcc -c -g -O2  conftest.c >&5
mipsel-openwrt-linux-uclibc-gcc: warning: environment variable 'STAGING_DIR' not defined
configure:7404: $? = 0
configure:7404: mipsel-openwrt-linux-uclibc-gcc -c -g -O2  conftest.c >&5
mipsel-openwrt-linux-uclibc-gcc: warning: environment variable 'STAGING_DIR' not defined
configure:7404: $? = 0
configure:7404: mipsel-openwrt-linux-uclibc-gcc -c -g -O2  conftest.c >&5
mipsel-openwrt-linux-uclibc-gcc: warning: environment variable 'STAGING_DIR' not defined
configure:7404: $? = 0
configure:7418: result: 8
configure:7432: checking for _FORTIFY_SOURCE predefine
configure:7451: mipsel-openwrt-linux-uclibc-gcc -c -g -O2  conftest.c >&5
mipsel-openwrt-linux-uclibc-gcc: warning: environment variable 'STAGING_DIR' not defined
configure:7451: $? = 0
configure:7458: result: no
configure:7465: checking whether mipsel-openwrt-linux-uclibc-gcc implicitly enables -fstack-protector
configure:7482: mipsel-openwrt-linux-uclibc-gcc -c -g -O2  conftest.c >&5
mipsel-openwrt-linux-uclibc-gcc: warning: environment variable 'STAGING_DIR' not defined
configure:7482: $? = 0
libc_undefs='foobar'
configure:7509: result: no
configure:7536: result: running configure fragment for ports/sysdeps/unix/sysv/linux/mips
configure:19: mipsel-openwrt-linux-uclibc-gcc -c -g -O2  conftest.c >&5
mipsel-openwrt-linux-uclibc-gcc: warning: environment variable 'STAGING_DIR' not defined
configure:19: $? = 0
configure:80: mipsel-openwrt-linux-uclibc-gcc -c -g -O2  conftest.c >&5
mipsel-openwrt-linux-uclibc-gcc: warning: environment variable 'STAGING_DIR' not defined
configure:80: $? = 0
configure:7536: result: running configure fragment for nptl/sysdeps/pthread
configure:21: checking for forced unwind support
configure:47: result: yes
configure:54: checking for C cleanup handling
configure:81: result: yes
configure:7536: result: running configure fragment for sysdeps/unix/sysv/linux
configure:14: checking for grep that handles long lines and -e
configure:72: result: /bin/grep
configure:77: checking for egrep
configure:139: result: /bin/grep -E
configure:144: checking installed Linux kernel header files
mipsel-openwrt-linux-uclibc-gcc: warning: environment variable 'STAGING_DIR' not defined
configure:165: result: 2.6.19 or later
configure:232: checking for kernel header at least 2.6.16
mipsel-openwrt-linux-uclibc-gcc: warning: environment variable 'STAGING_DIR' not defined
configure:251: result: ok
configure:7536: result: running configure fragment for sysdeps/gnu
configure:7536: result: running configure fragment for ports/sysdeps/mips
configure:7568: checking for old glibc 2.0.x headers
configure:7576: result: no
configure:7612: checking whether -fPIC is default
mipsel-openwrt-linux-uclibc-gcc: warning: environment variable 'STAGING_DIR' not defined
configure:7628: result: no
configure:7762: creating ./config.status

## ---------------------- ##
## Running config.status. ##
## ---------------------- ##

This file was extended by GNU C Library config.status (see version.h), which was
generated by GNU Autoconf 2.68.  Invocation command line was

  CONFIG_FILES    = 
  CONFIG_HEADERS  = 
  CONFIG_LINKS    = 
  CONFIG_COMMANDS = 
  $ ./config.status 

on ubuntu

config.status:951: creating config.make
config.status:951: creating Makefile
config.status:951: creating config.h
config.status:1111: config.h is unchanged
config.status:1125: executing default commands

## ---------------- ##
## Cache variables. ##
## ---------------- ##

ac_cv_build=i686-pc-linux-gnu
ac_cv_c_compiler_gnu=yes
ac_cv_cxx_compiler_gnu=yes
ac_cv_env_CCC_set=
ac_cv_env_CCC_value=
ac_cv_env_CC_set=
ac_cv_env_CC_value=
ac_cv_env_CFLAGS_set=
ac_cv_env_CFLAGS_value=
ac_cv_env_CPPFLAGS_set=
ac_cv_env_CPPFLAGS_value=
ac_cv_env_CPP_set=
ac_cv_env_CPP_value=
ac_cv_env_CXXFLAGS_set=
ac_cv_env_CXXFLAGS_value=
ac_cv_env_CXX_set=
ac_cv_env_CXX_value=
ac_cv_env_LDFLAGS_set=
ac_cv_env_LDFLAGS_value=
ac_cv_env_LIBS_set=
ac_cv_env_LIBS_value=
ac_cv_env_build_alias_set=set
ac_cv_env_build_alias_value=i686-pc-linux-gnu
ac_cv_env_host_alias_set=set
ac_cv_env_host_alias_value=mipsel-openwrt-linux-uclibc
ac_cv_env_target_alias_set=
ac_cv_env_target_alias_value=
ac_cv_host=mipsel-openwrt-linux-uclibc
ac_cv_lib_selinux_is_selinux_enabled=no
ac_cv_objext=o
ac_cv_path_BASH_SHELL=/bin/bash
ac_cv_path_BISON=/usr/bin/bison
ac_cv_path_EGREP='/bin/grep -E'
ac_cv_path_GREP=/bin/grep
ac_cv_path_INSTALL_INFO=/usr/sbin/install-info
ac_cv_path_PERL=/usr/bin/perl
ac_cv_path_install='/usr/bin/install -c'
ac_cv_prog_AS=/home/openwrt/staging_dir/toolchain-mipsel_24kec+dsp_gcc-4.8-linaro_uClibc-0.9.33.2/lib/gcc/mipsel-openwrt-linux-uclibc/4.8.3/../../../../mipsel-openwrt-linux-uclibc/bin/as
ac_cv_prog_AUTOCONF=autoconf
ac_cv_prog_AWK=gawk
ac_cv_prog_BUILD_CC=gcc
ac_cv_prog_CC=mipsel-openwrt-linux-uclibc-gcc
ac_cv_prog_CPP='mipsel-openwrt-linux-uclibc-gcc -E'
ac_cv_prog_CXX=mipsel-openwrt-linux-uclibc-g++
ac_cv_prog_LD=/home/openwrt/staging_dir/toolchain-mipsel_24kec+dsp_gcc-4.8-linaro_uClibc-0.9.33.2/lib/gcc/mipsel-openwrt-linux-uclibc/4.8.3/../../../../mipsel-openwrt-linux-uclibc/bin/ld
ac_cv_prog_MAKE=make
ac_cv_prog_MSGFMT=msgfmt
ac_cv_prog_NM=mipsel-openwrt-linux-uclibc-nm
ac_cv_prog_READELF=mipsel-openwrt-linux-uclibc-readelf
ac_cv_prog_SED=sed
ac_cv_prog_cc_c89=
ac_cv_prog_cc_g=yes
ac_cv_prog_cxx_g=yes
ac_cv_sizeof_long_double=8
libc_cv_Bgroup=yes
libc_cv_as_noexecstack=yes
libc_cv_asm_cfi_directives=yes
libc_cv_asm_previous_directive=yes
libc_cv_asm_protected_directive=yes
libc_cv_asm_set_directive=yes
libc_cv_asm_symver_directive=yes
libc_cv_asm_unique_object=yes
libc_cv_asm_weak_directive=yes
libc_cv_autoconf_works=no
libc_cv_broken_alias_attribute=no
libc_cv_broken_visibility_attribute=no
libc_cv_c_cleanup=yes
libc_cv_cc_nofma=-ffp-contract=off
libc_cv_cc_with_libunwind=no
libc_cv_ctors_header=yes
libc_cv_dot_text=.text
libc_cv_fno_toplevel_reorder=yes
libc_cv_forced_unwind=yes
libc_cv_fpie=yes
libc_cv_friendly_stddef=yes
libc_cv_gcc___thread=yes
libc_cv_gcc_builtin_memset=no
libc_cv_gcc_builtin_redirection=yes
libc_cv_gcc_exceptions=yes
libc_cv_gcc_static_libgcc=-static-libgcc
libc_cv_gcc_tls_model_attr=yes
libc_cv_gcc_unwind_find_fde=yes
libc_cv_gnu89_inline=yes
libc_cv_gnu99_inline=yes
libc_cv_hashstyle=no
libc_cv_have_bash2=yes
libc_cv_have_ksh=yes
libc_cv_have_sdata_section=yes
libc_cv_have_section_quotes=no
libc_cv_idn=no
libc_cv_initfini_array=yes
libc_cv_ld_gnu_indirect_function=no
libc_cv_ld_no_whole_archive=yes
libc_cv_ld_version_script_option=yes
libc_cv_linux2619='2.6.19 or later'
libc_cv_localstatedir='${prefix}/var'
libc_cv_mips_tls=yes
libc_cv_need_minus_P=no
libc_cv_nss_crypt=no
libc_cv_output_format=elf32-tradlittlemips
libc_cv_pic_default=no
libc_cv_predef_fortify_source=no
libc_cv_predef_stack_protector=no
libc_cv_prog_as_gnu=yes
libc_cv_prog_ld_gnu=yes
libc_cv_ssp=yes
libc_cv_sysconfdir='${prefix}/etc'
libc_cv_use_default_link=no
libc_cv_visibility_attribute=yes
libc_cv_z_combreloc=no
libc_cv_z_execstack=yes
libc_cv_z_initfirst=yes
libc_cv_z_nodelete=yes
libc_cv_z_nodlopen=yes

## ----------------- ##
## Output variables. ##
## ----------------- ##

AR='/home/openwrt/staging_dir/toolchain-mipsel_24kec+dsp_gcc-4.8-linaro_uClibc-0.9.33.2/lib/gcc/mipsel-openwrt-linux-uclibc/4.8.3/../../../../mipsel-openwrt-linux-uclibc/bin/ar'
AS='/home/openwrt/staging_dir/toolchain-mipsel_24kec+dsp_gcc-4.8-linaro_uClibc-0.9.33.2/lib/gcc/mipsel-openwrt-linux-uclibc/4.8.3/../../../../mipsel-openwrt-linux-uclibc/bin/as'
ASFLAGS_config=' -Wa,--noexecstack'
AUTOCONF='no'
AWK='gawk'
BASH_SHELL='/bin/bash'
BISON='/usr/bin/bison'
BUILD_CC='gcc'
CC='mipsel-openwrt-linux-uclibc-gcc'
CFLAGS='-g -O2'
CPP='mipsel-openwrt-linux-uclibc-gcc -E'
CPPFLAGS=''
CPPUNDEFS=''
CXX='mipsel-openwrt-linux-uclibc-g++'
CXXFLAGS='-g -O2'
CXX_SYSINCLUDES=''
DEFINES=''
DEFS='-DHAVE_CONFIG_H'
ECHO_C=''
ECHO_N='-n'
ECHO_T=''
INSTALL_DATA='${INSTALL} -m 644'
INSTALL_INFO='/usr/sbin/install-info'
INSTALL_PROGRAM='${INSTALL}'
INSTALL_SCRIPT='${INSTALL}'
KSH='/bin/bash'
LD='/home/openwrt/staging_dir/toolchain-mipsel_24kec+dsp_gcc-4.8-linaro_uClibc-0.9.33.2/lib/gcc/mipsel-openwrt-linux-uclibc/4.8.3/../../../../mipsel-openwrt-linux-uclibc/bin/ld'
LDFLAGS=''
LIBGD='no'
LIBOBJS=''
LIBS=''
LN_S='ln -s'
LTLIBOBJS=''
MAKE='make'
MAKEINFO=':'
MIG=''
MSGFMT='msgfmt'
NM='mipsel-openwrt-linux-uclibc-nm'
OBJCOPY='/home/openwrt/staging_dir/toolchain-mipsel_24kec+dsp_gcc-4.8-linaro_uClibc-0.9.33.2/lib/gcc/mipsel-openwrt-linux-uclibc/4.8.3/../../../../mipsel-openwrt-linux-uclibc/bin/objcopy'
OBJDUMP='/home/openwrt/staging_dir/toolchain-mipsel_24kec+dsp_gcc-4.8-linaro_uClibc-0.9.33.2/lib/gcc/mipsel-openwrt-linux-uclibc/4.8.3/../../../../mipsel-openwrt-linux-uclibc/bin/objdump'
OBJEXT='o'
PACKAGE_BUGREPORT='http://sourceware.org/bugzilla/'
PACKAGE_NAME='GNU C Library'
PACKAGE_STRING='GNU C Library (see version.h)'
PACKAGE_TARNAME='glibc'
PACKAGE_URL='http://www.gnu.org/software/glibc/'
PACKAGE_VERSION='(see version.h)'
PATH_SEPARATOR=':'
PERL='/usr/bin/perl'
PKGVERSION='(GNU libc) '
PKGVERSION_TEXI='(GNU libc) '
READELF='mipsel-openwrt-linux-uclibc-readelf'
RELEASE='stable'
REPORT_BUGS_TEXI='@uref{http://www.gnu.org/software/libc/bugs.html}'
REPORT_BUGS_TO='<http://www.gnu.org/software/libc/bugs.html>'
SED='sed'
SHELL='/bin/bash'
SYSINCLUDES=''
VERSION='2.17'
VERSIONING='yes'
ac_ct_CC=''
ac_ct_CXX=''
add_on_subdirs=' libidn'
add_ons='libidn nptl ports'
all_warnings=''
base_machine='mips'
bindir='${exec_prefix}/bin'
bindnow='no'
build='i686-pc-linux-gnu'
build_alias='i686-pc-linux-gnu'
build_cpu='i686'
build_nscd='yes'
build_os='linux-gnu'
build_vendor='pc'
cross_compiling='yes'
datadir='${datarootdir}'
datarootdir='${prefix}/share'
docdir='${datarootdir}/doc/${PACKAGE_TARNAME}'
dvidir='${docdir}'
exceptions='-fexceptions'
exec_prefix='${prefix}'
fno_unit_at_a_time='-fno-toplevel-reorder -fno-section-anchors'
force_install='yes'
gnu89_inline='-fgnu89-inline'
have_libaudit=''
have_libcap=''
have_selinux='no'
host='mipsel-openwrt-linux-uclibc'
host_alias='mipsel-openwrt-linux-uclibc'
host_cpu='mipsel'
host_os='linux-uclibc'
host_vendor='openwrt'
htmldir='${docdir}'
includedir='${prefix}/include'
infodir='${datarootdir}/info'
ldd_rewrite_script='no'
libc_cv_Bgroup='yes'
libc_cv_as_i686=''
libc_cv_cc_avx=''
libc_cv_cc_fma4=''
libc_cv_cc_nofma='-ffp-contract=off'
libc_cv_cc_novzeroupper=''
libc_cv_cc_sse2avx=''
libc_cv_cc_sse4=''
libc_cv_cc_submachine=''
libc_cv_cc_with_libunwind='no'
libc_cv_forced_unwind='yes'
libc_cv_fpie='yes'
libc_cv_gcc_static_libgcc='-static-libgcc'
libc_cv_gcc_unwind_find_fde='yes'
libc_cv_hashstyle='no'
libc_cv_have_bash2='yes'
libc_cv_have_ksh='yes'
libc_cv_localedir=''
libc_cv_localstatedir='${prefix}/var'
libc_cv_nss_crypt='no'
libc_cv_output_format='elf32-tradlittlemips'
libc_cv_pic_default='no'
libc_cv_rootsbindir=''
libc_cv_slibdir=''
libc_cv_sparc_as_vis3=''
libc_cv_ssp='yes'
libc_cv_sysconfdir='${prefix}/etc'
libc_cv_z_combreloc='no'
libc_cv_z_execstack='yes'
libc_extra_cflags=''
libdir='${exec_prefix}/lib'
libexecdir='${exec_prefix}/libexec'
link_obsolete_rpc='no'
localedir='${datarootdir}/locale'
localstatedir='${prefix}/var'
mach_interface_list=''
mandir='${datarootdir}/man'
multi_arch='no'
old_glibc_headers='no'
oldest_abi='default'
oldincludedir='/usr/include'
pdfdir='${docdir}'
prefix='/home/openwrt/staging_dir/toolchain-mipsel_24kec+dsp_gcc-4.8-linaro_uClibc-0.9.33.2'
profile='no'
program_transform_name='s,x,x,'
psdir='${docdir}'
sbindir='${exec_prefix}/sbin'
shared='yes'
sharedstatedir='${prefix}/com'
sizeof_long_double='8'
static=''
static_nss='no'
subdirs='  '
submachine=''
sysconfdir='${prefix}/etc'
sysdeps_add_ons=' nptl ports'
sysheaders=''
sysnames=' ports/sysdeps/unix/sysv/linux/mips/mips32/nptl ports/sysdeps/unix/sysv/linux/mips/mips32 ports/sysdeps/unix/sysv/linux/mips/nptl ports/sysdeps/unix/sysv/linux/mips nptl/sysdeps/unix/sysv/linux nptl/sysdeps/pthread sysdeps/pthread ports/sysdeps/unix/sysv/linux sysdeps/unix/sysv/linux sysdeps/gnu sysdeps/unix/inet nptl/sysdeps/unix/sysv ports/sysdeps/unix/sysv sysdeps/unix/sysv ports/sysdeps/unix/mips/mips32 ports/sysdeps/unix/mips nptl/sysdeps/unix ports/sysdeps/unix sysdeps/unix sysdeps/posix ports/sysdeps/mips/mips32 ports/sysdeps/mips/ieee754 ports/sysdeps/mips sysdeps/ieee754/flt-32 sysdeps/ieee754/dbl-64 sysdeps/wordsize-32 ports/sysdeps/mips/fpu ports/sysdeps/mips/nptl sysdeps/ieee754 sysdeps/generic'
target_alias=''
use_default_link='no'
use_ldconfig='yes'
use_nscd='yes'
with_fp='yes'

## ----------- ##
## confdefs.h. ##
## ----------- ##

/* confdefs.h */
#define PACKAGE_NAME "GNU C Library"
#define PACKAGE_TARNAME "glibc"
#define PACKAGE_VERSION "(see version.h)"
#define PACKAGE_STRING "GNU C Library (see version.h)"
#define PACKAGE_BUGREPORT "http://sourceware.org/bugzilla/"
#define PACKAGE_URL "http://www.gnu.org/software/glibc/"
#define PKGVERSION "(GNU libc) "
#define REPORT_BUGS_TO "<http://www.gnu.org/software/libc/bugs.html>"
#define HAVE_LIBIDN 1
#define HAVE_ASM_SET_DIRECTIVE 1
#define HAVE_ASM_UNIQUE_OBJECT 1
#define DO_VERSIONING 1
#define HAVE_ASM_PREVIOUS_DIRECTIVE 1
#define HAVE_SDATA_SECTION 1
#define HAVE_ASM_WEAK_DIRECTIVE 1
#define HAVE_ASM_CFI_DIRECTIVES 1
#define SIZEOF_LONG_DOUBLE 8
#define HAVE_FORCED_UNWIND 1
#define __LINUX_KERNEL_VERSION (2 * 65536 + 6 * 256 + 16)
#define __ABI_TAG_VERSION 2,6,16
#define HAVE_INLINED_SYSCALLS 1
#define EXPORT_UNWIND_FIND_FDE 1
#define USE_NSCD 1
#define USE_LDCONFIG 1

configure: exit 0
