This file contains any messages produced by compilers while
running configure, to aid debugging if configure makes a mistake.

It was created by GNU C Library configure (see version.h), which was
generated by GNU Autoconf 2.68.  Invocation command line was

  $ ./configure 

## --------- ##
## Platform. ##
## --------- ##

hostname = ubuntu
uname -m = i686
uname -r = 2.6.35-22-generic
uname -s = Linux
uname -v = #33-Ubuntu SMP Sun Sep 19 20:34:50 UTC 2010

/usr/bin/uname -p = unknown
/bin/uname -X     = unknown

/bin/arch              = unknown
/usr/bin/arch -k       = unknown
/usr/convex/getsysinfo = unknown
/usr/bin/hostinfo      = unknown
/bin/machine           = unknown
/usr/bin/oslevel       = unknown
/bin/universe          = unknown

PATH: /usr/lib/jvm/java/bin
PATH: /usr/local/sbin
PATH: /usr/local/bin
PATH: /usr/sbin
PATH: /usr/bin
PATH: /sbin
PATH: /bin
PATH: /usr/games
PATH: /usr/local/arm/4.4.3/bin
PATH: /usr/local/mips/buildroot-gcc342/bin
PATH: /home/openwrt/staging_dir/toolchain-mipsel_24kec+dsp_gcc-4.8-linaro_uClibc-0.9.33.2/bin


## ----------- ##
## Core tests. ##
## ----------- ##

configure:2366: checking build system type
configure:2380: result: i686-pc-linux-gnu
configure:2400: checking host system type
configure:2413: result: i686-pc-linux-gnu
configure:2482: checking for gcc
configure:2498: found /usr/bin/gcc
configure:2509: result: gcc
configure:2738: checking for C compiler version
configure:2747: gcc --version >&5
gcc (Ubuntu/Linaro 4.4.4-14ubuntu5.1) 4.4.5
Copyright (C) 2010 Free Software Foundation, Inc.
This is free software; see the source for copying conditions.  There is NO
warranty; not even for MERCHANTABILITY or FITNESS FOR A PARTICULAR PURPOSE.

configure:2758: $? = 0
configure:2747: gcc -v >&5
Using built-in specs.
Target: i686-linux-gnu
Configured with: ../src/configure -v --with-pkgversion='Ubuntu/Linaro 4.4.4-14ubuntu5.1' --with-bugurl=file:///usr/share/doc/gcc-4.4/README.Bugs --enable-languages=c,c++,fortran,objc,obj-c++ --prefix=/usr --program-suffix=-4.4 --enable-shared --enable-multiarch --enable-linker-build-id --with-system-zlib --libexecdir=/usr/lib --without-included-gettext --enable-threads=posix --with-gxx-include-dir=/usr/include/c++/4.4 --libdir=/usr/lib --enable-nls --with-sysroot=/ --enable-clocale=gnu --enable-libstdcxx-debug --enable-objc-gc --enable-targets=all --disable-werror --with-arch-32=i686 --with-tune=generic --enable-checking=release --build=i686-linux-gnu --host=i686-linux-gnu --target=i686-linux-gnu
Thread model: posix
gcc version 4.4.5 (Ubuntu/Linaro 4.4.4-14ubuntu5.1) 
configure:2758: $? = 0
configure:2747: gcc -V >&5
gcc: '-V' option must have argument
configure:2758: $? = 1
configure:2747: gcc -qversion >&5
gcc: unrecognized option '-qversion'
gcc: no input files
configure:2758: $? = 1
configure:2763: checking for suffix of object files
configure:2785: gcc -c   conftest.c >&5
configure:2789: $? = 0
configure:2810: result: o
configure:2814: checking whether we are using the GNU C compiler
configure:2833: gcc -c   conftest.c >&5
configure:2833: $? = 0
configure:2842: result: yes
configure:2851: checking whether gcc accepts -g
configure:2871: gcc -c -g  conftest.c >&5
configure:2871: $? = 0
configure:2912: result: yes
configure:2929: checking for gcc option to accept ISO C89
configure:2993: gcc  -c -g -O2  conftest.c >&5
configure:2993: $? = 0
configure:3006: result: none needed
configure:3076: checking how to run the C preprocessor
configure:3107: gcc -E  conftest.c
configure:3107: $? = 0
configure:3121: gcc -E  conftest.c
conftest.c:11: fatal error: ac_nonexistent.h: No such file or directory
compilation terminated.
configure:3121: $? = 1
configure: failed program was:
| /* confdefs.h */
| #define PACKAGE_NAME "GNU C Library"
| #define PACKAGE_TARNAME "glibc"
| #define PACKAGE_VERSION "(see version.h)"
| #define PACKAGE_STRING "GNU C Library (see version.h)"
| #define PACKAGE_BUGREPORT "http://sourceware.org/bugzilla/"
| #define PACKAGE_URL "http://www.gnu.org/software/glibc/"
| #define PKGVERSION "(GNU libc) "
| #define REPORT_BUGS_TO "<http://www.gnu.org/software/libc/bugs.html>"
| /* end confdefs.h.  */
| #include <ac_nonexistent.h>
configure:3146: result: gcc -E
configure:3166: gcc -E  conftest.c
configure:3166: $? = 0
configure:3180: gcc -E  conftest.c
conftest.c:11: fatal error: ac_nonexistent.h: No such file or directory
compilation terminated.
configure:3180: $? = 1
configure: failed program was:
| /* confdefs.h */
| #define PACKAGE_NAME "GNU C Library"
| #define PACKAGE_TARNAME "glibc"
| #define PACKAGE_VERSION "(see version.h)"
| #define PACKAGE_STRING "GNU C Library (see version.h)"
| #define PACKAGE_BUGREPORT "http://sourceware.org/bugzilla/"
| #define PACKAGE_URL "http://www.gnu.org/software/glibc/"
| #define PKGVERSION "(GNU libc) "
| #define REPORT_BUGS_TO "<http://www.gnu.org/software/libc/bugs.html>"
| /* end confdefs.h.  */
| #include <ac_nonexistent.h>
configure:3267: checking for g++
configure:3283: found /usr/bin/g++
configure:3294: result: g++
configure:3321: checking for C++ compiler version
configure:3330: g++ --version >&5
g++ (Ubuntu/Linaro 4.4.4-14ubuntu5.1) 4.4.5
Copyright (C) 2010 Free Software Foundation, Inc.
This is free software; see the source for copying conditions.  There is NO
warranty; not even for MERCHANTABILITY or FITNESS FOR A PARTICULAR PURPOSE.

configure:3341: $? = 0
configure:3330: g++ -v >&5
Using built-in specs.
Target: i686-linux-gnu
Configured with: ../src/configure -v --with-pkgversion='Ubuntu/Linaro 4.4.4-14ubuntu5.1' --with-bugurl=file:///usr/share/doc/gcc-4.4/README.Bugs --enable-languages=c,c++,fortran,objc,obj-c++ --prefix=/usr --program-suffix=-4.4 --enable-shared --enable-multiarch --enable-linker-build-id --with-system-zlib --libexecdir=/usr/lib --without-included-gettext --enable-threads=posix --with-gxx-include-dir=/usr/include/c++/4.4 --libdir=/usr/lib --enable-nls --with-sysroot=/ --enable-clocale=gnu --enable-libstdcxx-debug --enable-objc-gc --enable-targets=all --disable-werror --with-arch-32=i686 --with-tune=generic --enable-checking=release --build=i686-linux-gnu --host=i686-linux-gnu --target=i686-linux-gnu
Thread model: posix
gcc version 4.4.5 (Ubuntu/Linaro 4.4.4-14ubuntu5.1) 
configure:3341: $? = 0
configure:3330: g++ -V >&5
g++: '-V' option must have argument
configure:3341: $? = 1
configure:3330: g++ -qversion >&5
g++: unrecognized option '-qversion'
g++: no input files
configure:3341: $? = 1
configure:3345: checking whether we are using the GNU C++ compiler
configure:3364: g++ -c   conftest.cpp >&5
configure:3364: $? = 0
configure:3373: result: yes
configure:3382: checking whether g++ accepts -g
configure:3402: g++ -c -g  conftest.cpp >&5
configure:3402: $? = 0
configure:3443: result: yes
configure:3509: checking for readelf
configure:3525: found /usr/bin/readelf
configure:3536: result: readelf
configure:3560: error: you must configure in a separate build directory

## ---------------- ##
## Cache variables. ##
## ---------------- ##

ac_cv_build=i686-pc-linux-gnu
ac_cv_c_compiler_gnu=yes
ac_cv_cxx_compiler_gnu=yes
ac_cv_env_CCC_set=
ac_cv_env_CCC_value=
ac_cv_env_CC_set=
ac_cv_env_CC_value=
ac_cv_env_CFLAGS_set=
ac_cv_env_CFLAGS_value=
ac_cv_env_CPPFLAGS_set=
ac_cv_env_CPPFLAGS_value=
ac_cv_env_CPP_set=
ac_cv_env_CPP_value=
ac_cv_env_CXXFLAGS_set=
ac_cv_env_CXXFLAGS_value=
ac_cv_env_CXX_set=
ac_cv_env_CXX_value=
ac_cv_env_LDFLAGS_set=
ac_cv_env_LDFLAGS_value=
ac_cv_env_LIBS_set=
ac_cv_env_LIBS_value=
ac_cv_env_build_alias_set=
ac_cv_env_build_alias_value=
ac_cv_env_host_alias_set=
ac_cv_env_host_alias_value=
ac_cv_env_target_alias_set=
ac_cv_env_target_alias_value=
ac_cv_host=i686-pc-linux-gnu
ac_cv_objext=o
ac_cv_prog_CPP='gcc -E'
ac_cv_prog_ac_ct_CC=gcc
ac_cv_prog_ac_ct_CXX=g++
ac_cv_prog_ac_ct_READELF=readelf
ac_cv_prog_cc_c89=
ac_cv_prog_cc_g=yes
ac_cv_prog_cxx_g=yes

## ----------------- ##
## Output variables. ##
## ----------------- ##

AR=''
AS=''
ASFLAGS_config=''
AUTOCONF=''
AWK=''
BASH_SHELL=''
BISON=''
BUILD_CC=''
CC='gcc'
CFLAGS='-g -O2'
CPP='gcc -E'
CPPFLAGS=''
CPPUNDEFS=''
CXX='g++'
CXXFLAGS='-g -O2'
CXX_SYSINCLUDES=''
DEFINES=''
DEFS=''
ECHO_C=''
ECHO_N='-n'
ECHO_T=''
INSTALL_DATA=''
INSTALL_INFO=''
INSTALL_PROGRAM=''
INSTALL_SCRIPT=''
KSH=''
LD=''
LDFLAGS=''
LIBGD=''
LIBOBJS=''
LIBS=''
LN_S=''
LTLIBOBJS=''
MAKE=''
MAKEINFO=''
MIG=''
MSGFMT=''
NM=''
OBJCOPY=''
OBJDUMP=''
OBJEXT='o'
PACKAGE_BUGREPORT='http://sourceware.org/bugzilla/'
PACKAGE_NAME='GNU C Library'
PACKAGE_STRING='GNU C Library (see version.h)'
PACKAGE_TARNAME='glibc'
PACKAGE_URL='http://www.gnu.org/software/glibc/'
PACKAGE_VERSION='(see version.h)'
PATH_SEPARATOR=':'
PERL=''
PKGVERSION='(GNU libc) '
PKGVERSION_TEXI='(GNU libc) '
READELF='readelf'
RELEASE=''
REPORT_BUGS_TEXI='@uref{http://www.gnu.org/software/libc/bugs.html}'
REPORT_BUGS_TO='<http://www.gnu.org/software/libc/bugs.html>'
SED=''
SHELL='/bin/bash'
SYSINCLUDES=''
VERSION=''
VERSIONING=''
ac_ct_CC='gcc'
ac_ct_CXX='g++'
add_on_subdirs=''
add_ons=''
all_warnings=''
base_machine=''
bindir='${exec_prefix}/bin'
bindnow=''
build='i686-pc-linux-gnu'
build_alias=''
build_cpu='i686'
build_nscd=''
build_os='linux-gnu'
build_vendor='pc'
cross_compiling='no'
datadir='${datarootdir}'
datarootdir='${prefix}/share'
docdir='${datarootdir}/doc/${PACKAGE_TARNAME}'
dvidir='${docdir}'
exceptions=''
exec_prefix='NONE'
fno_unit_at_a_time=''
force_install=''
gnu89_inline=''
have_libaudit=''
have_libcap=''
have_selinux=''
host='i686-pc-linux-gnu'
host_alias=''
host_cpu='i686'
host_os='linux-gnu'
host_vendor='pc'
htmldir='${docdir}'
includedir='${prefix}/include'
infodir='${datarootdir}/info'
ldd_rewrite_script=''
libc_cv_Bgroup=''
libc_cv_as_i686=''
libc_cv_cc_avx=''
libc_cv_cc_fma4=''
libc_cv_cc_nofma=''
libc_cv_cc_novzeroupper=''
libc_cv_cc_sse2avx=''
libc_cv_cc_sse4=''
libc_cv_cc_submachine=''
libc_cv_cc_with_libunwind=''
libc_cv_forced_unwind=''
libc_cv_fpie=''
libc_cv_gcc_static_libgcc=''
libc_cv_gcc_unwind_find_fde=''
libc_cv_hashstyle=''
libc_cv_have_bash2=''
libc_cv_have_ksh=''
libc_cv_localedir=''
libc_cv_localstatedir=''
libc_cv_nss_crypt=''
libc_cv_output_format=''
libc_cv_pic_default=''
libc_cv_rootsbindir=''
libc_cv_slibdir=''
libc_cv_sparc_as_vis3=''
libc_cv_ssp=''
libc_cv_sysconfdir=''
libc_cv_z_combreloc=''
libc_cv_z_execstack=''
libc_extra_cflags=''
libdir='${exec_prefix}/lib'
libexecdir='${exec_prefix}/libexec'
link_obsolete_rpc=''
localedir='${datarootdir}/locale'
localstatedir='${prefix}/var'
mach_interface_list=''
mandir='${datarootdir}/man'
multi_arch=''
old_glibc_headers=''
oldest_abi=''
oldincludedir='/usr/include'
pdfdir='${docdir}'
prefix='NONE'
profile=''
program_transform_name='s,x,x,'
psdir='${docdir}'
sbindir='${exec_prefix}/sbin'
shared=''
sharedstatedir='${prefix}/com'
sizeof_long_double=''
static=''
static_nss=''
subdirs=' '
submachine=''
sysconfdir='${prefix}/etc'
sysdeps_add_ons=''
sysheaders=''
sysnames=''
target_alias=''
use_default_link=''
use_ldconfig=''
use_nscd=''
with_fp=''

## ----------- ##
## confdefs.h. ##
## ----------- ##

/* confdefs.h */
#define PACKAGE_NAME "GNU C Library"
#define PACKAGE_TARNAME "glibc"
#define PACKAGE_VERSION "(see version.h)"
#define PACKAGE_STRING "GNU C Library (see version.h)"
#define PACKAGE_BUGREPORT "http://sourceware.org/bugzilla/"
#define PACKAGE_URL "http://www.gnu.org/software/glibc/"
#define PKGVERSION "(GNU libc) "
#define REPORT_BUGS_TO "<http://www.gnu.org/software/libc/bugs.html>"

configure: exit 1
