This file contains any messages produced by compilers while
running configure, to aid debugging if configure makes a mistake.

It was created by sqlite configure 3.5.9, which was
generated by GNU Autoconf 2.59.  Invocation command line was

  $ ./configure --prefix=/home/openwrt/staging_dir/toolchain-mipsel_24kec+dsp_gcc-4.8-linaro_uClibc-0.9.33.2 --host=mipsel-openwrt-linux-uclibc --with-gnu-ld --disable-static --disable-tcl

## --------- ##
## Platform. ##
## --------- ##

hostname = ubuntu
uname -m = i686
uname -r = 2.6.35-22-generic
uname -s = Linux
uname -v = #33-Ubuntu SMP Sun Sep 19 20:34:50 UTC 2010

/usr/bin/uname -p = unknown
/bin/uname -X     = unknown

/bin/arch              = unknown
/usr/bin/arch -k       = unknown
/usr/convex/getsysinfo = unknown
hostinfo               = unknown
/bin/machine           = unknown
/usr/bin/oslevel       = unknown
/bin/universe          = unknown

PATH: /usr/lib/jvm/java/bin
PATH: /usr/local/sbin
PATH: /usr/local/bin
PATH: /usr/sbin
PATH: /usr/bin
PATH: /sbin
PATH: /bin
PATH: /usr/games
PATH: /usr/local/arm/4.4.3/bin
PATH: /usr/local/mips/buildroot-gcc342/bin
PATH: /home/openwrt/staging_dir/toolchain-mipsel_24kec+dsp_gcc-4.8-linaro_uClibc-0.9.33.2/bin


## ----------- ##
## Core tests. ##
## ----------- ##

configure:1553: checking build system type
configure:1571: result: i686-pc-linux-gnu
configure:1579: checking host system type
configure:1593: result: mipsel-openwrt-linux-uclibc
configure:1609: checking for mipsel-openwrt-linux-uclibc-gcc
configure:1625: found /home/openwrt/staging_dir/toolchain-mipsel_24kec+dsp_gcc-4.8-linaro_uClibc-0.9.33.2/bin/mipsel-openwrt-linux-uclibc-gcc
configure:1635: result: mipsel-openwrt-linux-uclibc-gcc
configure:1917: checking for C compiler version
configure:1920: mipsel-openwrt-linux-uclibc-gcc --version </dev/null >&5
mipsel-openwrt-linux-uclibc-gcc (OpenWrt/Linaro GCC 4.8-2014.04 r49363) 4.8.3
Copyright (C) 2013 Free Software Foundation, Inc.
This is free software; see the source for copying conditions.  There is NO
warranty; not even for MERCHANTABILITY or FITNESS FOR A PARTICULAR PURPOSE.

configure:1923: $? = 0
configure:1925: mipsel-openwrt-linux-uclibc-gcc -v </dev/null >&5
Reading specs from /home/openwrt/staging_dir/toolchain-mipsel_24kec+dsp_gcc-4.8-linaro_uClibc-0.9.33.2/lib/gcc/mipsel-openwrt-linux-uclibc/4.8.3/specs
COLLECT_GCC=mipsel-openwrt-linux-uclibc-gcc
COLLECT_LTO_WRAPPER=/home/openwrt/staging_dir/toolchain-mipsel_24kec+dsp_gcc-4.8-linaro_uClibc-0.9.33.2/libexec/gcc/mipsel-openwrt-linux-uclibc/4.8.3/lto-wrapper
Target: mipsel-openwrt-linux-uclibc
Configured with: /home/openwrt/build_dir/toolchain-mipsel_24kec+dsp_gcc-4.8-linaro_uClibc-0.9.33.2/gcc-linaro-4.8-2014.04/configure --with-bugurl=https://dev.openwrt.org/ --with-pkgversion='OpenWrt/Linaro GCC 4.8-2014.04 r49363' --prefix=/home/openwrt/staging_dir/toolchain-mipsel_24kec+dsp_gcc-4.8-linaro_uClibc-0.9.33.2 --build=i686-linux-gnu --host=i686-linux-gnu --target=mipsel-openwrt-linux-uclibc --with-gnu-ld --enable-target-optspace --disable-libgomp --disable-libmudflap --disable-multilib --disable-nls --with-host-libstdcxx=-lstdc++ --with-float=soft --with-gmp=/home/openwrt/staging_dir/host --with-mpfr=/home/openwrt/staging_dir/host --with-mpc=/home/openwrt/staging_dir/host --disable-decimal-float --with-mips-plt --disable-libssp --disable-__cxa_atexit --with-headers=/home/openwrt/staging_dir/toolchain-mipsel_24kec+dsp_gcc-4.8-linaro_uClibc-0.9.33.2/include --disable-libsanitizer --enable-languages=c,c++ --enable-shared --enable-threads --with-slibdir=/home/openwrt/staging_dir/toolchain-mipsel_24kec+dsp_gcc-4.8-linaro_uClibc-0.9.33.2/lib
Thread model: posix
gcc version 4.8.3 (OpenWrt/Linaro GCC 4.8-2014.04 r49363) 
configure:1928: $? = 0
configure:1930: mipsel-openwrt-linux-uclibc-gcc -V </dev/null >&5
mipsel-openwrt-linux-uclibc-gcc: error: unrecognized command line option '-V'
mipsel-openwrt-linux-uclibc-gcc: fatal error: no input files
compilation terminated.
configure:1933: $? = 1
configure:1956: checking for C compiler default output file name
configure:1959: mipsel-openwrt-linux-uclibc-gcc    conftest.c  >&5
mipsel-openwrt-linux-uclibc-gcc: warning: environment variable 'STAGING_DIR' not defined
mipsel-openwrt-linux-uclibc-gcc: warning: environment variable 'STAGING_DIR' not defined
mipsel-openwrt-linux-uclibc-gcc: warning: environment variable 'STAGING_DIR' not defined
/home/openwrt/staging_dir/toolchain-mipsel_24kec+dsp_gcc-4.8-linaro_uClibc-0.9.33.2/lib/gcc/mipsel-openwrt-linux-uclibc/4.8.3/../../../../mipsel-openwrt-linux-uclibc/bin/ld: skipping incompatible /usr/lib/libc.so when searching for -lc
/home/openwrt/staging_dir/toolchain-mipsel_24kec+dsp_gcc-4.8-linaro_uClibc-0.9.33.2/lib/gcc/mipsel-openwrt-linux-uclibc/4.8.3/../../../../mipsel-openwrt-linux-uclibc/bin/ld: skipping incompatible /usr/lib/libc.a when searching for -lc
configure:1962: $? = 0
configure:2008: result: a.out
configure:2013: checking whether the C compiler works
configure:2019: ./a.out
./configure: line 2020: ./a.out: cannot execute binary file
configure:2022: $? = 126
configure:2039: result: yes
configure:2046: checking whether we are cross compiling
configure:2048: result: yes
configure:2051: checking for suffix of executables
configure:2053: mipsel-openwrt-linux-uclibc-gcc -o conftest    conftest.c  >&5
mipsel-openwrt-linux-uclibc-gcc: warning: environment variable 'STAGING_DIR' not defined
mipsel-openwrt-linux-uclibc-gcc: warning: environment variable 'STAGING_DIR' not defined
mipsel-openwrt-linux-uclibc-gcc: warning: environment variable 'STAGING_DIR' not defined
/home/openwrt/staging_dir/toolchain-mipsel_24kec+dsp_gcc-4.8-linaro_uClibc-0.9.33.2/lib/gcc/mipsel-openwrt-linux-uclibc/4.8.3/../../../../mipsel-openwrt-linux-uclibc/bin/ld: skipping incompatible /usr/lib/libc.so when searching for -lc
/home/openwrt/staging_dir/toolchain-mipsel_24kec+dsp_gcc-4.8-linaro_uClibc-0.9.33.2/lib/gcc/mipsel-openwrt-linux-uclibc/4.8.3/../../../../mipsel-openwrt-linux-uclibc/bin/ld: skipping incompatible /usr/lib/libc.a when searching for -lc
configure:2056: $? = 0
configure:2081: result: 
configure:2087: checking for suffix of object files
configure:2108: mipsel-openwrt-linux-uclibc-gcc -c   conftest.c >&5
mipsel-openwrt-linux-uclibc-gcc: warning: environment variable 'STAGING_DIR' not defined
configure:2111: $? = 0
configure:2133: result: o
configure:2137: checking whether we are using the GNU C compiler
configure:2161: mipsel-openwrt-linux-uclibc-gcc -c   conftest.c >&5
mipsel-openwrt-linux-uclibc-gcc: warning: environment variable 'STAGING_DIR' not defined
configure:2167: $? = 0
configure:2171: test -z 
			 || test ! -s conftest.err
configure:2174: $? = 0
configure:2177: test -s conftest.o
configure:2180: $? = 0
configure:2193: result: yes
configure:2199: checking whether mipsel-openwrt-linux-uclibc-gcc accepts -g
configure:2220: mipsel-openwrt-linux-uclibc-gcc -c -g  conftest.c >&5
mipsel-openwrt-linux-uclibc-gcc: warning: environment variable 'STAGING_DIR' not defined
configure:2226: $? = 0
configure:2230: test -z 
			 || test ! -s conftest.err
configure:2233: $? = 0
configure:2236: test -s conftest.o
configure:2239: $? = 0
configure:2250: result: yes
configure:2267: checking for mipsel-openwrt-linux-uclibc-gcc option to accept ANSI C
configure:2337: mipsel-openwrt-linux-uclibc-gcc  -c -g -O2  conftest.c >&5
mipsel-openwrt-linux-uclibc-gcc: warning: environment variable 'STAGING_DIR' not defined
configure:2343: $? = 0
configure:2347: test -z 
			 || test ! -s conftest.err
configure:2350: $? = 0
configure:2353: test -s conftest.o
configure:2356: $? = 0
configure:2374: result: none needed
configure:2392: mipsel-openwrt-linux-uclibc-gcc -c -g -O2  conftest.c >&5
mipsel-openwrt-linux-uclibc-gcc: warning: environment variable 'STAGING_DIR' not defined
conftest.c:2:3: error: unknown type name 'choke'
   choke me
   ^
conftest.c:2:3: error: expected '=', ',', ';', 'asm' or '__attribute__' at end of input
configure:2398: $? = 1
configure: failed program was:
| #ifndef __cplusplus
|   choke me
| #endif
configure:2531: checking for a sed that does not truncate output
configure:2587: result: /bin/sed
configure:2603: checking for egrep
configure:2613: result: grep -E
configure:2618: checking for fgrep
configure:2628: result: grep -F
configure:2663: checking for ld used by mipsel-openwrt-linux-uclibc-gcc
configure:2730: result: /home/openwrt/staging_dir/toolchain-mipsel_24kec+dsp_gcc-4.8-linaro_uClibc-0.9.33.2/mipsel-openwrt-linux-uclibc/bin/ld
configure:2739: checking if the linker (/home/openwrt/staging_dir/toolchain-mipsel_24kec+dsp_gcc-4.8-linaro_uClibc-0.9.33.2/mipsel-openwrt-linux-uclibc/bin/ld) is GNU ld
configure:2754: result: yes
configure:2766: checking for BSD- or MS-compatible name lister (nm)
configure:2815: result: /home/openwrt/staging_dir/toolchain-mipsel_24kec+dsp_gcc-4.8-linaro_uClibc-0.9.33.2/bin/mipsel-openwrt-linux-uclibc-nm -B
configure:2920: checking the name lister (/home/openwrt/staging_dir/toolchain-mipsel_24kec+dsp_gcc-4.8-linaro_uClibc-0.9.33.2/bin/mipsel-openwrt-linux-uclibc-nm -B) interface
configure:2927: mipsel-openwrt-linux-uclibc-gcc -c -g -O2  conftest.c >&5
mipsel-openwrt-linux-uclibc-gcc: warning: environment variable 'STAGING_DIR' not defined
configure:2930: /home/openwrt/staging_dir/toolchain-mipsel_24kec+dsp_gcc-4.8-linaro_uClibc-0.9.33.2/bin/mipsel-openwrt-linux-uclibc-nm -B "conftest.o"
configure:2933: output
00000000 B some_variable
configure:2940: result: BSD nm
configure:2943: checking whether ln -s works
configure:2947: result: yes
configure:2955: checking the maximum length of command line arguments
configure:3075: result: 1572864
configure:3092: checking whether the shell understands some XSI constructs
configure:3102: result: yes
configure:3106: checking whether the shell understands "+="
configure:3112: result: yes
configure:3147: checking for /home/openwrt/staging_dir/toolchain-mipsel_24kec+dsp_gcc-4.8-linaro_uClibc-0.9.33.2/mipsel-openwrt-linux-uclibc/bin/ld option to reload object files
configure:3154: result: -r
configure:3181: checking how to recognize dependent libraries
configure:3371: result: pass_all
configure:3391: checking for mipsel-openwrt-linux-uclibc-ar
configure:3407: found /home/openwrt/staging_dir/toolchain-mipsel_24kec+dsp_gcc-4.8-linaro_uClibc-0.9.33.2/bin/mipsel-openwrt-linux-uclibc-ar
configure:3417: result: mipsel-openwrt-linux-uclibc-ar
configure:3484: checking for mipsel-openwrt-linux-uclibc-strip
configure:3500: found /home/openwrt/staging_dir/toolchain-mipsel_24kec+dsp_gcc-4.8-linaro_uClibc-0.9.33.2/bin/mipsel-openwrt-linux-uclibc-strip
configure:3510: result: mipsel-openwrt-linux-uclibc-strip
configure:3571: checking for mipsel-openwrt-linux-uclibc-ranlib
configure:3587: found /home/openwrt/staging_dir/toolchain-mipsel_24kec+dsp_gcc-4.8-linaro_uClibc-0.9.33.2/bin/mipsel-openwrt-linux-uclibc-ranlib
configure:3597: result: mipsel-openwrt-linux-uclibc-ranlib
configure:3716: checking command to parse /home/openwrt/staging_dir/toolchain-mipsel_24kec+dsp_gcc-4.8-linaro_uClibc-0.9.33.2/bin/mipsel-openwrt-linux-uclibc-nm -B output from mipsel-openwrt-linux-uclibc-gcc object
configure:3834: mipsel-openwrt-linux-uclibc-gcc -c -g -O2  conftest.c >&5
mipsel-openwrt-linux-uclibc-gcc: warning: environment variable 'STAGING_DIR' not defined
configure:3837: $? = 0
configure:3841: /home/openwrt/staging_dir/toolchain-mipsel_24kec+dsp_gcc-4.8-linaro_uClibc-0.9.33.2/bin/mipsel-openwrt-linux-uclibc-nm -B conftest.o \| sed -n -e 's/^.*[	 ]\([ABCDGIRSTW][ABCDGIRSTW]*\)[	 ][	 ]*\([_A-Za-z][_A-Za-z0-9]*\)$/\1 \2 \2/p' \> conftest.nm
configure:3844: $? = 0
configure:3898: mipsel-openwrt-linux-uclibc-gcc -o conftest -g -O2   conftest.c conftstm.o >&5
mipsel-openwrt-linux-uclibc-gcc: warning: environment variable 'STAGING_DIR' not defined
mipsel-openwrt-linux-uclibc-gcc: warning: environment variable 'STAGING_DIR' not defined
mipsel-openwrt-linux-uclibc-gcc: warning: environment variable 'STAGING_DIR' not defined
/home/openwrt/staging_dir/toolchain-mipsel_24kec+dsp_gcc-4.8-linaro_uClibc-0.9.33.2/lib/gcc/mipsel-openwrt-linux-uclibc/4.8.3/../../../../mipsel-openwrt-linux-uclibc/bin/ld: skipping incompatible /usr/lib/libc.so when searching for -lc
/home/openwrt/staging_dir/toolchain-mipsel_24kec+dsp_gcc-4.8-linaro_uClibc-0.9.33.2/lib/gcc/mipsel-openwrt-linux-uclibc/4.8.3/../../../../mipsel-openwrt-linux-uclibc/bin/ld: skipping incompatible /usr/lib/libc.a when searching for -lc
configure:3901: $? = 0
configure:3939: result: ok
configure:4744: checking how to run the C preprocessor
configure:4779: mipsel-openwrt-linux-uclibc-gcc -E  conftest.c
mipsel-openwrt-linux-uclibc-gcc: warning: environment variable 'STAGING_DIR' not defined
configure:4785: $? = 0
configure:4817: mipsel-openwrt-linux-uclibc-gcc -E  conftest.c
mipsel-openwrt-linux-uclibc-gcc: warning: environment variable 'STAGING_DIR' not defined
conftest.c:9:28: fatal error: ac_nonexistent.h: No such file or directory
 #include <ac_nonexistent.h>
                            ^
compilation terminated.
configure:4823: $? = 1
configure: failed program was:
| /* confdefs.h.  */
| 
| #define PACKAGE_NAME "sqlite"
| #define PACKAGE_TARNAME "sqlite"
| #define PACKAGE_VERSION "3.5.9"
| #define PACKAGE_STRING "sqlite 3.5.9"
| #define PACKAGE_BUGREPORT ""
| /* end confdefs.h.  */
| #include <ac_nonexistent.h>
configure:4862: result: mipsel-openwrt-linux-uclibc-gcc -E
configure:4886: mipsel-openwrt-linux-uclibc-gcc -E  conftest.c
mipsel-openwrt-linux-uclibc-gcc: warning: environment variable 'STAGING_DIR' not defined
configure:4892: $? = 0
configure:4924: mipsel-openwrt-linux-uclibc-gcc -E  conftest.c
mipsel-openwrt-linux-uclibc-gcc: warning: environment variable 'STAGING_DIR' not defined
conftest.c:9:28: fatal error: ac_nonexistent.h: No such file or directory
 #include <ac_nonexistent.h>
                            ^
compilation terminated.
configure:4930: $? = 1
configure: failed program was:
| /* confdefs.h.  */
| 
| #define PACKAGE_NAME "sqlite"
| #define PACKAGE_TARNAME "sqlite"
| #define PACKAGE_VERSION "3.5.9"
| #define PACKAGE_STRING "sqlite 3.5.9"
| #define PACKAGE_BUGREPORT ""
| /* end confdefs.h.  */
| #include <ac_nonexistent.h>
configure:4974: checking for ANSI C header files
configure:4999: mipsel-openwrt-linux-uclibc-gcc -c -g -O2  conftest.c >&5
mipsel-openwrt-linux-uclibc-gcc: warning: environment variable 'STAGING_DIR' not defined
configure:5005: $? = 0
configure:5009: test -z 
			 || test ! -s conftest.err
configure:5012: $? = 0
configure:5015: test -s conftest.o
configure:5018: $? = 0
mipsel-openwrt-linux-uclibc-gcc: warning: environment variable 'STAGING_DIR' not defined
mipsel-openwrt-linux-uclibc-gcc: warning: environment variable 'STAGING_DIR' not defined
configure:5130: result: yes
configure:5154: checking for sys/types.h
configure:5170: mipsel-openwrt-linux-uclibc-gcc -c -g -O2  conftest.c >&5
mipsel-openwrt-linux-uclibc-gcc: warning: environment variable 'STAGING_DIR' not defined
configure:5176: $? = 0
configure:5180: test -z 
			 || test ! -s conftest.err
configure:5183: $? = 0
configure:5186: test -s conftest.o
configure:5189: $? = 0
configure:5200: result: yes
configure:5154: checking for sys/stat.h
configure:5170: mipsel-openwrt-linux-uclibc-gcc -c -g -O2  conftest.c >&5
mipsel-openwrt-linux-uclibc-gcc: warning: environment variable 'STAGING_DIR' not defined
configure:5176: $? = 0
configure:5180: test -z 
			 || test ! -s conftest.err
configure:5183: $? = 0
configure:5186: test -s conftest.o
configure:5189: $? = 0
configure:5200: result: yes
configure:5154: checking for stdlib.h
configure:5170: mipsel-openwrt-linux-uclibc-gcc -c -g -O2  conftest.c >&5
mipsel-openwrt-linux-uclibc-gcc: warning: environment variable 'STAGING_DIR' not defined
configure:5176: $? = 0
configure:5180: test -z 
			 || test ! -s conftest.err
configure:5183: $? = 0
configure:5186: test -s conftest.o
configure:5189: $? = 0
configure:5200: result: yes
configure:5154: checking for string.h
configure:5170: mipsel-openwrt-linux-uclibc-gcc -c -g -O2  conftest.c >&5
mipsel-openwrt-linux-uclibc-gcc: warning: environment variable 'STAGING_DIR' not defined
configure:5176: $? = 0
configure:5180: test -z 
			 || test ! -s conftest.err
configure:5183: $? = 0
configure:5186: test -s conftest.o
configure:5189: $? = 0
configure:5200: result: yes
configure:5154: checking for memory.h
configure:5170: mipsel-openwrt-linux-uclibc-gcc -c -g -O2  conftest.c >&5
mipsel-openwrt-linux-uclibc-gcc: warning: environment variable 'STAGING_DIR' not defined
configure:5176: $? = 0
configure:5180: test -z 
			 || test ! -s conftest.err
configure:5183: $? = 0
configure:5186: test -s conftest.o
configure:5189: $? = 0
configure:5200: result: yes
configure:5154: checking for strings.h
configure:5170: mipsel-openwrt-linux-uclibc-gcc -c -g -O2  conftest.c >&5
mipsel-openwrt-linux-uclibc-gcc: warning: environment variable 'STAGING_DIR' not defined
configure:5176: $? = 0
configure:5180: test -z 
			 || test ! -s conftest.err
configure:5183: $? = 0
configure:5186: test -s conftest.o
configure:5189: $? = 0
configure:5200: result: yes
configure:5154: checking for inttypes.h
configure:5170: mipsel-openwrt-linux-uclibc-gcc -c -g -O2  conftest.c >&5
mipsel-openwrt-linux-uclibc-gcc: warning: environment variable 'STAGING_DIR' not defined
configure:5176: $? = 0
configure:5180: test -z 
			 || test ! -s conftest.err
configure:5183: $? = 0
configure:5186: test -s conftest.o
configure:5189: $? = 0
configure:5200: result: yes
configure:5154: checking for stdint.h
configure:5170: mipsel-openwrt-linux-uclibc-gcc -c -g -O2  conftest.c >&5
mipsel-openwrt-linux-uclibc-gcc: warning: environment variable 'STAGING_DIR' not defined
configure:5176: $? = 0
configure:5180: test -z 
			 || test ! -s conftest.err
configure:5183: $? = 0
configure:5186: test -s conftest.o
configure:5189: $? = 0
configure:5200: result: yes
configure:5154: checking for unistd.h
configure:5170: mipsel-openwrt-linux-uclibc-gcc -c -g -O2  conftest.c >&5
mipsel-openwrt-linux-uclibc-gcc: warning: environment variable 'STAGING_DIR' not defined
configure:5176: $? = 0
configure:5180: test -z 
			 || test ! -s conftest.err
configure:5183: $? = 0
configure:5186: test -s conftest.o
configure:5189: $? = 0
configure:5200: result: yes
configure:5216: checking for dlfcn.h
configure:5232: mipsel-openwrt-linux-uclibc-gcc -c -g -O2  conftest.c >&5
mipsel-openwrt-linux-uclibc-gcc: warning: environment variable 'STAGING_DIR' not defined
configure:5238: $? = 0
configure:5242: test -z 
			 || test ! -s conftest.err
configure:5245: $? = 0
configure:5248: test -s conftest.o
configure:5251: $? = 0
configure:5262: result: yes
configure:5446: checking for objdir
configure:5461: result: .libs
configure:5753: checking if mipsel-openwrt-linux-uclibc-gcc supports -fno-rtti -fno-exceptions
configure:5771: mipsel-openwrt-linux-uclibc-gcc -c -g -O2  -fno-rtti -fno-exceptions conftest.c >&5
mipsel-openwrt-linux-uclibc-gcc: warning: environment variable 'STAGING_DIR' not defined
cc1: warning: command line option '-fno-rtti' is valid for C++/ObjC++ but not for C [enabled by default]
configure:5775: $? = 0
configure:5788: result: no
configure:5808: checking for mipsel-openwrt-linux-uclibc-gcc option to produce PIC
configure:6065: result: -fPIC -DPIC
configure:6077: checking if mipsel-openwrt-linux-uclibc-gcc PIC flag -fPIC -DPIC works
configure:6095: mipsel-openwrt-linux-uclibc-gcc -c -g -O2  -fPIC -DPIC -DPIC conftest.c >&5
mipsel-openwrt-linux-uclibc-gcc: warning: environment variable 'STAGING_DIR' not defined
configure:6099: $? = 0
configure:6112: result: yes
configure:6136: checking if mipsel-openwrt-linux-uclibc-gcc static flag -static works
mipsel-openwrt-linux-uclibc-gcc: warning: environment variable 'STAGING_DIR' not defined
mipsel-openwrt-linux-uclibc-gcc: warning: environment variable 'STAGING_DIR' not defined
mipsel-openwrt-linux-uclibc-gcc: warning: environment variable 'STAGING_DIR' not defined
/home/openwrt/staging_dir/toolchain-mipsel_24kec+dsp_gcc-4.8-linaro_uClibc-0.9.33.2/lib/gcc/mipsel-openwrt-linux-uclibc/4.8.3/../../../../mipsel-openwrt-linux-uclibc/bin/ld: skipping incompatible /usr/lib/libc.a when searching for -lc
configure:6164: result: no
configure:6179: checking if mipsel-openwrt-linux-uclibc-gcc supports -c -o file.o
configure:6200: mipsel-openwrt-linux-uclibc-gcc -c -g -O2  -o out/conftest2.o conftest.c >&5
mipsel-openwrt-linux-uclibc-gcc: warning: environment variable 'STAGING_DIR' not defined
configure:6204: $? = 0
configure:6226: result: yes
configure:6234: checking if mipsel-openwrt-linux-uclibc-gcc supports -c -o file.o
configure:6281: result: yes
configure:6314: checking whether the mipsel-openwrt-linux-uclibc-gcc linker (/home/openwrt/staging_dir/toolchain-mipsel_24kec+dsp_gcc-4.8-linaro_uClibc-0.9.33.2/mipsel-openwrt-linux-uclibc/bin/ld) supports shared libraries
configure:7374: result: yes
configure:7411: checking whether -lc should be explicitly linked in
configure:7416: mipsel-openwrt-linux-uclibc-gcc -c -g -O2  conftest.c >&5
mipsel-openwrt-linux-uclibc-gcc: warning: environment variable 'STAGING_DIR' not defined
configure:7419: $? = 0
configure:7434: mipsel-openwrt-linux-uclibc-gcc -shared conftest.o  -v -Wl,-soname -Wl,conftest -o conftest 2\>\&1 \| grep  -lc  \>/dev/null 2\>\&1
configure:7437: $? = 0
configure:7449: result: no
configure:7613: checking dynamic linker characteristics
configure:8064: mipsel-openwrt-linux-uclibc-gcc -o conftest -g -O2   -Wl,-rpath -Wl,/foo conftest.c  >&5
mipsel-openwrt-linux-uclibc-gcc: warning: environment variable 'STAGING_DIR' not defined
mipsel-openwrt-linux-uclibc-gcc: warning: environment variable 'STAGING_DIR' not defined
mipsel-openwrt-linux-uclibc-gcc: warning: environment variable 'STAGING_DIR' not defined
/home/openwrt/staging_dir/toolchain-mipsel_24kec+dsp_gcc-4.8-linaro_uClibc-0.9.33.2/lib/gcc/mipsel-openwrt-linux-uclibc/4.8.3/../../../../mipsel-openwrt-linux-uclibc/bin/ld: skipping incompatible /usr/lib/libc.so when searching for -lc
/home/openwrt/staging_dir/toolchain-mipsel_24kec+dsp_gcc-4.8-linaro_uClibc-0.9.33.2/lib/gcc/mipsel-openwrt-linux-uclibc/4.8.3/../../../../mipsel-openwrt-linux-uclibc/bin/ld: skipping incompatible /usr/lib/libc.a when searching for -lc
configure:8070: $? = 0
configure:8074: test -z 
			 || test ! -s conftest.err
configure:8077: $? = 0
configure:8080: test -s conftest
configure:8083: $? = 0
configure:8307: result: GNU/Linux ld.so
configure:8409: checking how to hardcode library paths into programs
configure:8434: result: immediate
configure:9280: checking whether stripping libraries is possible
configure:9285: result: yes
configure:9320: checking if libtool supports shared libraries
configure:9322: result: yes
configure:9325: checking whether to build shared libraries
configure:9346: result: yes
configure:9349: checking whether to build static libraries
configure:9353: result: no
configure:9401: checking for a BSD-compatible install
configure:9456: result: /usr/bin/install -c
configure:9471: checking for gawk
configure:9487: found /usr/bin/gawk
configure:9497: result: gawk
configure:9518: checking for special C compiler options needed for large files
configure:9617: result: no
configure:9623: checking for _FILE_OFFSET_BITS value needed for large files
configure:9654: mipsel-openwrt-linux-uclibc-gcc -c -g -O2  conftest.c >&5
mipsel-openwrt-linux-uclibc-gcc: warning: environment variable 'STAGING_DIR' not defined
conftest.c:27:3: warning: left shift count >= width of type [enabled by default]
   int off_t_is_large[(LARGE_OFF_T % 2147483629 == 721
   ^
conftest.c:27:3: warning: left shift count >= width of type [enabled by default]
conftest.c:28:10: warning: left shift count >= width of type [enabled by default]
          && LARGE_OFF_T % 2147483647 == 1)
          ^
conftest.c:28:10: warning: left shift count >= width of type [enabled by default]
conftest.c:27:7: error: variably modified 'off_t_is_large' at file scope
   int off_t_is_large[(LARGE_OFF_T % 2147483629 == 721
       ^
configure:9660: $? = 1
configure: failed program was:
| /* confdefs.h.  */
| 
| #define PACKAGE_NAME "sqlite"
| #define PACKAGE_TARNAME "sqlite"
| #define PACKAGE_VERSION "3.5.9"
| #define PACKAGE_STRING "sqlite 3.5.9"
| #define PACKAGE_BUGREPORT ""
| #define STDC_HEADERS 1
| #define HAVE_SYS_TYPES_H 1
| #define HAVE_SYS_STAT_H 1
| #define HAVE_STDLIB_H 1
| #define HAVE_STRING_H 1
| #define HAVE_MEMORY_H 1
| #define HAVE_STRINGS_H 1
| #define HAVE_INTTYPES_H 1
| #define HAVE_STDINT_H 1
| #define HAVE_UNISTD_H 1
| #define HAVE_DLFCN_H 1
| #define LT_OBJDIR ".libs/"
| /* end confdefs.h.  */
| #include <sys/types.h>
|  /* Check that off_t can represent 2**63 - 1 correctly.
|     We can't simply define LARGE_OFF_T to be 9223372036854775807,
|     since some C++ compilers masquerading as C compilers
|     incorrectly reject 9223372036854775807.  */
| #define LARGE_OFF_T (((off_t) 1 << 62) - 1 + ((off_t) 1 << 62))
|   int off_t_is_large[(LARGE_OFF_T % 2147483629 == 721
| 		       && LARGE_OFF_T % 2147483647 == 1)
| 		      ? 1 : -1];
| int
| main ()
| {
| 
|   ;
|   return 0;
| }
configure:9707: mipsel-openwrt-linux-uclibc-gcc -c -g -O2  conftest.c >&5
mipsel-openwrt-linux-uclibc-gcc: warning: environment variable 'STAGING_DIR' not defined
configure:9713: $? = 0
configure:9717: test -z 
			 || test ! -s conftest.err
configure:9720: $? = 0
configure:9723: test -s conftest.o
configure:9726: $? = 0
configure:9738: result: 64
configure:9748: checking for _LARGE_FILES value needed for large files
configure:9779: mipsel-openwrt-linux-uclibc-gcc -c -g -O2  conftest.c >&5
mipsel-openwrt-linux-uclibc-gcc: warning: environment variable 'STAGING_DIR' not defined
configure:9785: $? = 0
configure:9789: test -z 
			 || test ! -s conftest.err
configure:9792: $? = 0
configure:9795: test -s conftest.o
configure:9798: $? = 0
configure:9863: result: no
configure:9878: checking for int8_t
configure:9902: mipsel-openwrt-linux-uclibc-gcc -c -g -O2  conftest.c >&5
mipsel-openwrt-linux-uclibc-gcc: warning: environment variable 'STAGING_DIR' not defined
configure:9908: $? = 0
configure:9912: test -z 
			 || test ! -s conftest.err
configure:9915: $? = 0
configure:9918: test -s conftest.o
configure:9921: $? = 0
configure:9932: result: yes
configure:9942: checking for int16_t
configure:9966: mipsel-openwrt-linux-uclibc-gcc -c -g -O2  conftest.c >&5
mipsel-openwrt-linux-uclibc-gcc: warning: environment variable 'STAGING_DIR' not defined
configure:9972: $? = 0
configure:9976: test -z 
			 || test ! -s conftest.err
configure:9979: $? = 0
configure:9982: test -s conftest.o
configure:9985: $? = 0
configure:9996: result: yes
configure:10006: checking for int32_t
configure:10030: mipsel-openwrt-linux-uclibc-gcc -c -g -O2  conftest.c >&5
mipsel-openwrt-linux-uclibc-gcc: warning: environment variable 'STAGING_DIR' not defined
configure:10036: $? = 0
configure:10040: test -z 
			 || test ! -s conftest.err
configure:10043: $? = 0
configure:10046: test -s conftest.o
configure:10049: $? = 0
configure:10060: result: yes
configure:10070: checking for int64_t
configure:10094: mipsel-openwrt-linux-uclibc-gcc -c -g -O2  conftest.c >&5
mipsel-openwrt-linux-uclibc-gcc: warning: environment variable 'STAGING_DIR' not defined
configure:10100: $? = 0
configure:10104: test -z 
			 || test ! -s conftest.err
configure:10107: $? = 0
configure:10110: test -s conftest.o
configure:10113: $? = 0
configure:10124: result: yes
configure:10134: checking for intptr_t
configure:10158: mipsel-openwrt-linux-uclibc-gcc -c -g -O2  conftest.c >&5
mipsel-openwrt-linux-uclibc-gcc: warning: environment variable 'STAGING_DIR' not defined
configure:10164: $? = 0
configure:10168: test -z 
			 || test ! -s conftest.err
configure:10171: $? = 0
configure:10174: test -s conftest.o
configure:10177: $? = 0
configure:10188: result: yes
configure:10198: checking for uint8_t
configure:10222: mipsel-openwrt-linux-uclibc-gcc -c -g -O2  conftest.c >&5
mipsel-openwrt-linux-uclibc-gcc: warning: environment variable 'STAGING_DIR' not defined
configure:10228: $? = 0
configure:10232: test -z 
			 || test ! -s conftest.err
configure:10235: $? = 0
configure:10238: test -s conftest.o
configure:10241: $? = 0
configure:10252: result: yes
configure:10262: checking for uint16_t
configure:10286: mipsel-openwrt-linux-uclibc-gcc -c -g -O2  conftest.c >&5
mipsel-openwrt-linux-uclibc-gcc: warning: environment variable 'STAGING_DIR' not defined
configure:10292: $? = 0
configure:10296: test -z 
			 || test ! -s conftest.err
configure:10299: $? = 0
configure:10302: test -s conftest.o
configure:10305: $? = 0
configure:10316: result: yes
configure:10326: checking for uint32_t
configure:10350: mipsel-openwrt-linux-uclibc-gcc -c -g -O2  conftest.c >&5
mipsel-openwrt-linux-uclibc-gcc: warning: environment variable 'STAGING_DIR' not defined
configure:10356: $? = 0
configure:10360: test -z 
			 || test ! -s conftest.err
configure:10363: $? = 0
configure:10366: test -s conftest.o
configure:10369: $? = 0
configure:10380: result: yes
configure:10390: checking for uint64_t
configure:10414: mipsel-openwrt-linux-uclibc-gcc -c -g -O2  conftest.c >&5
mipsel-openwrt-linux-uclibc-gcc: warning: environment variable 'STAGING_DIR' not defined
configure:10420: $? = 0
configure:10424: test -z 
			 || test ! -s conftest.err
configure:10427: $? = 0
configure:10430: test -s conftest.o
configure:10433: $? = 0
configure:10444: result: yes
configure:10454: checking for uintptr_t
configure:10478: mipsel-openwrt-linux-uclibc-gcc -c -g -O2  conftest.c >&5
mipsel-openwrt-linux-uclibc-gcc: warning: environment variable 'STAGING_DIR' not defined
configure:10484: $? = 0
configure:10488: test -z 
			 || test ! -s conftest.err
configure:10491: $? = 0
configure:10494: test -s conftest.o
configure:10497: $? = 0
configure:10508: result: yes
configure:10530: checking for sys/types.h
configure:10535: result: yes
configure:10530: checking for stdlib.h
configure:10535: result: yes
configure:10530: checking for stdint.h
configure:10535: result: yes
configure:10530: checking for inttypes.h
configure:10535: result: yes
configure:10686: checking for usleep
configure:10743: mipsel-openwrt-linux-uclibc-gcc -o conftest -g -O2   conftest.c  >&5
mipsel-openwrt-linux-uclibc-gcc: warning: environment variable 'STAGING_DIR' not defined
mipsel-openwrt-linux-uclibc-gcc: warning: environment variable 'STAGING_DIR' not defined
mipsel-openwrt-linux-uclibc-gcc: warning: environment variable 'STAGING_DIR' not defined
/home/openwrt/staging_dir/toolchain-mipsel_24kec+dsp_gcc-4.8-linaro_uClibc-0.9.33.2/lib/gcc/mipsel-openwrt-linux-uclibc/4.8.3/../../../../mipsel-openwrt-linux-uclibc/bin/ld: skipping incompatible /usr/lib/libc.so when searching for -lc
/home/openwrt/staging_dir/toolchain-mipsel_24kec+dsp_gcc-4.8-linaro_uClibc-0.9.33.2/lib/gcc/mipsel-openwrt-linux-uclibc/4.8.3/../../../../mipsel-openwrt-linux-uclibc/bin/ld: skipping incompatible /usr/lib/libc.a when searching for -lc
configure:10749: $? = 0
configure:10753: test -z 
			 || test ! -s conftest.err
configure:10756: $? = 0
configure:10759: test -s conftest
configure:10762: $? = 0
configure:10774: result: yes
configure:10686: checking for fdatasync
configure:10743: mipsel-openwrt-linux-uclibc-gcc -o conftest -g -O2   conftest.c  >&5
mipsel-openwrt-linux-uclibc-gcc: warning: environment variable 'STAGING_DIR' not defined
mipsel-openwrt-linux-uclibc-gcc: warning: environment variable 'STAGING_DIR' not defined
mipsel-openwrt-linux-uclibc-gcc: warning: environment variable 'STAGING_DIR' not defined
/home/openwrt/staging_dir/toolchain-mipsel_24kec+dsp_gcc-4.8-linaro_uClibc-0.9.33.2/lib/gcc/mipsel-openwrt-linux-uclibc/4.8.3/../../../../mipsel-openwrt-linux-uclibc/bin/ld: skipping incompatible /usr/lib/libc.so when searching for -lc
/home/openwrt/staging_dir/toolchain-mipsel_24kec+dsp_gcc-4.8-linaro_uClibc-0.9.33.2/lib/gcc/mipsel-openwrt-linux-uclibc/4.8.3/../../../../mipsel-openwrt-linux-uclibc/bin/ld: skipping incompatible /usr/lib/libc.a when searching for -lc
configure:10749: $? = 0
configure:10753: test -z 
			 || test ! -s conftest.err
configure:10756: $? = 0
configure:10759: test -s conftest
configure:10762: $? = 0
configure:10774: result: yes
configure:10686: checking for localtime_r
configure:10743: mipsel-openwrt-linux-uclibc-gcc -o conftest -g -O2   conftest.c  >&5
mipsel-openwrt-linux-uclibc-gcc: warning: environment variable 'STAGING_DIR' not defined
mipsel-openwrt-linux-uclibc-gcc: warning: environment variable 'STAGING_DIR' not defined
mipsel-openwrt-linux-uclibc-gcc: warning: environment variable 'STAGING_DIR' not defined
/home/openwrt/staging_dir/toolchain-mipsel_24kec+dsp_gcc-4.8-linaro_uClibc-0.9.33.2/lib/gcc/mipsel-openwrt-linux-uclibc/4.8.3/../../../../mipsel-openwrt-linux-uclibc/bin/ld: skipping incompatible /usr/lib/libc.so when searching for -lc
/home/openwrt/staging_dir/toolchain-mipsel_24kec+dsp_gcc-4.8-linaro_uClibc-0.9.33.2/lib/gcc/mipsel-openwrt-linux-uclibc/4.8.3/../../../../mipsel-openwrt-linux-uclibc/bin/ld: skipping incompatible /usr/lib/libc.a when searching for -lc
configure:10749: $? = 0
configure:10753: test -z 
			 || test ! -s conftest.err
configure:10756: $? = 0
configure:10759: test -s conftest
configure:10762: $? = 0
configure:10774: result: yes
configure:10686: checking for gmtime_r
configure:10743: mipsel-openwrt-linux-uclibc-gcc -o conftest -g -O2   conftest.c  >&5
mipsel-openwrt-linux-uclibc-gcc: warning: environment variable 'STAGING_DIR' not defined
mipsel-openwrt-linux-uclibc-gcc: warning: environment variable 'STAGING_DIR' not defined
mipsel-openwrt-linux-uclibc-gcc: warning: environment variable 'STAGING_DIR' not defined
/home/openwrt/staging_dir/toolchain-mipsel_24kec+dsp_gcc-4.8-linaro_uClibc-0.9.33.2/lib/gcc/mipsel-openwrt-linux-uclibc/4.8.3/../../../../mipsel-openwrt-linux-uclibc/bin/ld: skipping incompatible /usr/lib/libc.so when searching for -lc
/home/openwrt/staging_dir/toolchain-mipsel_24kec+dsp_gcc-4.8-linaro_uClibc-0.9.33.2/lib/gcc/mipsel-openwrt-linux-uclibc/4.8.3/../../../../mipsel-openwrt-linux-uclibc/bin/ld: skipping incompatible /usr/lib/libc.a when searching for -lc
configure:10749: $? = 0
configure:10753: test -z 
			 || test ! -s conftest.err
configure:10756: $? = 0
configure:10759: test -s conftest
configure:10762: $? = 0
configure:10774: result: yes
configure:10799: checking for tclsh8.4
configure:10815: found /usr/bin/tclsh8.4
configure:10825: result: tclsh8.4
configure:10918: checking for gcc
configure:10934: found /usr/bin/gcc
configure:10944: result: gcc
configure:10971: checking whether to support threadsafe operation
configure:10979: result: yes
configure:10985: checking for library containing pthread_create
configure:11015: mipsel-openwrt-linux-uclibc-gcc -o conftest -g -O2   conftest.c  >&5
mipsel-openwrt-linux-uclibc-gcc: warning: environment variable 'STAGING_DIR' not defined
mipsel-openwrt-linux-uclibc-gcc: warning: environment variable 'STAGING_DIR' not defined
mipsel-openwrt-linux-uclibc-gcc: warning: environment variable 'STAGING_DIR' not defined
/home/openwrt/staging_dir/toolchain-mipsel_24kec+dsp_gcc-4.8-linaro_uClibc-0.9.33.2/lib/gcc/mipsel-openwrt-linux-uclibc/4.8.3/../../../../mipsel-openwrt-linux-uclibc/bin/ld: skipping incompatible /usr/lib/libc.so when searching for -lc
/home/openwrt/staging_dir/toolchain-mipsel_24kec+dsp_gcc-4.8-linaro_uClibc-0.9.33.2/lib/gcc/mipsel-openwrt-linux-uclibc/4.8.3/../../../../mipsel-openwrt-linux-uclibc/bin/ld: skipping incompatible /usr/lib/libc.a when searching for -lc
/tmp/ccHLMQ0y.o: In function `main':
/usr/local/src/sqlite-3.5.9/conftest.c:51: undefined reference to `pthread_create'
collect2: error: ld returned 1 exit status
configure:11021: $? = 1
configure: failed program was:
| /* confdefs.h.  */
| 
| #define PACKAGE_NAME "sqlite"
| #define PACKAGE_TARNAME "sqlite"
| #define PACKAGE_VERSION "3.5.9"
| #define PACKAGE_STRING "sqlite 3.5.9"
| #define PACKAGE_BUGREPORT ""
| #define STDC_HEADERS 1
| #define HAVE_SYS_TYPES_H 1
| #define HAVE_SYS_STAT_H 1
| #define HAVE_STDLIB_H 1
| #define HAVE_STRING_H 1
| #define HAVE_MEMORY_H 1
| #define HAVE_STRINGS_H 1
| #define HAVE_INTTYPES_H 1
| #define HAVE_STDINT_H 1
| #define HAVE_UNISTD_H 1
| #define HAVE_DLFCN_H 1
| #define LT_OBJDIR ".libs/"
| #define _FILE_OFFSET_BITS 64
| #define HAVE_INT8_T 1
| #define HAVE_INT16_T 1
| #define HAVE_INT32_T 1
| #define HAVE_INT64_T 1
| #define HAVE_INTPTR_T 1
| #define HAVE_UINT8_T 1
| #define HAVE_UINT16_T 1
| #define HAVE_UINT32_T 1
| #define HAVE_UINT64_T 1
| #define HAVE_UINTPTR_T 1
| #define HAVE_SYS_TYPES_H 1
| #define HAVE_STDLIB_H 1
| #define HAVE_STDINT_H 1
| #define HAVE_INTTYPES_H 1
| #define HAVE_USLEEP 1
| #define HAVE_FDATASYNC 1
| #define HAVE_LOCALTIME_R 1
| #define HAVE_GMTIME_R 1
| /* end confdefs.h.  */
| 
| /* Override any gcc2 internal prototype to avoid an error.  */
| #ifdef __cplusplus
| extern "C"
| #endif
| /* We use char because int might match the return type of a gcc2
|    builtin and then its argument prototype would still apply.  */
| char pthread_create ();
| int
| main ()
| {
| pthread_create ();
|   ;
|   return 0;
| }
configure:11070: mipsel-openwrt-linux-uclibc-gcc -o conftest -g -O2   conftest.c -lpthread   >&5
mipsel-openwrt-linux-uclibc-gcc: warning: environment variable 'STAGING_DIR' not defined
mipsel-openwrt-linux-uclibc-gcc: warning: environment variable 'STAGING_DIR' not defined
mipsel-openwrt-linux-uclibc-gcc: warning: environment variable 'STAGING_DIR' not defined
/home/openwrt/staging_dir/toolchain-mipsel_24kec+dsp_gcc-4.8-linaro_uClibc-0.9.33.2/lib/gcc/mipsel-openwrt-linux-uclibc/4.8.3/../../../../mipsel-openwrt-linux-uclibc/bin/ld: skipping incompatible /usr/lib/libpthread.so when searching for -lpthread
/home/openwrt/staging_dir/toolchain-mipsel_24kec+dsp_gcc-4.8-linaro_uClibc-0.9.33.2/lib/gcc/mipsel-openwrt-linux-uclibc/4.8.3/../../../../mipsel-openwrt-linux-uclibc/bin/ld: skipping incompatible /usr/lib/libpthread.a when searching for -lpthread
/home/openwrt/staging_dir/toolchain-mipsel_24kec+dsp_gcc-4.8-linaro_uClibc-0.9.33.2/lib/gcc/mipsel-openwrt-linux-uclibc/4.8.3/../../../../mipsel-openwrt-linux-uclibc/bin/ld: skipping incompatible /usr/lib/libpthread_nonshared.a when searching for libpthread_nonshared.a
/home/openwrt/staging_dir/toolchain-mipsel_24kec+dsp_gcc-4.8-linaro_uClibc-0.9.33.2/lib/gcc/mipsel-openwrt-linux-uclibc/4.8.3/../../../../mipsel-openwrt-linux-uclibc/bin/ld: skipping incompatible /usr/lib/libc.so when searching for -lc
/home/openwrt/staging_dir/toolchain-mipsel_24kec+dsp_gcc-4.8-linaro_uClibc-0.9.33.2/lib/gcc/mipsel-openwrt-linux-uclibc/4.8.3/../../../../mipsel-openwrt-linux-uclibc/bin/ld: skipping incompatible /usr/lib/libc.a when searching for -lc
configure:11076: $? = 0
configure:11080: test -z 
			 || test ! -s conftest.err
configure:11083: $? = 0
configure:11086: test -s conftest
configure:11089: $? = 0
configure:11104: result: -lpthread
configure:11125: checking whether to allow connections to be shared across threads
configure:11129: result: no
configure:11151: checking whether threads can override each others locks
configure:11155: result: no
configure:11174: checking whether to support shared library linked as release mode or not
configure:11178: result: no
configure:11197: checking whether to use an in-ram database for temporary tables
configure:11207: result: no
configure:11234: checking if executables have the .exe suffix
configure:11241: result: unknown
configure:11489: checking for library containing tgetent
configure:11519: mipsel-openwrt-linux-uclibc-gcc -o conftest -g -O2 -DOS_UNIX=1   conftest.c  >&5
mipsel-openwrt-linux-uclibc-gcc: warning: environment variable 'STAGING_DIR' not defined
mipsel-openwrt-linux-uclibc-gcc: warning: environment variable 'STAGING_DIR' not defined
mipsel-openwrt-linux-uclibc-gcc: warning: environment variable 'STAGING_DIR' not defined
/home/openwrt/staging_dir/toolchain-mipsel_24kec+dsp_gcc-4.8-linaro_uClibc-0.9.33.2/lib/gcc/mipsel-openwrt-linux-uclibc/4.8.3/../../../../mipsel-openwrt-linux-uclibc/bin/ld: skipping incompatible /usr/lib/libc.so when searching for -lc
/home/openwrt/staging_dir/toolchain-mipsel_24kec+dsp_gcc-4.8-linaro_uClibc-0.9.33.2/lib/gcc/mipsel-openwrt-linux-uclibc/4.8.3/../../../../mipsel-openwrt-linux-uclibc/bin/ld: skipping incompatible /usr/lib/libc.a when searching for -lc
/tmp/ccc0NopN.o: In function `main':
/usr/local/src/sqlite-3.5.9/conftest.c:51: undefined reference to `tgetent'
collect2: error: ld returned 1 exit status
configure:11525: $? = 1
configure: failed program was:
| /* confdefs.h.  */
| 
| #define PACKAGE_NAME "sqlite"
| #define PACKAGE_TARNAME "sqlite"
| #define PACKAGE_VERSION "3.5.9"
| #define PACKAGE_STRING "sqlite 3.5.9"
| #define PACKAGE_BUGREPORT ""
| #define STDC_HEADERS 1
| #define HAVE_SYS_TYPES_H 1
| #define HAVE_SYS_STAT_H 1
| #define HAVE_STDLIB_H 1
| #define HAVE_STRING_H 1
| #define HAVE_MEMORY_H 1
| #define HAVE_STRINGS_H 1
| #define HAVE_INTTYPES_H 1
| #define HAVE_STDINT_H 1
| #define HAVE_UNISTD_H 1
| #define HAVE_DLFCN_H 1
| #define LT_OBJDIR ".libs/"
| #define _FILE_OFFSET_BITS 64
| #define HAVE_INT8_T 1
| #define HAVE_INT16_T 1
| #define HAVE_INT32_T 1
| #define HAVE_INT64_T 1
| #define HAVE_INTPTR_T 1
| #define HAVE_UINT8_T 1
| #define HAVE_UINT16_T 1
| #define HAVE_UINT32_T 1
| #define HAVE_UINT64_T 1
| #define HAVE_UINTPTR_T 1
| #define HAVE_SYS_TYPES_H 1
| #define HAVE_STDLIB_H 1
| #define HAVE_STDINT_H 1
| #define HAVE_INTTYPES_H 1
| #define HAVE_USLEEP 1
| #define HAVE_FDATASYNC 1
| #define HAVE_LOCALTIME_R 1
| #define HAVE_GMTIME_R 1
| /* end confdefs.h.  */
| 
| /* Override any gcc2 internal prototype to avoid an error.  */
| #ifdef __cplusplus
| extern "C"
| #endif
| /* We use char because int might match the return type of a gcc2
|    builtin and then its argument prototype would still apply.  */
| char tgetent ();
| int
| main ()
| {
| tgetent ();
|   ;
|   return 0;
| }
configure:11574: mipsel-openwrt-linux-uclibc-gcc -o conftest -g -O2 -DOS_UNIX=1   conftest.c -lreadline   >&5
mipsel-openwrt-linux-uclibc-gcc: warning: environment variable 'STAGING_DIR' not defined
mipsel-openwrt-linux-uclibc-gcc: warning: environment variable 'STAGING_DIR' not defined
mipsel-openwrt-linux-uclibc-gcc: warning: environment variable 'STAGING_DIR' not defined
/home/openwrt/staging_dir/toolchain-mipsel_24kec+dsp_gcc-4.8-linaro_uClibc-0.9.33.2/lib/gcc/mipsel-openwrt-linux-uclibc/4.8.3/../../../../mipsel-openwrt-linux-uclibc/bin/ld: skipping incompatible /usr/lib/libreadline.so when searching for -lreadline
/home/openwrt/staging_dir/toolchain-mipsel_24kec+dsp_gcc-4.8-linaro_uClibc-0.9.33.2/lib/gcc/mipsel-openwrt-linux-uclibc/4.8.3/../../../../mipsel-openwrt-linux-uclibc/bin/ld: skipping incompatible /usr/lib/libreadline.a when searching for -lreadline
/home/openwrt/staging_dir/toolchain-mipsel_24kec+dsp_gcc-4.8-linaro_uClibc-0.9.33.2/lib/gcc/mipsel-openwrt-linux-uclibc/4.8.3/../../../../mipsel-openwrt-linux-uclibc/bin/ld: skipping incompatible /usr/lib/libc.so when searching for -lc
/home/openwrt/staging_dir/toolchain-mipsel_24kec+dsp_gcc-4.8-linaro_uClibc-0.9.33.2/lib/gcc/mipsel-openwrt-linux-uclibc/4.8.3/../../../../mipsel-openwrt-linux-uclibc/bin/ld: skipping incompatible /usr/lib/libc.a when searching for -lc
/tmp/ccVDqGPO.o: In function `main':
/usr/local/src/sqlite-3.5.9/conftest.c:51: undefined reference to `tgetent'
/home/openwrt/staging_dir/toolchain-mipsel_24kec+dsp_gcc-4.8-linaro_uClibc-0.9.33.2/lib/gcc/mipsel-openwrt-linux-uclibc/4.8.3/../../../../mipsel-openwrt-linux-uclibc/lib/libreadline.so: undefined reference to `tgetnum'
/home/openwrt/staging_dir/toolchain-mipsel_24kec+dsp_gcc-4.8-linaro_uClibc-0.9.33.2/lib/gcc/mipsel-openwrt-linux-uclibc/4.8.3/../../../../mipsel-openwrt-linux-uclibc/lib/libreadline.so: undefined reference to `tgoto'
/home/openwrt/staging_dir/toolchain-mipsel_24kec+dsp_gcc-4.8-linaro_uClibc-0.9.33.2/lib/gcc/mipsel-openwrt-linux-uclibc/4.8.3/../../../../mipsel-openwrt-linux-uclibc/lib/libreadline.so: undefined reference to `tgetflag'
/home/openwrt/staging_dir/toolchain-mipsel_24kec+dsp_gcc-4.8-linaro_uClibc-0.9.33.2/lib/gcc/mipsel-openwrt-linux-uclibc/4.8.3/../../../../mipsel-openwrt-linux-uclibc/lib/libreadline.so: undefined reference to `BC'
/home/openwrt/staging_dir/toolchain-mipsel_24kec+dsp_gcc-4.8-linaro_uClibc-0.9.33.2/lib/gcc/mipsel-openwrt-linux-uclibc/4.8.3/../../../../mipsel-openwrt-linux-uclibc/lib/libreadline.so: undefined reference to `tputs'
/home/openwrt/staging_dir/toolchain-mipsel_24kec+dsp_gcc-4.8-linaro_uClibc-0.9.33.2/lib/gcc/mipsel-openwrt-linux-uclibc/4.8.3/../../../../mipsel-openwrt-linux-uclibc/lib/libreadline.so: undefined reference to `PC'
/home/openwrt/staging_dir/toolchain-mipsel_24kec+dsp_gcc-4.8-linaro_uClibc-0.9.33.2/lib/gcc/mipsel-openwrt-linux-uclibc/4.8.3/../../../../mipsel-openwrt-linux-uclibc/lib/libreadline.so: undefined reference to `UP'
/home/openwrt/staging_dir/toolchain-mipsel_24kec+dsp_gcc-4.8-linaro_uClibc-0.9.33.2/lib/gcc/mipsel-openwrt-linux-uclibc/4.8.3/../../../../mipsel-openwrt-linux-uclibc/lib/libreadline.so: undefined reference to `tgetstr'
collect2: error: ld returned 1 exit status
configure:11580: $? = 1
configure: failed program was:
| /* confdefs.h.  */
| 
| #define PACKAGE_NAME "sqlite"
| #define PACKAGE_TARNAME "sqlite"
| #define PACKAGE_VERSION "3.5.9"
| #define PACKAGE_STRING "sqlite 3.5.9"
| #define PACKAGE_BUGREPORT ""
| #define STDC_HEADERS 1
| #define HAVE_SYS_TYPES_H 1
| #define HAVE_SYS_STAT_H 1
| #define HAVE_STDLIB_H 1
| #define HAVE_STRING_H 1
| #define HAVE_MEMORY_H 1
| #define HAVE_STRINGS_H 1
| #define HAVE_INTTYPES_H 1
| #define HAVE_STDINT_H 1
| #define HAVE_UNISTD_H 1
| #define HAVE_DLFCN_H 1
| #define LT_OBJDIR ".libs/"
| #define _FILE_OFFSET_BITS 64
| #define HAVE_INT8_T 1
| #define HAVE_INT16_T 1
| #define HAVE_INT32_T 1
| #define HAVE_INT64_T 1
| #define HAVE_INTPTR_T 1
| #define HAVE_UINT8_T 1
| #define HAVE_UINT16_T 1
| #define HAVE_UINT32_T 1
| #define HAVE_UINT64_T 1
| #define HAVE_UINTPTR_T 1
| #define HAVE_SYS_TYPES_H 1
| #define HAVE_STDLIB_H 1
| #define HAVE_STDINT_H 1
| #define HAVE_INTTYPES_H 1
| #define HAVE_USLEEP 1
| #define HAVE_FDATASYNC 1
| #define HAVE_LOCALTIME_R 1
| #define HAVE_GMTIME_R 1
| /* end confdefs.h.  */
| 
| /* Override any gcc2 internal prototype to avoid an error.  */
| #ifdef __cplusplus
| extern "C"
| #endif
| /* We use char because int might match the return type of a gcc2
|    builtin and then its argument prototype would still apply.  */
| char tgetent ();
| int
| main ()
| {
| tgetent ();
|   ;
|   return 0;
| }
configure:11574: mipsel-openwrt-linux-uclibc-gcc -o conftest -g -O2 -DOS_UNIX=1   conftest.c -lncurses   >&5
mipsel-openwrt-linux-uclibc-gcc: warning: environment variable 'STAGING_DIR' not defined
mipsel-openwrt-linux-uclibc-gcc: warning: environment variable 'STAGING_DIR' not defined
mipsel-openwrt-linux-uclibc-gcc: warning: environment variable 'STAGING_DIR' not defined
/home/openwrt/staging_dir/toolchain-mipsel_24kec+dsp_gcc-4.8-linaro_uClibc-0.9.33.2/lib/gcc/mipsel-openwrt-linux-uclibc/4.8.3/../../../../mipsel-openwrt-linux-uclibc/bin/ld: skipping incompatible /usr/lib/libncurses.so when searching for -lncurses
/home/openwrt/staging_dir/toolchain-mipsel_24kec+dsp_gcc-4.8-linaro_uClibc-0.9.33.2/lib/gcc/mipsel-openwrt-linux-uclibc/4.8.3/../../../../mipsel-openwrt-linux-uclibc/bin/ld: skipping incompatible /usr/lib/libncurses.a when searching for -lncurses
/home/openwrt/staging_dir/toolchain-mipsel_24kec+dsp_gcc-4.8-linaro_uClibc-0.9.33.2/lib/gcc/mipsel-openwrt-linux-uclibc/4.8.3/../../../../mipsel-openwrt-linux-uclibc/bin/ld: skipping incompatible /usr/lib/libc.so when searching for -lc
/home/openwrt/staging_dir/toolchain-mipsel_24kec+dsp_gcc-4.8-linaro_uClibc-0.9.33.2/lib/gcc/mipsel-openwrt-linux-uclibc/4.8.3/../../../../mipsel-openwrt-linux-uclibc/bin/ld: skipping incompatible /usr/lib/libc.a when searching for -lc
configure:11580: $? = 0
configure:11584: test -z 
			 || test ! -s conftest.err
configure:11587: $? = 0
configure:11590: test -s conftest
configure:11593: $? = 0
configure:11608: result: -lncurses
configure:11617: checking for readline in -lreadline
configure:11647: mipsel-openwrt-linux-uclibc-gcc -o conftest -g -O2 -DOS_UNIX=1   conftest.c -lreadline  -lncurses  >&5
mipsel-openwrt-linux-uclibc-gcc: warning: environment variable 'STAGING_DIR' not defined
mipsel-openwrt-linux-uclibc-gcc: warning: environment variable 'STAGING_DIR' not defined
mipsel-openwrt-linux-uclibc-gcc: warning: environment variable 'STAGING_DIR' not defined
/home/openwrt/staging_dir/toolchain-mipsel_24kec+dsp_gcc-4.8-linaro_uClibc-0.9.33.2/lib/gcc/mipsel-openwrt-linux-uclibc/4.8.3/../../../../mipsel-openwrt-linux-uclibc/bin/ld: skipping incompatible /usr/lib/libreadline.so when searching for -lreadline
/home/openwrt/staging_dir/toolchain-mipsel_24kec+dsp_gcc-4.8-linaro_uClibc-0.9.33.2/lib/gcc/mipsel-openwrt-linux-uclibc/4.8.3/../../../../mipsel-openwrt-linux-uclibc/bin/ld: skipping incompatible /usr/lib/libreadline.a when searching for -lreadline
/home/openwrt/staging_dir/toolchain-mipsel_24kec+dsp_gcc-4.8-linaro_uClibc-0.9.33.2/lib/gcc/mipsel-openwrt-linux-uclibc/4.8.3/../../../../mipsel-openwrt-linux-uclibc/bin/ld: skipping incompatible /usr/lib/libncurses.so when searching for -lncurses
/home/openwrt/staging_dir/toolchain-mipsel_24kec+dsp_gcc-4.8-linaro_uClibc-0.9.33.2/lib/gcc/mipsel-openwrt-linux-uclibc/4.8.3/../../../../mipsel-openwrt-linux-uclibc/bin/ld: skipping incompatible /usr/lib/libncurses.a when searching for -lncurses
/home/openwrt/staging_dir/toolchain-mipsel_24kec+dsp_gcc-4.8-linaro_uClibc-0.9.33.2/lib/gcc/mipsel-openwrt-linux-uclibc/4.8.3/../../../../mipsel-openwrt-linux-uclibc/bin/ld: skipping incompatible /usr/lib/libc.so when searching for -lc
/home/openwrt/staging_dir/toolchain-mipsel_24kec+dsp_gcc-4.8-linaro_uClibc-0.9.33.2/lib/gcc/mipsel-openwrt-linux-uclibc/4.8.3/../../../../mipsel-openwrt-linux-uclibc/bin/ld: skipping incompatible /usr/lib/libc.a when searching for -lc
configure:11653: $? = 0
configure:11657: test -z 
			 || test ! -s conftest.err
configure:11660: $? = 0
configure:11663: test -s conftest
configure:11666: $? = 0
configure:11679: result: yes
configure:11712: checking readline.h usability
configure:11724: mipsel-openwrt-linux-uclibc-gcc -c -g -O2 -DOS_UNIX=1  conftest.c >&5
mipsel-openwrt-linux-uclibc-gcc: warning: environment variable 'STAGING_DIR' not defined
conftest.c:74:22: fatal error: readline.h: No such file or directory
 #include <readline.h>
                      ^
compilation terminated.
configure:11730: $? = 1
configure: failed program was:
| /* confdefs.h.  */
| 
| #define PACKAGE_NAME "sqlite"
| #define PACKAGE_TARNAME "sqlite"
| #define PACKAGE_VERSION "3.5.9"
| #define PACKAGE_STRING "sqlite 3.5.9"
| #define PACKAGE_BUGREPORT ""
| #define STDC_HEADERS 1
| #define HAVE_SYS_TYPES_H 1
| #define HAVE_SYS_STAT_H 1
| #define HAVE_STDLIB_H 1
| #define HAVE_STRING_H 1
| #define HAVE_MEMORY_H 1
| #define HAVE_STRINGS_H 1
| #define HAVE_INTTYPES_H 1
| #define HAVE_STDINT_H 1
| #define HAVE_UNISTD_H 1
| #define HAVE_DLFCN_H 1
| #define LT_OBJDIR ".libs/"
| #define _FILE_OFFSET_BITS 64
| #define HAVE_INT8_T 1
| #define HAVE_INT16_T 1
| #define HAVE_INT32_T 1
| #define HAVE_INT64_T 1
| #define HAVE_INTPTR_T 1
| #define HAVE_UINT8_T 1
| #define HAVE_UINT16_T 1
| #define HAVE_UINT32_T 1
| #define HAVE_UINT64_T 1
| #define HAVE_UINTPTR_T 1
| #define HAVE_SYS_TYPES_H 1
| #define HAVE_STDLIB_H 1
| #define HAVE_STDINT_H 1
| #define HAVE_INTTYPES_H 1
| #define HAVE_USLEEP 1
| #define HAVE_FDATASYNC 1
| #define HAVE_LOCALTIME_R 1
| #define HAVE_GMTIME_R 1
| /* end confdefs.h.  */
| #include <stdio.h>
| #if HAVE_SYS_TYPES_H
| # include <sys/types.h>
| #endif
| #if HAVE_SYS_STAT_H
| # include <sys/stat.h>
| #endif
| #if STDC_HEADERS
| # include <stdlib.h>
| # include <stddef.h>
| #else
| # if HAVE_STDLIB_H
| #  include <stdlib.h>
| # endif
| #endif
| #if HAVE_STRING_H
| # if !STDC_HEADERS && HAVE_MEMORY_H
| #  include <memory.h>
| # endif
| # include <string.h>
| #endif
| #if HAVE_STRINGS_H
| # include <strings.h>
| #endif
| #if HAVE_INTTYPES_H
| # include <inttypes.h>
| #else
| # if HAVE_STDINT_H
| #  include <stdint.h>
| # endif
| #endif
| #if HAVE_UNISTD_H
| # include <unistd.h>
| #endif
| #include <readline.h>
configure:11753: result: no
configure:11757: checking readline.h presence
configure:11767: mipsel-openwrt-linux-uclibc-gcc -E  conftest.c
mipsel-openwrt-linux-uclibc-gcc: warning: environment variable 'STAGING_DIR' not defined
conftest.c:40:22: fatal error: readline.h: No such file or directory
 #include <readline.h>
                      ^
compilation terminated.
configure:11773: $? = 1
configure: failed program was:
| /* confdefs.h.  */
| 
| #define PACKAGE_NAME "sqlite"
| #define PACKAGE_TARNAME "sqlite"
| #define PACKAGE_VERSION "3.5.9"
| #define PACKAGE_STRING "sqlite 3.5.9"
| #define PACKAGE_BUGREPORT ""
| #define STDC_HEADERS 1
| #define HAVE_SYS_TYPES_H 1
| #define HAVE_SYS_STAT_H 1
| #define HAVE_STDLIB_H 1
| #define HAVE_STRING_H 1
| #define HAVE_MEMORY_H 1
| #define HAVE_STRINGS_H 1
| #define HAVE_INTTYPES_H 1
| #define HAVE_STDINT_H 1
| #define HAVE_UNISTD_H 1
| #define HAVE_DLFCN_H 1
| #define LT_OBJDIR ".libs/"
| #define _FILE_OFFSET_BITS 64
| #define HAVE_INT8_T 1
| #define HAVE_INT16_T 1
| #define HAVE_INT32_T 1
| #define HAVE_INT64_T 1
| #define HAVE_INTPTR_T 1
| #define HAVE_UINT8_T 1
| #define HAVE_UINT16_T 1
| #define HAVE_UINT32_T 1
| #define HAVE_UINT64_T 1
| #define HAVE_UINTPTR_T 1
| #define HAVE_SYS_TYPES_H 1
| #define HAVE_STDLIB_H 1
| #define HAVE_STDINT_H 1
| #define HAVE_INTTYPES_H 1
| #define HAVE_USLEEP 1
| #define HAVE_FDATASYNC 1
| #define HAVE_LOCALTIME_R 1
| #define HAVE_GMTIME_R 1
| /* end confdefs.h.  */
| #include <readline.h>
configure:11793: result: no
configure:11828: checking for readline.h
configure:11835: result: no
configure:11902: checking for library containing fdatasync
configure:11932: mipsel-openwrt-linux-uclibc-gcc -o conftest -g -O2 -DOS_UNIX=1   conftest.c -lpthread  >&5
mipsel-openwrt-linux-uclibc-gcc: warning: environment variable 'STAGING_DIR' not defined
mipsel-openwrt-linux-uclibc-gcc: warning: environment variable 'STAGING_DIR' not defined
mipsel-openwrt-linux-uclibc-gcc: warning: environment variable 'STAGING_DIR' not defined
/home/openwrt/staging_dir/toolchain-mipsel_24kec+dsp_gcc-4.8-linaro_uClibc-0.9.33.2/lib/gcc/mipsel-openwrt-linux-uclibc/4.8.3/../../../../mipsel-openwrt-linux-uclibc/bin/ld: skipping incompatible /usr/lib/libpthread.so when searching for -lpthread
/home/openwrt/staging_dir/toolchain-mipsel_24kec+dsp_gcc-4.8-linaro_uClibc-0.9.33.2/lib/gcc/mipsel-openwrt-linux-uclibc/4.8.3/../../../../mipsel-openwrt-linux-uclibc/bin/ld: skipping incompatible /usr/lib/libpthread.a when searching for -lpthread
/home/openwrt/staging_dir/toolchain-mipsel_24kec+dsp_gcc-4.8-linaro_uClibc-0.9.33.2/lib/gcc/mipsel-openwrt-linux-uclibc/4.8.3/../../../../mipsel-openwrt-linux-uclibc/bin/ld: skipping incompatible /usr/lib/libpthread_nonshared.a when searching for libpthread_nonshared.a
/home/openwrt/staging_dir/toolchain-mipsel_24kec+dsp_gcc-4.8-linaro_uClibc-0.9.33.2/lib/gcc/mipsel-openwrt-linux-uclibc/4.8.3/../../../../mipsel-openwrt-linux-uclibc/bin/ld: skipping incompatible /usr/lib/libc.so when searching for -lc
/home/openwrt/staging_dir/toolchain-mipsel_24kec+dsp_gcc-4.8-linaro_uClibc-0.9.33.2/lib/gcc/mipsel-openwrt-linux-uclibc/4.8.3/../../../../mipsel-openwrt-linux-uclibc/bin/ld: skipping incompatible /usr/lib/libc.a when searching for -lc
configure:11938: $? = 0
configure:11942: test -z 
			 || test ! -s conftest.err
configure:11945: $? = 0
configure:11948: test -s conftest
configure:11951: $? = 0
configure:12021: result: none required
configure:12197: creating ./config.status

## ---------------------- ##
## Running config.status. ##
## ---------------------- ##

This file was extended by sqlite config.status 3.5.9, which was
generated by GNU Autoconf 2.59.  Invocation command line was

  CONFIG_FILES    = 
  CONFIG_HEADERS  = 
  CONFIG_LINKS    = 
  CONFIG_COMMANDS = 
  $ ./config.status 

on ubuntu

config.status:915: creating Makefile
config.status:915: creating sqlite3.pc
config.status:1019: creating config.h
config.status:1163: config.h is unchanged
config.status:1321: executing libtool commands

## ---------------- ##
## Cache variables. ##
## ---------------- ##

ac_cv_build=i686-pc-linux-gnu
ac_cv_build_alias=i686-pc-linux-gnu
ac_cv_c_compiler_gnu=yes
ac_cv_env_CC_set=
ac_cv_env_CC_value=
ac_cv_env_CFLAGS_set=
ac_cv_env_CFLAGS_value=
ac_cv_env_CPPFLAGS_set=
ac_cv_env_CPPFLAGS_value=
ac_cv_env_CPP_set=
ac_cv_env_CPP_value=
ac_cv_env_LDFLAGS_set=
ac_cv_env_LDFLAGS_value=
ac_cv_env_build_alias_set=
ac_cv_env_build_alias_value=
ac_cv_env_host_alias_set=set
ac_cv_env_host_alias_value=mipsel-openwrt-linux-uclibc
ac_cv_env_target_alias_set=
ac_cv_env_target_alias_value=
ac_cv_exeext=
ac_cv_func_fdatasync=yes
ac_cv_func_gmtime_r=yes
ac_cv_func_localtime_r=yes
ac_cv_func_usleep=yes
ac_cv_header_dlfcn_h=yes
ac_cv_header_inttypes_h=yes
ac_cv_header_memory_h=yes
ac_cv_header_readline_h=no
ac_cv_header_stdc=yes
ac_cv_header_stdint_h=yes
ac_cv_header_stdlib_h=yes
ac_cv_header_string_h=yes
ac_cv_header_strings_h=yes
ac_cv_header_sys_stat_h=yes
ac_cv_header_sys_types_h=yes
ac_cv_header_unistd_h=yes
ac_cv_host=mipsel-openwrt-linux-uclibc
ac_cv_host_alias=mipsel-openwrt-linux-uclibc
ac_cv_lib_readline_readline=yes
ac_cv_objext=o
ac_cv_path_install='/usr/bin/install -c'
ac_cv_prog_AR=mipsel-openwrt-linux-uclibc-ar
ac_cv_prog_AWK=gawk
ac_cv_prog_BUILD_CC=gcc
ac_cv_prog_CC=mipsel-openwrt-linux-uclibc-gcc
ac_cv_prog_CPP='mipsel-openwrt-linux-uclibc-gcc -E'
ac_cv_prog_RANLIB=mipsel-openwrt-linux-uclibc-ranlib
ac_cv_prog_STRIP=mipsel-openwrt-linux-uclibc-strip
ac_cv_prog_TCLSH_CMD=tclsh8.4
ac_cv_prog_cc_g=yes
ac_cv_prog_cc_stdc=
ac_cv_prog_egrep='grep -E'
ac_cv_prog_fgrep='grep -F'
ac_cv_search_fdatasync='none required'
ac_cv_search_pthread_create=-lpthread
ac_cv_search_tgetent=-lncurses
ac_cv_sys_file_offset_bits=64
ac_cv_sys_large_files=no
ac_cv_sys_largefile_CC=no
ac_cv_type_int16_t=yes
ac_cv_type_int32_t=yes
ac_cv_type_int64_t=yes
ac_cv_type_int8_t=yes
ac_cv_type_intptr_t=yes
ac_cv_type_uint16_t=yes
ac_cv_type_uint32_t=yes
ac_cv_type_uint64_t=yes
ac_cv_type_uint8_t=yes
ac_cv_type_uintptr_t=yes
lt_cv_deplibs_check_method=pass_all
lt_cv_file_magic_cmd='$MAGIC_CMD'
lt_cv_file_magic_test_file=
lt_cv_ld_reload_flag=-r
lt_cv_nm_interface='BSD nm'
lt_cv_objdir=.libs
lt_cv_path_LD=/home/openwrt/staging_dir/toolchain-mipsel_24kec+dsp_gcc-4.8-linaro_uClibc-0.9.33.2/mipsel-openwrt-linux-uclibc/bin/ld
lt_cv_path_NM='/home/openwrt/staging_dir/toolchain-mipsel_24kec+dsp_gcc-4.8-linaro_uClibc-0.9.33.2/bin/mipsel-openwrt-linux-uclibc-nm -B'
lt_cv_path_SED=/bin/sed
lt_cv_prog_compiler_c_o=yes
lt_cv_prog_compiler_pic_works=yes
lt_cv_prog_compiler_rtti_exceptions=no
lt_cv_prog_compiler_static_works=no
lt_cv_prog_gnu_ld=yes
lt_cv_sys_global_symbol_pipe='sed -n -e '\''s/^.*[	 ]\([ABCDGIRSTW][ABCDGIRSTW]*\)[	 ][	 ]*\([_A-Za-z][_A-Za-z0-9]*\)$/\1 \2 \2/p'\'''
lt_cv_sys_global_symbol_to_c_name_address='sed -n -e '\''s/^: \([^ ]*\) $/  {\"\1\", (void *) 0},/p'\'' -e '\''s/^[ABCDGIRSTW]* \([^ ]*\) \([^ ]*\)$/  {"\2", (void *) \&\2},/p'\'''
lt_cv_sys_global_symbol_to_c_name_address_lib_prefix='sed -n -e '\''s/^: \([^ ]*\) $/  {\"\1\", (void *) 0},/p'\'' -e '\''s/^[ABCDGIRSTW]* \([^ ]*\) \(lib[^ ]*\)$/  {"\2", (void *) \&\2},/p'\'' -e '\''s/^[ABCDGIRSTW]* \([^ ]*\) \([^ ]*\)$/  {"lib\2", (void *) \&\2},/p'\'''
lt_cv_sys_global_symbol_to_cdecl='sed -n -e '\''s/^T .* \(.*\)$/extern int \1();/p'\'' -e '\''s/^[ABCDGIRSTW]* .* \(.*\)$/extern char \1;/p'\'''
lt_cv_sys_max_cmd_len=1572864

## ----------------- ##
## Output variables. ##
## ----------------- ##

ALLOWRELEASE=''
AR='mipsel-openwrt-linux-uclibc-ar'
AWK='gawk'
BUILD_CC='gcc'
BUILD_CFLAGS='-g'
BUILD_EXEEXT=''
CC='mipsel-openwrt-linux-uclibc-gcc'
CFLAGS='-g -O2 -DOS_UNIX=1'
CPP='mipsel-openwrt-linux-uclibc-gcc -E'
CPPFLAGS=''
DEFS='-DHAVE_CONFIG_H'
DSYMUTIL=''
DUMPBIN=''
ECHO_C=''
ECHO_N='-n'
ECHO_T=''
EGREP='grep -E'
EXEEXT=''
FGREP='grep -F'
GREP='grep'
HAVE_TCL=''
INSTALL_DATA='${INSTALL} -m 644'
INSTALL_PROGRAM='${INSTALL}'
INSTALL_SCRIPT='${INSTALL}'
LD='/home/openwrt/staging_dir/toolchain-mipsel_24kec+dsp_gcc-4.8-linaro_uClibc-0.9.33.2/mipsel-openwrt-linux-uclibc/bin/ld'
LDFLAGS=''
LIBOBJS=''
LIBS='-lpthread '
LIBTOOL='$(SHELL) $(top_builddir)/libtool'
LIPO=''
LN_S='ln -s'
LOADEXTENSION_FLAGS='-DSQLITE_OMIT_LOAD_EXTENSION=1'
LTLIBOBJS=''
NM='/home/openwrt/staging_dir/toolchain-mipsel_24kec+dsp_gcc-4.8-linaro_uClibc-0.9.33.2/bin/mipsel-openwrt-linux-uclibc-nm -B'
NMEDIT=''
OBJEXT='o'
OS_OS2='0'
OS_UNIX='1'
OS_WIN='0'
OTOOL64=''
OTOOL=''
PACKAGE_BUGREPORT=''
PACKAGE_NAME='sqlite'
PACKAGE_STRING='sqlite 3.5.9'
PACKAGE_TARNAME='sqlite'
PACKAGE_VERSION='3.5.9'
PATH_SEPARATOR=':'
RANLIB='mipsel-openwrt-linux-uclibc-ranlib'
RELEASE='3.5.9'
SED='/bin/sed'
SHELL='/bin/bash'
SQLITE_THREADSAFE='1'
STRIP='mipsel-openwrt-linux-uclibc-strip'
TARGET_DEBUG='-DNDEBUG'
TARGET_EXEEXT=''
TARGET_HAVE_READLINE='0'
TARGET_READLINE_INC=''
TARGET_READLINE_LIBS=''
TCLSH_CMD='tclsh8.4'
TCL_BIN_DIR=''
TCL_INCLUDE_SPEC=''
TCL_LIBS=''
TCL_LIB_FILE=''
TCL_LIB_FLAG=''
TCL_LIB_SPEC=''
TCL_SRC_DIR=''
TCL_STUB_LIB_FILE=''
TCL_STUB_LIB_FLAG=''
TCL_STUB_LIB_SPEC=''
TCL_VERSION=''
TEMP_STORE='1'
THREADSOVERRIDELOCKS='-1'
USE_AMALGAMATION='1'
USE_GCOV='0'
VERSION='3.5'
VERSION_NUMBER='3005009'
XTHREADCONNECT=''
ac_ct_AR=''
ac_ct_CC=''
ac_ct_DSYMUTIL=''
ac_ct_DUMPBIN=''
ac_ct_LIPO=''
ac_ct_NMEDIT=''
ac_ct_OTOOL64=''
ac_ct_OTOOL=''
ac_ct_RANLIB=''
ac_ct_STRIP=''
bindir='${exec_prefix}/bin'
build='i686-pc-linux-gnu'
build_alias=''
build_cpu='i686'
build_os='linux-gnu'
build_vendor='pc'
datadir='${prefix}/share'
exec_prefix='${prefix}'
host='ubuntu'
host_alias='mipsel-openwrt-linux-uclibc'
host_cpu='mipsel'
host_os='linux-uclibc'
host_vendor='openwrt'
includedir='${prefix}/include'
infodir='${prefix}/info'
libdir='${exec_prefix}/lib'
libexecdir='${exec_prefix}/libexec'
localstatedir='${prefix}/var'
lt_ECHO='echo'
mandir='${prefix}/man'
oldincludedir='/usr/include'
prefix='/home/openwrt/staging_dir/toolchain-mipsel_24kec+dsp_gcc-4.8-linaro_uClibc-0.9.33.2'
program_prefix=''
program_transform_name='s,x,x,'
sbindir='${exec_prefix}/sbin'
sharedstatedir='${prefix}/com'
sysconfdir='${prefix}/etc'
target_alias=''

## ----------- ##
## confdefs.h. ##
## ----------- ##

#define HAVE_DLFCN_H 1
#define HAVE_FDATASYNC 1
#define HAVE_GMTIME_R 1
#define HAVE_INT16_T 1
#define HAVE_INT32_T 1
#define HAVE_INT64_T 1
#define HAVE_INT8_T 1
#define HAVE_INTPTR_T 1
#define HAVE_INTTYPES_H 1
#define HAVE_INTTYPES_H 1
#define HAVE_LOCALTIME_R 1
#define HAVE_MEMORY_H 1
#define HAVE_STDINT_H 1
#define HAVE_STDINT_H 1
#define HAVE_STDLIB_H 1
#define HAVE_STDLIB_H 1
#define HAVE_STRINGS_H 1
#define HAVE_STRING_H 1
#define HAVE_SYS_STAT_H 1
#define HAVE_SYS_TYPES_H 1
#define HAVE_SYS_TYPES_H 1
#define HAVE_UINT16_T 1
#define HAVE_UINT32_T 1
#define HAVE_UINT64_T 1
#define HAVE_UINT8_T 1
#define HAVE_UINTPTR_T 1
#define HAVE_UNISTD_H 1
#define HAVE_USLEEP 1
#define LT_OBJDIR ".libs/"
#define PACKAGE_BUGREPORT ""
#define PACKAGE_NAME "sqlite"
#define PACKAGE_STRING "sqlite 3.5.9"
#define PACKAGE_TARNAME "sqlite"
#define PACKAGE_VERSION "3.5.9"
#define STDC_HEADERS 1
#define _FILE_OFFSET_BITS 64

configure: exit 0
