This file contains any messages produced by compilers while
running configure, to aid debugging if configure makes a mistake.

It was created by libantlr3c configure 3.2, which was
generated by GNU Autoconf 2.63.  Invocation command line was

  $ ./configure --prefix=/home/openwrt/staging_dir/toolchain-mipsel_24kec+dsp_gcc-4.8-linaro_uClibc-0.9.33.2 --host=mipsel-openwrt-linux-uclibc --with-gnu-ld --disable-static

## --------- ##
## Platform. ##
## --------- ##

hostname = ubuntu
uname -m = i686
uname -r = 2.6.35-22-generic
uname -s = Linux
uname -v = #33-Ubuntu SMP Sun Sep 19 20:34:50 UTC 2010

/usr/bin/uname -p = unknown
/bin/uname -X     = unknown

/bin/arch              = unknown
/usr/bin/arch -k       = unknown
/usr/convex/getsysinfo = unknown
/usr/bin/hostinfo      = unknown
/bin/machine           = unknown
/usr/bin/oslevel       = unknown
/bin/universe          = unknown

PATH: /usr/lib/jvm/java/bin
PATH: /usr/local/sbin
PATH: /usr/local/bin
PATH: /usr/sbin
PATH: /usr/bin
PATH: /sbin
PATH: /bin
PATH: /usr/games
PATH: /usr/local/arm/4.4.3/bin
PATH: /usr/local/mips/buildroot-gcc342/bin
PATH: /home/openwrt/staging_dir/toolchain-mipsel_24kec+dsp_gcc-4.8-linaro_uClibc-0.9.33.2/bin


## ----------- ##
## Core tests. ##
## ----------- ##

configure:2198: checking for a BSD-compatible install
configure:2266: result: /usr/bin/install -c
configure:2277: checking whether build environment is sane
configure:2320: result: yes
configure:2382: checking for gawk
configure:2398: found /usr/bin/gawk
configure:2409: result: gawk
configure:2420: checking whether make sets $(MAKE)
configure:2442: result: yes
configure:2518: checking for mipsel-openwrt-linux-uclibc-strip
configure:2534: found /home/openwrt/staging_dir/toolchain-mipsel_24kec+dsp_gcc-4.8-linaro_uClibc-0.9.33.2/bin/mipsel-openwrt-linux-uclibc-strip
configure:2545: result: mipsel-openwrt-linux-uclibc-strip
configure:2638: checking for mipsel-openwrt-linux-uclibc-xlc
configure:2668: result: no
configure:2638: checking for mipsel-openwrt-linux-uclibc-aCC
configure:2668: result: no
configure:2638: checking for mipsel-openwrt-linux-uclibc-gcc
configure:2654: found /home/openwrt/staging_dir/toolchain-mipsel_24kec+dsp_gcc-4.8-linaro_uClibc-0.9.33.2/bin/mipsel-openwrt-linux-uclibc-gcc
configure:2665: result: mipsel-openwrt-linux-uclibc-gcc
configure:2743: checking for C compiler version
configure:2751: mipsel-openwrt-linux-uclibc-gcc --version >&5
mipsel-openwrt-linux-uclibc-gcc (OpenWrt/Linaro GCC 4.8-2014.04 r49363) 4.8.3
Copyright (C) 2013 Free Software Foundation, Inc.
This is free software; see the source for copying conditions.  There is NO
warranty; not even for MERCHANTABILITY or FITNESS FOR A PARTICULAR PURPOSE.

configure:2755: $? = 0
configure:2762: mipsel-openwrt-linux-uclibc-gcc -v >&5
Reading specs from /home/openwrt/staging_dir/toolchain-mipsel_24kec+dsp_gcc-4.8-linaro_uClibc-0.9.33.2/lib/gcc/mipsel-openwrt-linux-uclibc/4.8.3/specs
COLLECT_GCC=mipsel-openwrt-linux-uclibc-gcc
COLLECT_LTO_WRAPPER=/home/openwrt/staging_dir/toolchain-mipsel_24kec+dsp_gcc-4.8-linaro_uClibc-0.9.33.2/libexec/gcc/mipsel-openwrt-linux-uclibc/4.8.3/lto-wrapper
Target: mipsel-openwrt-linux-uclibc
Configured with: /home/openwrt/build_dir/toolchain-mipsel_24kec+dsp_gcc-4.8-linaro_uClibc-0.9.33.2/gcc-linaro-4.8-2014.04/configure --with-bugurl=https://dev.openwrt.org/ --with-pkgversion='OpenWrt/Linaro GCC 4.8-2014.04 r49363' --prefix=/home/openwrt/staging_dir/toolchain-mipsel_24kec+dsp_gcc-4.8-linaro_uClibc-0.9.33.2 --build=i686-linux-gnu --host=i686-linux-gnu --target=mipsel-openwrt-linux-uclibc --with-gnu-ld --enable-target-optspace --disable-libgomp --disable-libmudflap --disable-multilib --disable-nls --with-host-libstdcxx=-lstdc++ --with-float=soft --with-gmp=/home/openwrt/staging_dir/host --with-mpfr=/home/openwrt/staging_dir/host --with-mpc=/home/openwrt/staging_dir/host --disable-decimal-float --with-mips-plt --disable-libssp --disable-__cxa_atexit --with-headers=/home/openwrt/staging_dir/toolchain-mipsel_24kec+dsp_gcc-4.8-linaro_uClibc-0.9.33.2/include --disable-libsanitizer --enable-languages=c,c++ --enable-shared --enable-threads --with-slibdir=/home/openwrt/staging_dir/toolchain-mipsel_24kec+dsp_gcc-4.8-linaro_uClibc-0.9.33.2/lib
Thread model: posix
gcc version 4.8.3 (OpenWrt/Linaro GCC 4.8-2014.04 r49363) 
configure:2766: $? = 0
configure:2773: mipsel-openwrt-linux-uclibc-gcc -V >&5
mipsel-openwrt-linux-uclibc-gcc: error: unrecognized command line option '-V'
mipsel-openwrt-linux-uclibc-gcc: fatal error: no input files
compilation terminated.
configure:2777: $? = 1
configure:2800: checking for C compiler default output file name
configure:2822: mipsel-openwrt-linux-uclibc-gcc    conftest.c  >&5
mipsel-openwrt-linux-uclibc-gcc: warning: environment variable 'STAGING_DIR' not defined
mipsel-openwrt-linux-uclibc-gcc: warning: environment variable 'STAGING_DIR' not defined
mipsel-openwrt-linux-uclibc-gcc: warning: environment variable 'STAGING_DIR' not defined
/home/openwrt/staging_dir/toolchain-mipsel_24kec+dsp_gcc-4.8-linaro_uClibc-0.9.33.2/lib/gcc/mipsel-openwrt-linux-uclibc/4.8.3/../../../../mipsel-openwrt-linux-uclibc/bin/ld: skipping incompatible /usr/lib/libc.so when searching for -lc
/home/openwrt/staging_dir/toolchain-mipsel_24kec+dsp_gcc-4.8-linaro_uClibc-0.9.33.2/lib/gcc/mipsel-openwrt-linux-uclibc/4.8.3/../../../../mipsel-openwrt-linux-uclibc/bin/ld: skipping incompatible /usr/lib/libc.a when searching for -lc
configure:2826: $? = 0
configure:2864: result: a.out
configure:2883: checking whether the C compiler works
configure:2893: ./a.out
./configure: line 2895: ./a.out: cannot execute binary file
configure:2897: $? = 126
configure:2916: result: yes
configure:2923: checking whether we are cross compiling
configure:2925: result: yes
configure:2928: checking for suffix of executables
configure:2935: mipsel-openwrt-linux-uclibc-gcc -o conftest    conftest.c  >&5
mipsel-openwrt-linux-uclibc-gcc: warning: environment variable 'STAGING_DIR' not defined
mipsel-openwrt-linux-uclibc-gcc: warning: environment variable 'STAGING_DIR' not defined
mipsel-openwrt-linux-uclibc-gcc: warning: environment variable 'STAGING_DIR' not defined
/home/openwrt/staging_dir/toolchain-mipsel_24kec+dsp_gcc-4.8-linaro_uClibc-0.9.33.2/lib/gcc/mipsel-openwrt-linux-uclibc/4.8.3/../../../../mipsel-openwrt-linux-uclibc/bin/ld: skipping incompatible /usr/lib/libc.so when searching for -lc
/home/openwrt/staging_dir/toolchain-mipsel_24kec+dsp_gcc-4.8-linaro_uClibc-0.9.33.2/lib/gcc/mipsel-openwrt-linux-uclibc/4.8.3/../../../../mipsel-openwrt-linux-uclibc/bin/ld: skipping incompatible /usr/lib/libc.a when searching for -lc
configure:2939: $? = 0
configure:2965: result: 
configure:2971: checking for suffix of object files
configure:2997: mipsel-openwrt-linux-uclibc-gcc -c   conftest.c >&5
mipsel-openwrt-linux-uclibc-gcc: warning: environment variable 'STAGING_DIR' not defined
configure:3001: $? = 0
configure:3026: result: o
configure:3030: checking whether we are using the GNU C compiler
configure:3059: mipsel-openwrt-linux-uclibc-gcc -c   conftest.c >&5
mipsel-openwrt-linux-uclibc-gcc: warning: environment variable 'STAGING_DIR' not defined
configure:3066: $? = 0
configure:3083: result: yes
configure:3092: checking whether mipsel-openwrt-linux-uclibc-gcc accepts -g
configure:3122: mipsel-openwrt-linux-uclibc-gcc -c -g  conftest.c >&5
mipsel-openwrt-linux-uclibc-gcc: warning: environment variable 'STAGING_DIR' not defined
configure:3129: $? = 0
configure: failed program was:
| /* confdefs.h.  */
| #define PACKAGE_NAME "libantlr3c"
| #define PACKAGE_TARNAME "libantlr3c"
| #define PACKAGE_VERSION "3.2"
| #define PACKAGE_STRING "libantlr3c 3.2"
| #define PACKAGE_BUGREPORT "jimi@temporal-wave.com"
| #define PACKAGE "libantlr3c"
| #define VERSION "3.2"
| /* end confdefs.h.  */
| 
| int
| main ()
| {
| 
|   ;
|   return 0;
| }
configure:3161: mipsel-openwrt-linux-uclibc-gcc -c   conftest.c >&5
mipsel-openwrt-linux-uclibc-gcc: warning: environment variable 'STAGING_DIR' not defined
configure:3168: $? = 0
configure: failed program was:
| /* confdefs.h.  */
| #define PACKAGE_NAME "libantlr3c"
| #define PACKAGE_TARNAME "libantlr3c"
| #define PACKAGE_VERSION "3.2"
| #define PACKAGE_STRING "libantlr3c 3.2"
| #define PACKAGE_BUGREPORT "jimi@temporal-wave.com"
| #define PACKAGE "libantlr3c"
| #define VERSION "3.2"
| /* end confdefs.h.  */
| 
| int
| main ()
| {
| 
|   ;
|   return 0;
| }
configure:3201: mipsel-openwrt-linux-uclibc-gcc -c -g  conftest.c >&5
mipsel-openwrt-linux-uclibc-gcc: warning: environment variable 'STAGING_DIR' not defined
configure:3208: $? = 0
configure:3230: result: yes
configure:3247: checking for mipsel-openwrt-linux-uclibc-gcc option to accept ISO C89
configure:3321: mipsel-openwrt-linux-uclibc-gcc  -c -g -O2  conftest.c >&5
mipsel-openwrt-linux-uclibc-gcc: warning: environment variable 'STAGING_DIR' not defined
configure:3328: $? = 0
configure:3351: result: none needed
configure:3380: checking for style of include used by make
configure:3408: result: GNU
configure:3436: checking dependency style of mipsel-openwrt-linux-uclibc-gcc
configure:3526: result: gcc3
configure:3543: checking whether to enable maintainer-specific portions of Makefiles
configure:3552: result: no
configure:3645: checking build system type
configure:3663: result: i686-pc-linux-gnu
configure:3685: checking host system type
configure:3700: result: mipsel-openwrt-linux-uclibc
configure:3722: checking for a sed that does not truncate output
configure:3778: result: /bin/sed
configure:3781: checking for grep that handles long lines and -e
configure:3841: result: /bin/grep
configure:3846: checking for egrep
configure:3910: result: /bin/grep -E
configure:3926: checking for ld used by mipsel-openwrt-linux-uclibc-gcc
configure:3993: result: /home/openwrt/staging_dir/toolchain-mipsel_24kec+dsp_gcc-4.8-linaro_uClibc-0.9.33.2/mipsel-openwrt-linux-uclibc/bin/ld
configure:4002: checking if the linker (/home/openwrt/staging_dir/toolchain-mipsel_24kec+dsp_gcc-4.8-linaro_uClibc-0.9.33.2/mipsel-openwrt-linux-uclibc/bin/ld) is GNU ld
configure:4017: result: yes
configure:4022: checking for /home/openwrt/staging_dir/toolchain-mipsel_24kec+dsp_gcc-4.8-linaro_uClibc-0.9.33.2/mipsel-openwrt-linux-uclibc/bin/ld option to reload object files
configure:4029: result: -r
configure:4047: checking for BSD-compatible nm
configure:4096: result: /home/openwrt/staging_dir/toolchain-mipsel_24kec+dsp_gcc-4.8-linaro_uClibc-0.9.33.2/bin/mipsel-openwrt-linux-uclibc-nm -B
configure:4100: checking whether ln -s works
configure:4104: result: yes
configure:4111: checking how to recognise dependent libraries
configure:4287: result: pass_all
configure:4525: checking how to run the C preprocessor
configure:4565: mipsel-openwrt-linux-uclibc-gcc -E  conftest.c
mipsel-openwrt-linux-uclibc-gcc: warning: environment variable 'STAGING_DIR' not defined
configure:4572: $? = 0
configure:4603: mipsel-openwrt-linux-uclibc-gcc -E  conftest.c
mipsel-openwrt-linux-uclibc-gcc: warning: environment variable 'STAGING_DIR' not defined
conftest.c:10:28: fatal error: ac_nonexistent.h: No such file or directory
 #include <ac_nonexistent.h>
                            ^
compilation terminated.
configure:4610: $? = 1
configure: failed program was:
| /* confdefs.h.  */
| #define PACKAGE_NAME "libantlr3c"
| #define PACKAGE_TARNAME "libantlr3c"
| #define PACKAGE_VERSION "3.2"
| #define PACKAGE_STRING "libantlr3c 3.2"
| #define PACKAGE_BUGREPORT "jimi@temporal-wave.com"
| #define PACKAGE "libantlr3c"
| #define VERSION "3.2"
| /* end confdefs.h.  */
| #include <ac_nonexistent.h>
configure:4643: result: mipsel-openwrt-linux-uclibc-gcc -E
configure:4672: mipsel-openwrt-linux-uclibc-gcc -E  conftest.c
mipsel-openwrt-linux-uclibc-gcc: warning: environment variable 'STAGING_DIR' not defined
configure:4679: $? = 0
configure:4710: mipsel-openwrt-linux-uclibc-gcc -E  conftest.c
mipsel-openwrt-linux-uclibc-gcc: warning: environment variable 'STAGING_DIR' not defined
conftest.c:10:28: fatal error: ac_nonexistent.h: No such file or directory
 #include <ac_nonexistent.h>
                            ^
compilation terminated.
configure:4717: $? = 1
configure: failed program was:
| /* confdefs.h.  */
| #define PACKAGE_NAME "libantlr3c"
| #define PACKAGE_TARNAME "libantlr3c"
| #define PACKAGE_VERSION "3.2"
| #define PACKAGE_STRING "libantlr3c 3.2"
| #define PACKAGE_BUGREPORT "jimi@temporal-wave.com"
| #define PACKAGE "libantlr3c"
| #define VERSION "3.2"
| /* end confdefs.h.  */
| #include <ac_nonexistent.h>
configure:4757: checking for ANSI C header files
configure:4787: mipsel-openwrt-linux-uclibc-gcc -c -g -O2  conftest.c >&5
mipsel-openwrt-linux-uclibc-gcc: warning: environment variable 'STAGING_DIR' not defined
configure:4794: $? = 0
mipsel-openwrt-linux-uclibc-gcc: warning: environment variable 'STAGING_DIR' not defined
mipsel-openwrt-linux-uclibc-gcc: warning: environment variable 'STAGING_DIR' not defined
configure:4925: result: yes
configure:4949: checking for sys/types.h
configure:4970: mipsel-openwrt-linux-uclibc-gcc -c -g -O2  conftest.c >&5
mipsel-openwrt-linux-uclibc-gcc: warning: environment variable 'STAGING_DIR' not defined
configure:4977: $? = 0
configure:4994: result: yes
configure:4949: checking for sys/stat.h
configure:4970: mipsel-openwrt-linux-uclibc-gcc -c -g -O2  conftest.c >&5
mipsel-openwrt-linux-uclibc-gcc: warning: environment variable 'STAGING_DIR' not defined
configure:4977: $? = 0
configure:4994: result: yes
configure:4949: checking for stdlib.h
configure:4970: mipsel-openwrt-linux-uclibc-gcc -c -g -O2  conftest.c >&5
mipsel-openwrt-linux-uclibc-gcc: warning: environment variable 'STAGING_DIR' not defined
configure:4977: $? = 0
configure:4994: result: yes
configure:4949: checking for string.h
configure:4970: mipsel-openwrt-linux-uclibc-gcc -c -g -O2  conftest.c >&5
mipsel-openwrt-linux-uclibc-gcc: warning: environment variable 'STAGING_DIR' not defined
configure:4977: $? = 0
configure:4994: result: yes
configure:4949: checking for memory.h
configure:4970: mipsel-openwrt-linux-uclibc-gcc -c -g -O2  conftest.c >&5
mipsel-openwrt-linux-uclibc-gcc: warning: environment variable 'STAGING_DIR' not defined
configure:4977: $? = 0
configure:4994: result: yes
configure:4949: checking for strings.h
configure:4970: mipsel-openwrt-linux-uclibc-gcc -c -g -O2  conftest.c >&5
mipsel-openwrt-linux-uclibc-gcc: warning: environment variable 'STAGING_DIR' not defined
configure:4977: $? = 0
configure:4994: result: yes
configure:4949: checking for inttypes.h
configure:4970: mipsel-openwrt-linux-uclibc-gcc -c -g -O2  conftest.c >&5
mipsel-openwrt-linux-uclibc-gcc: warning: environment variable 'STAGING_DIR' not defined
configure:4977: $? = 0
configure:4994: result: yes
configure:4949: checking for stdint.h
configure:4970: mipsel-openwrt-linux-uclibc-gcc -c -g -O2  conftest.c >&5
mipsel-openwrt-linux-uclibc-gcc: warning: environment variable 'STAGING_DIR' not defined
configure:4977: $? = 0
configure:4994: result: yes
configure:4949: checking for unistd.h
configure:4970: mipsel-openwrt-linux-uclibc-gcc -c -g -O2  conftest.c >&5
mipsel-openwrt-linux-uclibc-gcc: warning: environment variable 'STAGING_DIR' not defined
configure:4977: $? = 0
configure:4994: result: yes
configure:5024: checking dlfcn.h usability
configure:5041: mipsel-openwrt-linux-uclibc-gcc -c -g -O2  conftest.c >&5
mipsel-openwrt-linux-uclibc-gcc: warning: environment variable 'STAGING_DIR' not defined
configure:5048: $? = 0
configure:5062: result: yes
configure:5066: checking dlfcn.h presence
configure:5081: mipsel-openwrt-linux-uclibc-gcc -E  conftest.c
mipsel-openwrt-linux-uclibc-gcc: warning: environment variable 'STAGING_DIR' not defined
configure:5088: $? = 0
configure:5102: result: yes
configure:5135: checking for dlfcn.h
configure:5144: result: yes
configure:5173: checking for mipsel-openwrt-linux-uclibc-g++
configure:5189: found /home/openwrt/staging_dir/toolchain-mipsel_24kec+dsp_gcc-4.8-linaro_uClibc-0.9.33.2/bin/mipsel-openwrt-linux-uclibc-g++
configure:5200: result: mipsel-openwrt-linux-uclibc-g++
configure:5271: checking for C++ compiler version
configure:5279: mipsel-openwrt-linux-uclibc-g++ --version >&5
mipsel-openwrt-linux-uclibc-g++ (OpenWrt/Linaro GCC 4.8-2014.04 r49363) 4.8.3
Copyright (C) 2013 Free Software Foundation, Inc.
This is free software; see the source for copying conditions.  There is NO
warranty; not even for MERCHANTABILITY or FITNESS FOR A PARTICULAR PURPOSE.

configure:5283: $? = 0
configure:5290: mipsel-openwrt-linux-uclibc-g++ -v >&5
Reading specs from /home/openwrt/staging_dir/toolchain-mipsel_24kec+dsp_gcc-4.8-linaro_uClibc-0.9.33.2/lib/gcc/mipsel-openwrt-linux-uclibc/4.8.3/specs
COLLECT_GCC=mipsel-openwrt-linux-uclibc-g++
COLLECT_LTO_WRAPPER=/home/openwrt/staging_dir/toolchain-mipsel_24kec+dsp_gcc-4.8-linaro_uClibc-0.9.33.2/libexec/gcc/mipsel-openwrt-linux-uclibc/4.8.3/lto-wrapper
Target: mipsel-openwrt-linux-uclibc
Configured with: /home/openwrt/build_dir/toolchain-mipsel_24kec+dsp_gcc-4.8-linaro_uClibc-0.9.33.2/gcc-linaro-4.8-2014.04/configure --with-bugurl=https://dev.openwrt.org/ --with-pkgversion='OpenWrt/Linaro GCC 4.8-2014.04 r49363' --prefix=/home/openwrt/staging_dir/toolchain-mipsel_24kec+dsp_gcc-4.8-linaro_uClibc-0.9.33.2 --build=i686-linux-gnu --host=i686-linux-gnu --target=mipsel-openwrt-linux-uclibc --with-gnu-ld --enable-target-optspace --disable-libgomp --disable-libmudflap --disable-multilib --disable-nls --with-host-libstdcxx=-lstdc++ --with-float=soft --with-gmp=/home/openwrt/staging_dir/host --with-mpfr=/home/openwrt/staging_dir/host --with-mpc=/home/openwrt/staging_dir/host --disable-decimal-float --with-mips-plt --disable-libssp --disable-__cxa_atexit --with-headers=/home/openwrt/staging_dir/toolchain-mipsel_24kec+dsp_gcc-4.8-linaro_uClibc-0.9.33.2/include --disable-libsanitizer --enable-languages=c,c++ --enable-shared --enable-threads --with-slibdir=/home/openwrt/staging_dir/toolchain-mipsel_24kec+dsp_gcc-4.8-linaro_uClibc-0.9.33.2/lib
Thread model: posix
gcc version 4.8.3 (OpenWrt/Linaro GCC 4.8-2014.04 r49363) 
configure:5294: $? = 0
configure:5301: mipsel-openwrt-linux-uclibc-g++ -V >&5
mipsel-openwrt-linux-uclibc-g++: error: unrecognized command line option '-V'
mipsel-openwrt-linux-uclibc-g++: fatal error: no input files
compilation terminated.
configure:5305: $? = 1
configure:5308: checking whether we are using the GNU C++ compiler
configure:5337: mipsel-openwrt-linux-uclibc-g++ -c   conftest.cpp >&5
mipsel-openwrt-linux-uclibc-g++: warning: environment variable 'STAGING_DIR' not defined
configure:5344: $? = 0
configure:5361: result: yes
configure:5370: checking whether mipsel-openwrt-linux-uclibc-g++ accepts -g
configure:5400: mipsel-openwrt-linux-uclibc-g++ -c -g  conftest.cpp >&5
mipsel-openwrt-linux-uclibc-g++: warning: environment variable 'STAGING_DIR' not defined
configure:5407: $? = 0
configure: failed program was:
| /* confdefs.h.  */
| #define PACKAGE_NAME "libantlr3c"
| #define PACKAGE_TARNAME "libantlr3c"
| #define PACKAGE_VERSION "3.2"
| #define PACKAGE_STRING "libantlr3c 3.2"
| #define PACKAGE_BUGREPORT "jimi@temporal-wave.com"
| #define PACKAGE "libantlr3c"
| #define VERSION "3.2"
| #define STDC_HEADERS 1
| #define HAVE_SYS_TYPES_H 1
| #define HAVE_SYS_STAT_H 1
| #define HAVE_STDLIB_H 1
| #define HAVE_STRING_H 1
| #define HAVE_MEMORY_H 1
| #define HAVE_STRINGS_H 1
| #define HAVE_INTTYPES_H 1
| #define HAVE_STDINT_H 1
| #define HAVE_UNISTD_H 1
| #define HAVE_DLFCN_H 1
| /* end confdefs.h.  */
| 
| int
| main ()
| {
| 
|   ;
|   return 0;
| }
configure:5439: mipsel-openwrt-linux-uclibc-g++ -c   conftest.cpp >&5
mipsel-openwrt-linux-uclibc-g++: warning: environment variable 'STAGING_DIR' not defined
configure:5446: $? = 0
configure: failed program was:
| /* confdefs.h.  */
| #define PACKAGE_NAME "libantlr3c"
| #define PACKAGE_TARNAME "libantlr3c"
| #define PACKAGE_VERSION "3.2"
| #define PACKAGE_STRING "libantlr3c 3.2"
| #define PACKAGE_BUGREPORT "jimi@temporal-wave.com"
| #define PACKAGE "libantlr3c"
| #define VERSION "3.2"
| #define STDC_HEADERS 1
| #define HAVE_SYS_TYPES_H 1
| #define HAVE_SYS_STAT_H 1
| #define HAVE_STDLIB_H 1
| #define HAVE_STRING_H 1
| #define HAVE_MEMORY_H 1
| #define HAVE_STRINGS_H 1
| #define HAVE_INTTYPES_H 1
| #define HAVE_STDINT_H 1
| #define HAVE_UNISTD_H 1
| #define HAVE_DLFCN_H 1
| /* end confdefs.h.  */
| 
| int
| main ()
| {
| 
|   ;
|   return 0;
| }
configure:5479: mipsel-openwrt-linux-uclibc-g++ -c -g  conftest.cpp >&5
mipsel-openwrt-linux-uclibc-g++: warning: environment variable 'STAGING_DIR' not defined
configure:5486: $? = 0
configure:5508: result: yes
configure:5533: checking dependency style of mipsel-openwrt-linux-uclibc-g++
configure:5623: result: gcc3
configure:5650: checking how to run the C++ preprocessor
configure:5686: mipsel-openwrt-linux-uclibc-g++ -E  conftest.cpp
mipsel-openwrt-linux-uclibc-g++: warning: environment variable 'STAGING_DIR' not defined
configure:5693: $? = 0
configure:5724: mipsel-openwrt-linux-uclibc-g++ -E  conftest.cpp
mipsel-openwrt-linux-uclibc-g++: warning: environment variable 'STAGING_DIR' not defined
conftest.cpp:21:28: fatal error: ac_nonexistent.h: No such file or directory
 #include <ac_nonexistent.h>
                            ^
compilation terminated.
configure:5731: $? = 1
configure: failed program was:
| /* confdefs.h.  */
| #define PACKAGE_NAME "libantlr3c"
| #define PACKAGE_TARNAME "libantlr3c"
| #define PACKAGE_VERSION "3.2"
| #define PACKAGE_STRING "libantlr3c 3.2"
| #define PACKAGE_BUGREPORT "jimi@temporal-wave.com"
| #define PACKAGE "libantlr3c"
| #define VERSION "3.2"
| #define STDC_HEADERS 1
| #define HAVE_SYS_TYPES_H 1
| #define HAVE_SYS_STAT_H 1
| #define HAVE_STDLIB_H 1
| #define HAVE_STRING_H 1
| #define HAVE_MEMORY_H 1
| #define HAVE_STRINGS_H 1
| #define HAVE_INTTYPES_H 1
| #define HAVE_STDINT_H 1
| #define HAVE_UNISTD_H 1
| #define HAVE_DLFCN_H 1
| /* end confdefs.h.  */
| #include <ac_nonexistent.h>
configure:5764: result: mipsel-openwrt-linux-uclibc-g++ -E
configure:5793: mipsel-openwrt-linux-uclibc-g++ -E  conftest.cpp
mipsel-openwrt-linux-uclibc-g++: warning: environment variable 'STAGING_DIR' not defined
configure:5800: $? = 0
configure:5831: mipsel-openwrt-linux-uclibc-g++ -E  conftest.cpp
mipsel-openwrt-linux-uclibc-g++: warning: environment variable 'STAGING_DIR' not defined
conftest.cpp:21:28: fatal error: ac_nonexistent.h: No such file or directory
 #include <ac_nonexistent.h>
                            ^
compilation terminated.
configure:5838: $? = 1
configure: failed program was:
| /* confdefs.h.  */
| #define PACKAGE_NAME "libantlr3c"
| #define PACKAGE_TARNAME "libantlr3c"
| #define PACKAGE_VERSION "3.2"
| #define PACKAGE_STRING "libantlr3c 3.2"
| #define PACKAGE_BUGREPORT "jimi@temporal-wave.com"
| #define PACKAGE "libantlr3c"
| #define VERSION "3.2"
| #define STDC_HEADERS 1
| #define HAVE_SYS_TYPES_H 1
| #define HAVE_SYS_STAT_H 1
| #define HAVE_STDLIB_H 1
| #define HAVE_STRING_H 1
| #define HAVE_MEMORY_H 1
| #define HAVE_STRINGS_H 1
| #define HAVE_INTTYPES_H 1
| #define HAVE_STDINT_H 1
| #define HAVE_UNISTD_H 1
| #define HAVE_DLFCN_H 1
| /* end confdefs.h.  */
| #include <ac_nonexistent.h>
configure:5889: checking for mipsel-openwrt-linux-uclibc-g77
configure:5919: result: no
configure:5889: checking for mipsel-openwrt-linux-uclibc-xlf
configure:5919: result: no
configure:5889: checking for mipsel-openwrt-linux-uclibc-f77
configure:5919: result: no
configure:5889: checking for mipsel-openwrt-linux-uclibc-frt
configure:5919: result: no
configure:5889: checking for mipsel-openwrt-linux-uclibc-pgf77
configure:5919: result: no
configure:5889: checking for mipsel-openwrt-linux-uclibc-cf77
configure:5919: result: no
configure:5889: checking for mipsel-openwrt-linux-uclibc-fort77
configure:5919: result: no
configure:5889: checking for mipsel-openwrt-linux-uclibc-fl32
configure:5919: result: no
configure:5889: checking for mipsel-openwrt-linux-uclibc-af77
configure:5919: result: no
configure:5889: checking for mipsel-openwrt-linux-uclibc-xlf90
configure:5919: result: no
configure:5889: checking for mipsel-openwrt-linux-uclibc-f90
configure:5919: result: no
configure:5889: checking for mipsel-openwrt-linux-uclibc-pgf90
configure:5919: result: no
configure:5889: checking for mipsel-openwrt-linux-uclibc-pghpf
configure:5919: result: no
configure:5889: checking for mipsel-openwrt-linux-uclibc-epcf90
configure:5919: result: no
configure:5889: checking for mipsel-openwrt-linux-uclibc-gfortran
configure:5919: result: no
configure:5889: checking for mipsel-openwrt-linux-uclibc-g95
configure:5919: result: no
configure:5889: checking for mipsel-openwrt-linux-uclibc-xlf95
configure:5919: result: no
configure:5889: checking for mipsel-openwrt-linux-uclibc-f95
configure:5919: result: no
configure:5889: checking for mipsel-openwrt-linux-uclibc-fort
configure:5919: result: no
configure:5889: checking for mipsel-openwrt-linux-uclibc-ifort
configure:5919: result: no
configure:5889: checking for mipsel-openwrt-linux-uclibc-ifc
configure:5919: result: no
configure:5889: checking for mipsel-openwrt-linux-uclibc-efc
configure:5919: result: no
configure:5889: checking for mipsel-openwrt-linux-uclibc-pgf95
configure:5919: result: no
configure:5889: checking for mipsel-openwrt-linux-uclibc-lf95
configure:5919: result: no
configure:5889: checking for mipsel-openwrt-linux-uclibc-ftn
configure:5919: result: no
configure:5933: checking for g77
configure:5963: result: no
configure:5933: checking for xlf
configure:5963: result: no
configure:5933: checking for f77
configure:5963: result: no
configure:5933: checking for frt
configure:5963: result: no
configure:5933: checking for pgf77
configure:5963: result: no
configure:5933: checking for cf77
configure:5963: result: no
configure:5933: checking for fort77
configure:5963: result: no
configure:5933: checking for fl32
configure:5963: result: no
configure:5933: checking for af77
configure:5963: result: no
configure:5933: checking for xlf90
configure:5963: result: no
configure:5933: checking for f90
configure:5963: result: no
configure:5933: checking for pgf90
configure:5963: result: no
configure:5933: checking for pghpf
configure:5963: result: no
configure:5933: checking for epcf90
configure:5963: result: no
configure:5933: checking for gfortran
configure:5963: result: no
configure:5933: checking for g95
configure:5963: result: no
configure:5933: checking for xlf95
configure:5963: result: no
configure:5933: checking for f95
configure:5963: result: no
configure:5933: checking for fort
configure:5963: result: no
configure:5933: checking for ifort
configure:5963: result: no
configure:5933: checking for ifc
configure:5963: result: no
configure:5933: checking for efc
configure:5963: result: no
configure:5933: checking for pgf95
configure:5963: result: no
configure:5933: checking for lf95
configure:5963: result: no
configure:5933: checking for ftn
configure:5963: result: no
configure:5986: checking for Fortran 77 compiler version
configure:5994:  --version >&5
./configure: line 5996: --version: command not found
configure:5998: $? = 127
configure:6005:  -v >&5
./configure: line 6007: -v: command not found
configure:6009: $? = 127
configure:6016:  -V >&5
./configure: line 6018: -V: command not found
configure:6020: $? = 127
configure:6028: checking whether we are using the GNU Fortran 77 compiler
configure:6047:  -c  conftest.F >&5
./configure: line 6049: -c: command not found
configure:6054: $? = 127
configure: failed program was:
|       program main
| #ifndef __GNUC__
|        choke me
| #endif
| 
|       end
configure:6071: result: no
configure:6077: checking whether  accepts -g
configure:6094:  -c -g conftest.f >&5
./configure: line 6096: -c: command not found
configure:6101: $? = 127
configure: failed program was:
|       program main
| 
|       end
configure:6117: result: no
configure:6151: checking the maximum length of command line arguments
configure:6260: result: 32768
configure:6271: checking command to parse /home/openwrt/staging_dir/toolchain-mipsel_24kec+dsp_gcc-4.8-linaro_uClibc-0.9.33.2/bin/mipsel-openwrt-linux-uclibc-nm -B output from mipsel-openwrt-linux-uclibc-gcc object
configure:6376: mipsel-openwrt-linux-uclibc-gcc -c -g -O2  conftest.c >&5
mipsel-openwrt-linux-uclibc-gcc: warning: environment variable 'STAGING_DIR' not defined
configure:6379: $? = 0
configure:6383: /home/openwrt/staging_dir/toolchain-mipsel_24kec+dsp_gcc-4.8-linaro_uClibc-0.9.33.2/bin/mipsel-openwrt-linux-uclibc-nm -B conftest.o \| sed -n -e 's/^.*[ 	]\([ABCDGIRSTW][ABCDGIRSTW]*\)[ 	][ 	]*\([_A-Za-z][_A-Za-z0-9]*\)$/\1 \2 \2/p' \> conftest.nm
configure:6386: $? = 0
configure:6438: mipsel-openwrt-linux-uclibc-gcc -o conftest -g -O2   conftest.c conftstm.o >&5
mipsel-openwrt-linux-uclibc-gcc: warning: environment variable 'STAGING_DIR' not defined
mipsel-openwrt-linux-uclibc-gcc: warning: environment variable 'STAGING_DIR' not defined
mipsel-openwrt-linux-uclibc-gcc: warning: environment variable 'STAGING_DIR' not defined
/home/openwrt/staging_dir/toolchain-mipsel_24kec+dsp_gcc-4.8-linaro_uClibc-0.9.33.2/lib/gcc/mipsel-openwrt-linux-uclibc/4.8.3/../../../../mipsel-openwrt-linux-uclibc/bin/ld: skipping incompatible /usr/lib/libc.so when searching for -lc
/home/openwrt/staging_dir/toolchain-mipsel_24kec+dsp_gcc-4.8-linaro_uClibc-0.9.33.2/lib/gcc/mipsel-openwrt-linux-uclibc/4.8.3/../../../../mipsel-openwrt-linux-uclibc/bin/ld: skipping incompatible /usr/lib/libc.a when searching for -lc
configure:6441: $? = 0
configure:6479: result: ok
configure:6483: checking for objdir
configure:6498: result: .libs
configure:6550: checking for mipsel-openwrt-linux-uclibc-ar
configure:6566: found /home/openwrt/staging_dir/toolchain-mipsel_24kec+dsp_gcc-4.8-linaro_uClibc-0.9.33.2/bin/mipsel-openwrt-linux-uclibc-ar
configure:6577: result: mipsel-openwrt-linux-uclibc-ar
configure:6642: checking for mipsel-openwrt-linux-uclibc-ranlib
configure:6658: found /home/openwrt/staging_dir/toolchain-mipsel_24kec+dsp_gcc-4.8-linaro_uClibc-0.9.33.2/bin/mipsel-openwrt-linux-uclibc-ranlib
configure:6669: result: mipsel-openwrt-linux-uclibc-ranlib
configure:6734: checking for mipsel-openwrt-linux-uclibc-strip
configure:6761: result: mipsel-openwrt-linux-uclibc-strip
configure:7083: checking if mipsel-openwrt-linux-uclibc-gcc supports -fno-rtti -fno-exceptions
configure:7101: mipsel-openwrt-linux-uclibc-gcc -c -g -O2  -fno-rtti -fno-exceptions conftest.c >&5
mipsel-openwrt-linux-uclibc-gcc: warning: environment variable 'STAGING_DIR' not defined
cc1: warning: command line option '-fno-rtti' is valid for C++/ObjC++ but not for C [enabled by default]
configure:7105: $? = 0
configure:7118: result: no
configure:7133: checking for mipsel-openwrt-linux-uclibc-gcc option to produce PIC
configure:7343: result: -fPIC
configure:7351: checking if mipsel-openwrt-linux-uclibc-gcc PIC flag -fPIC works
configure:7369: mipsel-openwrt-linux-uclibc-gcc -c -g -O2  -fPIC -DPIC conftest.c >&5
mipsel-openwrt-linux-uclibc-gcc: warning: environment variable 'STAGING_DIR' not defined
configure:7373: $? = 0
configure:7386: result: yes
configure:7414: checking if mipsel-openwrt-linux-uclibc-gcc static flag -static works
mipsel-openwrt-linux-uclibc-gcc: warning: environment variable 'STAGING_DIR' not defined
mipsel-openwrt-linux-uclibc-gcc: warning: environment variable 'STAGING_DIR' not defined
mipsel-openwrt-linux-uclibc-gcc: warning: environment variable 'STAGING_DIR' not defined
/home/openwrt/staging_dir/toolchain-mipsel_24kec+dsp_gcc-4.8-linaro_uClibc-0.9.33.2/lib/gcc/mipsel-openwrt-linux-uclibc/4.8.3/../../../../mipsel-openwrt-linux-uclibc/bin/ld: skipping incompatible /usr/lib/libc.a when searching for -lc
configure:7442: result: no
configure:7452: checking if mipsel-openwrt-linux-uclibc-gcc supports -c -o file.o
configure:7473: mipsel-openwrt-linux-uclibc-gcc -c -g -O2  -o out/conftest2.o conftest.c >&5
mipsel-openwrt-linux-uclibc-gcc: warning: environment variable 'STAGING_DIR' not defined
configure:7477: $? = 0
configure:7499: result: yes
configure:7525: checking whether the mipsel-openwrt-linux-uclibc-gcc linker (/home/openwrt/staging_dir/toolchain-mipsel_24kec+dsp_gcc-4.8-linaro_uClibc-0.9.33.2/mipsel-openwrt-linux-uclibc/bin/ld) supports shared libraries
configure:8487: result: yes
configure:8508: checking whether -lc should be explicitly linked in
configure:8513: mipsel-openwrt-linux-uclibc-gcc -c -g -O2  conftest.c >&5
mipsel-openwrt-linux-uclibc-gcc: warning: environment variable 'STAGING_DIR' not defined
configure:8516: $? = 0
configure:8531: mipsel-openwrt-linux-uclibc-gcc -shared conftest.o  -v -Wl,-soname -Wl,conftest -o conftest 2\>\&1 \| grep  -lc  \>/dev/null 2\>\&1
configure:8534: $? = 0
configure:8546: result: no
configure:8554: checking dynamic linker characteristics
configure:9163: result: GNU/Linux ld.so
configure:9172: checking how to hardcode library paths into programs
configure:9197: result: immediate
configure:9211: checking whether stripping libraries is possible
configure:9216: result: yes
configure:10045: checking if libtool supports shared libraries
configure:10047: result: yes
configure:10050: checking whether to build shared libraries
configure:10071: result: yes
configure:10074: checking whether to build static libraries
configure:10078: result: no
configure:10170: creating libtool
configure:10761: checking for ld used by mipsel-openwrt-linux-uclibc-g++
configure:10828: result: /home/openwrt/staging_dir/toolchain-mipsel_24kec+dsp_gcc-4.8-linaro_uClibc-0.9.33.2/mipsel-openwrt-linux-uclibc/bin/ld
configure:10837: checking if the linker (/home/openwrt/staging_dir/toolchain-mipsel_24kec+dsp_gcc-4.8-linaro_uClibc-0.9.33.2/mipsel-openwrt-linux-uclibc/bin/ld) is GNU ld
configure:10852: result: yes
configure:10903: checking whether the mipsel-openwrt-linux-uclibc-g++ linker (/home/openwrt/staging_dir/toolchain-mipsel_24kec+dsp_gcc-4.8-linaro_uClibc-0.9.33.2/mipsel-openwrt-linux-uclibc/bin/ld) supports shared libraries
configure:11845: result: yes
configure:11863: mipsel-openwrt-linux-uclibc-g++ -c -g -O2  conftest.cpp >&5
mipsel-openwrt-linux-uclibc-g++: warning: environment variable 'STAGING_DIR' not defined
configure:11866: $? = 0
configure:11985: checking for mipsel-openwrt-linux-uclibc-g++ option to produce PIC
configure:12259: result: -fPIC
configure:12267: checking if mipsel-openwrt-linux-uclibc-g++ PIC flag -fPIC works
configure:12285: mipsel-openwrt-linux-uclibc-g++ -c -g -O2  -fPIC -DPIC conftest.cpp >&5
mipsel-openwrt-linux-uclibc-g++: warning: environment variable 'STAGING_DIR' not defined
configure:12289: $? = 0
configure:12302: result: yes
configure:12330: checking if mipsel-openwrt-linux-uclibc-g++ static flag -static works
mipsel-openwrt-linux-uclibc-g++: warning: environment variable 'STAGING_DIR' not defined
mipsel-openwrt-linux-uclibc-g++: warning: environment variable 'STAGING_DIR' not defined
mipsel-openwrt-linux-uclibc-g++: warning: environment variable 'STAGING_DIR' not defined
/home/openwrt/staging_dir/toolchain-mipsel_24kec+dsp_gcc-4.8-linaro_uClibc-0.9.33.2/lib/gcc/mipsel-openwrt-linux-uclibc/4.8.3/../../../../mipsel-openwrt-linux-uclibc/bin/ld: skipping incompatible /usr/lib/libm.a when searching for -lm
/home/openwrt/staging_dir/toolchain-mipsel_24kec+dsp_gcc-4.8-linaro_uClibc-0.9.33.2/lib/gcc/mipsel-openwrt-linux-uclibc/4.8.3/../../../../mipsel-openwrt-linux-uclibc/bin/ld: skipping incompatible /usr/lib/libc.a when searching for -lc
configure:12358: result: no
configure:12368: checking if mipsel-openwrt-linux-uclibc-g++ supports -c -o file.o
configure:12389: mipsel-openwrt-linux-uclibc-g++ -c -g -O2  -o out/conftest2.o conftest.cpp >&5
mipsel-openwrt-linux-uclibc-g++: warning: environment variable 'STAGING_DIR' not defined
configure:12393: $? = 0
configure:12415: result: yes
configure:12441: checking whether the mipsel-openwrt-linux-uclibc-g++ linker (/home/openwrt/staging_dir/toolchain-mipsel_24kec+dsp_gcc-4.8-linaro_uClibc-0.9.33.2/mipsel-openwrt-linux-uclibc/bin/ld) supports shared libraries
configure:12466: result: yes
configure:12533: checking dynamic linker characteristics
configure:13142: result: GNU/Linux ld.so
configure:13151: checking how to hardcode library paths into programs
configure:13176: result: immediate
configure:19393: checking build system type
configure:19411: result: i686-pc-linux-gnu
configure:19433: checking host system type
configure:19448: result: mipsel-openwrt-linux-uclibc
configure:19473: checking compiler flags required for compiling ANTLR with mipsel-openwrt-linux-uclibc-gcc C compiler on host mipsel-openwrt-linux-uclibc
configure:19547: result:   -O  
configure:19582: checking for a BSD-compatible install
configure:19650: result: /usr/bin/install -c
configure:19661: checking whether ln -s works
configure:19665: result: yes
configure:19672: checking whether make sets $(MAKE)
configure:19694: result: yes
configure:19716: checking for sys/types.h
configure:19772: result: yes
configure:19716: checking for netinet/in.h
configure:19748: mipsel-openwrt-linux-uclibc-gcc -c   -O    conftest.c >&5
mipsel-openwrt-linux-uclibc-gcc: warning: environment variable 'STAGING_DIR' not defined
configure:19755: $? = 0
configure:19772: result: yes
configure:19716: checking for arpa/nameser.h
configure:19748: mipsel-openwrt-linux-uclibc-gcc -c   -O    conftest.c >&5
mipsel-openwrt-linux-uclibc-gcc: warning: environment variable 'STAGING_DIR' not defined
configure:19755: $? = 0
configure:19772: result: yes
configure:19716: checking for netdb.h
configure:19748: mipsel-openwrt-linux-uclibc-gcc -c   -O    conftest.c >&5
mipsel-openwrt-linux-uclibc-gcc: warning: environment variable 'STAGING_DIR' not defined
configure:19755: $? = 0
configure:19772: result: yes
configure:19716: checking for resolv.h
configure:19748: mipsel-openwrt-linux-uclibc-gcc -c   -O    conftest.c >&5
mipsel-openwrt-linux-uclibc-gcc: warning: environment variable 'STAGING_DIR' not defined
configure:19755: $? = 0
configure:19772: result: yes
configure:19791: checking for sys/malloc.h
configure:19818: mipsel-openwrt-linux-uclibc-gcc -c   -O    conftest.c >&5
mipsel-openwrt-linux-uclibc-gcc: warning: environment variable 'STAGING_DIR' not defined
conftest.c:34:24: fatal error: sys/malloc.h: No such file or directory
 #include <sys/malloc.h>
                        ^
compilation terminated.
configure:19825: $? = 1
configure: failed program was:
| /* confdefs.h.  */
| #define PACKAGE_NAME "libantlr3c"
| #define PACKAGE_TARNAME "libantlr3c"
| #define PACKAGE_VERSION "3.2"
| #define PACKAGE_STRING "libantlr3c 3.2"
| #define PACKAGE_BUGREPORT "jimi@temporal-wave.com"
| #define PACKAGE "libantlr3c"
| #define VERSION "3.2"
| #define STDC_HEADERS 1
| #define HAVE_SYS_TYPES_H 1
| #define HAVE_SYS_STAT_H 1
| #define HAVE_STDLIB_H 1
| #define HAVE_STRING_H 1
| #define HAVE_MEMORY_H 1
| #define HAVE_STRINGS_H 1
| #define HAVE_INTTYPES_H 1
| #define HAVE_STDINT_H 1
| #define HAVE_UNISTD_H 1
| #define HAVE_DLFCN_H 1
| #define HAVE_SYS_TYPES_H 1
| #define HAVE_NETINET_IN_H 1
| #define HAVE_ARPA_NAMESER_H 1
| #define HAVE_NETDB_H 1
| #define HAVE_RESOLV_H 1
| /* end confdefs.h.  */
| #ifdef HAVE_SYS_MALLOC_H
| #include <sys/malloc.h>
| #endif
| #ifdef HAVE_MALLOC_H
| #include <malloc.h>
| #endif
| 
| 
| #include <sys/malloc.h>
configure:19842: result: no
configure:19791: checking for malloc.h
configure:19818: mipsel-openwrt-linux-uclibc-gcc -c   -O    conftest.c >&5
mipsel-openwrt-linux-uclibc-gcc: warning: environment variable 'STAGING_DIR' not defined
configure:19825: $? = 0
configure:19842: result: yes
configure:19859: checking for stdarg.h
configure:19883: mipsel-openwrt-linux-uclibc-gcc -c   -O    conftest.c >&5
mipsel-openwrt-linux-uclibc-gcc: warning: environment variable 'STAGING_DIR' not defined
configure:19890: $? = 0
configure:19907: result: yes
configure:19925: checking for sys/stat.h
configure:19973: result: yes
configure:19991: checking for ctype.h
configure:20015: mipsel-openwrt-linux-uclibc-gcc -c   -O    conftest.c >&5
mipsel-openwrt-linux-uclibc-gcc: warning: environment variable 'STAGING_DIR' not defined
configure:20022: $? = 0
configure:20039: result: yes
configure:20057: checking for netinet/tcp.h
configure:20081: mipsel-openwrt-linux-uclibc-gcc -c   -O    conftest.c >&5
mipsel-openwrt-linux-uclibc-gcc: warning: environment variable 'STAGING_DIR' not defined
configure:20088: $? = 0
configure:20105: result: yes
configure:20124: checking for sys/socket.h
configure:20151: mipsel-openwrt-linux-uclibc-gcc -c   -O    conftest.c >&5
mipsel-openwrt-linux-uclibc-gcc: warning: environment variable 'STAGING_DIR' not defined
configure:20158: $? = 0
configure:20175: result: yes
configure:20124: checking for socket.h
configure:20151: mipsel-openwrt-linux-uclibc-gcc -c   -O    conftest.c >&5
mipsel-openwrt-linux-uclibc-gcc: warning: environment variable 'STAGING_DIR' not defined
conftest.c:40:20: fatal error: socket.h: No such file or directory
 #include <socket.h>
                    ^
compilation terminated.
configure:20158: $? = 1
configure: failed program was:
| /* confdefs.h.  */
| #define PACKAGE_NAME "libantlr3c"
| #define PACKAGE_TARNAME "libantlr3c"
| #define PACKAGE_VERSION "3.2"
| #define PACKAGE_STRING "libantlr3c 3.2"
| #define PACKAGE_BUGREPORT "jimi@temporal-wave.com"
| #define PACKAGE "libantlr3c"
| #define VERSION "3.2"
| #define STDC_HEADERS 1
| #define HAVE_SYS_TYPES_H 1
| #define HAVE_SYS_STAT_H 1
| #define HAVE_STDLIB_H 1
| #define HAVE_STRING_H 1
| #define HAVE_MEMORY_H 1
| #define HAVE_STRINGS_H 1
| #define HAVE_INTTYPES_H 1
| #define HAVE_STDINT_H 1
| #define HAVE_UNISTD_H 1
| #define HAVE_DLFCN_H 1
| #define HAVE_SYS_TYPES_H 1
| #define HAVE_NETINET_IN_H 1
| #define HAVE_ARPA_NAMESER_H 1
| #define HAVE_NETDB_H 1
| #define HAVE_RESOLV_H 1
| #define HAVE_MALLOC_H 1
| #define HAVE_STDARG_H 1
| #define HAVE_SYS_STAT_H 1
| #define HAVE_CTYPE_H 1
| #define HAVE_NETINET_TCP_H 1
| #define HAVE_SYS_SOCKET_H 1
| /* end confdefs.h.  */
| #ifdef HAVE_SYS_SOCKET_H
| #include <sys/socket.h>
| #endif
| #ifdef HAVE_SOCKET_H
| #include <socket.h>
| #endif
| 
| 
| #include <socket.h>
configure:20175: result: no
configure:20190: checking for an ANSI C-conforming const
configure:20265: mipsel-openwrt-linux-uclibc-gcc -c   -O    conftest.c >&5
mipsel-openwrt-linux-uclibc-gcc: warning: environment variable 'STAGING_DIR' not defined
configure:20272: $? = 0
configure:20287: result: yes
configure:20297: checking for size_t
configure:20325: mipsel-openwrt-linux-uclibc-gcc -c   -O    conftest.c >&5
mipsel-openwrt-linux-uclibc-gcc: warning: environment variable 'STAGING_DIR' not defined
configure:20332: $? = 0
configure:20359: mipsel-openwrt-linux-uclibc-gcc -c   -O    conftest.c >&5
mipsel-openwrt-linux-uclibc-gcc: warning: environment variable 'STAGING_DIR' not defined
conftest.c: In function 'main':
conftest.c:68:21: error: expected expression before ')' token
 if (sizeof ((size_t)))
                     ^
configure:20366: $? = 1
configure: failed program was:
| /* confdefs.h.  */
| #define PACKAGE_NAME "libantlr3c"
| #define PACKAGE_TARNAME "libantlr3c"
| #define PACKAGE_VERSION "3.2"
| #define PACKAGE_STRING "libantlr3c 3.2"
| #define PACKAGE_BUGREPORT "jimi@temporal-wave.com"
| #define PACKAGE "libantlr3c"
| #define VERSION "3.2"
| #define STDC_HEADERS 1
| #define HAVE_SYS_TYPES_H 1
| #define HAVE_SYS_STAT_H 1
| #define HAVE_STDLIB_H 1
| #define HAVE_STRING_H 1
| #define HAVE_MEMORY_H 1
| #define HAVE_STRINGS_H 1
| #define HAVE_INTTYPES_H 1
| #define HAVE_STDINT_H 1
| #define HAVE_UNISTD_H 1
| #define HAVE_DLFCN_H 1
| #define HAVE_SYS_TYPES_H 1
| #define HAVE_NETINET_IN_H 1
| #define HAVE_ARPA_NAMESER_H 1
| #define HAVE_NETDB_H 1
| #define HAVE_RESOLV_H 1
| #define HAVE_MALLOC_H 1
| #define HAVE_STDARG_H 1
| #define HAVE_SYS_STAT_H 1
| #define HAVE_CTYPE_H 1
| #define HAVE_NETINET_TCP_H 1
| #define HAVE_SYS_SOCKET_H 1
| /* end confdefs.h.  */
| #include <stdio.h>
| #ifdef HAVE_SYS_TYPES_H
| # include <sys/types.h>
| #endif
| #ifdef HAVE_SYS_STAT_H
| # include <sys/stat.h>
| #endif
| #ifdef STDC_HEADERS
| # include <stdlib.h>
| # include <stddef.h>
| #else
| # ifdef HAVE_STDLIB_H
| #  include <stdlib.h>
| # endif
| #endif
| #ifdef HAVE_STRING_H
| # if !defined STDC_HEADERS && defined HAVE_MEMORY_H
| #  include <memory.h>
| # endif
| # include <string.h>
| #endif
| #ifdef HAVE_STRINGS_H
| # include <strings.h>
| #endif
| #ifdef HAVE_INTTYPES_H
| # include <inttypes.h>
| #endif
| #ifdef HAVE_STDINT_H
| # include <stdint.h>
| #endif
| #ifdef HAVE_UNISTD_H
| # include <unistd.h>
| #endif
| int
| main ()
| {
| if (sizeof ((size_t)))
| 	  return 0;
|   ;
|   return 0;
| }
configure:20389: result: yes
configure:20402: checking for int8_t
configure:20433: mipsel-openwrt-linux-uclibc-gcc -c   -O    conftest.c >&5
mipsel-openwrt-linux-uclibc-gcc: warning: environment variable 'STAGING_DIR' not defined
configure:20440: $? = 0
configure:20469: mipsel-openwrt-linux-uclibc-gcc -c   -O    conftest.c >&5
mipsel-openwrt-linux-uclibc-gcc: warning: environment variable 'STAGING_DIR' not defined
conftest.c: In function 'main':
conftest.c:68:12: error: size of array 'test_array' is negative
 static int test_array [1 - 2 * !((int8_t) ((((int8_t) 1 << (8 - 2)) - 1) * 2 + 1)
            ^
configure:20476: $? = 1
configure: failed program was:
| /* confdefs.h.  */
| #define PACKAGE_NAME "libantlr3c"
| #define PACKAGE_TARNAME "libantlr3c"
| #define PACKAGE_VERSION "3.2"
| #define PACKAGE_STRING "libantlr3c 3.2"
| #define PACKAGE_BUGREPORT "jimi@temporal-wave.com"
| #define PACKAGE "libantlr3c"
| #define VERSION "3.2"
| #define STDC_HEADERS 1
| #define HAVE_SYS_TYPES_H 1
| #define HAVE_SYS_STAT_H 1
| #define HAVE_STDLIB_H 1
| #define HAVE_STRING_H 1
| #define HAVE_MEMORY_H 1
| #define HAVE_STRINGS_H 1
| #define HAVE_INTTYPES_H 1
| #define HAVE_STDINT_H 1
| #define HAVE_UNISTD_H 1
| #define HAVE_DLFCN_H 1
| #define HAVE_SYS_TYPES_H 1
| #define HAVE_NETINET_IN_H 1
| #define HAVE_ARPA_NAMESER_H 1
| #define HAVE_NETDB_H 1
| #define HAVE_RESOLV_H 1
| #define HAVE_MALLOC_H 1
| #define HAVE_STDARG_H 1
| #define HAVE_SYS_STAT_H 1
| #define HAVE_CTYPE_H 1
| #define HAVE_NETINET_TCP_H 1
| #define HAVE_SYS_SOCKET_H 1
| /* end confdefs.h.  */
| #include <stdio.h>
| #ifdef HAVE_SYS_TYPES_H
| # include <sys/types.h>
| #endif
| #ifdef HAVE_SYS_STAT_H
| # include <sys/stat.h>
| #endif
| #ifdef STDC_HEADERS
| # include <stdlib.h>
| # include <stddef.h>
| #else
| # ifdef HAVE_STDLIB_H
| #  include <stdlib.h>
| # endif
| #endif
| #ifdef HAVE_STRING_H
| # if !defined STDC_HEADERS && defined HAVE_MEMORY_H
| #  include <memory.h>
| # endif
| # include <string.h>
| #endif
| #ifdef HAVE_STRINGS_H
| # include <strings.h>
| #endif
| #ifdef HAVE_INTTYPES_H
| # include <inttypes.h>
| #endif
| #ifdef HAVE_STDINT_H
| # include <stdint.h>
| #endif
| #ifdef HAVE_UNISTD_H
| # include <unistd.h>
| #endif
| int
| main ()
| {
| static int test_array [1 - 2 * !((int8_t) ((((int8_t) 1 << (8 - 2)) - 1) * 2 + 1)
| 		 < (int8_t) ((((int8_t) 1 << (8 - 2)) - 1) * 2 + 2))];
| test_array [0] = 0
| 
|   ;
|   return 0;
| }
configure:20505: result: yes
configure:20518: checking for int16_t
configure:20549: mipsel-openwrt-linux-uclibc-gcc -c   -O    conftest.c >&5
mipsel-openwrt-linux-uclibc-gcc: warning: environment variable 'STAGING_DIR' not defined
configure:20556: $? = 0
configure:20585: mipsel-openwrt-linux-uclibc-gcc -c   -O    conftest.c >&5
mipsel-openwrt-linux-uclibc-gcc: warning: environment variable 'STAGING_DIR' not defined
conftest.c: In function 'main':
conftest.c:68:12: error: size of array 'test_array' is negative
 static int test_array [1 - 2 * !((int16_t) ((((int16_t) 1 << (16 - 2)) - 1) * 2 + 1)
            ^
configure:20592: $? = 1
configure: failed program was:
| /* confdefs.h.  */
| #define PACKAGE_NAME "libantlr3c"
| #define PACKAGE_TARNAME "libantlr3c"
| #define PACKAGE_VERSION "3.2"
| #define PACKAGE_STRING "libantlr3c 3.2"
| #define PACKAGE_BUGREPORT "jimi@temporal-wave.com"
| #define PACKAGE "libantlr3c"
| #define VERSION "3.2"
| #define STDC_HEADERS 1
| #define HAVE_SYS_TYPES_H 1
| #define HAVE_SYS_STAT_H 1
| #define HAVE_STDLIB_H 1
| #define HAVE_STRING_H 1
| #define HAVE_MEMORY_H 1
| #define HAVE_STRINGS_H 1
| #define HAVE_INTTYPES_H 1
| #define HAVE_STDINT_H 1
| #define HAVE_UNISTD_H 1
| #define HAVE_DLFCN_H 1
| #define HAVE_SYS_TYPES_H 1
| #define HAVE_NETINET_IN_H 1
| #define HAVE_ARPA_NAMESER_H 1
| #define HAVE_NETDB_H 1
| #define HAVE_RESOLV_H 1
| #define HAVE_MALLOC_H 1
| #define HAVE_STDARG_H 1
| #define HAVE_SYS_STAT_H 1
| #define HAVE_CTYPE_H 1
| #define HAVE_NETINET_TCP_H 1
| #define HAVE_SYS_SOCKET_H 1
| /* end confdefs.h.  */
| #include <stdio.h>
| #ifdef HAVE_SYS_TYPES_H
| # include <sys/types.h>
| #endif
| #ifdef HAVE_SYS_STAT_H
| # include <sys/stat.h>
| #endif
| #ifdef STDC_HEADERS
| # include <stdlib.h>
| # include <stddef.h>
| #else
| # ifdef HAVE_STDLIB_H
| #  include <stdlib.h>
| # endif
| #endif
| #ifdef HAVE_STRING_H
| # if !defined STDC_HEADERS && defined HAVE_MEMORY_H
| #  include <memory.h>
| # endif
| # include <string.h>
| #endif
| #ifdef HAVE_STRINGS_H
| # include <strings.h>
| #endif
| #ifdef HAVE_INTTYPES_H
| # include <inttypes.h>
| #endif
| #ifdef HAVE_STDINT_H
| # include <stdint.h>
| #endif
| #ifdef HAVE_UNISTD_H
| # include <unistd.h>
| #endif
| int
| main ()
| {
| static int test_array [1 - 2 * !((int16_t) ((((int16_t) 1 << (16 - 2)) - 1) * 2 + 1)
| 		 < (int16_t) ((((int16_t) 1 << (16 - 2)) - 1) * 2 + 2))];
| test_array [0] = 0
| 
|   ;
|   return 0;
| }
configure:20621: result: yes
configure:20634: checking for int32_t
configure:20665: mipsel-openwrt-linux-uclibc-gcc -c   -O    conftest.c >&5
mipsel-openwrt-linux-uclibc-gcc: warning: environment variable 'STAGING_DIR' not defined
configure:20672: $? = 0
configure:20701: mipsel-openwrt-linux-uclibc-gcc -c   -O    conftest.c >&5
mipsel-openwrt-linux-uclibc-gcc: warning: environment variable 'STAGING_DIR' not defined
conftest.c: In function 'main':
conftest.c:69:53: warning: integer overflow in expression [-Woverflow]
    < (int32_t) ((((int32_t) 1 << (32 - 2)) - 1) * 2 + 2))];
                                                     ^
conftest.c:68:12: error: storage size of 'test_array' isn't constant
 static int test_array [1 - 2 * !((int32_t) ((((int32_t) 1 << (32 - 2)) - 1) * 2 + 1)
            ^
configure:20708: $? = 1
configure: failed program was:
| /* confdefs.h.  */
| #define PACKAGE_NAME "libantlr3c"
| #define PACKAGE_TARNAME "libantlr3c"
| #define PACKAGE_VERSION "3.2"
| #define PACKAGE_STRING "libantlr3c 3.2"
| #define PACKAGE_BUGREPORT "jimi@temporal-wave.com"
| #define PACKAGE "libantlr3c"
| #define VERSION "3.2"
| #define STDC_HEADERS 1
| #define HAVE_SYS_TYPES_H 1
| #define HAVE_SYS_STAT_H 1
| #define HAVE_STDLIB_H 1
| #define HAVE_STRING_H 1
| #define HAVE_MEMORY_H 1
| #define HAVE_STRINGS_H 1
| #define HAVE_INTTYPES_H 1
| #define HAVE_STDINT_H 1
| #define HAVE_UNISTD_H 1
| #define HAVE_DLFCN_H 1
| #define HAVE_SYS_TYPES_H 1
| #define HAVE_NETINET_IN_H 1
| #define HAVE_ARPA_NAMESER_H 1
| #define HAVE_NETDB_H 1
| #define HAVE_RESOLV_H 1
| #define HAVE_MALLOC_H 1
| #define HAVE_STDARG_H 1
| #define HAVE_SYS_STAT_H 1
| #define HAVE_CTYPE_H 1
| #define HAVE_NETINET_TCP_H 1
| #define HAVE_SYS_SOCKET_H 1
| /* end confdefs.h.  */
| #include <stdio.h>
| #ifdef HAVE_SYS_TYPES_H
| # include <sys/types.h>
| #endif
| #ifdef HAVE_SYS_STAT_H
| # include <sys/stat.h>
| #endif
| #ifdef STDC_HEADERS
| # include <stdlib.h>
| # include <stddef.h>
| #else
| # ifdef HAVE_STDLIB_H
| #  include <stdlib.h>
| # endif
| #endif
| #ifdef HAVE_STRING_H
| # if !defined STDC_HEADERS && defined HAVE_MEMORY_H
| #  include <memory.h>
| # endif
| # include <string.h>
| #endif
| #ifdef HAVE_STRINGS_H
| # include <strings.h>
| #endif
| #ifdef HAVE_INTTYPES_H
| # include <inttypes.h>
| #endif
| #ifdef HAVE_STDINT_H
| # include <stdint.h>
| #endif
| #ifdef HAVE_UNISTD_H
| # include <unistd.h>
| #endif
| int
| main ()
| {
| static int test_array [1 - 2 * !((int32_t) ((((int32_t) 1 << (32 - 2)) - 1) * 2 + 1)
| 		 < (int32_t) ((((int32_t) 1 << (32 - 2)) - 1) * 2 + 2))];
| test_array [0] = 0
| 
|   ;
|   return 0;
| }
configure:20737: result: yes
configure:20750: checking for int64_t
configure:20781: mipsel-openwrt-linux-uclibc-gcc -c   -O    conftest.c >&5
mipsel-openwrt-linux-uclibc-gcc: warning: environment variable 'STAGING_DIR' not defined
configure:20788: $? = 0
configure:20817: mipsel-openwrt-linux-uclibc-gcc -c   -O    conftest.c >&5
mipsel-openwrt-linux-uclibc-gcc: warning: environment variable 'STAGING_DIR' not defined
conftest.c: In function 'main':
conftest.c:69:53: warning: integer overflow in expression [-Woverflow]
    < (int64_t) ((((int64_t) 1 << (64 - 2)) - 1) * 2 + 2))];
                                                     ^
conftest.c:68:12: error: storage size of 'test_array' isn't constant
 static int test_array [1 - 2 * !((int64_t) ((((int64_t) 1 << (64 - 2)) - 1) * 2 + 1)
            ^
configure:20824: $? = 1
configure: failed program was:
| /* confdefs.h.  */
| #define PACKAGE_NAME "libantlr3c"
| #define PACKAGE_TARNAME "libantlr3c"
| #define PACKAGE_VERSION "3.2"
| #define PACKAGE_STRING "libantlr3c 3.2"
| #define PACKAGE_BUGREPORT "jimi@temporal-wave.com"
| #define PACKAGE "libantlr3c"
| #define VERSION "3.2"
| #define STDC_HEADERS 1
| #define HAVE_SYS_TYPES_H 1
| #define HAVE_SYS_STAT_H 1
| #define HAVE_STDLIB_H 1
| #define HAVE_STRING_H 1
| #define HAVE_MEMORY_H 1
| #define HAVE_STRINGS_H 1
| #define HAVE_INTTYPES_H 1
| #define HAVE_STDINT_H 1
| #define HAVE_UNISTD_H 1
| #define HAVE_DLFCN_H 1
| #define HAVE_SYS_TYPES_H 1
| #define HAVE_NETINET_IN_H 1
| #define HAVE_ARPA_NAMESER_H 1
| #define HAVE_NETDB_H 1
| #define HAVE_RESOLV_H 1
| #define HAVE_MALLOC_H 1
| #define HAVE_STDARG_H 1
| #define HAVE_SYS_STAT_H 1
| #define HAVE_CTYPE_H 1
| #define HAVE_NETINET_TCP_H 1
| #define HAVE_SYS_SOCKET_H 1
| /* end confdefs.h.  */
| #include <stdio.h>
| #ifdef HAVE_SYS_TYPES_H
| # include <sys/types.h>
| #endif
| #ifdef HAVE_SYS_STAT_H
| # include <sys/stat.h>
| #endif
| #ifdef STDC_HEADERS
| # include <stdlib.h>
| # include <stddef.h>
| #else
| # ifdef HAVE_STDLIB_H
| #  include <stdlib.h>
| # endif
| #endif
| #ifdef HAVE_STRING_H
| # if !defined STDC_HEADERS && defined HAVE_MEMORY_H
| #  include <memory.h>
| # endif
| # include <string.h>
| #endif
| #ifdef HAVE_STRINGS_H
| # include <strings.h>
| #endif
| #ifdef HAVE_INTTYPES_H
| # include <inttypes.h>
| #endif
| #ifdef HAVE_STDINT_H
| # include <stdint.h>
| #endif
| #ifdef HAVE_UNISTD_H
| # include <unistd.h>
| #endif
| int
| main ()
| {
| static int test_array [1 - 2 * !((int64_t) ((((int64_t) 1 << (64 - 2)) - 1) * 2 + 1)
| 		 < (int64_t) ((((int64_t) 1 << (64 - 2)) - 1) * 2 + 2))];
| test_array [0] = 0
| 
|   ;
|   return 0;
| }
configure:20853: result: yes
configure:20866: checking for intptr_t
configure:20894: mipsel-openwrt-linux-uclibc-gcc -c   -O    conftest.c >&5
mipsel-openwrt-linux-uclibc-gcc: warning: environment variable 'STAGING_DIR' not defined
configure:20901: $? = 0
configure:20928: mipsel-openwrt-linux-uclibc-gcc -c   -O    conftest.c >&5
mipsel-openwrt-linux-uclibc-gcc: warning: environment variable 'STAGING_DIR' not defined
conftest.c: In function 'main':
conftest.c:68:23: error: expected expression before ')' token
 if (sizeof ((intptr_t)))
                       ^
configure:20935: $? = 1
configure: failed program was:
| /* confdefs.h.  */
| #define PACKAGE_NAME "libantlr3c"
| #define PACKAGE_TARNAME "libantlr3c"
| #define PACKAGE_VERSION "3.2"
| #define PACKAGE_STRING "libantlr3c 3.2"
| #define PACKAGE_BUGREPORT "jimi@temporal-wave.com"
| #define PACKAGE "libantlr3c"
| #define VERSION "3.2"
| #define STDC_HEADERS 1
| #define HAVE_SYS_TYPES_H 1
| #define HAVE_SYS_STAT_H 1
| #define HAVE_STDLIB_H 1
| #define HAVE_STRING_H 1
| #define HAVE_MEMORY_H 1
| #define HAVE_STRINGS_H 1
| #define HAVE_INTTYPES_H 1
| #define HAVE_STDINT_H 1
| #define HAVE_UNISTD_H 1
| #define HAVE_DLFCN_H 1
| #define HAVE_SYS_TYPES_H 1
| #define HAVE_NETINET_IN_H 1
| #define HAVE_ARPA_NAMESER_H 1
| #define HAVE_NETDB_H 1
| #define HAVE_RESOLV_H 1
| #define HAVE_MALLOC_H 1
| #define HAVE_STDARG_H 1
| #define HAVE_SYS_STAT_H 1
| #define HAVE_CTYPE_H 1
| #define HAVE_NETINET_TCP_H 1
| #define HAVE_SYS_SOCKET_H 1
| /* end confdefs.h.  */
| #include <stdio.h>
| #ifdef HAVE_SYS_TYPES_H
| # include <sys/types.h>
| #endif
| #ifdef HAVE_SYS_STAT_H
| # include <sys/stat.h>
| #endif
| #ifdef STDC_HEADERS
| # include <stdlib.h>
| # include <stddef.h>
| #else
| # ifdef HAVE_STDLIB_H
| #  include <stdlib.h>
| # endif
| #endif
| #ifdef HAVE_STRING_H
| # if !defined STDC_HEADERS && defined HAVE_MEMORY_H
| #  include <memory.h>
| # endif
| # include <string.h>
| #endif
| #ifdef HAVE_STRINGS_H
| # include <strings.h>
| #endif
| #ifdef HAVE_INTTYPES_H
| # include <inttypes.h>
| #endif
| #ifdef HAVE_STDINT_H
| # include <stdint.h>
| #endif
| #ifdef HAVE_UNISTD_H
| # include <unistd.h>
| #endif
| int
| main ()
| {
| if (sizeof ((intptr_t)))
| 	  return 0;
|   ;
|   return 0;
| }
configure:20958: result: yes
configure:21023: checking for uint8_t
configure:21054: mipsel-openwrt-linux-uclibc-gcc -c   -O    conftest.c >&5
mipsel-openwrt-linux-uclibc-gcc: warning: environment variable 'STAGING_DIR' not defined
configure:21061: $? = 0
configure:21082: result: yes
configure:21100: checking for uint16_t
configure:21131: mipsel-openwrt-linux-uclibc-gcc -c   -O    conftest.c >&5
mipsel-openwrt-linux-uclibc-gcc: warning: environment variable 'STAGING_DIR' not defined
configure:21138: $? = 0
configure:21159: result: yes
configure:21173: checking for uint32_t
configure:21204: mipsel-openwrt-linux-uclibc-gcc -c   -O    conftest.c >&5
mipsel-openwrt-linux-uclibc-gcc: warning: environment variable 'STAGING_DIR' not defined
configure:21211: $? = 0
configure:21232: result: yes
configure:21250: checking for uint64_t
configure:21281: mipsel-openwrt-linux-uclibc-gcc -c   -O    conftest.c >&5
mipsel-openwrt-linux-uclibc-gcc: warning: environment variable 'STAGING_DIR' not defined
configure:21288: $? = 0
configure:21309: result: yes
configure:21327: checking for uintptr_t
configure:21355: mipsel-openwrt-linux-uclibc-gcc -c   -O    conftest.c >&5
mipsel-openwrt-linux-uclibc-gcc: warning: environment variable 'STAGING_DIR' not defined
configure:21362: $? = 0
configure:21389: mipsel-openwrt-linux-uclibc-gcc -c   -O    conftest.c >&5
mipsel-openwrt-linux-uclibc-gcc: warning: environment variable 'STAGING_DIR' not defined
conftest.c: In function 'main':
conftest.c:69:24: error: expected expression before ')' token
 if (sizeof ((uintptr_t)))
                        ^
configure:21396: $? = 1
configure: failed program was:
| /* confdefs.h.  */
| #define PACKAGE_NAME "libantlr3c"
| #define PACKAGE_TARNAME "libantlr3c"
| #define PACKAGE_VERSION "3.2"
| #define PACKAGE_STRING "libantlr3c 3.2"
| #define PACKAGE_BUGREPORT "jimi@temporal-wave.com"
| #define PACKAGE "libantlr3c"
| #define VERSION "3.2"
| #define STDC_HEADERS 1
| #define HAVE_SYS_TYPES_H 1
| #define HAVE_SYS_STAT_H 1
| #define HAVE_STDLIB_H 1
| #define HAVE_STRING_H 1
| #define HAVE_MEMORY_H 1
| #define HAVE_STRINGS_H 1
| #define HAVE_INTTYPES_H 1
| #define HAVE_STDINT_H 1
| #define HAVE_UNISTD_H 1
| #define HAVE_DLFCN_H 1
| #define HAVE_SYS_TYPES_H 1
| #define HAVE_NETINET_IN_H 1
| #define HAVE_ARPA_NAMESER_H 1
| #define HAVE_NETDB_H 1
| #define HAVE_RESOLV_H 1
| #define HAVE_MALLOC_H 1
| #define HAVE_STDARG_H 1
| #define HAVE_SYS_STAT_H 1
| #define HAVE_CTYPE_H 1
| #define HAVE_NETINET_TCP_H 1
| #define HAVE_SYS_SOCKET_H 1
| #define HAVE_INTPTR_T 1
| /* end confdefs.h.  */
| #include <stdio.h>
| #ifdef HAVE_SYS_TYPES_H
| # include <sys/types.h>
| #endif
| #ifdef HAVE_SYS_STAT_H
| # include <sys/stat.h>
| #endif
| #ifdef STDC_HEADERS
| # include <stdlib.h>
| # include <stddef.h>
| #else
| # ifdef HAVE_STDLIB_H
| #  include <stdlib.h>
| # endif
| #endif
| #ifdef HAVE_STRING_H
| # if !defined STDC_HEADERS && defined HAVE_MEMORY_H
| #  include <memory.h>
| # endif
| # include <string.h>
| #endif
| #ifdef HAVE_STRINGS_H
| # include <strings.h>
| #endif
| #ifdef HAVE_INTTYPES_H
| # include <inttypes.h>
| #endif
| #ifdef HAVE_STDINT_H
| # include <stdint.h>
| #endif
| #ifdef HAVE_UNISTD_H
| # include <unistd.h>
| #endif
| int
| main ()
| {
| if (sizeof ((uintptr_t)))
| 	  return 0;
|   ;
|   return 0;
| }
configure:21419: result: yes
configure:21484: checking for inline
configure:21510: mipsel-openwrt-linux-uclibc-gcc -c   -O    conftest.c >&5
mipsel-openwrt-linux-uclibc-gcc: warning: environment variable 'STAGING_DIR' not defined
configure:21517: $? = 0
configure:21535: result: inline
configure:21564: checking for memmove
configure:21620: mipsel-openwrt-linux-uclibc-gcc -o conftest   -O     conftest.c  >&5
mipsel-openwrt-linux-uclibc-gcc: warning: environment variable 'STAGING_DIR' not defined
conftest.c:57:6: warning: conflicting types for built-in function 'memmove' [enabled by default]
 char memmove ();
      ^
mipsel-openwrt-linux-uclibc-gcc: warning: environment variable 'STAGING_DIR' not defined
mipsel-openwrt-linux-uclibc-gcc: warning: environment variable 'STAGING_DIR' not defined
/home/openwrt/staging_dir/toolchain-mipsel_24kec+dsp_gcc-4.8-linaro_uClibc-0.9.33.2/lib/gcc/mipsel-openwrt-linux-uclibc/4.8.3/../../../../mipsel-openwrt-linux-uclibc/bin/ld: skipping incompatible /usr/lib/libc.so when searching for -lc
/home/openwrt/staging_dir/toolchain-mipsel_24kec+dsp_gcc-4.8-linaro_uClibc-0.9.33.2/lib/gcc/mipsel-openwrt-linux-uclibc/4.8.3/../../../../mipsel-openwrt-linux-uclibc/bin/ld: skipping incompatible /usr/lib/libc.a when searching for -lc
configure:21627: $? = 0
configure:21649: result: yes
configure:21564: checking for memset
configure:21620: mipsel-openwrt-linux-uclibc-gcc -o conftest   -O     conftest.c  >&5
mipsel-openwrt-linux-uclibc-gcc: warning: environment variable 'STAGING_DIR' not defined
conftest.c:58:6: warning: conflicting types for built-in function 'memset' [enabled by default]
 char memset ();
      ^
mipsel-openwrt-linux-uclibc-gcc: warning: environment variable 'STAGING_DIR' not defined
mipsel-openwrt-linux-uclibc-gcc: warning: environment variable 'STAGING_DIR' not defined
/home/openwrt/staging_dir/toolchain-mipsel_24kec+dsp_gcc-4.8-linaro_uClibc-0.9.33.2/lib/gcc/mipsel-openwrt-linux-uclibc/4.8.3/../../../../mipsel-openwrt-linux-uclibc/bin/ld: skipping incompatible /usr/lib/libc.so when searching for -lc
/home/openwrt/staging_dir/toolchain-mipsel_24kec+dsp_gcc-4.8-linaro_uClibc-0.9.33.2/lib/gcc/mipsel-openwrt-linux-uclibc/4.8.3/../../../../mipsel-openwrt-linux-uclibc/bin/ld: skipping incompatible /usr/lib/libc.a when searching for -lc
configure:21627: $? = 0
configure:21649: result: yes
configure:21564: checking for strdup
configure:21620: mipsel-openwrt-linux-uclibc-gcc -o conftest   -O     conftest.c  >&5
mipsel-openwrt-linux-uclibc-gcc: warning: environment variable 'STAGING_DIR' not defined
conftest.c:59:6: warning: conflicting types for built-in function 'strdup' [enabled by default]
 char strdup ();
      ^
mipsel-openwrt-linux-uclibc-gcc: warning: environment variable 'STAGING_DIR' not defined
mipsel-openwrt-linux-uclibc-gcc: warning: environment variable 'STAGING_DIR' not defined
/home/openwrt/staging_dir/toolchain-mipsel_24kec+dsp_gcc-4.8-linaro_uClibc-0.9.33.2/lib/gcc/mipsel-openwrt-linux-uclibc/4.8.3/../../../../mipsel-openwrt-linux-uclibc/bin/ld: skipping incompatible /usr/lib/libc.so when searching for -lc
/home/openwrt/staging_dir/toolchain-mipsel_24kec+dsp_gcc-4.8-linaro_uClibc-0.9.33.2/lib/gcc/mipsel-openwrt-linux-uclibc/4.8.3/../../../../mipsel-openwrt-linux-uclibc/bin/ld: skipping incompatible /usr/lib/libc.a when searching for -lc
configure:21627: $? = 0
configure:21649: result: yes
configure:21564: checking for accept
configure:21620: mipsel-openwrt-linux-uclibc-gcc -o conftest   -O     conftest.c  >&5
mipsel-openwrt-linux-uclibc-gcc: warning: environment variable 'STAGING_DIR' not defined
mipsel-openwrt-linux-uclibc-gcc: warning: environment variable 'STAGING_DIR' not defined
mipsel-openwrt-linux-uclibc-gcc: warning: environment variable 'STAGING_DIR' not defined
/home/openwrt/staging_dir/toolchain-mipsel_24kec+dsp_gcc-4.8-linaro_uClibc-0.9.33.2/lib/gcc/mipsel-openwrt-linux-uclibc/4.8.3/../../../../mipsel-openwrt-linux-uclibc/bin/ld: skipping incompatible /usr/lib/libc.so when searching for -lc
/home/openwrt/staging_dir/toolchain-mipsel_24kec+dsp_gcc-4.8-linaro_uClibc-0.9.33.2/lib/gcc/mipsel-openwrt-linux-uclibc/4.8.3/../../../../mipsel-openwrt-linux-uclibc/bin/ld: skipping incompatible /usr/lib/libc.a when searching for -lc
configure:21627: $? = 0
configure:21649: result: yes
configure:21798: creating ./config.status

## ---------------------- ##
## Running config.status. ##
## ---------------------- ##

This file was extended by libantlr3c config.status 3.2, which was
generated by GNU Autoconf 2.63.  Invocation command line was

  CONFIG_FILES    = 
  CONFIG_HEADERS  = 
  CONFIG_LINKS    = 
  CONFIG_COMMANDS = 
  $ ./config.status 

on ubuntu

config.status:812: creating Makefile
config.status:812: creating antlr3config.h
config.status:1079: executing depfiles commands

## ---------------- ##
## Cache variables. ##
## ---------------- ##

ac_cv_build=i686-pc-linux-gnu
ac_cv_c_compiler_gnu=yes
ac_cv_c_const=yes
ac_cv_c_inline=inline
ac_cv_c_int16_t=yes
ac_cv_c_int32_t=yes
ac_cv_c_int64_t=yes
ac_cv_c_int8_t=yes
ac_cv_c_uint16_t=yes
ac_cv_c_uint32_t=yes
ac_cv_c_uint64_t=yes
ac_cv_c_uint8_t=yes
ac_cv_cxx_compiler_gnu=yes
ac_cv_env_CCC_set=
ac_cv_env_CCC_value=
ac_cv_env_CC_set=
ac_cv_env_CC_value=
ac_cv_env_CFLAGS_set=
ac_cv_env_CFLAGS_value=
ac_cv_env_CPPFLAGS_set=
ac_cv_env_CPPFLAGS_value=
ac_cv_env_CPP_set=
ac_cv_env_CPP_value=
ac_cv_env_CXXCPP_set=
ac_cv_env_CXXCPP_value=
ac_cv_env_CXXFLAGS_set=
ac_cv_env_CXXFLAGS_value=
ac_cv_env_CXX_set=
ac_cv_env_CXX_value=
ac_cv_env_F77_set=
ac_cv_env_F77_value=
ac_cv_env_FFLAGS_set=
ac_cv_env_FFLAGS_value=
ac_cv_env_LDFLAGS_set=
ac_cv_env_LDFLAGS_value=
ac_cv_env_LIBS_set=
ac_cv_env_LIBS_value=
ac_cv_env_build_alias_set=
ac_cv_env_build_alias_value=
ac_cv_env_host_alias_set=set
ac_cv_env_host_alias_value=mipsel-openwrt-linux-uclibc
ac_cv_env_target_alias_set=
ac_cv_env_target_alias_value=
ac_cv_f77_compiler_gnu=no
ac_cv_func_accept=yes
ac_cv_func_memmove=yes
ac_cv_func_memset=yes
ac_cv_func_strdup=yes
ac_cv_header_arpa_nameser_h=yes
ac_cv_header_ctype_h=yes
ac_cv_header_dlfcn_h=yes
ac_cv_header_inttypes_h=yes
ac_cv_header_malloc_h=yes
ac_cv_header_memory_h=yes
ac_cv_header_netdb_h=yes
ac_cv_header_netinet_in_h=yes
ac_cv_header_netinet_tcp_h=yes
ac_cv_header_resolv_h=yes
ac_cv_header_socket_h=no
ac_cv_header_stdarg_h=yes
ac_cv_header_stdc=yes
ac_cv_header_stdint_h=yes
ac_cv_header_stdlib_h=yes
ac_cv_header_string_h=yes
ac_cv_header_strings_h=yes
ac_cv_header_sys_malloc_h=no
ac_cv_header_sys_socket_h=yes
ac_cv_header_sys_stat_h=yes
ac_cv_header_sys_types_h=yes
ac_cv_header_unistd_h=yes
ac_cv_host=mipsel-openwrt-linux-uclibc
ac_cv_objext=o
ac_cv_path_EGREP='/bin/grep -E'
ac_cv_path_GREP=/bin/grep
ac_cv_path_install='/usr/bin/install -c'
ac_cv_prog_AR=mipsel-openwrt-linux-uclibc-ar
ac_cv_prog_AWK=gawk
ac_cv_prog_CC=mipsel-openwrt-linux-uclibc-gcc
ac_cv_prog_CPP='mipsel-openwrt-linux-uclibc-gcc -E'
ac_cv_prog_CXX=mipsel-openwrt-linux-uclibc-g++
ac_cv_prog_CXXCPP='mipsel-openwrt-linux-uclibc-g++ -E'
ac_cv_prog_RANLIB=mipsel-openwrt-linux-uclibc-ranlib
ac_cv_prog_STRIP=mipsel-openwrt-linux-uclibc-strip
ac_cv_prog_cc_c89=
ac_cv_prog_cc_g=yes
ac_cv_prog_cxx_g=yes
ac_cv_prog_f77_g=no
ac_cv_prog_make_make_set=yes
ac_cv_type_intptr_t=yes
ac_cv_type_size_t=yes
ac_cv_type_uintptr_t=yes
am_cv_CC_dependencies_compiler_type=gcc3
am_cv_CXX_dependencies_compiler_type=gcc3
lt_cv_deplibs_check_method=pass_all
lt_cv_file_magic_cmd='$MAGIC_CMD'
lt_cv_file_magic_test_file=
lt_cv_ld_reload_flag=-r
lt_cv_objdir=.libs
lt_cv_path_LD=/home/openwrt/staging_dir/toolchain-mipsel_24kec+dsp_gcc-4.8-linaro_uClibc-0.9.33.2/mipsel-openwrt-linux-uclibc/bin/ld
lt_cv_path_LDCXX=/home/openwrt/staging_dir/toolchain-mipsel_24kec+dsp_gcc-4.8-linaro_uClibc-0.9.33.2/mipsel-openwrt-linux-uclibc/bin/ld
lt_cv_path_NM='/home/openwrt/staging_dir/toolchain-mipsel_24kec+dsp_gcc-4.8-linaro_uClibc-0.9.33.2/bin/mipsel-openwrt-linux-uclibc-nm -B'
lt_cv_path_SED=/bin/sed
lt_cv_prog_compiler_c_o=yes
lt_cv_prog_compiler_c_o_CXX=yes
lt_cv_prog_compiler_rtti_exceptions=no
lt_cv_prog_gnu_ld=yes
lt_cv_prog_gnu_ldcxx=yes
lt_cv_sys_global_symbol_pipe='sed -n -e '\''s/^.*[ 	]\([ABCDGIRSTW][ABCDGIRSTW]*\)[ 	][ 	]*\([_A-Za-z][_A-Za-z0-9]*\)$/\1 \2 \2/p'\'''
lt_cv_sys_global_symbol_to_c_name_address='sed -n -e '\''s/^: \([^ ]*\) $/  {\"\1\", (lt_ptr) 0},/p'\'' -e '\''s/^[BCDEGRST] \([^ ]*\) \([^ ]*\)$/  {"\2", (lt_ptr) \&\2},/p'\'''
lt_cv_sys_global_symbol_to_cdecl='sed -n -e '\''s/^. .* \(.*\)$/extern int \1;/p'\'''
lt_cv_sys_max_cmd_len=32768
lt_lt_cv_prog_compiler_c_o='"yes"'
lt_lt_cv_prog_compiler_c_o_CXX='"yes"'
lt_lt_cv_sys_global_symbol_pipe='"sed -n -e '\''s/^.*[ 	]\\([ABCDGIRSTW][ABCDGIRSTW]*\\)[ 	][ 	]*\\([_A-Za-z][_A-Za-z0-9]*\\)\$/\\1 \\2 \\2/p'\''"'
lt_lt_cv_sys_global_symbol_to_c_name_address='"sed -n -e '\''s/^: \\([^ ]*\\) \$/  {\\\"\\1\\\", (lt_ptr) 0},/p'\'' -e '\''s/^[BCDEGRST] \\([^ ]*\\) \\([^ ]*\\)\$/  {\"\\2\", (lt_ptr) \\&\\2},/p'\''"'
lt_lt_cv_sys_global_symbol_to_cdecl='"sed -n -e '\''s/^. .* \\(.*\\)\$/extern int \\1;/p'\''"'

## ----------------- ##
## Output variables. ##
## ----------------- ##

ACLOCAL='${SHELL} /usr/local/src/libantlr3c-3.2/missing --run aclocal-1.9'
AMDEPBACKSLASH='\'
AMDEP_FALSE='#'
AMDEP_TRUE=''
AMTAR='${SHELL} /usr/local/src/libantlr3c-3.2/missing --run tar'
AR='mipsel-openwrt-linux-uclibc-ar'
AUTOCONF='${SHELL} /usr/local/src/libantlr3c-3.2/missing --run autoconf'
AUTOHEADER='${SHELL} /usr/local/src/libantlr3c-3.2/missing --run autoheader'
AUTOMAKE='${SHELL} /usr/local/src/libantlr3c-3.2/missing --run automake-1.9'
AWK='gawk'
CC='mipsel-openwrt-linux-uclibc-gcc'
CCDEPMODE='depmode=gcc3'
CFLAGS='  -O  '
CPP='mipsel-openwrt-linux-uclibc-gcc -E'
CPPFLAGS=''
CXX='mipsel-openwrt-linux-uclibc-g++'
CXXCPP='mipsel-openwrt-linux-uclibc-g++ -E'
CXXDEPMODE='depmode=gcc3'
CXXFLAGS='-g -O2'
CYGPATH_W='echo'
DEFS='-DHAVE_CONFIG_H'
DEPDIR='.deps'
ECHO='echo'
ECHO_C=''
ECHO_N='-n'
ECHO_T=''
EGREP='/bin/grep -E'
EXEEXT=''
F77=''
FFLAGS=''
GREP='/bin/grep'
INSTALL_DATA='${INSTALL} -m 644'
INSTALL_PROGRAM='${INSTALL}'
INSTALL_SCRIPT='${INSTALL}'
INSTALL_STRIP_PROGRAM='${SHELL} $(install_sh) -c -s'
LDFLAGS=''
LIBOBJS=''
LIBS=''
LIBTOOL='$(SHELL) $(top_builddir)/libtool'
LN_S='ln -s'
LTLIBOBJS=''
MAINT='#'
MAINTAINER_MODE_FALSE=''
MAINTAINER_MODE_TRUE='#'
MAKEINFO='${SHELL} /usr/local/src/libantlr3c-3.2/missing --run makeinfo'
OBJECT_MODE=''
OBJEXT='o'
PACKAGE='libantlr3c'
PACKAGE_BUGREPORT='jimi@temporal-wave.com'
PACKAGE_NAME='libantlr3c'
PACKAGE_STRING='libantlr3c 3.2'
PACKAGE_TARNAME='libantlr3c'
PACKAGE_VERSION='3.2'
PATH_SEPARATOR=':'
RANLIB='mipsel-openwrt-linux-uclibc-ranlib'
SED='/bin/sed'
SET_MAKE=''
SHELL='/bin/bash'
STRIP='mipsel-openwrt-linux-uclibc-strip'
VERSION='3.2'
ac_ct_CC=''
ac_ct_CXX=''
ac_ct_F77=''
am__fastdepCC_FALSE='#'
am__fastdepCC_TRUE=''
am__fastdepCXX_FALSE='#'
am__fastdepCXX_TRUE=''
am__include='include'
am__leading_dot='.'
am__quote=''
am__tar='${AMTAR} chof - "$$tardir"'
am__untar='${AMTAR} xf -'
bindir='${exec_prefix}/bin'
build='i686-pc-linux-gnu'
build_alias=''
build_cpu='i686'
build_os='linux-gnu'
build_vendor='pc'
datadir='${datarootdir}'
datarootdir='${prefix}/share'
docdir='${datarootdir}/doc/${PACKAGE_TARNAME}'
dvidir='${docdir}'
exec_prefix='${prefix}'
host='mipsel-openwrt-linux-uclibc'
host_alias='mipsel-openwrt-linux-uclibc'
host_cpu='mipsel'
host_os='linux-uclibc'
host_vendor='openwrt'
htmldir='${docdir}'
includedir='${prefix}/include'
infodir='${datarootdir}/info'
install_sh='/usr/local/src/libantlr3c-3.2/install-sh'
libdir='${exec_prefix}/lib'
libexecdir='${exec_prefix}/libexec'
localedir='${datarootdir}/locale'
localstatedir='${prefix}/var'
mandir='${datarootdir}/man'
mkdir_p='mkdir -p --'
oldincludedir='/usr/include'
pdfdir='${docdir}'
prefix='/home/openwrt/staging_dir/toolchain-mipsel_24kec+dsp_gcc-4.8-linaro_uClibc-0.9.33.2'
program_transform_name='s,x,x,'
psdir='${docdir}'
sbindir='${exec_prefix}/sbin'
sharedstatedir='${prefix}/com'
sysconfdir='${prefix}/etc'
target_alias=''

## ----------- ##
## confdefs.h. ##
## ----------- ##

#define PACKAGE_NAME "libantlr3c"
#define PACKAGE_TARNAME "libantlr3c"
#define PACKAGE_VERSION "3.2"
#define PACKAGE_STRING "libantlr3c 3.2"
#define PACKAGE_BUGREPORT "jimi@temporal-wave.com"
#define PACKAGE "libantlr3c"
#define VERSION "3.2"
#define STDC_HEADERS 1
#define HAVE_SYS_TYPES_H 1
#define HAVE_SYS_STAT_H 1
#define HAVE_STDLIB_H 1
#define HAVE_STRING_H 1
#define HAVE_MEMORY_H 1
#define HAVE_STRINGS_H 1
#define HAVE_INTTYPES_H 1
#define HAVE_STDINT_H 1
#define HAVE_UNISTD_H 1
#define HAVE_DLFCN_H 1
#define HAVE_SYS_TYPES_H 1
#define HAVE_NETINET_IN_H 1
#define HAVE_ARPA_NAMESER_H 1
#define HAVE_NETDB_H 1
#define HAVE_RESOLV_H 1
#define HAVE_MALLOC_H 1
#define HAVE_STDARG_H 1
#define HAVE_SYS_STAT_H 1
#define HAVE_CTYPE_H 1
#define HAVE_NETINET_TCP_H 1
#define HAVE_SYS_SOCKET_H 1
#define HAVE_INTPTR_T 1
#define HAVE_UINTPTR_T 1
#define HAVE_MEMMOVE 1
#define HAVE_MEMSET 1
#define HAVE_STRDUP 1
#define HAVE_ACCEPT 1

configure: exit 0
