This file contains any messages produced by compilers while
running configure, to aid debugging if configure makes a mistake.

It was created by ortp configure 0.24.2, which was
generated by GNU Autoconf 2.67.  Invocation command line was

  $ ./configure --disable-option-checking --prefix=/mipsbuild --host=mipsel-openwrt-linux-uclibc --disable-static --disable-glib --enable-gnome_ui=no --disable-manual --enable-ipv6 --enable-alsa --enable-gtk_ui=no --enable-video=no --enable-strict=no --enable-artsc=no --enable-libv4l1=no --enable-libv4l2=no --enable-libv4lconvert=no CFLAGS=-I/home/openwrt/staging_dir/toolchain-mipsel_24kec+dsp_gcc-4.8-linaro_uClibc-0.9.33.2/include -L/home/openwrt/staging_dir/toolchain-mipsel_24kec+dsp_gcc-4.8-linaro_uClibc-0.9.33.2/lib PKG_CONFIG_PATH=/home/openwrt/staging_dir/toolchain-mipsel_24kec+dsp_gcc-4.8-linaro_uClibc-0.9.33.2/lib/pkgconfig host_alias=mipsel-openwrt-linux-uclibc --cache-file=/dev/null --srcdir=.

## --------- ##
## Platform. ##
## --------- ##

hostname = ubuntu
uname -m = i686
uname -r = 2.6.35-22-generic
uname -s = Linux
uname -v = #33-Ubuntu SMP Sun Sep 19 20:34:50 UTC 2010

/usr/bin/uname -p = unknown
/bin/uname -X     = unknown

/bin/arch              = unknown
/usr/bin/arch -k       = unknown
/usr/convex/getsysinfo = unknown
/usr/bin/hostinfo      = unknown
/bin/machine           = unknown
/usr/bin/oslevel       = unknown
/bin/universe          = unknown

PATH: /usr/lib/jvm/java/bin
PATH: /usr/lib/jvm/java/bin
PATH: /usr/local/sbin
PATH: /usr/local/bin
PATH: /usr/sbin
PATH: /usr/bin
PATH: /sbin
PATH: /bin
PATH: /usr/games
PATH: /usr/local/arm/4.4.3/bin
PATH: /usr/local/mips/buildroot-gcc342/bin
PATH: /home/openwrt/staging_dir/toolchain-mipsel_24kec+dsp_gcc-4.8-linaro_uClibc-0.9.33.2/bin
PATH: /usr/local/arm/4.4.3/bin
PATH: /usr/local/mips/buildroot-gcc342/bin
PATH: /home/openwrt/staging_dir/toolchain-mipsel_24kec+dsp_gcc-4.8-linaro_uClibc-0.9.33.2/bin


## ----------- ##
## Core tests. ##
## ----------- ##

configure:2402: checking build system type
configure:2416: result: i686-pc-linux-gnu
configure:2436: checking host system type
configure:2449: result: mipsel-openwrt-linux-uclibc
configure:2469: checking target system type
configure:2482: result: mipsel-openwrt-linux-uclibc
configure:2556: checking for a BSD-compatible install
configure:2624: result: /usr/bin/install -c
configure:2635: checking whether build environment is sane
configure:2685: result: yes
configure:2734: checking for mipsel-openwrt-linux-uclibc-strip
configure:2750: found /home/openwrt/staging_dir/toolchain-mipsel_24kec+dsp_gcc-4.8-linaro_uClibc-0.9.33.2/bin/mipsel-openwrt-linux-uclibc-strip
configure:2761: result: mipsel-openwrt-linux-uclibc-strip
configure:2826: checking for a thread-safe mkdir -p
configure:2865: result: /bin/mkdir -p
configure:2873: checking for gawk
configure:2889: found /usr/bin/gawk
configure:2900: result: gawk
configure:2911: checking whether make sets $(MAKE)
configure:2933: result: yes
configure:3008: checking how to create a ustar tar archive
configure:3021: tar --version
tar (GNU tar) 1.23
Copyright (C) 2010 Free Software Foundation, Inc.
License GPLv3+: GNU GPL version 3 or later <http://gnu.org/licenses/gpl.html>.
This is free software: you are free to change and redistribute it.
There is NO WARRANTY, to the extent permitted by law.

Written by John Gilmore and Jay Fenlason.
configure:3024: $? = 0
configure:3064: tardir=conftest.dir && eval tar --format=ustar -chf - "$tardir" >conftest.tar
configure:3067: $? = 0
configure:3071: tar -xf - <conftest.tar
configure:3074: $? = 0
configure:3087: result: gnutar
configure:3140: checking for mipsel-openwrt-linux-uclibc-gcc
configure:3156: found /home/openwrt/staging_dir/toolchain-mipsel_24kec+dsp_gcc-4.8-linaro_uClibc-0.9.33.2/bin/mipsel-openwrt-linux-uclibc-gcc
configure:3167: result: mipsel-openwrt-linux-uclibc-gcc
configure:3436: checking for C compiler version
configure:3445: mipsel-openwrt-linux-uclibc-gcc --version >&5
mipsel-openwrt-linux-uclibc-gcc (OpenWrt/Linaro GCC 4.8-2014.04 r49363) 4.8.3
Copyright (C) 2013 Free Software Foundation, Inc.
This is free software; see the source for copying conditions.  There is NO
warranty; not even for MERCHANTABILITY or FITNESS FOR A PARTICULAR PURPOSE.

configure:3456: $? = 0
configure:3445: mipsel-openwrt-linux-uclibc-gcc -v >&5
Reading specs from /home/openwrt/staging_dir/toolchain-mipsel_24kec+dsp_gcc-4.8-linaro_uClibc-0.9.33.2/lib/gcc/mipsel-openwrt-linux-uclibc/4.8.3/specs
COLLECT_GCC=mipsel-openwrt-linux-uclibc-gcc
COLLECT_LTO_WRAPPER=/home/openwrt/staging_dir/toolchain-mipsel_24kec+dsp_gcc-4.8-linaro_uClibc-0.9.33.2/libexec/gcc/mipsel-openwrt-linux-uclibc/4.8.3/lto-wrapper
Target: mipsel-openwrt-linux-uclibc
Configured with: /home/openwrt/build_dir/toolchain-mipsel_24kec+dsp_gcc-4.8-linaro_uClibc-0.9.33.2/gcc-linaro-4.8-2014.04/configure --with-bugurl=https://dev.openwrt.org/ --with-pkgversion='OpenWrt/Linaro GCC 4.8-2014.04 r49363' --prefix=/home/openwrt/staging_dir/toolchain-mipsel_24kec+dsp_gcc-4.8-linaro_uClibc-0.9.33.2 --build=i686-linux-gnu --host=i686-linux-gnu --target=mipsel-openwrt-linux-uclibc --with-gnu-ld --enable-target-optspace --disable-libgomp --disable-libmudflap --disable-multilib --disable-nls --with-host-libstdcxx=-lstdc++ --with-float=soft --with-gmp=/home/openwrt/staging_dir/host --with-mpfr=/home/openwrt/staging_dir/host --with-mpc=/home/openwrt/staging_dir/host --disable-decimal-float --with-mips-plt --disable-libssp --disable-__cxa_atexit --with-headers=/home/openwrt/staging_dir/toolchain-mipsel_24kec+dsp_gcc-4.8-linaro_uClibc-0.9.33.2/include --disable-libsanitizer --enable-languages=c,c++ --enable-shared --enable-threads --with-slibdir=/home/openwrt/staging_dir/toolchain-mipsel_24kec+dsp_gcc-4.8-linaro_uClibc-0.9.33.2/lib
Thread model: posix
gcc version 4.8.3 (OpenWrt/Linaro GCC 4.8-2014.04 r49363) 
configure:3456: $? = 0
configure:3445: mipsel-openwrt-linux-uclibc-gcc -V >&5
mipsel-openwrt-linux-uclibc-gcc: error: unrecognized command line option '-V'
mipsel-openwrt-linux-uclibc-gcc: fatal error: no input files
compilation terminated.
configure:3456: $? = 1
configure:3445: mipsel-openwrt-linux-uclibc-gcc -qversion >&5
mipsel-openwrt-linux-uclibc-gcc: error: unrecognized command line option '-qversion'
mipsel-openwrt-linux-uclibc-gcc: fatal error: no input files
compilation terminated.
configure:3456: $? = 1
configure:3476: checking whether the C compiler works
configure:3498: mipsel-openwrt-linux-uclibc-gcc -I/home/openwrt/staging_dir/toolchain-mipsel_24kec+dsp_gcc-4.8-linaro_uClibc-0.9.33.2/include -L/home/openwrt/staging_dir/toolchain-mipsel_24kec+dsp_gcc-4.8-linaro_uClibc-0.9.33.2/lib   conftest.c  >&5
configure:3502: $? = 0
configure:3550: result: yes
configure:3553: checking for C compiler default output file name
configure:3555: result: a.out
configure:3561: checking for suffix of executables
configure:3568: mipsel-openwrt-linux-uclibc-gcc -o conftest -I/home/openwrt/staging_dir/toolchain-mipsel_24kec+dsp_gcc-4.8-linaro_uClibc-0.9.33.2/include -L/home/openwrt/staging_dir/toolchain-mipsel_24kec+dsp_gcc-4.8-linaro_uClibc-0.9.33.2/lib   conftest.c  >&5
configure:3572: $? = 0
configure:3594: result: 
configure:3616: checking whether we are cross compiling
configure:3624: mipsel-openwrt-linux-uclibc-gcc -o conftest -I/home/openwrt/staging_dir/toolchain-mipsel_24kec+dsp_gcc-4.8-linaro_uClibc-0.9.33.2/include -L/home/openwrt/staging_dir/toolchain-mipsel_24kec+dsp_gcc-4.8-linaro_uClibc-0.9.33.2/lib   conftest.c  >&5
configure:3628: $? = 0
configure:3635: ./conftest
./configure: line 3637: ./conftest: cannot execute binary file
configure:3639: $? = 126
configure:3654: result: yes
configure:3659: checking for suffix of object files
configure:3681: mipsel-openwrt-linux-uclibc-gcc -c -I/home/openwrt/staging_dir/toolchain-mipsel_24kec+dsp_gcc-4.8-linaro_uClibc-0.9.33.2/include -L/home/openwrt/staging_dir/toolchain-mipsel_24kec+dsp_gcc-4.8-linaro_uClibc-0.9.33.2/lib  conftest.c >&5
configure:3685: $? = 0
configure:3706: result: o
configure:3710: checking whether we are using the GNU C compiler
configure:3729: mipsel-openwrt-linux-uclibc-gcc -c -I/home/openwrt/staging_dir/toolchain-mipsel_24kec+dsp_gcc-4.8-linaro_uClibc-0.9.33.2/include -L/home/openwrt/staging_dir/toolchain-mipsel_24kec+dsp_gcc-4.8-linaro_uClibc-0.9.33.2/lib  conftest.c >&5
configure:3729: $? = 0
configure:3738: result: yes
configure:3747: checking whether mipsel-openwrt-linux-uclibc-gcc accepts -g
configure:3767: mipsel-openwrt-linux-uclibc-gcc -c -g  conftest.c >&5
configure:3767: $? = 0
configure:3808: result: yes
configure:3825: checking for mipsel-openwrt-linux-uclibc-gcc option to accept ISO C89
configure:3889: mipsel-openwrt-linux-uclibc-gcc  -c -I/home/openwrt/staging_dir/toolchain-mipsel_24kec+dsp_gcc-4.8-linaro_uClibc-0.9.33.2/include -L/home/openwrt/staging_dir/toolchain-mipsel_24kec+dsp_gcc-4.8-linaro_uClibc-0.9.33.2/lib  conftest.c >&5
configure:3889: $? = 0
configure:3902: result: none needed
configure:3933: checking for style of include used by make
configure:3961: result: GNU
configure:3986: checking dependency style of mipsel-openwrt-linux-uclibc-gcc
configure:4096: result: gcc3
configure:4136: checking for a sed that does not truncate output
configure:4200: result: /bin/sed
configure:4218: checking for grep that handles long lines and -e
configure:4276: result: /bin/grep
configure:4281: checking for egrep
configure:4343: result: /bin/grep -E
configure:4348: checking for fgrep
configure:4410: result: /bin/grep -F
configure:4445: checking for ld used by mipsel-openwrt-linux-uclibc-gcc
configure:4512: result: /home/openwrt/staging_dir/toolchain-mipsel_24kec+dsp_gcc-4.8-linaro_uClibc-0.9.33.2/mipsel-openwrt-linux-uclibc/bin/ld
configure:4519: checking if the linker (/home/openwrt/staging_dir/toolchain-mipsel_24kec+dsp_gcc-4.8-linaro_uClibc-0.9.33.2/mipsel-openwrt-linux-uclibc/bin/ld) is GNU ld
configure:4534: result: yes
configure:4546: checking for BSD- or MS-compatible name lister (nm)
configure:4595: result: /home/openwrt/staging_dir/toolchain-mipsel_24kec+dsp_gcc-4.8-linaro_uClibc-0.9.33.2/bin/mipsel-openwrt-linux-uclibc-nm -B
configure:4713: checking the name lister (/home/openwrt/staging_dir/toolchain-mipsel_24kec+dsp_gcc-4.8-linaro_uClibc-0.9.33.2/bin/mipsel-openwrt-linux-uclibc-nm -B) interface
configure:4720: mipsel-openwrt-linux-uclibc-gcc -c -I/home/openwrt/staging_dir/toolchain-mipsel_24kec+dsp_gcc-4.8-linaro_uClibc-0.9.33.2/include -L/home/openwrt/staging_dir/toolchain-mipsel_24kec+dsp_gcc-4.8-linaro_uClibc-0.9.33.2/lib  conftest.c >&5
configure:4723: /home/openwrt/staging_dir/toolchain-mipsel_24kec+dsp_gcc-4.8-linaro_uClibc-0.9.33.2/bin/mipsel-openwrt-linux-uclibc-nm -B "conftest.o"
configure:4726: output
00000000 B some_variable
configure:4733: result: BSD nm
configure:4736: checking whether ln -s works
configure:4740: result: yes
configure:4748: checking the maximum length of command line arguments
configure:4868: result: 1572864
configure:4885: checking whether the shell understands some XSI constructs
configure:4895: result: yes
configure:4899: checking whether the shell understands "+="
configure:4905: result: yes
configure:4940: checking for /home/openwrt/staging_dir/toolchain-mipsel_24kec+dsp_gcc-4.8-linaro_uClibc-0.9.33.2/mipsel-openwrt-linux-uclibc/bin/ld option to reload object files
configure:4947: result: -r
configure:4976: checking for mipsel-openwrt-linux-uclibc-objdump
configure:4992: found /home/openwrt/staging_dir/toolchain-mipsel_24kec+dsp_gcc-4.8-linaro_uClibc-0.9.33.2/bin/mipsel-openwrt-linux-uclibc-objdump
configure:5003: result: mipsel-openwrt-linux-uclibc-objdump
configure:5072: checking how to recognize dependent libraries
configure:5268: result: pass_all
configure:5288: checking for mipsel-openwrt-linux-uclibc-ar
configure:5304: found /home/openwrt/staging_dir/toolchain-mipsel_24kec+dsp_gcc-4.8-linaro_uClibc-0.9.33.2/bin/mipsel-openwrt-linux-uclibc-ar
configure:5315: result: mipsel-openwrt-linux-uclibc-ar
configure:5393: checking for mipsel-openwrt-linux-uclibc-strip
configure:5420: result: mipsel-openwrt-linux-uclibc-strip
configure:5492: checking for mipsel-openwrt-linux-uclibc-ranlib
configure:5508: found /home/openwrt/staging_dir/toolchain-mipsel_24kec+dsp_gcc-4.8-linaro_uClibc-0.9.33.2/bin/mipsel-openwrt-linux-uclibc-ranlib
configure:5519: result: mipsel-openwrt-linux-uclibc-ranlib
configure:5649: checking command to parse /home/openwrt/staging_dir/toolchain-mipsel_24kec+dsp_gcc-4.8-linaro_uClibc-0.9.33.2/bin/mipsel-openwrt-linux-uclibc-nm -B output from mipsel-openwrt-linux-uclibc-gcc object
configure:5767: mipsel-openwrt-linux-uclibc-gcc -c -I/home/openwrt/staging_dir/toolchain-mipsel_24kec+dsp_gcc-4.8-linaro_uClibc-0.9.33.2/include -L/home/openwrt/staging_dir/toolchain-mipsel_24kec+dsp_gcc-4.8-linaro_uClibc-0.9.33.2/lib  conftest.c >&5
configure:5770: $? = 0
configure:5774: /home/openwrt/staging_dir/toolchain-mipsel_24kec+dsp_gcc-4.8-linaro_uClibc-0.9.33.2/bin/mipsel-openwrt-linux-uclibc-nm -B conftest.o \| sed -n -e 's/^.*[	 ]\([ABCDGIRSTW][ABCDGIRSTW]*\)[	 ][	 ]*\([_A-Za-z][_A-Za-z0-9]*\)$/\1 \2 \2/p' \> conftest.nm
configure:5777: $? = 0
configure:5831: mipsel-openwrt-linux-uclibc-gcc -o conftest -I/home/openwrt/staging_dir/toolchain-mipsel_24kec+dsp_gcc-4.8-linaro_uClibc-0.9.33.2/include -L/home/openwrt/staging_dir/toolchain-mipsel_24kec+dsp_gcc-4.8-linaro_uClibc-0.9.33.2/lib   conftest.c conftstm.o >&5
configure:5834: $? = 0
configure:5872: result: ok
configure:6681: checking how to run the C preprocessor
configure:6712: mipsel-openwrt-linux-uclibc-gcc -E  conftest.c
configure:6712: $? = 0
configure:6726: mipsel-openwrt-linux-uclibc-gcc -E  conftest.c
conftest.c:15:28: fatal error: ac_nonexistent.h: No such file or directory
 #include <ac_nonexistent.h>
                            ^
compilation terminated.
configure:6726: $? = 1
configure: failed program was:
| /* confdefs.h */
| #define PACKAGE_NAME "ortp"
| #define PACKAGE_TARNAME "ortp"
| #define PACKAGE_VERSION "0.24.2"
| #define PACKAGE_STRING "ortp 0.24.2"
| #define PACKAGE_BUGREPORT ""
| #define PACKAGE_URL ""
| #define PACKAGE "ortp"
| #define VERSION "0.24.2"
| #define ORTP_MAJOR_VERSION 0
| #define ORTP_MINOR_VERSION 24
| #define ORTP_MICRO_VERSION 2
| #define ORTP_VERSION "0.24.2"
| /* end confdefs.h.  */
| #include <ac_nonexistent.h>
configure:6751: result: mipsel-openwrt-linux-uclibc-gcc -E
configure:6771: mipsel-openwrt-linux-uclibc-gcc -E  conftest.c
configure:6771: $? = 0
configure:6785: mipsel-openwrt-linux-uclibc-gcc -E  conftest.c
conftest.c:15:28: fatal error: ac_nonexistent.h: No such file or directory
 #include <ac_nonexistent.h>
                            ^
compilation terminated.
configure:6785: $? = 1
configure: failed program was:
| /* confdefs.h */
| #define PACKAGE_NAME "ortp"
| #define PACKAGE_TARNAME "ortp"
| #define PACKAGE_VERSION "0.24.2"
| #define PACKAGE_STRING "ortp 0.24.2"
| #define PACKAGE_BUGREPORT ""
| #define PACKAGE_URL ""
| #define PACKAGE "ortp"
| #define VERSION "0.24.2"
| #define ORTP_MAJOR_VERSION 0
| #define ORTP_MINOR_VERSION 24
| #define ORTP_MICRO_VERSION 2
| #define ORTP_VERSION "0.24.2"
| /* end confdefs.h.  */
| #include <ac_nonexistent.h>
configure:6814: checking for ANSI C header files
configure:6834: mipsel-openwrt-linux-uclibc-gcc -c -I/home/openwrt/staging_dir/toolchain-mipsel_24kec+dsp_gcc-4.8-linaro_uClibc-0.9.33.2/include -L/home/openwrt/staging_dir/toolchain-mipsel_24kec+dsp_gcc-4.8-linaro_uClibc-0.9.33.2/lib  conftest.c >&5
configure:6834: $? = 0
configure:6918: result: yes
configure:6931: checking for sys/types.h
configure:6931: mipsel-openwrt-linux-uclibc-gcc -c -I/home/openwrt/staging_dir/toolchain-mipsel_24kec+dsp_gcc-4.8-linaro_uClibc-0.9.33.2/include -L/home/openwrt/staging_dir/toolchain-mipsel_24kec+dsp_gcc-4.8-linaro_uClibc-0.9.33.2/lib  conftest.c >&5
configure:6931: $? = 0
configure:6931: result: yes
configure:6931: checking for sys/stat.h
configure:6931: mipsel-openwrt-linux-uclibc-gcc -c -I/home/openwrt/staging_dir/toolchain-mipsel_24kec+dsp_gcc-4.8-linaro_uClibc-0.9.33.2/include -L/home/openwrt/staging_dir/toolchain-mipsel_24kec+dsp_gcc-4.8-linaro_uClibc-0.9.33.2/lib  conftest.c >&5
configure:6931: $? = 0
configure:6931: result: yes
configure:6931: checking for stdlib.h
configure:6931: mipsel-openwrt-linux-uclibc-gcc -c -I/home/openwrt/staging_dir/toolchain-mipsel_24kec+dsp_gcc-4.8-linaro_uClibc-0.9.33.2/include -L/home/openwrt/staging_dir/toolchain-mipsel_24kec+dsp_gcc-4.8-linaro_uClibc-0.9.33.2/lib  conftest.c >&5
configure:6931: $? = 0
configure:6931: result: yes
configure:6931: checking for string.h
configure:6931: mipsel-openwrt-linux-uclibc-gcc -c -I/home/openwrt/staging_dir/toolchain-mipsel_24kec+dsp_gcc-4.8-linaro_uClibc-0.9.33.2/include -L/home/openwrt/staging_dir/toolchain-mipsel_24kec+dsp_gcc-4.8-linaro_uClibc-0.9.33.2/lib  conftest.c >&5
configure:6931: $? = 0
configure:6931: result: yes
configure:6931: checking for memory.h
configure:6931: mipsel-openwrt-linux-uclibc-gcc -c -I/home/openwrt/staging_dir/toolchain-mipsel_24kec+dsp_gcc-4.8-linaro_uClibc-0.9.33.2/include -L/home/openwrt/staging_dir/toolchain-mipsel_24kec+dsp_gcc-4.8-linaro_uClibc-0.9.33.2/lib  conftest.c >&5
configure:6931: $? = 0
configure:6931: result: yes
configure:6931: checking for strings.h
configure:6931: mipsel-openwrt-linux-uclibc-gcc -c -I/home/openwrt/staging_dir/toolchain-mipsel_24kec+dsp_gcc-4.8-linaro_uClibc-0.9.33.2/include -L/home/openwrt/staging_dir/toolchain-mipsel_24kec+dsp_gcc-4.8-linaro_uClibc-0.9.33.2/lib  conftest.c >&5
configure:6931: $? = 0
configure:6931: result: yes
configure:6931: checking for inttypes.h
configure:6931: mipsel-openwrt-linux-uclibc-gcc -c -I/home/openwrt/staging_dir/toolchain-mipsel_24kec+dsp_gcc-4.8-linaro_uClibc-0.9.33.2/include -L/home/openwrt/staging_dir/toolchain-mipsel_24kec+dsp_gcc-4.8-linaro_uClibc-0.9.33.2/lib  conftest.c >&5
configure:6931: $? = 0
configure:6931: result: yes
configure:6931: checking for stdint.h
configure:6931: mipsel-openwrt-linux-uclibc-gcc -c -I/home/openwrt/staging_dir/toolchain-mipsel_24kec+dsp_gcc-4.8-linaro_uClibc-0.9.33.2/include -L/home/openwrt/staging_dir/toolchain-mipsel_24kec+dsp_gcc-4.8-linaro_uClibc-0.9.33.2/lib  conftest.c >&5
configure:6931: $? = 0
configure:6931: result: yes
configure:6931: checking for unistd.h
configure:6931: mipsel-openwrt-linux-uclibc-gcc -c -I/home/openwrt/staging_dir/toolchain-mipsel_24kec+dsp_gcc-4.8-linaro_uClibc-0.9.33.2/include -L/home/openwrt/staging_dir/toolchain-mipsel_24kec+dsp_gcc-4.8-linaro_uClibc-0.9.33.2/lib  conftest.c >&5
configure:6931: $? = 0
configure:6931: result: yes
configure:6945: checking for dlfcn.h
configure:6945: mipsel-openwrt-linux-uclibc-gcc -c -I/home/openwrt/staging_dir/toolchain-mipsel_24kec+dsp_gcc-4.8-linaro_uClibc-0.9.33.2/include -L/home/openwrt/staging_dir/toolchain-mipsel_24kec+dsp_gcc-4.8-linaro_uClibc-0.9.33.2/lib  conftest.c >&5
configure:6945: $? = 0
configure:6945: result: yes
configure:7425: checking for objdir
configure:7440: result: .libs
configure:7736: checking if mipsel-openwrt-linux-uclibc-gcc supports -fno-rtti -fno-exceptions
configure:7754: mipsel-openwrt-linux-uclibc-gcc -c -I/home/openwrt/staging_dir/toolchain-mipsel_24kec+dsp_gcc-4.8-linaro_uClibc-0.9.33.2/include -L/home/openwrt/staging_dir/toolchain-mipsel_24kec+dsp_gcc-4.8-linaro_uClibc-0.9.33.2/lib  -fno-rtti -fno-exceptions conftest.c >&5
cc1: warning: command line option '-fno-rtti' is valid for C++/ObjC++ but not for C [enabled by default]
configure:7758: $? = 0
configure:7771: result: no
configure:7791: checking for mipsel-openwrt-linux-uclibc-gcc option to produce PIC
configure:8063: result: -fPIC -DPIC
configure:8075: checking if mipsel-openwrt-linux-uclibc-gcc PIC flag -fPIC -DPIC works
configure:8093: mipsel-openwrt-linux-uclibc-gcc -c -I/home/openwrt/staging_dir/toolchain-mipsel_24kec+dsp_gcc-4.8-linaro_uClibc-0.9.33.2/include -L/home/openwrt/staging_dir/toolchain-mipsel_24kec+dsp_gcc-4.8-linaro_uClibc-0.9.33.2/lib  -fPIC -DPIC -DPIC conftest.c >&5
configure:8097: $? = 0
configure:8110: result: yes
configure:8134: checking if mipsel-openwrt-linux-uclibc-gcc static flag -static works
configure:8162: result: yes
configure:8177: checking if mipsel-openwrt-linux-uclibc-gcc supports -c -o file.o
configure:8198: mipsel-openwrt-linux-uclibc-gcc -c -I/home/openwrt/staging_dir/toolchain-mipsel_24kec+dsp_gcc-4.8-linaro_uClibc-0.9.33.2/include -L/home/openwrt/staging_dir/toolchain-mipsel_24kec+dsp_gcc-4.8-linaro_uClibc-0.9.33.2/lib  -o out/conftest2.o conftest.c >&5
configure:8202: $? = 0
configure:8224: result: yes
configure:8232: checking if mipsel-openwrt-linux-uclibc-gcc supports -c -o file.o
configure:8279: result: yes
configure:8312: checking whether the mipsel-openwrt-linux-uclibc-gcc linker (/home/openwrt/staging_dir/toolchain-mipsel_24kec+dsp_gcc-4.8-linaro_uClibc-0.9.33.2/mipsel-openwrt-linux-uclibc/bin/ld) supports shared libraries
configure:9303: result: yes
configure:9340: checking whether -lc should be explicitly linked in
configure:9345: mipsel-openwrt-linux-uclibc-gcc -c -I/home/openwrt/staging_dir/toolchain-mipsel_24kec+dsp_gcc-4.8-linaro_uClibc-0.9.33.2/include -L/home/openwrt/staging_dir/toolchain-mipsel_24kec+dsp_gcc-4.8-linaro_uClibc-0.9.33.2/lib  conftest.c >&5
configure:9348: $? = 0
configure:9363: mipsel-openwrt-linux-uclibc-gcc -shared conftest.o  -v -Wl,-soname -Wl,conftest -o conftest 2\>\&1 \| /bin/grep  -lc  \>/dev/null 2\>\&1
configure:9366: $? = 0
configure:9378: result: no
configure:9542: checking dynamic linker characteristics
configure:9975: mipsel-openwrt-linux-uclibc-gcc -o conftest -I/home/openwrt/staging_dir/toolchain-mipsel_24kec+dsp_gcc-4.8-linaro_uClibc-0.9.33.2/include -L/home/openwrt/staging_dir/toolchain-mipsel_24kec+dsp_gcc-4.8-linaro_uClibc-0.9.33.2/lib   -Wl,-rpath -Wl,/foo conftest.c  >&5
configure:9975: $? = 0
configure:10205: result: GNU/Linux ld.so
configure:10307: checking how to hardcode library paths into programs
configure:10332: result: immediate
configure:10852: checking whether stripping libraries is possible
configure:10857: result: yes
configure:10892: checking if libtool supports shared libraries
configure:10894: result: yes
configure:10897: checking whether to build shared libraries
configure:10918: result: yes
configure:10921: checking whether to build static libraries
configure:10925: result: no
configure:10962: checking if gcc/ld supports -Wl,--output-def
configure:10983: mipsel-openwrt-linux-uclibc-gcc -o conftest -I/home/openwrt/staging_dir/toolchain-mipsel_24kec+dsp_gcc-4.8-linaro_uClibc-0.9.33.2/include -L/home/openwrt/staging_dir/toolchain-mipsel_24kec+dsp_gcc-4.8-linaro_uClibc-0.9.33.2/lib  -Wl,--output-def,conftest.def conftest.c  >&5
/home/openwrt/staging_dir/toolchain-mipsel_24kec+dsp_gcc-4.8-linaro_uClibc-0.9.33.2/lib/gcc/mipsel-openwrt-linux-uclibc/4.8.3/../../../../mipsel-openwrt-linux-uclibc/bin/ld: unrecognized option '--output-def'
/home/openwrt/staging_dir/toolchain-mipsel_24kec+dsp_gcc-4.8-linaro_uClibc-0.9.33.2/lib/gcc/mipsel-openwrt-linux-uclibc/4.8.3/../../../../mipsel-openwrt-linux-uclibc/bin/ld: use the --help option for usage information
collect2: error: ld returned 1 exit status
configure:10983: $? = 1
configure: failed program was:
| /* confdefs.h */
| #define PACKAGE_NAME "ortp"
| #define PACKAGE_TARNAME "ortp"
| #define PACKAGE_VERSION "0.24.2"
| #define PACKAGE_STRING "ortp 0.24.2"
| #define PACKAGE_BUGREPORT ""
| #define PACKAGE_URL ""
| #define PACKAGE "ortp"
| #define VERSION "0.24.2"
| #define ORTP_MAJOR_VERSION 0
| #define ORTP_MINOR_VERSION 24
| #define ORTP_MICRO_VERSION 2
| #define ORTP_VERSION "0.24.2"
| #define STDC_HEADERS 1
| #define HAVE_SYS_TYPES_H 1
| #define HAVE_SYS_STAT_H 1
| #define HAVE_STDLIB_H 1
| #define HAVE_STRING_H 1
| #define HAVE_MEMORY_H 1
| #define HAVE_STRINGS_H 1
| #define HAVE_INTTYPES_H 1
| #define HAVE_STDINT_H 1
| #define HAVE_UNISTD_H 1
| #define HAVE_DLFCN_H 1
| #define LT_OBJDIR ".libs/"
| /* end confdefs.h.  */
| 
| int
| main ()
| {
| 
|   ;
|   return 0;
| }
configure:10994: result: no
configure:11006: checking warning make an error on compilation
configure:11164: checking for seteuid
configure:11164: mipsel-openwrt-linux-uclibc-gcc -o conftest -I/home/openwrt/staging_dir/toolchain-mipsel_24kec+dsp_gcc-4.8-linaro_uClibc-0.9.33.2/include -L/home/openwrt/staging_dir/toolchain-mipsel_24kec+dsp_gcc-4.8-linaro_uClibc-0.9.33.2/lib -Wall   conftest.c  >&5
configure:11164: $? = 0
configure:11164: result: yes
configure:11176: checking for arc4random
configure:11176: mipsel-openwrt-linux-uclibc-gcc -o conftest -I/home/openwrt/staging_dir/toolchain-mipsel_24kec+dsp_gcc-4.8-linaro_uClibc-0.9.33.2/include -L/home/openwrt/staging_dir/toolchain-mipsel_24kec+dsp_gcc-4.8-linaro_uClibc-0.9.33.2/lib -Wall   conftest.c  >&5
/tmp/ccmJt3ja.o: In function `main':
conftest.c:(.text+0x10): undefined reference to `arc4random'
collect2: error: ld returned 1 exit status
configure:11176: $? = 1
configure: failed program was:
| /* confdefs.h */
| #define PACKAGE_NAME "ortp"
| #define PACKAGE_TARNAME "ortp"
| #define PACKAGE_VERSION "0.24.2"
| #define PACKAGE_STRING "ortp 0.24.2"
| #define PACKAGE_BUGREPORT ""
| #define PACKAGE_URL ""
| #define PACKAGE "ortp"
| #define VERSION "0.24.2"
| #define ORTP_MAJOR_VERSION 0
| #define ORTP_MINOR_VERSION 24
| #define ORTP_MICRO_VERSION 2
| #define ORTP_VERSION "0.24.2"
| #define STDC_HEADERS 1
| #define HAVE_SYS_TYPES_H 1
| #define HAVE_SYS_STAT_H 1
| #define HAVE_STDLIB_H 1
| #define HAVE_STRING_H 1
| #define HAVE_MEMORY_H 1
| #define HAVE_STRINGS_H 1
| #define HAVE_INTTYPES_H 1
| #define HAVE_STDINT_H 1
| #define HAVE_UNISTD_H 1
| #define HAVE_DLFCN_H 1
| #define LT_OBJDIR ".libs/"
| #define __APPLE_USE_RFC_2292 1
| #define HAVE_SETEUID 1
| /* end confdefs.h.  */
| /* Define arc4random to an innocuous variant, in case <limits.h> declares arc4random.
|    For example, HP-UX 11i <limits.h> declares gettimeofday.  */
| #define arc4random innocuous_arc4random
| 
| /* System header to define __stub macros and hopefully few prototypes,
|     which can conflict with char arc4random (); below.
|     Prefer <limits.h> to <assert.h> if __STDC__ is defined, since
|     <limits.h> exists even on freestanding compilers.  */
| 
| #ifdef __STDC__
| # include <limits.h>
| #else
| # include <assert.h>
| #endif
| 
| #undef arc4random
| 
| /* Override any GCC internal prototype to avoid an error.
|    Use char because int might match the return type of a GCC
|    builtin and then its argument prototype would still apply.  */
| #ifdef __cplusplus
| extern "C"
| #endif
| char arc4random ();
| /* The GNU C library defines this for functions which it implements
|     to always fail with ENOSYS.  Some functions are actually named
|     something starting with __ and the normal name is an alias.  */
| #if defined __stub_arc4random || defined __stub___arc4random
| choke me
| #endif
| 
| int
| main ()
| {
| return arc4random ();
|   ;
|   return 0;
| }
configure:11176: result: no
configure:11187: checking for pthread_mutex_init in -lpthread
configure:11212: mipsel-openwrt-linux-uclibc-gcc -o conftest -I/home/openwrt/staging_dir/toolchain-mipsel_24kec+dsp_gcc-4.8-linaro_uClibc-0.9.33.2/include -L/home/openwrt/staging_dir/toolchain-mipsel_24kec+dsp_gcc-4.8-linaro_uClibc-0.9.33.2/lib -Wall   conftest.c -lpthread   >&5
configure:11212: $? = 0
configure:11221: result: yes
configure:11254: checking for clock_gettime in -lrt
configure:11279: mipsel-openwrt-linux-uclibc-gcc -o conftest -I/home/openwrt/staging_dir/toolchain-mipsel_24kec+dsp_gcc-4.8-linaro_uClibc-0.9.33.2/include -L/home/openwrt/staging_dir/toolchain-mipsel_24kec+dsp_gcc-4.8-linaro_uClibc-0.9.33.2/lib -Wall   conftest.c -lrt   >&5
configure:11279: $? = 0
configure:11288: result: yes
configure:11331: checking for ANSI C header files
configure:11435: result: yes
configure:11446: checking poll.h usability
configure:11446: mipsel-openwrt-linux-uclibc-gcc -c -I/home/openwrt/staging_dir/toolchain-mipsel_24kec+dsp_gcc-4.8-linaro_uClibc-0.9.33.2/include -L/home/openwrt/staging_dir/toolchain-mipsel_24kec+dsp_gcc-4.8-linaro_uClibc-0.9.33.2/lib -Wall  conftest.c >&5
configure:11446: $? = 0
configure:11446: result: yes
configure:11446: checking poll.h presence
configure:11446: mipsel-openwrt-linux-uclibc-gcc -E  conftest.c
configure:11446: $? = 0
configure:11446: result: yes
configure:11446: checking for poll.h
configure:11446: result: yes
configure:11446: checking sys/poll.h usability
configure:11446: mipsel-openwrt-linux-uclibc-gcc -c -I/home/openwrt/staging_dir/toolchain-mipsel_24kec+dsp_gcc-4.8-linaro_uClibc-0.9.33.2/include -L/home/openwrt/staging_dir/toolchain-mipsel_24kec+dsp_gcc-4.8-linaro_uClibc-0.9.33.2/lib -Wall  conftest.c >&5
configure:11446: $? = 0
configure:11446: result: yes
configure:11446: checking sys/poll.h presence
configure:11446: mipsel-openwrt-linux-uclibc-gcc -E  conftest.c
configure:11446: $? = 0
configure:11446: result: yes
configure:11446: checking for sys/poll.h
configure:11446: result: yes
configure:11446: checking sys/uio.h usability
configure:11446: mipsel-openwrt-linux-uclibc-gcc -c -I/home/openwrt/staging_dir/toolchain-mipsel_24kec+dsp_gcc-4.8-linaro_uClibc-0.9.33.2/include -L/home/openwrt/staging_dir/toolchain-mipsel_24kec+dsp_gcc-4.8-linaro_uClibc-0.9.33.2/lib -Wall  conftest.c >&5
configure:11446: $? = 0
configure:11446: result: yes
configure:11446: checking sys/uio.h presence
configure:11446: mipsel-openwrt-linux-uclibc-gcc -E  conftest.c
configure:11446: $? = 0
configure:11446: result: yes
configure:11446: checking for sys/uio.h
configure:11446: result: yes
configure:11446: checking fcntl.h usability
configure:11446: mipsel-openwrt-linux-uclibc-gcc -c -I/home/openwrt/staging_dir/toolchain-mipsel_24kec+dsp_gcc-4.8-linaro_uClibc-0.9.33.2/include -L/home/openwrt/staging_dir/toolchain-mipsel_24kec+dsp_gcc-4.8-linaro_uClibc-0.9.33.2/lib -Wall  conftest.c >&5
configure:11446: $? = 0
configure:11446: result: yes
configure:11446: checking fcntl.h presence
configure:11446: mipsel-openwrt-linux-uclibc-gcc -E  conftest.c
configure:11446: $? = 0
configure:11446: result: yes
configure:11446: checking for fcntl.h
configure:11446: result: yes
configure:11446: checking sys/time.h usability
configure:11446: mipsel-openwrt-linux-uclibc-gcc -c -I/home/openwrt/staging_dir/toolchain-mipsel_24kec+dsp_gcc-4.8-linaro_uClibc-0.9.33.2/include -L/home/openwrt/staging_dir/toolchain-mipsel_24kec+dsp_gcc-4.8-linaro_uClibc-0.9.33.2/lib -Wall  conftest.c >&5
configure:11446: $? = 0
configure:11446: result: yes
configure:11446: checking sys/time.h presence
configure:11446: mipsel-openwrt-linux-uclibc-gcc -E  conftest.c
configure:11446: $? = 0
configure:11446: result: yes
configure:11446: checking for sys/time.h
configure:11446: result: yes
configure:11446: checking for unistd.h
configure:11446: result: yes
configure:11446: checking sys/audio.h usability
configure:11446: mipsel-openwrt-linux-uclibc-gcc -c -I/home/openwrt/staging_dir/toolchain-mipsel_24kec+dsp_gcc-4.8-linaro_uClibc-0.9.33.2/include -L/home/openwrt/staging_dir/toolchain-mipsel_24kec+dsp_gcc-4.8-linaro_uClibc-0.9.33.2/lib -Wall  conftest.c >&5
conftest.c:70:23: fatal error: sys/audio.h: No such file or directory
 #include <sys/audio.h>
                       ^
compilation terminated.
configure:11446: $? = 1
configure: failed program was:
| /* confdefs.h */
| #define PACKAGE_NAME "ortp"
| #define PACKAGE_TARNAME "ortp"
| #define PACKAGE_VERSION "0.24.2"
| #define PACKAGE_STRING "ortp 0.24.2"
| #define PACKAGE_BUGREPORT ""
| #define PACKAGE_URL ""
| #define PACKAGE "ortp"
| #define VERSION "0.24.2"
| #define ORTP_MAJOR_VERSION 0
| #define ORTP_MINOR_VERSION 24
| #define ORTP_MICRO_VERSION 2
| #define ORTP_VERSION "0.24.2"
| #define STDC_HEADERS 1
| #define HAVE_SYS_TYPES_H 1
| #define HAVE_SYS_STAT_H 1
| #define HAVE_STDLIB_H 1
| #define HAVE_STRING_H 1
| #define HAVE_MEMORY_H 1
| #define HAVE_STRINGS_H 1
| #define HAVE_INTTYPES_H 1
| #define HAVE_STDINT_H 1
| #define HAVE_UNISTD_H 1
| #define HAVE_DLFCN_H 1
| #define LT_OBJDIR ".libs/"
| #define __APPLE_USE_RFC_2292 1
| #define HAVE_SETEUID 1
| #define ORTP_DEFAULT_THREAD_STACK_SIZE 0
| #define STDC_HEADERS 1
| #define HAVE_POLL_H 1
| #define HAVE_SYS_POLL_H 1
| #define HAVE_SYS_UIO_H 1
| #define HAVE_FCNTL_H 1
| #define HAVE_SYS_TIME_H 1
| #define HAVE_UNISTD_H 1
| /* end confdefs.h.  */
| #include <stdio.h>
| #ifdef HAVE_SYS_TYPES_H
| # include <sys/types.h>
| #endif
| #ifdef HAVE_SYS_STAT_H
| # include <sys/stat.h>
| #endif
| #ifdef STDC_HEADERS
| # include <stdlib.h>
| # include <stddef.h>
| #else
| # ifdef HAVE_STDLIB_H
| #  include <stdlib.h>
| # endif
| #endif
| #ifdef HAVE_STRING_H
| # if !defined STDC_HEADERS && defined HAVE_MEMORY_H
| #  include <memory.h>
| # endif
| # include <string.h>
| #endif
| #ifdef HAVE_STRINGS_H
| # include <strings.h>
| #endif
| #ifdef HAVE_INTTYPES_H
| # include <inttypes.h>
| #endif
| #ifdef HAVE_STDINT_H
| # include <stdint.h>
| #endif
| #ifdef HAVE_UNISTD_H
| # include <unistd.h>
| #endif
| #include <sys/audio.h>
configure:11446: result: no
configure:11446: checking sys/audio.h presence
configure:11446: mipsel-openwrt-linux-uclibc-gcc -E  conftest.c
conftest.c:37:23: fatal error: sys/audio.h: No such file or directory
 #include <sys/audio.h>
                       ^
compilation terminated.
configure:11446: $? = 1
configure: failed program was:
| /* confdefs.h */
| #define PACKAGE_NAME "ortp"
| #define PACKAGE_TARNAME "ortp"
| #define PACKAGE_VERSION "0.24.2"
| #define PACKAGE_STRING "ortp 0.24.2"
| #define PACKAGE_BUGREPORT ""
| #define PACKAGE_URL ""
| #define PACKAGE "ortp"
| #define VERSION "0.24.2"
| #define ORTP_MAJOR_VERSION 0
| #define ORTP_MINOR_VERSION 24
| #define ORTP_MICRO_VERSION 2
| #define ORTP_VERSION "0.24.2"
| #define STDC_HEADERS 1
| #define HAVE_SYS_TYPES_H 1
| #define HAVE_SYS_STAT_H 1
| #define HAVE_STDLIB_H 1
| #define HAVE_STRING_H 1
| #define HAVE_MEMORY_H 1
| #define HAVE_STRINGS_H 1
| #define HAVE_INTTYPES_H 1
| #define HAVE_STDINT_H 1
| #define HAVE_UNISTD_H 1
| #define HAVE_DLFCN_H 1
| #define LT_OBJDIR ".libs/"
| #define __APPLE_USE_RFC_2292 1
| #define HAVE_SETEUID 1
| #define ORTP_DEFAULT_THREAD_STACK_SIZE 0
| #define STDC_HEADERS 1
| #define HAVE_POLL_H 1
| #define HAVE_SYS_POLL_H 1
| #define HAVE_SYS_UIO_H 1
| #define HAVE_FCNTL_H 1
| #define HAVE_SYS_TIME_H 1
| #define HAVE_UNISTD_H 1
| /* end confdefs.h.  */
| #include <sys/audio.h>
configure:11446: result: no
configure:11446: checking for sys/audio.h
configure:11446: result: no
configure:11446: checking linux/soundcard.h usability
configure:11446: mipsel-openwrt-linux-uclibc-gcc -c -I/home/openwrt/staging_dir/toolchain-mipsel_24kec+dsp_gcc-4.8-linaro_uClibc-0.9.33.2/include -L/home/openwrt/staging_dir/toolchain-mipsel_24kec+dsp_gcc-4.8-linaro_uClibc-0.9.33.2/lib -Wall  conftest.c >&5
configure:11446: $? = 0
configure:11446: result: yes
configure:11446: checking linux/soundcard.h presence
configure:11446: mipsel-openwrt-linux-uclibc-gcc -E  conftest.c
configure:11446: $? = 0
configure:11446: result: yes
configure:11446: checking for linux/soundcard.h
configure:11446: result: yes
configure:11446: checking sys/shm.h usability
configure:11446: mipsel-openwrt-linux-uclibc-gcc -c -I/home/openwrt/staging_dir/toolchain-mipsel_24kec+dsp_gcc-4.8-linaro_uClibc-0.9.33.2/include -L/home/openwrt/staging_dir/toolchain-mipsel_24kec+dsp_gcc-4.8-linaro_uClibc-0.9.33.2/lib -Wall  conftest.c >&5
configure:11446: $? = 0
configure:11446: result: yes
configure:11446: checking sys/shm.h presence
configure:11446: mipsel-openwrt-linux-uclibc-gcc -E  conftest.c
configure:11446: $? = 0
configure:11446: result: yes
configure:11446: checking for sys/shm.h
configure:11446: result: yes
configure:11457: checking for an ANSI C-conforming const
configure:11522: mipsel-openwrt-linux-uclibc-gcc -c -I/home/openwrt/staging_dir/toolchain-mipsel_24kec+dsp_gcc-4.8-linaro_uClibc-0.9.33.2/include -L/home/openwrt/staging_dir/toolchain-mipsel_24kec+dsp_gcc-4.8-linaro_uClibc-0.9.33.2/lib -Wall  conftest.c >&5
conftest.c: In function 'main':
conftest.c:68:7: warning: 't' is used uninitialized in this function [-Wuninitialized]
     *t++ = 0;
       ^
conftest.c:84:23: warning: 'b' may be used uninitialized in this function [-Wmaybe-uninitialized]
     struct s *b; b->j = 5;
                       ^
configure:11522: $? = 0
configure:11529: result: yes
configure:11537: checking for inline
configure:11553: mipsel-openwrt-linux-uclibc-gcc -c -I/home/openwrt/staging_dir/toolchain-mipsel_24kec+dsp_gcc-4.8-linaro_uClibc-0.9.33.2/include -L/home/openwrt/staging_dir/toolchain-mipsel_24kec+dsp_gcc-4.8-linaro_uClibc-0.9.33.2/lib -Wall  conftest.c >&5
configure:11553: $? = 0
configure:11561: result: inline
configure:11579: checking whether time.h and sys/time.h may both be included
configure:11599: mipsel-openwrt-linux-uclibc-gcc -c -I/home/openwrt/staging_dir/toolchain-mipsel_24kec+dsp_gcc-4.8-linaro_uClibc-0.9.33.2/include -L/home/openwrt/staging_dir/toolchain-mipsel_24kec+dsp_gcc-4.8-linaro_uClibc-0.9.33.2/lib -Wall  conftest.c >&5
configure:11599: $? = 0
configure:11606: result: yes
configure:11614: checking whether byte ordering is bigendian
configure:11629: mipsel-openwrt-linux-uclibc-gcc -c -I/home/openwrt/staging_dir/toolchain-mipsel_24kec+dsp_gcc-4.8-linaro_uClibc-0.9.33.2/include -L/home/openwrt/staging_dir/toolchain-mipsel_24kec+dsp_gcc-4.8-linaro_uClibc-0.9.33.2/lib -Wall  conftest.c >&5
conftest.c:41:9: error: unknown type name 'not'
         not a universal capable compiler
         ^
conftest.c:41:15: error: expected '=', ',', ';', 'asm' or '__attribute__' before 'universal'
         not a universal capable compiler
               ^
conftest.c:41:15: error: unknown type name 'universal'
configure:11629: $? = 1
configure: failed program was:
| /* confdefs.h */
| #define PACKAGE_NAME "ortp"
| #define PACKAGE_TARNAME "ortp"
| #define PACKAGE_VERSION "0.24.2"
| #define PACKAGE_STRING "ortp 0.24.2"
| #define PACKAGE_BUGREPORT ""
| #define PACKAGE_URL ""
| #define PACKAGE "ortp"
| #define VERSION "0.24.2"
| #define ORTP_MAJOR_VERSION 0
| #define ORTP_MINOR_VERSION 24
| #define ORTP_MICRO_VERSION 2
| #define ORTP_VERSION "0.24.2"
| #define STDC_HEADERS 1
| #define HAVE_SYS_TYPES_H 1
| #define HAVE_SYS_STAT_H 1
| #define HAVE_STDLIB_H 1
| #define HAVE_STRING_H 1
| #define HAVE_MEMORY_H 1
| #define HAVE_STRINGS_H 1
| #define HAVE_INTTYPES_H 1
| #define HAVE_STDINT_H 1
| #define HAVE_UNISTD_H 1
| #define HAVE_DLFCN_H 1
| #define LT_OBJDIR ".libs/"
| #define __APPLE_USE_RFC_2292 1
| #define HAVE_SETEUID 1
| #define ORTP_DEFAULT_THREAD_STACK_SIZE 0
| #define STDC_HEADERS 1
| #define HAVE_POLL_H 1
| #define HAVE_SYS_POLL_H 1
| #define HAVE_SYS_UIO_H 1
| #define HAVE_FCNTL_H 1
| #define HAVE_SYS_TIME_H 1
| #define HAVE_UNISTD_H 1
| #define HAVE_LINUX_SOUNDCARD_H 1
| #define HAVE_SYS_SHM_H 1
| #define TIME_WITH_SYS_TIME 1
| /* end confdefs.h.  */
| #ifndef __APPLE_CC__
| 	       not a universal capable compiler
| 	     #endif
| 	     typedef int dummy;
| 
configure:11674: mipsel-openwrt-linux-uclibc-gcc -c -I/home/openwrt/staging_dir/toolchain-mipsel_24kec+dsp_gcc-4.8-linaro_uClibc-0.9.33.2/include -L/home/openwrt/staging_dir/toolchain-mipsel_24kec+dsp_gcc-4.8-linaro_uClibc-0.9.33.2/lib -Wall  conftest.c >&5
configure:11674: $? = 0
configure:11692: mipsel-openwrt-linux-uclibc-gcc -c -I/home/openwrt/staging_dir/toolchain-mipsel_24kec+dsp_gcc-4.8-linaro_uClibc-0.9.33.2/include -L/home/openwrt/staging_dir/toolchain-mipsel_24kec+dsp_gcc-4.8-linaro_uClibc-0.9.33.2/lib -Wall  conftest.c >&5
conftest.c: In function 'main':
conftest.c:47:4: error: unknown type name 'not'
    not big endian
    ^
conftest.c:47:12: error: expected '=', ',', ';', 'asm' or '__attribute__' before 'endian'
    not big endian
            ^
configure:11692: $? = 1
configure: failed program was:
| /* confdefs.h */
| #define PACKAGE_NAME "ortp"
| #define PACKAGE_TARNAME "ortp"
| #define PACKAGE_VERSION "0.24.2"
| #define PACKAGE_STRING "ortp 0.24.2"
| #define PACKAGE_BUGREPORT ""
| #define PACKAGE_URL ""
| #define PACKAGE "ortp"
| #define VERSION "0.24.2"
| #define ORTP_MAJOR_VERSION 0
| #define ORTP_MINOR_VERSION 24
| #define ORTP_MICRO_VERSION 2
| #define ORTP_VERSION "0.24.2"
| #define STDC_HEADERS 1
| #define HAVE_SYS_TYPES_H 1
| #define HAVE_SYS_STAT_H 1
| #define HAVE_STDLIB_H 1
| #define HAVE_STRING_H 1
| #define HAVE_MEMORY_H 1
| #define HAVE_STRINGS_H 1
| #define HAVE_INTTYPES_H 1
| #define HAVE_STDINT_H 1
| #define HAVE_UNISTD_H 1
| #define HAVE_DLFCN_H 1
| #define LT_OBJDIR ".libs/"
| #define __APPLE_USE_RFC_2292 1
| #define HAVE_SETEUID 1
| #define ORTP_DEFAULT_THREAD_STACK_SIZE 0
| #define STDC_HEADERS 1
| #define HAVE_POLL_H 1
| #define HAVE_SYS_POLL_H 1
| #define HAVE_SYS_UIO_H 1
| #define HAVE_FCNTL_H 1
| #define HAVE_SYS_TIME_H 1
| #define HAVE_UNISTD_H 1
| #define HAVE_LINUX_SOUNDCARD_H 1
| #define HAVE_SYS_SHM_H 1
| #define TIME_WITH_SYS_TIME 1
| /* end confdefs.h.  */
| #include <sys/types.h>
| 		#include <sys/param.h>
| 
| int
| main ()
| {
| #if BYTE_ORDER != BIG_ENDIAN
| 		 not big endian
| 		#endif
| 
|   ;
|   return 0;
| }
configure:11820: result: no
configure:11845: checking for select
configure:11845: mipsel-openwrt-linux-uclibc-gcc -o conftest -I/home/openwrt/staging_dir/toolchain-mipsel_24kec+dsp_gcc-4.8-linaro_uClibc-0.9.33.2/include -L/home/openwrt/staging_dir/toolchain-mipsel_24kec+dsp_gcc-4.8-linaro_uClibc-0.9.33.2/lib -Wall   conftest.c  >&5
configure:11845: $? = 0
configure:11845: result: yes
configure:11845: checking for socket
configure:11845: mipsel-openwrt-linux-uclibc-gcc -o conftest -I/home/openwrt/staging_dir/toolchain-mipsel_24kec+dsp_gcc-4.8-linaro_uClibc-0.9.33.2/include -L/home/openwrt/staging_dir/toolchain-mipsel_24kec+dsp_gcc-4.8-linaro_uClibc-0.9.33.2/lib -Wall   conftest.c  >&5
configure:11845: $? = 0
configure:11845: result: yes
configure:11845: checking for strerror
configure:11845: mipsel-openwrt-linux-uclibc-gcc -o conftest -I/home/openwrt/staging_dir/toolchain-mipsel_24kec+dsp_gcc-4.8-linaro_uClibc-0.9.33.2/include -L/home/openwrt/staging_dir/toolchain-mipsel_24kec+dsp_gcc-4.8-linaro_uClibc-0.9.33.2/lib -Wall   conftest.c  >&5
configure:11845: $? = 0
configure:11845: result: yes
configure:12031: checking for doxygen
configure:12059: result: false
configure:12080: checking for doxygen
configure:12108: result: false
configure:12129: checking for epm
configure:12160: result: false
configure:12170: checking for mkepmlist
configure:12201: result: false
configure:12211: checking for epminstall
configure:12242: result: false
configure:12464: creating ./config.status

## ---------------------- ##
## Running config.status. ##
## ---------------------- ##

This file was extended by ortp config.status 0.24.2, which was
generated by GNU Autoconf 2.67.  Invocation command line was

  CONFIG_FILES    = 
  CONFIG_HEADERS  = 
  CONFIG_LINKS    = 
  CONFIG_COMMANDS = 
  $ ./config.status 

on ubuntu

config.status:1154: creating Makefile
config.status:1154: creating include/Makefile
config.status:1154: creating include/ortp/Makefile
config.status:1154: creating m4/Makefile
config.status:1154: creating src/Makefile
config.status:1154: creating src/tests/Makefile
config.status:1154: creating src/tests/win_receiver/Makefile
config.status:1154: creating src/tests/win_sender/Makefile
config.status:1154: creating build/Makefile
config.status:1154: creating build/win32native/Makefile
config.status:1154: creating build/wince/Makefile
config.status:1154: creating build/winmob/Makefile
config.status:1154: creating ortp.pc
config.status:1154: creating ortp.spec
config.status:1154: creating ortp.doxygen
config.status:1154: creating ortp-config.h
config.status:1382: executing depfiles commands
config.status:1382: executing libtool commands
config.status:1382: executing libtool-hacking commands

## ---------------- ##
## Cache variables. ##
## ---------------- ##

ac_cv_build=i686-pc-linux-gnu
ac_cv_c_bigendian=no
ac_cv_c_compiler_gnu=yes
ac_cv_c_const=yes
ac_cv_c_inline=inline
ac_cv_env_CC_set=
ac_cv_env_CC_value=
ac_cv_env_CFLAGS_set=set
ac_cv_env_CFLAGS_value='-I/home/openwrt/staging_dir/toolchain-mipsel_24kec+dsp_gcc-4.8-linaro_uClibc-0.9.33.2/include -L/home/openwrt/staging_dir/toolchain-mipsel_24kec+dsp_gcc-4.8-linaro_uClibc-0.9.33.2/lib'
ac_cv_env_CPPFLAGS_set=
ac_cv_env_CPPFLAGS_value=
ac_cv_env_CPP_set=
ac_cv_env_CPP_value=
ac_cv_env_LDFLAGS_set=
ac_cv_env_LDFLAGS_value=
ac_cv_env_LIBS_set=
ac_cv_env_LIBS_value=
ac_cv_env_build_alias_set=
ac_cv_env_build_alias_value=
ac_cv_env_host_alias_set=set
ac_cv_env_host_alias_value=mipsel-openwrt-linux-uclibc
ac_cv_env_target_alias_set=
ac_cv_env_target_alias_value=
ac_cv_func_arc4random=no
ac_cv_func_select=yes
ac_cv_func_seteuid=yes
ac_cv_func_socket=yes
ac_cv_func_strerror=yes
ac_cv_header_dlfcn_h=yes
ac_cv_header_fcntl_h=yes
ac_cv_header_inttypes_h=yes
ac_cv_header_linux_soundcard_h=yes
ac_cv_header_memory_h=yes
ac_cv_header_poll_h=yes
ac_cv_header_stdc=yes
ac_cv_header_stdint_h=yes
ac_cv_header_stdlib_h=yes
ac_cv_header_string_h=yes
ac_cv_header_strings_h=yes
ac_cv_header_sys_audio_h=no
ac_cv_header_sys_poll_h=yes
ac_cv_header_sys_shm_h=yes
ac_cv_header_sys_stat_h=yes
ac_cv_header_sys_time_h=yes
ac_cv_header_sys_types_h=yes
ac_cv_header_sys_uio_h=yes
ac_cv_header_time=yes
ac_cv_header_unistd_h=yes
ac_cv_host=mipsel-openwrt-linux-uclibc
ac_cv_lib_pthread_pthread_mutex_init=yes
ac_cv_lib_rt_clock_gettime=yes
ac_cv_objext=o
ac_cv_path_EGREP='/bin/grep -E'
ac_cv_path_EPM=false
ac_cv_path_EPMINSTALL=false
ac_cv_path_FGREP='/bin/grep -F'
ac_cv_path_GREP=/bin/grep
ac_cv_path_MKEPMLIST=false
ac_cv_path_SED=/bin/sed
ac_cv_path_install='/usr/bin/install -c'
ac_cv_path_mkdir=/bin/mkdir
ac_cv_prog_AR=mipsel-openwrt-linux-uclibc-ar
ac_cv_prog_AWK=gawk
ac_cv_prog_CC=mipsel-openwrt-linux-uclibc-gcc
ac_cv_prog_CPP='mipsel-openwrt-linux-uclibc-gcc -E'
ac_cv_prog_DOXYGEN=false
ac_cv_prog_OBJDUMP=mipsel-openwrt-linux-uclibc-objdump
ac_cv_prog_RANLIB=mipsel-openwrt-linux-uclibc-ranlib
ac_cv_prog_STRIP=mipsel-openwrt-linux-uclibc-strip
ac_cv_prog_cc_c89=
ac_cv_prog_cc_g=yes
ac_cv_prog_make_make_set=yes
ac_cv_target=mipsel-openwrt-linux-uclibc
am_cv_CC_dependencies_compiler_type=gcc3
am_cv_prog_tar_ustar=gnutar
gl_cv_ld_output_def=no
lt_cv_deplibs_check_method=pass_all
lt_cv_file_magic_cmd='$MAGIC_CMD'
lt_cv_file_magic_test_file=
lt_cv_ld_reload_flag=-r
lt_cv_nm_interface='BSD nm'
lt_cv_objdir=.libs
lt_cv_path_LD=/home/openwrt/staging_dir/toolchain-mipsel_24kec+dsp_gcc-4.8-linaro_uClibc-0.9.33.2/mipsel-openwrt-linux-uclibc/bin/ld
lt_cv_path_NM='/home/openwrt/staging_dir/toolchain-mipsel_24kec+dsp_gcc-4.8-linaro_uClibc-0.9.33.2/bin/mipsel-openwrt-linux-uclibc-nm -B'
lt_cv_prog_compiler_c_o=yes
lt_cv_prog_compiler_pic_works=yes
lt_cv_prog_compiler_rtti_exceptions=no
lt_cv_prog_compiler_static_works=yes
lt_cv_prog_gnu_ld=yes
lt_cv_sys_global_symbol_pipe='sed -n -e '\''s/^.*[	 ]\([ABCDGIRSTW][ABCDGIRSTW]*\)[	 ][	 ]*\([_A-Za-z][_A-Za-z0-9]*\)$/\1 \2 \2/p'\'''
lt_cv_sys_global_symbol_to_c_name_address='sed -n -e '\''s/^: \([^ ]*\) $/  {\"\1\", (void *) 0},/p'\'' -e '\''s/^[ABCDGIRSTW]* \([^ ]*\) \([^ ]*\)$/  {"\2", (void *) \&\2},/p'\'''
lt_cv_sys_global_symbol_to_c_name_address_lib_prefix='sed -n -e '\''s/^: \([^ ]*\) $/  {\"\1\", (void *) 0},/p'\'' -e '\''s/^[ABCDGIRSTW]* \([^ ]*\) \(lib[^ ]*\)$/  {"\2", (void *) \&\2},/p'\'' -e '\''s/^[ABCDGIRSTW]* \([^ ]*\) \([^ ]*\)$/  {"lib\2", (void *) \&\2},/p'\'''
lt_cv_sys_global_symbol_to_cdecl='sed -n -e '\''s/^T .* \(.*\)$/extern int \1();/p'\'' -e '\''s/^[ABCDGIRSTW]* .* \(.*\)$/extern char \1;/p'\'''
lt_cv_sys_max_cmd_len=1572864

## ----------------- ##
## Output variables. ##
## ----------------- ##

ACLOCAL='${SHELL} /usr/local/src/linphone-3.8.5/missing --run aclocal-1.11'
AMDEPBACKSLASH='\'
AMDEP_FALSE='#'
AMDEP_TRUE=''
AMTAR='${SHELL} /usr/local/src/linphone-3.8.5/missing --run tar'
AM_BACKSLASH='\'
AM_DEFAULT_VERBOSITY='0'
AR='mipsel-openwrt-linux-uclibc-ar'
ARCH='mipsel'
AS='as'
AUTOCONF='${SHELL} /usr/local/src/linphone-3.8.5/missing --run autoconf'
AUTOHEADER='${SHELL} /usr/local/src/linphone-3.8.5/missing --run autoheader'
AUTOMAKE='${SHELL} /usr/local/src/linphone-3.8.5/missing --run automake-1.11'
AWK='gawk'
BUILD_WIN32_FALSE=''
BUILD_WIN32_TRUE='#'
CC='mipsel-openwrt-linux-uclibc-gcc'
CCDEPMODE='depmode=gcc3'
CFLAGS='-I/home/openwrt/staging_dir/toolchain-mipsel_24kec+dsp_gcc-4.8-linaro_uClibc-0.9.33.2/include -L/home/openwrt/staging_dir/toolchain-mipsel_24kec+dsp_gcc-4.8-linaro_uClibc-0.9.33.2/lib -Wall '
CPP='mipsel-openwrt-linux-uclibc-gcc -E'
CPPFLAGS=''
CYGPATH_W='echo'
DEFS='-DHAVE_CONFIG_H'
DEPDIR='.deps'
DLLTOOL='dlltool'
DOXYGEN='false'
DSYMUTIL=''
DUMPBIN=''
ECHO_C=''
ECHO_N='-n'
ECHO_T=''
EGREP='/bin/grep -E'
ENABLE_TESTS_FALSE=''
ENABLE_TESTS_TRUE='#'
EPM='false'
EPMINSTALL='false'
EPM_PKG_EXT='deb'
EXEEXT=''
FGREP='/bin/grep -F'
GREP='/bin/grep'
HAVE_DOXYGEN_FALSE=''
HAVE_DOXYGEN_TRUE='#'
HAVE_LD_OUTPUT_DEF_FALSE=''
HAVE_LD_OUTPUT_DEF_TRUE='#'
INSTALL_DATA='${INSTALL} -m 644'
INSTALL_PROGRAM='${INSTALL}'
INSTALL_SCRIPT='${INSTALL}'
INSTALL_STRIP_PROGRAM='$(install_sh) -c -s'
LD='/home/openwrt/staging_dir/toolchain-mipsel_24kec+dsp_gcc-4.8-linaro_uClibc-0.9.33.2/mipsel-openwrt-linux-uclibc/bin/ld'
LDFLAGS=''
LIBOBJS=''
LIBORTP_SO_CURRENT='9'
LIBORTP_SO_VERSION='9:0:0'
LIBS=''
LIBTOOL='$(SHELL) $(top_builddir)/libtool'
LICENSE='LGPL'
LIPO=''
LN_S='ln -s'
LTLIBOBJS=''
MAKEINFO='${SHELL} /usr/local/src/linphone-3.8.5/missing --run makeinfo'
MKDIR_P='/bin/mkdir -p'
MKEPMLIST='false'
NM='/home/openwrt/staging_dir/toolchain-mipsel_24kec+dsp_gcc-4.8-linaro_uClibc-0.9.33.2/bin/mipsel-openwrt-linux-uclibc-nm -B'
NMEDIT=''
OBJDUMP='mipsel-openwrt-linux-uclibc-objdump'
OBJEXT='o'
ORTPDEPS_CFLAGS=' -D_REENTRANT '
ORTPDEPS_LDFLAGS=''
ORTPDEPS_LIBS=' -lpthread  -lrt '
ORTP_PKGCONFIG_VERSION='0.24.2'
ORTP_VERSION='0.24.2'
OTOOL64=''
OTOOL=''
PACKAGE='ortp'
PACKAGER='anonymous'
PACKAGE_BUGREPORT=''
PACKAGE_NAME='ortp'
PACKAGE_STRING='ortp 0.24.2'
PACKAGE_TARNAME='ortp'
PACKAGE_URL=''
PACKAGE_VERSION='0.24.2'
PATH_SEPARATOR=':'
PTHREAD_CFLAGS='-D_REENTRANT'
PTHREAD_LDFLAGS=''
PTHREAD_LIBS='-lpthread'
RANLIB='mipsel-openwrt-linux-uclibc-ranlib'
RELEASE='1'
RT_LIBS='-lrt'
SED='/bin/sed'
SET_MAKE=''
SHELL='/bin/bash'
SSL_LIBS=''
STRICT_OPTIONS='-Wall -Wuninitialized'
STRICT_OPTIONS_CC='-Wdeclaration-after-statement '
STRICT_OPTIONS_CXX=''
STRIP='mipsel-openwrt-linux-uclibc-strip'
SUMMARY='An LGPL implementation of RTP - RFC3550'
SYS_GROUP='root'
SYS_USER='root'
VENDOR='Linphone'
VERSION='0.24.2'
WITH_EPM_FALSE=''
WITH_EPM_TRUE='#'
ac_ct_CC=''
ac_ct_DUMPBIN=''
am__EXEEXT_FALSE=''
am__EXEEXT_TRUE='#'
am__fastdepCC_FALSE='#'
am__fastdepCC_TRUE=''
am__include='include'
am__isrc=''
am__leading_dot='.'
am__quote=''
am__tar='tar --format=ustar -chf - "$$tardir"'
am__untar='tar -xf -'
bindir='${exec_prefix}/bin'
build='i686-pc-linux-gnu'
build_alias=''
build_cpu='i686'
build_os='linux-gnu'
build_vendor='pc'
datadir='${datarootdir}'
datarootdir='${prefix}/share'
docdir='${datarootdir}/doc'
dvidir='${docdir}'
exec_prefix='${prefix}'
host='mipsel-openwrt-linux-uclibc'
host_alias='mipsel-openwrt-linux-uclibc'
host_cpu='mipsel'
host_os='linux-uclibc'
host_vendor='openwrt'
htmldir='${docdir}'
includedir='${prefix}/include'
infodir='${datarootdir}/info'
install_sh='${SHELL} /usr/local/src/linphone-3.8.5/install-sh'
libdir='${exec_prefix}/lib'
libexecdir='${exec_prefix}/libexec'
localedir='${datarootdir}/locale'
localstatedir='${prefix}/var'
lt_ECHO='echo'
mandir='${datarootdir}/man'
oldincludedir='/usr/include'
pdfdir='${docdir}'
prefix='/mipsbuild'
program_transform_name='s,x,x,'
psdir='${docdir}'
sbindir='${exec_prefix}/sbin'
sharedstatedir='${prefix}/com'
sysconfdir='${prefix}/etc'
target='mipsel-openwrt-linux-uclibc'
target_alias=''
target_cpu='mipsel'
target_os='linux-uclibc'
target_vendor='openwrt'

## ----------- ##
## confdefs.h. ##
## ----------- ##

/* confdefs.h */
#define PACKAGE_NAME "ortp"
#define PACKAGE_TARNAME "ortp"
#define PACKAGE_VERSION "0.24.2"
#define PACKAGE_STRING "ortp 0.24.2"
#define PACKAGE_BUGREPORT ""
#define PACKAGE_URL ""
#define PACKAGE "ortp"
#define VERSION "0.24.2"
#define ORTP_MAJOR_VERSION 0
#define ORTP_MINOR_VERSION 24
#define ORTP_MICRO_VERSION 2
#define ORTP_VERSION "0.24.2"
#define STDC_HEADERS 1
#define HAVE_SYS_TYPES_H 1
#define HAVE_SYS_STAT_H 1
#define HAVE_STDLIB_H 1
#define HAVE_STRING_H 1
#define HAVE_MEMORY_H 1
#define HAVE_STRINGS_H 1
#define HAVE_INTTYPES_H 1
#define HAVE_STDINT_H 1
#define HAVE_UNISTD_H 1
#define HAVE_DLFCN_H 1
#define LT_OBJDIR ".libs/"
#define __APPLE_USE_RFC_2292 1
#define HAVE_SETEUID 1
#define ORTP_DEFAULT_THREAD_STACK_SIZE 0
#define STDC_HEADERS 1
#define HAVE_POLL_H 1
#define HAVE_SYS_POLL_H 1
#define HAVE_SYS_UIO_H 1
#define HAVE_FCNTL_H 1
#define HAVE_SYS_TIME_H 1
#define HAVE_UNISTD_H 1
#define HAVE_LINUX_SOUNDCARD_H 1
#define HAVE_SYS_SHM_H 1
#define TIME_WITH_SYS_TIME 1
#define HAVE_SELECT 1
#define HAVE_SOCKET 1
#define HAVE_STRERROR 1
#define POSIXTIMER_INTERVAL 10000

configure: exit 0
