This file contains any messages produced by compilers while
running configure, to aid debugging if configure makes a mistake.

It was created by bctoolbox configure 0.2.0, which was
generated by GNU Autoconf 2.69.  Invocation command line was

  $ ./configure --prefix=/home/openwrt/staging_dir/toolchain-mipsel_24kec+dsp_gcc-4.8-linaro_uClibc-0.9.33.2 --host=mipsel-openwrt-linux-uclibc

## --------- ##
## Platform. ##
## --------- ##

hostname = ubuntu
uname -m = i686
uname -r = 2.6.35-22-generic
uname -s = Linux
uname -v = #33-Ubuntu SMP Sun Sep 19 20:34:50 UTC 2010

/usr/bin/uname -p = unknown
/bin/uname -X     = unknown

/bin/arch              = unknown
/usr/bin/arch -k       = unknown
/usr/convex/getsysinfo = unknown
/usr/bin/hostinfo      = unknown
/bin/machine           = unknown
/usr/bin/oslevel       = unknown
/bin/universe          = unknown

PATH: /usr/lib/jvm/java/bin
PATH: /usr/local/sbin
PATH: /usr/local/bin
PATH: /usr/sbin
PATH: /usr/bin
PATH: /sbin
PATH: /bin
PATH: /usr/games
PATH: /usr/local/arm/4.4.3/bin
PATH: /usr/local/mips/buildroot-gcc342/bin
PATH: /home/openwrt/staging_dir/toolchain-mipsel_24kec+dsp_gcc-4.8-linaro_uClibc-0.9.33.2/bin


## ----------- ##
## Core tests. ##
## ----------- ##

configure:2480: checking build system type
configure:2494: result: i686-pc-linux-gnu
configure:2514: checking host system type
configure:2527: result: mipsel-openwrt-linux-uclibc
configure:2547: checking target system type
configure:2560: result: mipsel-openwrt-linux-uclibc
configure:2634: checking how to print strings
configure:2661: result: printf
configure:2693: checking for mipsel-openwrt-linux-uclibc-gcc
configure:2709: found /home/openwrt/staging_dir/toolchain-mipsel_24kec+dsp_gcc-4.8-linaro_uClibc-0.9.33.2/bin/mipsel-openwrt-linux-uclibc-gcc
configure:2720: result: mipsel-openwrt-linux-uclibc-gcc
configure:2989: checking for C compiler version
configure:2998: mipsel-openwrt-linux-uclibc-gcc --version >&5
mipsel-openwrt-linux-uclibc-gcc (OpenWrt/Linaro GCC 4.8-2014.04 r49363) 4.8.3
Copyright (C) 2013 Free Software Foundation, Inc.
This is free software; see the source for copying conditions.  There is NO
warranty; not even for MERCHANTABILITY or FITNESS FOR A PARTICULAR PURPOSE.

configure:3009: $? = 0
configure:2998: mipsel-openwrt-linux-uclibc-gcc -v >&5
Reading specs from /home/openwrt/staging_dir/toolchain-mipsel_24kec+dsp_gcc-4.8-linaro_uClibc-0.9.33.2/lib/gcc/mipsel-openwrt-linux-uclibc/4.8.3/specs
COLLECT_GCC=mipsel-openwrt-linux-uclibc-gcc
COLLECT_LTO_WRAPPER=/home/openwrt/staging_dir/toolchain-mipsel_24kec+dsp_gcc-4.8-linaro_uClibc-0.9.33.2/libexec/gcc/mipsel-openwrt-linux-uclibc/4.8.3/lto-wrapper
Target: mipsel-openwrt-linux-uclibc
Configured with: /home/openwrt/build_dir/toolchain-mipsel_24kec+dsp_gcc-4.8-linaro_uClibc-0.9.33.2/gcc-linaro-4.8-2014.04/configure --with-bugurl=https://dev.openwrt.org/ --with-pkgversion='OpenWrt/Linaro GCC 4.8-2014.04 r49363' --prefix=/home/openwrt/staging_dir/toolchain-mipsel_24kec+dsp_gcc-4.8-linaro_uClibc-0.9.33.2 --build=i686-linux-gnu --host=i686-linux-gnu --target=mipsel-openwrt-linux-uclibc --with-gnu-ld --enable-target-optspace --disable-libgomp --disable-libmudflap --disable-multilib --disable-nls --with-host-libstdcxx=-lstdc++ --with-float=soft --with-gmp=/home/openwrt/staging_dir/host --with-mpfr=/home/openwrt/staging_dir/host --with-mpc=/home/openwrt/staging_dir/host --disable-decimal-float --with-mips-plt --disable-libssp --disable-__cxa_atexit --with-headers=/home/openwrt/staging_dir/toolchain-mipsel_24kec+dsp_gcc-4.8-linaro_uClibc-0.9.33.2/include --disable-libsanitizer --enable-languages=c,c++ --enable-shared --enable-threads --with-slibdir=/home/openwrt/staging_dir/toolchain-mipsel_24kec+dsp_gcc-4.8-linaro_uClibc-0.9.33.2/lib
Thread model: posix
gcc version 4.8.3 (OpenWrt/Linaro GCC 4.8-2014.04 r49363) 
configure:3009: $? = 0
configure:2998: mipsel-openwrt-linux-uclibc-gcc -V >&5
mipsel-openwrt-linux-uclibc-gcc: error: unrecognized command line option '-V'
mipsel-openwrt-linux-uclibc-gcc: fatal error: no input files
compilation terminated.
configure:3009: $? = 1
configure:2998: mipsel-openwrt-linux-uclibc-gcc -qversion >&5
mipsel-openwrt-linux-uclibc-gcc: error: unrecognized command line option '-qversion'
mipsel-openwrt-linux-uclibc-gcc: fatal error: no input files
compilation terminated.
configure:3009: $? = 1
configure:3029: checking whether the C compiler works
configure:3051: mipsel-openwrt-linux-uclibc-gcc    conftest.c  >&5
mipsel-openwrt-linux-uclibc-gcc: warning: environment variable 'STAGING_DIR' not defined
mipsel-openwrt-linux-uclibc-gcc: warning: environment variable 'STAGING_DIR' not defined
mipsel-openwrt-linux-uclibc-gcc: warning: environment variable 'STAGING_DIR' not defined
/home/openwrt/staging_dir/toolchain-mipsel_24kec+dsp_gcc-4.8-linaro_uClibc-0.9.33.2/lib/gcc/mipsel-openwrt-linux-uclibc/4.8.3/../../../../mipsel-openwrt-linux-uclibc/bin/ld: skipping incompatible /usr/lib/libc.so when searching for -lc
/home/openwrt/staging_dir/toolchain-mipsel_24kec+dsp_gcc-4.8-linaro_uClibc-0.9.33.2/lib/gcc/mipsel-openwrt-linux-uclibc/4.8.3/../../../../mipsel-openwrt-linux-uclibc/bin/ld: skipping incompatible /usr/lib/libc.a when searching for -lc
configure:3055: $? = 0
configure:3103: result: yes
configure:3106: checking for C compiler default output file name
configure:3108: result: a.out
configure:3114: checking for suffix of executables
configure:3121: mipsel-openwrt-linux-uclibc-gcc -o conftest    conftest.c  >&5
mipsel-openwrt-linux-uclibc-gcc: warning: environment variable 'STAGING_DIR' not defined
mipsel-openwrt-linux-uclibc-gcc: warning: environment variable 'STAGING_DIR' not defined
mipsel-openwrt-linux-uclibc-gcc: warning: environment variable 'STAGING_DIR' not defined
/home/openwrt/staging_dir/toolchain-mipsel_24kec+dsp_gcc-4.8-linaro_uClibc-0.9.33.2/lib/gcc/mipsel-openwrt-linux-uclibc/4.8.3/../../../../mipsel-openwrt-linux-uclibc/bin/ld: skipping incompatible /usr/lib/libc.so when searching for -lc
/home/openwrt/staging_dir/toolchain-mipsel_24kec+dsp_gcc-4.8-linaro_uClibc-0.9.33.2/lib/gcc/mipsel-openwrt-linux-uclibc/4.8.3/../../../../mipsel-openwrt-linux-uclibc/bin/ld: skipping incompatible /usr/lib/libc.a when searching for -lc
configure:3125: $? = 0
configure:3147: result: 
configure:3169: checking whether we are cross compiling
configure:3177: mipsel-openwrt-linux-uclibc-gcc -o conftest    conftest.c  >&5
mipsel-openwrt-linux-uclibc-gcc: warning: environment variable 'STAGING_DIR' not defined
mipsel-openwrt-linux-uclibc-gcc: warning: environment variable 'STAGING_DIR' not defined
mipsel-openwrt-linux-uclibc-gcc: warning: environment variable 'STAGING_DIR' not defined
/home/openwrt/staging_dir/toolchain-mipsel_24kec+dsp_gcc-4.8-linaro_uClibc-0.9.33.2/lib/gcc/mipsel-openwrt-linux-uclibc/4.8.3/../../../../mipsel-openwrt-linux-uclibc/bin/ld: skipping incompatible /usr/lib/libc.so when searching for -lc
/home/openwrt/staging_dir/toolchain-mipsel_24kec+dsp_gcc-4.8-linaro_uClibc-0.9.33.2/lib/gcc/mipsel-openwrt-linux-uclibc/4.8.3/../../../../mipsel-openwrt-linux-uclibc/bin/ld: skipping incompatible /usr/lib/libc.a when searching for -lc
configure:3181: $? = 0
configure:3188: ./conftest
./configure: line 3190: ./conftest: cannot execute binary file
configure:3192: $? = 126
configure:3207: result: yes
configure:3212: checking for suffix of object files
configure:3234: mipsel-openwrt-linux-uclibc-gcc -c   conftest.c >&5
mipsel-openwrt-linux-uclibc-gcc: warning: environment variable 'STAGING_DIR' not defined
configure:3238: $? = 0
configure:3259: result: o
configure:3263: checking whether we are using the GNU C compiler
configure:3282: mipsel-openwrt-linux-uclibc-gcc -c   conftest.c >&5
mipsel-openwrt-linux-uclibc-gcc: warning: environment variable 'STAGING_DIR' not defined
configure:3282: $? = 0
configure:3291: result: yes
configure:3300: checking whether mipsel-openwrt-linux-uclibc-gcc accepts -g
configure:3320: mipsel-openwrt-linux-uclibc-gcc -c -g  conftest.c >&5
mipsel-openwrt-linux-uclibc-gcc: warning: environment variable 'STAGING_DIR' not defined
configure:3320: $? = 0
configure: failed program was:
| /* confdefs.h */
| #define PACKAGE_NAME "bctoolbox"
| #define PACKAGE_TARNAME "bctoolbox"
| #define PACKAGE_VERSION "0.2.0"
| #define PACKAGE_STRING "bctoolbox 0.2.0"
| #define PACKAGE_BUGREPORT "jehan.monnier@linphone.org"
| #define PACKAGE_URL ""
| /* end confdefs.h.  */
| 
| int
| main ()
| {
| 
|   ;
|   return 0;
| }
configure:3335: mipsel-openwrt-linux-uclibc-gcc -c   conftest.c >&5
mipsel-openwrt-linux-uclibc-gcc: warning: environment variable 'STAGING_DIR' not defined
configure:3335: $? = 0
configure: failed program was:
| /* confdefs.h */
| #define PACKAGE_NAME "bctoolbox"
| #define PACKAGE_TARNAME "bctoolbox"
| #define PACKAGE_VERSION "0.2.0"
| #define PACKAGE_STRING "bctoolbox 0.2.0"
| #define PACKAGE_BUGREPORT "jehan.monnier@linphone.org"
| #define PACKAGE_URL ""
| /* end confdefs.h.  */
| 
| int
| main ()
| {
| 
|   ;
|   return 0;
| }
configure:3351: mipsel-openwrt-linux-uclibc-gcc -c -g  conftest.c >&5
mipsel-openwrt-linux-uclibc-gcc: warning: environment variable 'STAGING_DIR' not defined
configure:3351: $? = 0
configure:3361: result: yes
configure:3378: checking for mipsel-openwrt-linux-uclibc-gcc option to accept ISO C89
configure:3441: mipsel-openwrt-linux-uclibc-gcc  -c -g -O2  conftest.c >&5
mipsel-openwrt-linux-uclibc-gcc: warning: environment variable 'STAGING_DIR' not defined
configure:3441: $? = 0
configure:3454: result: none needed
configure:3479: checking whether mipsel-openwrt-linux-uclibc-gcc understands -c and -o together
configure:3501: mipsel-openwrt-linux-uclibc-gcc -c conftest.c -o conftest2.o
mipsel-openwrt-linux-uclibc-gcc: warning: environment variable 'STAGING_DIR' not defined
configure:3504: $? = 0
configure:3501: mipsel-openwrt-linux-uclibc-gcc -c conftest.c -o conftest2.o
mipsel-openwrt-linux-uclibc-gcc: warning: environment variable 'STAGING_DIR' not defined
configure:3504: $? = 0
configure:3516: result: yes
configure:3533: checking for a sed that does not truncate output
configure:3597: result: /bin/sed
configure:3615: checking for grep that handles long lines and -e
configure:3673: result: /bin/grep
configure:3678: checking for egrep
configure:3740: result: /bin/grep -E
configure:3745: checking for fgrep
configure:3807: result: /bin/grep -F
configure:3842: checking for ld used by mipsel-openwrt-linux-uclibc-gcc
configure:3909: result: /home/openwrt/staging_dir/toolchain-mipsel_24kec+dsp_gcc-4.8-linaro_uClibc-0.9.33.2/mipsel-openwrt-linux-uclibc/bin/ld
configure:3916: checking if the linker (/home/openwrt/staging_dir/toolchain-mipsel_24kec+dsp_gcc-4.8-linaro_uClibc-0.9.33.2/mipsel-openwrt-linux-uclibc/bin/ld) is GNU ld
configure:3931: result: yes
configure:3943: checking for BSD- or MS-compatible name lister (nm)
configure:3992: result: /home/openwrt/staging_dir/toolchain-mipsel_24kec+dsp_gcc-4.8-linaro_uClibc-0.9.33.2/bin/mipsel-openwrt-linux-uclibc-nm -B
configure:4122: checking the name lister (/home/openwrt/staging_dir/toolchain-mipsel_24kec+dsp_gcc-4.8-linaro_uClibc-0.9.33.2/bin/mipsel-openwrt-linux-uclibc-nm -B) interface
configure:4129: mipsel-openwrt-linux-uclibc-gcc -c -g -O2  conftest.c >&5
mipsel-openwrt-linux-uclibc-gcc: warning: environment variable 'STAGING_DIR' not defined
configure:4132: /home/openwrt/staging_dir/toolchain-mipsel_24kec+dsp_gcc-4.8-linaro_uClibc-0.9.33.2/bin/mipsel-openwrt-linux-uclibc-nm -B "conftest.o"
configure:4135: output
00000000 B some_variable
configure:4142: result: BSD nm
configure:4145: checking whether ln -s works
configure:4149: result: yes
configure:4157: checking the maximum length of command line arguments
configure:4288: result: 1572864
configure:4305: checking whether the shell understands some XSI constructs
configure:4315: result: yes
configure:4319: checking whether the shell understands "+="
configure:4325: result: yes
configure:4360: checking how to convert i686-pc-linux-gnu file names to mipsel-openwrt-linux-uclibc format
configure:4400: result: func_convert_file_noop
configure:4407: checking how to convert i686-pc-linux-gnu file names to toolchain format
configure:4427: result: func_convert_file_noop
configure:4434: checking for /home/openwrt/staging_dir/toolchain-mipsel_24kec+dsp_gcc-4.8-linaro_uClibc-0.9.33.2/mipsel-openwrt-linux-uclibc/bin/ld option to reload object files
configure:4441: result: -r
configure:4475: checking for mipsel-openwrt-linux-uclibc-objdump
configure:4491: found /home/openwrt/staging_dir/toolchain-mipsel_24kec+dsp_gcc-4.8-linaro_uClibc-0.9.33.2/bin/mipsel-openwrt-linux-uclibc-objdump
configure:4502: result: mipsel-openwrt-linux-uclibc-objdump
configure:4574: checking how to recognize dependent libraries
configure:4772: result: pass_all
configure:4817: checking for mipsel-openwrt-linux-uclibc-dlltool
configure:4847: result: no
configure:4857: checking for dlltool
configure:4887: result: no
configure:4917: checking how to associate runtime and link libraries
configure:4944: result: printf %s\n
configure:4961: checking for mipsel-openwrt-linux-uclibc-ar
configure:4977: found /home/openwrt/staging_dir/toolchain-mipsel_24kec+dsp_gcc-4.8-linaro_uClibc-0.9.33.2/bin/mipsel-openwrt-linux-uclibc-ar
configure:4988: result: mipsel-openwrt-linux-uclibc-ar
configure:5069: checking for archiver @FILE support
configure:5086: mipsel-openwrt-linux-uclibc-gcc -c -g -O2  conftest.c >&5
mipsel-openwrt-linux-uclibc-gcc: warning: environment variable 'STAGING_DIR' not defined
configure:5086: $? = 0
configure:5089: mipsel-openwrt-linux-uclibc-ar cru libconftest.a @conftest.lst >&5
configure:5092: $? = 0
configure:5097: mipsel-openwrt-linux-uclibc-ar cru libconftest.a @conftest.lst >&5
mipsel-openwrt-linux-uclibc-ar: conftest.o: No such file or directory
configure:5100: $? = 1
configure:5112: result: @
configure:5130: checking for mipsel-openwrt-linux-uclibc-strip
configure:5146: found /home/openwrt/staging_dir/toolchain-mipsel_24kec+dsp_gcc-4.8-linaro_uClibc-0.9.33.2/bin/mipsel-openwrt-linux-uclibc-strip
configure:5157: result: mipsel-openwrt-linux-uclibc-strip
configure:5229: checking for mipsel-openwrt-linux-uclibc-ranlib
configure:5245: found /home/openwrt/staging_dir/toolchain-mipsel_24kec+dsp_gcc-4.8-linaro_uClibc-0.9.33.2/bin/mipsel-openwrt-linux-uclibc-ranlib
configure:5256: result: mipsel-openwrt-linux-uclibc-ranlib
configure:5373: checking for gawk
configure:5389: found /usr/bin/gawk
configure:5400: result: gawk
configure:5440: checking command to parse /home/openwrt/staging_dir/toolchain-mipsel_24kec+dsp_gcc-4.8-linaro_uClibc-0.9.33.2/bin/mipsel-openwrt-linux-uclibc-nm -B output from mipsel-openwrt-linux-uclibc-gcc object
configure:5560: mipsel-openwrt-linux-uclibc-gcc -c -g -O2  conftest.c >&5
mipsel-openwrt-linux-uclibc-gcc: warning: environment variable 'STAGING_DIR' not defined
configure:5563: $? = 0
configure:5567: /home/openwrt/staging_dir/toolchain-mipsel_24kec+dsp_gcc-4.8-linaro_uClibc-0.9.33.2/bin/mipsel-openwrt-linux-uclibc-nm -B conftest.o \| sed -n -e 's/^.*[ ]\([ABCDGIRSTW][ABCDGIRSTW]*\)[ ][ ]*\([_A-Za-z][_A-Za-z0-9]*\)$/\1 \2 \2/p' | sed '/ __gnu_lto/d' \> conftest.nm
configure:5570: $? = 0
configure:5636: mipsel-openwrt-linux-uclibc-gcc -o conftest -g -O2   conftest.c conftstm.o >&5
mipsel-openwrt-linux-uclibc-gcc: warning: environment variable 'STAGING_DIR' not defined
mipsel-openwrt-linux-uclibc-gcc: warning: environment variable 'STAGING_DIR' not defined
mipsel-openwrt-linux-uclibc-gcc: warning: environment variable 'STAGING_DIR' not defined
/home/openwrt/staging_dir/toolchain-mipsel_24kec+dsp_gcc-4.8-linaro_uClibc-0.9.33.2/lib/gcc/mipsel-openwrt-linux-uclibc/4.8.3/../../../../mipsel-openwrt-linux-uclibc/bin/ld: skipping incompatible /usr/lib/libc.so when searching for -lc
/home/openwrt/staging_dir/toolchain-mipsel_24kec+dsp_gcc-4.8-linaro_uClibc-0.9.33.2/lib/gcc/mipsel-openwrt-linux-uclibc/4.8.3/../../../../mipsel-openwrt-linux-uclibc/bin/ld: skipping incompatible /usr/lib/libc.a when searching for -lc
configure:5639: $? = 0
configure:5677: result: ok
configure:5714: checking for sysroot
configure:5744: result: no
configure:5973: checking for mipsel-openwrt-linux-uclibc-mt
configure:6003: result: no
configure:6013: checking for mt
configure:6029: found /bin/mt
configure:6040: result: mt
configure:6052: WARNING: using cross tools not prefixed with host triplet
configure:6063: checking if mt is a manifest tool
configure:6069: mt '-?'
configure:6077: result: no
configure:6719: checking how to run the C preprocessor
configure:6750: mipsel-openwrt-linux-uclibc-gcc -E  conftest.c
mipsel-openwrt-linux-uclibc-gcc: warning: environment variable 'STAGING_DIR' not defined
configure:6750: $? = 0
configure:6764: mipsel-openwrt-linux-uclibc-gcc -E  conftest.c
mipsel-openwrt-linux-uclibc-gcc: warning: environment variable 'STAGING_DIR' not defined
conftest.c:9:28: fatal error: ac_nonexistent.h: No such file or directory
 #include <ac_nonexistent.h>
                            ^
compilation terminated.
configure:6764: $? = 1
configure: failed program was:
| /* confdefs.h */
| #define PACKAGE_NAME "bctoolbox"
| #define PACKAGE_TARNAME "bctoolbox"
| #define PACKAGE_VERSION "0.2.0"
| #define PACKAGE_STRING "bctoolbox 0.2.0"
| #define PACKAGE_BUGREPORT "jehan.monnier@linphone.org"
| #define PACKAGE_URL ""
| /* end confdefs.h.  */
| #include <ac_nonexistent.h>
configure:6789: result: mipsel-openwrt-linux-uclibc-gcc -E
configure:6809: mipsel-openwrt-linux-uclibc-gcc -E  conftest.c
mipsel-openwrt-linux-uclibc-gcc: warning: environment variable 'STAGING_DIR' not defined
configure:6809: $? = 0
configure:6823: mipsel-openwrt-linux-uclibc-gcc -E  conftest.c
mipsel-openwrt-linux-uclibc-gcc: warning: environment variable 'STAGING_DIR' not defined
conftest.c:9:28: fatal error: ac_nonexistent.h: No such file or directory
 #include <ac_nonexistent.h>
                            ^
compilation terminated.
configure:6823: $? = 1
configure: failed program was:
| /* confdefs.h */
| #define PACKAGE_NAME "bctoolbox"
| #define PACKAGE_TARNAME "bctoolbox"
| #define PACKAGE_VERSION "0.2.0"
| #define PACKAGE_STRING "bctoolbox 0.2.0"
| #define PACKAGE_BUGREPORT "jehan.monnier@linphone.org"
| #define PACKAGE_URL ""
| /* end confdefs.h.  */
| #include <ac_nonexistent.h>
configure:6852: checking for ANSI C header files
configure:6872: mipsel-openwrt-linux-uclibc-gcc -c -g -O2  conftest.c >&5
mipsel-openwrt-linux-uclibc-gcc: warning: environment variable 'STAGING_DIR' not defined
configure:6872: $? = 0
mipsel-openwrt-linux-uclibc-gcc: warning: environment variable 'STAGING_DIR' not defined
mipsel-openwrt-linux-uclibc-gcc: warning: environment variable 'STAGING_DIR' not defined
configure:6956: result: yes
configure:6969: checking for sys/types.h
configure:6969: mipsel-openwrt-linux-uclibc-gcc -c -g -O2  conftest.c >&5
mipsel-openwrt-linux-uclibc-gcc: warning: environment variable 'STAGING_DIR' not defined
configure:6969: $? = 0
configure:6969: result: yes
configure:6969: checking for sys/stat.h
configure:6969: mipsel-openwrt-linux-uclibc-gcc -c -g -O2  conftest.c >&5
mipsel-openwrt-linux-uclibc-gcc: warning: environment variable 'STAGING_DIR' not defined
configure:6969: $? = 0
configure:6969: result: yes
configure:6969: checking for stdlib.h
configure:6969: mipsel-openwrt-linux-uclibc-gcc -c -g -O2  conftest.c >&5
mipsel-openwrt-linux-uclibc-gcc: warning: environment variable 'STAGING_DIR' not defined
configure:6969: $? = 0
configure:6969: result: yes
configure:6969: checking for string.h
configure:6969: mipsel-openwrt-linux-uclibc-gcc -c -g -O2  conftest.c >&5
mipsel-openwrt-linux-uclibc-gcc: warning: environment variable 'STAGING_DIR' not defined
configure:6969: $? = 0
configure:6969: result: yes
configure:6969: checking for memory.h
configure:6969: mipsel-openwrt-linux-uclibc-gcc -c -g -O2  conftest.c >&5
mipsel-openwrt-linux-uclibc-gcc: warning: environment variable 'STAGING_DIR' not defined
configure:6969: $? = 0
configure:6969: result: yes
configure:6969: checking for strings.h
configure:6969: mipsel-openwrt-linux-uclibc-gcc -c -g -O2  conftest.c >&5
mipsel-openwrt-linux-uclibc-gcc: warning: environment variable 'STAGING_DIR' not defined
configure:6969: $? = 0
configure:6969: result: yes
configure:6969: checking for inttypes.h
configure:6969: mipsel-openwrt-linux-uclibc-gcc -c -g -O2  conftest.c >&5
mipsel-openwrt-linux-uclibc-gcc: warning: environment variable 'STAGING_DIR' not defined
configure:6969: $? = 0
configure:6969: result: yes
configure:6969: checking for stdint.h
configure:6969: mipsel-openwrt-linux-uclibc-gcc -c -g -O2  conftest.c >&5
mipsel-openwrt-linux-uclibc-gcc: warning: environment variable 'STAGING_DIR' not defined
configure:6969: $? = 0
configure:6969: result: yes
configure:6969: checking for unistd.h
configure:6969: mipsel-openwrt-linux-uclibc-gcc -c -g -O2  conftest.c >&5
mipsel-openwrt-linux-uclibc-gcc: warning: environment variable 'STAGING_DIR' not defined
configure:6969: $? = 0
configure:6969: result: yes
configure:6983: checking for dlfcn.h
configure:6983: mipsel-openwrt-linux-uclibc-gcc -c -g -O2  conftest.c >&5
mipsel-openwrt-linux-uclibc-gcc: warning: environment variable 'STAGING_DIR' not defined
configure:6983: $? = 0
configure:6983: result: yes
configure:7187: checking for objdir
configure:7202: result: .libs
configure:7473: checking if mipsel-openwrt-linux-uclibc-gcc supports -fno-rtti -fno-exceptions
configure:7491: mipsel-openwrt-linux-uclibc-gcc -c -g -O2  -fno-rtti -fno-exceptions conftest.c >&5
mipsel-openwrt-linux-uclibc-gcc: warning: environment variable 'STAGING_DIR' not defined
cc1: warning: command line option '-fno-rtti' is valid for C++/ObjC++ but not for C [enabled by default]
configure:7495: $? = 0
configure:7508: result: no
configure:7835: checking for mipsel-openwrt-linux-uclibc-gcc option to produce PIC
configure:7842: result: -fPIC -DPIC
configure:7850: checking if mipsel-openwrt-linux-uclibc-gcc PIC flag -fPIC -DPIC works
configure:7868: mipsel-openwrt-linux-uclibc-gcc -c -g -O2  -fPIC -DPIC -DPIC conftest.c >&5
mipsel-openwrt-linux-uclibc-gcc: warning: environment variable 'STAGING_DIR' not defined
configure:7872: $? = 0
configure:7885: result: yes
configure:7914: checking if mipsel-openwrt-linux-uclibc-gcc static flag -static works
mipsel-openwrt-linux-uclibc-gcc: warning: environment variable 'STAGING_DIR' not defined
mipsel-openwrt-linux-uclibc-gcc: warning: environment variable 'STAGING_DIR' not defined
mipsel-openwrt-linux-uclibc-gcc: warning: environment variable 'STAGING_DIR' not defined
/home/openwrt/staging_dir/toolchain-mipsel_24kec+dsp_gcc-4.8-linaro_uClibc-0.9.33.2/lib/gcc/mipsel-openwrt-linux-uclibc/4.8.3/../../../../mipsel-openwrt-linux-uclibc/bin/ld: skipping incompatible /usr/lib/libc.a when searching for -lc
configure:7942: result: no
configure:7957: checking if mipsel-openwrt-linux-uclibc-gcc supports -c -o file.o
configure:7978: mipsel-openwrt-linux-uclibc-gcc -c -g -O2  -o out/conftest2.o conftest.c >&5
mipsel-openwrt-linux-uclibc-gcc: warning: environment variable 'STAGING_DIR' not defined
configure:7982: $? = 0
configure:8004: result: yes
configure:8012: checking if mipsel-openwrt-linux-uclibc-gcc supports -c -o file.o
configure:8059: result: yes
configure:8092: checking whether the mipsel-openwrt-linux-uclibc-gcc linker (/home/openwrt/staging_dir/toolchain-mipsel_24kec+dsp_gcc-4.8-linaro_uClibc-0.9.33.2/mipsel-openwrt-linux-uclibc/bin/ld) supports shared libraries
configure:9249: result: yes
configure:9286: checking whether -lc should be explicitly linked in
configure:9294: mipsel-openwrt-linux-uclibc-gcc -c -g -O2  conftest.c >&5
mipsel-openwrt-linux-uclibc-gcc: warning: environment variable 'STAGING_DIR' not defined
configure:9297: $? = 0
configure:9312: mipsel-openwrt-linux-uclibc-gcc -shared  -fPIC -DPIC conftest.o  -v -Wl,-soname -Wl,conftest -o conftest 2\>\&1 \| /bin/grep  -lc  \>/dev/null 2\>\&1
configure:9315: $? = 0
configure:9329: result: no
configure:9489: checking dynamic linker characteristics
configure:9989: mipsel-openwrt-linux-uclibc-gcc -o conftest -g -O2   -Wl,-rpath -Wl,/foo conftest.c  >&5
mipsel-openwrt-linux-uclibc-gcc: warning: environment variable 'STAGING_DIR' not defined
mipsel-openwrt-linux-uclibc-gcc: warning: environment variable 'STAGING_DIR' not defined
mipsel-openwrt-linux-uclibc-gcc: warning: environment variable 'STAGING_DIR' not defined
/home/openwrt/staging_dir/toolchain-mipsel_24kec+dsp_gcc-4.8-linaro_uClibc-0.9.33.2/lib/gcc/mipsel-openwrt-linux-uclibc/4.8.3/../../../../mipsel-openwrt-linux-uclibc/bin/ld: skipping incompatible /usr/lib/libc.so when searching for -lc
/home/openwrt/staging_dir/toolchain-mipsel_24kec+dsp_gcc-4.8-linaro_uClibc-0.9.33.2/lib/gcc/mipsel-openwrt-linux-uclibc/4.8.3/../../../../mipsel-openwrt-linux-uclibc/bin/ld: skipping incompatible /usr/lib/libc.a when searching for -lc
configure:9989: $? = 0
configure:10223: result: GNU/Linux ld.so
configure:10330: checking how to hardcode library paths into programs
configure:10355: result: immediate
configure:10895: checking whether stripping libraries is possible
configure:10900: result: yes
configure:10935: checking if libtool supports shared libraries
configure:10937: result: yes
configure:10940: checking whether to build shared libraries
configure:10961: result: yes
configure:10964: checking whether to build static libraries
configure:10968: result: no
configure:11017: checking for mipsel-openwrt-linux-uclibc-pkg-config
configure:11050: result: no
configure:11060: checking for pkg-config
configure:11078: found /usr/bin/pkg-config
configure:11090: result: /usr/bin/pkg-config
configure:11115: checking pkg-config is at least version 0.9.0
configure:11118: result: yes
configure:11143: checking for a BSD-compatible install
configure:11211: result: /usr/bin/install -c
configure:11222: checking whether build environment is sane
configure:11277: result: yes
configure:11333: checking for mipsel-openwrt-linux-uclibc-strip
configure:11360: result: mipsel-openwrt-linux-uclibc-strip
configure:11425: checking for a thread-safe mkdir -p
configure:11464: result: /bin/mkdir -p
configure:11467: checking whether make sets $(MAKE)
configure:11489: result: yes
configure:11519: checking for style of include used by make
configure:11547: result: GNU
configure:11581: checking whether make supports nested variables
configure:11598: result: yes
configure:11683: checking dependency style of mipsel-openwrt-linux-uclibc-gcc
configure:11794: result: gcc3
configure:11863: checking whether make supports nested variables
configure:11880: result: yes
configure:11907: checking for mipsel-openwrt-linux-uclibc-xcrun
configure:11937: result: no
configure:11907: checking for mipsel-openwrt-linux-uclibc-g++
configure:11923: found /home/openwrt/staging_dir/toolchain-mipsel_24kec+dsp_gcc-4.8-linaro_uClibc-0.9.33.2/bin/mipsel-openwrt-linux-uclibc-g++
configure:11934: result: mipsel-openwrt-linux-uclibc-g++
configure:12005: checking for C++ compiler version
configure:12014: mipsel-openwrt-linux-uclibc-g++ --version >&5
mipsel-openwrt-linux-uclibc-g++ (OpenWrt/Linaro GCC 4.8-2014.04 r49363) 4.8.3
Copyright (C) 2013 Free Software Foundation, Inc.
This is free software; see the source for copying conditions.  There is NO
warranty; not even for MERCHANTABILITY or FITNESS FOR A PARTICULAR PURPOSE.

configure:12025: $? = 0
configure:12014: mipsel-openwrt-linux-uclibc-g++ -v >&5
Reading specs from /home/openwrt/staging_dir/toolchain-mipsel_24kec+dsp_gcc-4.8-linaro_uClibc-0.9.33.2/lib/gcc/mipsel-openwrt-linux-uclibc/4.8.3/specs
COLLECT_GCC=mipsel-openwrt-linux-uclibc-g++
COLLECT_LTO_WRAPPER=/home/openwrt/staging_dir/toolchain-mipsel_24kec+dsp_gcc-4.8-linaro_uClibc-0.9.33.2/libexec/gcc/mipsel-openwrt-linux-uclibc/4.8.3/lto-wrapper
Target: mipsel-openwrt-linux-uclibc
Configured with: /home/openwrt/build_dir/toolchain-mipsel_24kec+dsp_gcc-4.8-linaro_uClibc-0.9.33.2/gcc-linaro-4.8-2014.04/configure --with-bugurl=https://dev.openwrt.org/ --with-pkgversion='OpenWrt/Linaro GCC 4.8-2014.04 r49363' --prefix=/home/openwrt/staging_dir/toolchain-mipsel_24kec+dsp_gcc-4.8-linaro_uClibc-0.9.33.2 --build=i686-linux-gnu --host=i686-linux-gnu --target=mipsel-openwrt-linux-uclibc --with-gnu-ld --enable-target-optspace --disable-libgomp --disable-libmudflap --disable-multilib --disable-nls --with-host-libstdcxx=-lstdc++ --with-float=soft --with-gmp=/home/openwrt/staging_dir/host --with-mpfr=/home/openwrt/staging_dir/host --with-mpc=/home/openwrt/staging_dir/host --disable-decimal-float --with-mips-plt --disable-libssp --disable-__cxa_atexit --with-headers=/home/openwrt/staging_dir/toolchain-mipsel_24kec+dsp_gcc-4.8-linaro_uClibc-0.9.33.2/include --disable-libsanitizer --enable-languages=c,c++ --enable-shared --enable-threads --with-slibdir=/home/openwrt/staging_dir/toolchain-mipsel_24kec+dsp_gcc-4.8-linaro_uClibc-0.9.33.2/lib
Thread model: posix
gcc version 4.8.3 (OpenWrt/Linaro GCC 4.8-2014.04 r49363) 
configure:12025: $? = 0
configure:12014: mipsel-openwrt-linux-uclibc-g++ -V >&5
mipsel-openwrt-linux-uclibc-g++: error: unrecognized command line option '-V'
mipsel-openwrt-linux-uclibc-g++: fatal error: no input files
compilation terminated.
configure:12025: $? = 1
configure:12014: mipsel-openwrt-linux-uclibc-g++ -qversion >&5
mipsel-openwrt-linux-uclibc-g++: error: unrecognized command line option '-qversion'
mipsel-openwrt-linux-uclibc-g++: fatal error: no input files
compilation terminated.
configure:12025: $? = 1
configure:12029: checking whether we are using the GNU C++ compiler
configure:12048: mipsel-openwrt-linux-uclibc-g++ -c   conftest.cpp >&5
mipsel-openwrt-linux-uclibc-g++: warning: environment variable 'STAGING_DIR' not defined
configure:12048: $? = 0
configure:12057: result: yes
configure:12066: checking whether mipsel-openwrt-linux-uclibc-g++ accepts -g
configure:12086: mipsel-openwrt-linux-uclibc-g++ -c -g  conftest.cpp >&5
mipsel-openwrt-linux-uclibc-g++: warning: environment variable 'STAGING_DIR' not defined
configure:12086: $? = 0
configure: failed program was:
| /* confdefs.h */
| #define PACKAGE_NAME "bctoolbox"
| #define PACKAGE_TARNAME "bctoolbox"
| #define PACKAGE_VERSION "0.2.0"
| #define PACKAGE_STRING "bctoolbox 0.2.0"
| #define PACKAGE_BUGREPORT "jehan.monnier@linphone.org"
| #define PACKAGE_URL ""
| #define STDC_HEADERS 1
| #define HAVE_SYS_TYPES_H 1
| #define HAVE_SYS_STAT_H 1
| #define HAVE_STDLIB_H 1
| #define HAVE_STRING_H 1
| #define HAVE_MEMORY_H 1
| #define HAVE_STRINGS_H 1
| #define HAVE_INTTYPES_H 1
| #define HAVE_STDINT_H 1
| #define HAVE_UNISTD_H 1
| #define HAVE_DLFCN_H 1
| #define LT_OBJDIR ".libs/"
| #define PACKAGE "bctoolbox"
| #define VERSION "0.2.0"
| /* end confdefs.h.  */
| 
| int
| main ()
| {
| 
|   ;
|   return 0;
| }
configure:12101: mipsel-openwrt-linux-uclibc-g++ -c   conftest.cpp >&5
mipsel-openwrt-linux-uclibc-g++: warning: environment variable 'STAGING_DIR' not defined
configure:12101: $? = 0
configure: failed program was:
| /* confdefs.h */
| #define PACKAGE_NAME "bctoolbox"
| #define PACKAGE_TARNAME "bctoolbox"
| #define PACKAGE_VERSION "0.2.0"
| #define PACKAGE_STRING "bctoolbox 0.2.0"
| #define PACKAGE_BUGREPORT "jehan.monnier@linphone.org"
| #define PACKAGE_URL ""
| #define STDC_HEADERS 1
| #define HAVE_SYS_TYPES_H 1
| #define HAVE_SYS_STAT_H 1
| #define HAVE_STDLIB_H 1
| #define HAVE_STRING_H 1
| #define HAVE_MEMORY_H 1
| #define HAVE_STRINGS_H 1
| #define HAVE_INTTYPES_H 1
| #define HAVE_STDINT_H 1
| #define HAVE_UNISTD_H 1
| #define HAVE_DLFCN_H 1
| #define LT_OBJDIR ".libs/"
| #define PACKAGE "bctoolbox"
| #define VERSION "0.2.0"
| /* end confdefs.h.  */
| 
| int
| main ()
| {
| 
|   ;
|   return 0;
| }
configure:12117: mipsel-openwrt-linux-uclibc-g++ -c -g  conftest.cpp >&5
mipsel-openwrt-linux-uclibc-g++: warning: environment variable 'STAGING_DIR' not defined
configure:12117: $? = 0
configure:12127: result: yes
configure:12168: checking how to run the C++ preprocessor
configure:12195: mipsel-openwrt-linux-uclibc-g++ -E  conftest.cpp
mipsel-openwrt-linux-uclibc-g++: warning: environment variable 'STAGING_DIR' not defined
configure:12195: $? = 0
configure:12209: mipsel-openwrt-linux-uclibc-g++ -E  conftest.cpp
mipsel-openwrt-linux-uclibc-g++: warning: environment variable 'STAGING_DIR' not defined
conftest.cpp:23:28: fatal error: ac_nonexistent.h: No such file or directory
 #include <ac_nonexistent.h>
                            ^
compilation terminated.
configure:12209: $? = 1
configure: failed program was:
| /* confdefs.h */
| #define PACKAGE_NAME "bctoolbox"
| #define PACKAGE_TARNAME "bctoolbox"
| #define PACKAGE_VERSION "0.2.0"
| #define PACKAGE_STRING "bctoolbox 0.2.0"
| #define PACKAGE_BUGREPORT "jehan.monnier@linphone.org"
| #define PACKAGE_URL ""
| #define STDC_HEADERS 1
| #define HAVE_SYS_TYPES_H 1
| #define HAVE_SYS_STAT_H 1
| #define HAVE_STDLIB_H 1
| #define HAVE_STRING_H 1
| #define HAVE_MEMORY_H 1
| #define HAVE_STRINGS_H 1
| #define HAVE_INTTYPES_H 1
| #define HAVE_STDINT_H 1
| #define HAVE_UNISTD_H 1
| #define HAVE_DLFCN_H 1
| #define LT_OBJDIR ".libs/"
| #define PACKAGE "bctoolbox"
| #define VERSION "0.2.0"
| /* end confdefs.h.  */
| #include <ac_nonexistent.h>
configure:12234: result: mipsel-openwrt-linux-uclibc-g++ -E
configure:12254: mipsel-openwrt-linux-uclibc-g++ -E  conftest.cpp
mipsel-openwrt-linux-uclibc-g++: warning: environment variable 'STAGING_DIR' not defined
configure:12254: $? = 0
configure:12268: mipsel-openwrt-linux-uclibc-g++ -E  conftest.cpp
mipsel-openwrt-linux-uclibc-g++: warning: environment variable 'STAGING_DIR' not defined
conftest.cpp:23:28: fatal error: ac_nonexistent.h: No such file or directory
 #include <ac_nonexistent.h>
                            ^
compilation terminated.
configure:12268: $? = 1
configure: failed program was:
| /* confdefs.h */
| #define PACKAGE_NAME "bctoolbox"
| #define PACKAGE_TARNAME "bctoolbox"
| #define PACKAGE_VERSION "0.2.0"
| #define PACKAGE_STRING "bctoolbox 0.2.0"
| #define PACKAGE_BUGREPORT "jehan.monnier@linphone.org"
| #define PACKAGE_URL ""
| #define STDC_HEADERS 1
| #define HAVE_SYS_TYPES_H 1
| #define HAVE_SYS_STAT_H 1
| #define HAVE_STDLIB_H 1
| #define HAVE_STRING_H 1
| #define HAVE_MEMORY_H 1
| #define HAVE_STRINGS_H 1
| #define HAVE_INTTYPES_H 1
| #define HAVE_STDINT_H 1
| #define HAVE_UNISTD_H 1
| #define HAVE_DLFCN_H 1
| #define LT_OBJDIR ".libs/"
| #define PACKAGE "bctoolbox"
| #define VERSION "0.2.0"
| /* end confdefs.h.  */
| #include <ac_nonexistent.h>
configure:12437: checking for ld used by mipsel-openwrt-linux-uclibc-g++
configure:12504: result: /home/openwrt/staging_dir/toolchain-mipsel_24kec+dsp_gcc-4.8-linaro_uClibc-0.9.33.2/mipsel-openwrt-linux-uclibc/bin/ld
configure:12511: checking if the linker (/home/openwrt/staging_dir/toolchain-mipsel_24kec+dsp_gcc-4.8-linaro_uClibc-0.9.33.2/mipsel-openwrt-linux-uclibc/bin/ld) is GNU ld
configure:12526: result: yes
configure:12581: checking whether the mipsel-openwrt-linux-uclibc-g++ linker (/home/openwrt/staging_dir/toolchain-mipsel_24kec+dsp_gcc-4.8-linaro_uClibc-0.9.33.2/mipsel-openwrt-linux-uclibc/bin/ld) supports shared libraries
configure:13583: result: yes
configure:13619: mipsel-openwrt-linux-uclibc-g++ -c -g -O2  conftest.cpp >&5
mipsel-openwrt-linux-uclibc-g++: warning: environment variable 'STAGING_DIR' not defined
configure:13622: $? = 0
configure:14142: checking for mipsel-openwrt-linux-uclibc-g++ option to produce PIC
configure:14149: result: -fPIC -DPIC
configure:14157: checking if mipsel-openwrt-linux-uclibc-g++ PIC flag -fPIC -DPIC works
configure:14175: mipsel-openwrt-linux-uclibc-g++ -c -g -O2  -fPIC -DPIC -DPIC conftest.cpp >&5
mipsel-openwrt-linux-uclibc-g++: warning: environment variable 'STAGING_DIR' not defined
configure:14179: $? = 0
configure:14192: result: yes
configure:14215: checking if mipsel-openwrt-linux-uclibc-g++ static flag -static works
mipsel-openwrt-linux-uclibc-g++: warning: environment variable 'STAGING_DIR' not defined
mipsel-openwrt-linux-uclibc-g++: warning: environment variable 'STAGING_DIR' not defined
mipsel-openwrt-linux-uclibc-g++: warning: environment variable 'STAGING_DIR' not defined
/home/openwrt/staging_dir/toolchain-mipsel_24kec+dsp_gcc-4.8-linaro_uClibc-0.9.33.2/lib/gcc/mipsel-openwrt-linux-uclibc/4.8.3/../../../../mipsel-openwrt-linux-uclibc/bin/ld: skipping incompatible /usr/lib/libm.a when searching for -lm
/home/openwrt/staging_dir/toolchain-mipsel_24kec+dsp_gcc-4.8-linaro_uClibc-0.9.33.2/lib/gcc/mipsel-openwrt-linux-uclibc/4.8.3/../../../../mipsel-openwrt-linux-uclibc/bin/ld: skipping incompatible /usr/lib/libc.a when searching for -lc
configure:14243: result: no
configure:14255: checking if mipsel-openwrt-linux-uclibc-g++ supports -c -o file.o
configure:14276: mipsel-openwrt-linux-uclibc-g++ -c -g -O2  -o out/conftest2.o conftest.cpp >&5
mipsel-openwrt-linux-uclibc-g++: warning: environment variable 'STAGING_DIR' not defined
configure:14280: $? = 0
configure:14302: result: yes
configure:14307: checking if mipsel-openwrt-linux-uclibc-g++ supports -c -o file.o
configure:14354: result: yes
configure:14384: checking whether the mipsel-openwrt-linux-uclibc-g++ linker (/home/openwrt/staging_dir/toolchain-mipsel_24kec+dsp_gcc-4.8-linaro_uClibc-0.9.33.2/mipsel-openwrt-linux-uclibc/bin/ld) supports shared libraries
configure:14423: result: yes
configure:14564: checking dynamic linker characteristics
configure:15232: result: GNU/Linux ld.so
configure:15285: checking how to hardcode library paths into programs
configure:15310: result: immediate
configure:15352: checking dependency style of mipsel-openwrt-linux-uclibc-g++
configure:15463: result: gcc3
configure:15488: checking for mipsel-openwrt-linux-uclibc-xcrun
configure:15515: result: mipsel-openwrt-linux-uclibc-gcc
configure:15590: checking for C compiler version
configure:15599: mipsel-openwrt-linux-uclibc-gcc --version >&5
mipsel-openwrt-linux-uclibc-gcc (OpenWrt/Linaro GCC 4.8-2014.04 r49363) 4.8.3
Copyright (C) 2013 Free Software Foundation, Inc.
This is free software; see the source for copying conditions.  There is NO
warranty; not even for MERCHANTABILITY or FITNESS FOR A PARTICULAR PURPOSE.

configure:15610: $? = 0
configure:15599: mipsel-openwrt-linux-uclibc-gcc -v >&5
Reading specs from /home/openwrt/staging_dir/toolchain-mipsel_24kec+dsp_gcc-4.8-linaro_uClibc-0.9.33.2/lib/gcc/mipsel-openwrt-linux-uclibc/4.8.3/specs
COLLECT_GCC=mipsel-openwrt-linux-uclibc-gcc
COLLECT_LTO_WRAPPER=/home/openwrt/staging_dir/toolchain-mipsel_24kec+dsp_gcc-4.8-linaro_uClibc-0.9.33.2/libexec/gcc/mipsel-openwrt-linux-uclibc/4.8.3/lto-wrapper
Target: mipsel-openwrt-linux-uclibc
Configured with: /home/openwrt/build_dir/toolchain-mipsel_24kec+dsp_gcc-4.8-linaro_uClibc-0.9.33.2/gcc-linaro-4.8-2014.04/configure --with-bugurl=https://dev.openwrt.org/ --with-pkgversion='OpenWrt/Linaro GCC 4.8-2014.04 r49363' --prefix=/home/openwrt/staging_dir/toolchain-mipsel_24kec+dsp_gcc-4.8-linaro_uClibc-0.9.33.2 --build=i686-linux-gnu --host=i686-linux-gnu --target=mipsel-openwrt-linux-uclibc --with-gnu-ld --enable-target-optspace --disable-libgomp --disable-libmudflap --disable-multilib --disable-nls --with-host-libstdcxx=-lstdc++ --with-float=soft --with-gmp=/home/openwrt/staging_dir/host --with-mpfr=/home/openwrt/staging_dir/host --with-mpc=/home/openwrt/staging_dir/host --disable-decimal-float --with-mips-plt --disable-libssp --disable-__cxa_atexit --with-headers=/home/openwrt/staging_dir/toolchain-mipsel_24kec+dsp_gcc-4.8-linaro_uClibc-0.9.33.2/include --disable-libsanitizer --enable-languages=c,c++ --enable-shared --enable-threads --with-slibdir=/home/openwrt/staging_dir/toolchain-mipsel_24kec+dsp_gcc-4.8-linaro_uClibc-0.9.33.2/lib
Thread model: posix
gcc version 4.8.3 (OpenWrt/Linaro GCC 4.8-2014.04 r49363) 
configure:15610: $? = 0
configure:15599: mipsel-openwrt-linux-uclibc-gcc -V >&5
mipsel-openwrt-linux-uclibc-gcc: error: unrecognized command line option '-V'
mipsel-openwrt-linux-uclibc-gcc: fatal error: no input files
compilation terminated.
configure:15610: $? = 1
configure:15599: mipsel-openwrt-linux-uclibc-gcc -qversion >&5
mipsel-openwrt-linux-uclibc-gcc: error: unrecognized command line option '-qversion'
mipsel-openwrt-linux-uclibc-gcc: fatal error: no input files
compilation terminated.
configure:15610: $? = 1
configure:15614: checking whether we are using the GNU C compiler
configure:15642: result: yes
configure:15651: checking whether mipsel-openwrt-linux-uclibc-gcc accepts -g
configure:15712: result: yes
configure:15729: checking for mipsel-openwrt-linux-uclibc-gcc option to accept ISO C89
configure:15805: result: none needed
configure:15830: checking whether mipsel-openwrt-linux-uclibc-gcc understands -c and -o together
configure:15867: result: yes
configure:15894: checking for mipsel-openwrt-linux-uclibc-xcrun
configure:15924: result: no
configure:15894: checking for mipsel-openwrt-linux-uclibc-gcc
configure:15910: found /home/openwrt/staging_dir/toolchain-mipsel_24kec+dsp_gcc-4.8-linaro_uClibc-0.9.33.2/bin/mipsel-openwrt-linux-uclibc-gcc
configure:15921: result: mipsel-openwrt-linux-uclibc-gcc
configure:15990: checking for Objective C compiler version
configure:15999: mipsel-openwrt-linux-uclibc-gcc --version >&5
mipsel-openwrt-linux-uclibc-gcc (OpenWrt/Linaro GCC 4.8-2014.04 r49363) 4.8.3
Copyright (C) 2013 Free Software Foundation, Inc.
This is free software; see the source for copying conditions.  There is NO
warranty; not even for MERCHANTABILITY or FITNESS FOR A PARTICULAR PURPOSE.

configure:16010: $? = 0
configure:15999: mipsel-openwrt-linux-uclibc-gcc -v >&5
Reading specs from /home/openwrt/staging_dir/toolchain-mipsel_24kec+dsp_gcc-4.8-linaro_uClibc-0.9.33.2/lib/gcc/mipsel-openwrt-linux-uclibc/4.8.3/specs
COLLECT_GCC=mipsel-openwrt-linux-uclibc-gcc
COLLECT_LTO_WRAPPER=/home/openwrt/staging_dir/toolchain-mipsel_24kec+dsp_gcc-4.8-linaro_uClibc-0.9.33.2/libexec/gcc/mipsel-openwrt-linux-uclibc/4.8.3/lto-wrapper
Target: mipsel-openwrt-linux-uclibc
Configured with: /home/openwrt/build_dir/toolchain-mipsel_24kec+dsp_gcc-4.8-linaro_uClibc-0.9.33.2/gcc-linaro-4.8-2014.04/configure --with-bugurl=https://dev.openwrt.org/ --with-pkgversion='OpenWrt/Linaro GCC 4.8-2014.04 r49363' --prefix=/home/openwrt/staging_dir/toolchain-mipsel_24kec+dsp_gcc-4.8-linaro_uClibc-0.9.33.2 --build=i686-linux-gnu --host=i686-linux-gnu --target=mipsel-openwrt-linux-uclibc --with-gnu-ld --enable-target-optspace --disable-libgomp --disable-libmudflap --disable-multilib --disable-nls --with-host-libstdcxx=-lstdc++ --with-float=soft --with-gmp=/home/openwrt/staging_dir/host --with-mpfr=/home/openwrt/staging_dir/host --with-mpc=/home/openwrt/staging_dir/host --disable-decimal-float --with-mips-plt --disable-libssp --disable-__cxa_atexit --with-headers=/home/openwrt/staging_dir/toolchain-mipsel_24kec+dsp_gcc-4.8-linaro_uClibc-0.9.33.2/include --disable-libsanitizer --enable-languages=c,c++ --enable-shared --enable-threads --with-slibdir=/home/openwrt/staging_dir/toolchain-mipsel_24kec+dsp_gcc-4.8-linaro_uClibc-0.9.33.2/lib
Thread model: posix
gcc version 4.8.3 (OpenWrt/Linaro GCC 4.8-2014.04 r49363) 
configure:16010: $? = 0
configure:15999: mipsel-openwrt-linux-uclibc-gcc -V >&5
mipsel-openwrt-linux-uclibc-gcc: error: unrecognized command line option '-V'
mipsel-openwrt-linux-uclibc-gcc: fatal error: no input files
compilation terminated.
configure:16010: $? = 1
configure:15999: mipsel-openwrt-linux-uclibc-gcc -qversion >&5
mipsel-openwrt-linux-uclibc-gcc: error: unrecognized command line option '-qversion'
mipsel-openwrt-linux-uclibc-gcc: fatal error: no input files
compilation terminated.
configure:16010: $? = 1
configure:16014: checking whether we are using the GNU Objective C compiler
configure:16033: mipsel-openwrt-linux-uclibc-gcc -c   conftest.m >&5
mipsel-openwrt-linux-uclibc-gcc: error: conftest.m: Objective-C compiler not installed on this system
configure:16033: $? = 1
configure: failed program was:
| /* confdefs.h */
| #define PACKAGE_NAME "bctoolbox"
| #define PACKAGE_TARNAME "bctoolbox"
| #define PACKAGE_VERSION "0.2.0"
| #define PACKAGE_STRING "bctoolbox 0.2.0"
| #define PACKAGE_BUGREPORT "jehan.monnier@linphone.org"
| #define PACKAGE_URL ""
| #define STDC_HEADERS 1
| #define HAVE_SYS_TYPES_H 1
| #define HAVE_SYS_STAT_H 1
| #define HAVE_STDLIB_H 1
| #define HAVE_STRING_H 1
| #define HAVE_MEMORY_H 1
| #define HAVE_STRINGS_H 1
| #define HAVE_INTTYPES_H 1
| #define HAVE_STDINT_H 1
| #define HAVE_UNISTD_H 1
| #define HAVE_DLFCN_H 1
| #define LT_OBJDIR ".libs/"
| #define PACKAGE "bctoolbox"
| #define VERSION "0.2.0"
| /* end confdefs.h.  */
| 
| int
| main ()
| {
| #ifndef __GNUC__
|        choke me
| #endif
| 
|   ;
|   return 0;
| }
configure:16042: result: no
configure:16051: checking whether mipsel-openwrt-linux-uclibc-gcc accepts -g
configure:16071: mipsel-openwrt-linux-uclibc-gcc -c -g  conftest.m >&5
mipsel-openwrt-linux-uclibc-gcc: error: conftest.m: Objective-C compiler not installed on this system
configure:16071: $? = 1
configure: failed program was:
| /* confdefs.h */
| #define PACKAGE_NAME "bctoolbox"
| #define PACKAGE_TARNAME "bctoolbox"
| #define PACKAGE_VERSION "0.2.0"
| #define PACKAGE_STRING "bctoolbox 0.2.0"
| #define PACKAGE_BUGREPORT "jehan.monnier@linphone.org"
| #define PACKAGE_URL ""
| #define STDC_HEADERS 1
| #define HAVE_SYS_TYPES_H 1
| #define HAVE_SYS_STAT_H 1
| #define HAVE_STDLIB_H 1
| #define HAVE_STRING_H 1
| #define HAVE_MEMORY_H 1
| #define HAVE_STRINGS_H 1
| #define HAVE_INTTYPES_H 1
| #define HAVE_STDINT_H 1
| #define HAVE_UNISTD_H 1
| #define HAVE_DLFCN_H 1
| #define LT_OBJDIR ".libs/"
| #define PACKAGE "bctoolbox"
| #define VERSION "0.2.0"
| /* end confdefs.h.  */
| 
| int
| main ()
| {
| 
|   ;
|   return 0;
| }
configure:16086: mipsel-openwrt-linux-uclibc-gcc -c   conftest.m >&5
mipsel-openwrt-linux-uclibc-gcc: error: conftest.m: Objective-C compiler not installed on this system
configure:16086: $? = 1
configure: failed program was:
| /* confdefs.h */
| #define PACKAGE_NAME "bctoolbox"
| #define PACKAGE_TARNAME "bctoolbox"
| #define PACKAGE_VERSION "0.2.0"
| #define PACKAGE_STRING "bctoolbox 0.2.0"
| #define PACKAGE_BUGREPORT "jehan.monnier@linphone.org"
| #define PACKAGE_URL ""
| #define STDC_HEADERS 1
| #define HAVE_SYS_TYPES_H 1
| #define HAVE_SYS_STAT_H 1
| #define HAVE_STDLIB_H 1
| #define HAVE_STRING_H 1
| #define HAVE_MEMORY_H 1
| #define HAVE_STRINGS_H 1
| #define HAVE_INTTYPES_H 1
| #define HAVE_STDINT_H 1
| #define HAVE_UNISTD_H 1
| #define HAVE_DLFCN_H 1
| #define LT_OBJDIR ".libs/"
| #define PACKAGE "bctoolbox"
| #define VERSION "0.2.0"
| /* end confdefs.h.  */
| 
| int
| main ()
| {
| 
|   ;
|   return 0;
| }
configure:16102: mipsel-openwrt-linux-uclibc-gcc -c -g  conftest.m >&5
mipsel-openwrt-linux-uclibc-gcc: error: conftest.m: Objective-C compiler not installed on this system
configure:16102: $? = 1
configure: failed program was:
| /* confdefs.h */
| #define PACKAGE_NAME "bctoolbox"
| #define PACKAGE_TARNAME "bctoolbox"
| #define PACKAGE_VERSION "0.2.0"
| #define PACKAGE_STRING "bctoolbox 0.2.0"
| #define PACKAGE_BUGREPORT "jehan.monnier@linphone.org"
| #define PACKAGE_URL ""
| #define STDC_HEADERS 1
| #define HAVE_SYS_TYPES_H 1
| #define HAVE_SYS_STAT_H 1
| #define HAVE_STDLIB_H 1
| #define HAVE_STRING_H 1
| #define HAVE_MEMORY_H 1
| #define HAVE_STRINGS_H 1
| #define HAVE_INTTYPES_H 1
| #define HAVE_STDINT_H 1
| #define HAVE_UNISTD_H 1
| #define HAVE_DLFCN_H 1
| #define LT_OBJDIR ".libs/"
| #define PACKAGE "bctoolbox"
| #define VERSION "0.2.0"
| /* end confdefs.h.  */
| 
| int
| main ()
| {
| 
|   ;
|   return 0;
| }
configure:16112: result: no
configure:16137: checking dependency style of mipsel-openwrt-linux-uclibc-gcc
configure:16246: result: gcc3
configure:16358: checking CUnit/CUnit.h usability
configure:16358: mipsel-openwrt-linux-uclibc-gcc -c -g -O2  -g  -I/home/openwrt/staging_dir/toolchain-mipsel_24kec+dsp_gcc-4.8-linaro_uClibc-0.9.33.2 conftest.c >&5
mipsel-openwrt-linux-uclibc-gcc: warning: environment variable 'STAGING_DIR' not defined
configure:16358: $? = 0
configure:16358: result: yes
configure:16358: checking CUnit/CUnit.h presence
configure:16358: mipsel-openwrt-linux-uclibc-gcc -E  -I/home/openwrt/staging_dir/toolchain-mipsel_24kec+dsp_gcc-4.8-linaro_uClibc-0.9.33.2 conftest.c
mipsel-openwrt-linux-uclibc-gcc: warning: environment variable 'STAGING_DIR' not defined
configure:16358: $? = 0
configure:16358: result: yes
configure:16358: checking for CUnit/CUnit.h
configure:16358: result: yes
configure:16361: checking for CU_get_error in -lcunit
configure:16386: mipsel-openwrt-linux-uclibc-gcc -o conftest -g -O2  -g  -I/home/openwrt/staging_dir/toolchain-mipsel_24kec+dsp_gcc-4.8-linaro_uClibc-0.9.33.2  conftest.c -lcunit   -L/home/openwrt/staging_dir/toolchain-mipsel_24kec+dsp_gcc-4.8-linaro_uClibc-0.9.33.2/lib >&5
mipsel-openwrt-linux-uclibc-gcc: warning: environment variable 'STAGING_DIR' not defined
mipsel-openwrt-linux-uclibc-gcc: warning: environment variable 'STAGING_DIR' not defined
mipsel-openwrt-linux-uclibc-gcc: warning: environment variable 'STAGING_DIR' not defined
configure:16386: $? = 0
configure:16395: result: yes
configure:16414: checking for CU_get_suite in -lcunit
configure:16439: mipsel-openwrt-linux-uclibc-gcc -o conftest -g -O2  -g  -I/home/openwrt/staging_dir/toolchain-mipsel_24kec+dsp_gcc-4.8-linaro_uClibc-0.9.33.2  conftest.c -lcunit   -L/home/openwrt/staging_dir/toolchain-mipsel_24kec+dsp_gcc-4.8-linaro_uClibc-0.9.33.2/lib >&5
mipsel-openwrt-linux-uclibc-gcc: warning: environment variable 'STAGING_DIR' not defined
mipsel-openwrt-linux-uclibc-gcc: warning: environment variable 'STAGING_DIR' not defined
mipsel-openwrt-linux-uclibc-gcc: warning: environment variable 'STAGING_DIR' not defined
configure:16439: $? = 0
configure:16448: result: yes
configure:16457: checking for CU_set_trace_handler in -lcunit
configure:16482: mipsel-openwrt-linux-uclibc-gcc -o conftest -g -O2  -g  -I/home/openwrt/staging_dir/toolchain-mipsel_24kec+dsp_gcc-4.8-linaro_uClibc-0.9.33.2  conftest.c -lcunit   -L/home/openwrt/staging_dir/toolchain-mipsel_24kec+dsp_gcc-4.8-linaro_uClibc-0.9.33.2/lib >&5
mipsel-openwrt-linux-uclibc-gcc: warning: environment variable 'STAGING_DIR' not defined
mipsel-openwrt-linux-uclibc-gcc: warning: environment variable 'STAGING_DIR' not defined
mipsel-openwrt-linux-uclibc-gcc: warning: environment variable 'STAGING_DIR' not defined
/tmp/ccqopOg6.o: In function `main':
/usr/local/src/bctoolbox2/bctoolbox-0.2.0/conftest.c:35: undefined reference to `CU_set_trace_handler'
collect2: error: ld returned 1 exit status
configure:16482: $? = 1
configure: failed program was:
| /* confdefs.h */
| #define PACKAGE_NAME "bctoolbox"
| #define PACKAGE_TARNAME "bctoolbox"
| #define PACKAGE_VERSION "0.2.0"
| #define PACKAGE_STRING "bctoolbox 0.2.0"
| #define PACKAGE_BUGREPORT "jehan.monnier@linphone.org"
| #define PACKAGE_URL ""
| #define STDC_HEADERS 1
| #define HAVE_SYS_TYPES_H 1
| #define HAVE_SYS_STAT_H 1
| #define HAVE_STDLIB_H 1
| #define HAVE_STRING_H 1
| #define HAVE_MEMORY_H 1
| #define HAVE_STRINGS_H 1
| #define HAVE_INTTYPES_H 1
| #define HAVE_STDINT_H 1
| #define HAVE_UNISTD_H 1
| #define HAVE_DLFCN_H 1
| #define LT_OBJDIR ".libs/"
| #define PACKAGE "bctoolbox"
| #define VERSION "0.2.0"
| #define HAVE_CU_GET_SUITE 1
| /* end confdefs.h.  */
| 
| /* Override any GCC internal prototype to avoid an error.
|    Use char because int might match the return type of a GCC
|    builtin and then its argument prototype would still apply.  */
| #ifdef __cplusplus
| extern "C"
| #endif
| char CU_set_trace_handler ();
| int
| main ()
| {
| return CU_set_trace_handler ();
|   ;
|   return 0;
| }
configure:16491: result: no
configure:16502: checking CUnit/CUCurses.h usability
configure:16502: mipsel-openwrt-linux-uclibc-gcc -c -g -O2  -g  -I/home/openwrt/staging_dir/toolchain-mipsel_24kec+dsp_gcc-4.8-linaro_uClibc-0.9.33.2 conftest.c >&5
mipsel-openwrt-linux-uclibc-gcc: warning: environment variable 'STAGING_DIR' not defined
conftest.c:57:28: fatal error: CUnit/CUCurses.h: No such file or directory
 #include <CUnit/CUCurses.h>
                            ^
compilation terminated.
configure:16502: $? = 1
configure: failed program was:
| /* confdefs.h */
| #define PACKAGE_NAME "bctoolbox"
| #define PACKAGE_TARNAME "bctoolbox"
| #define PACKAGE_VERSION "0.2.0"
| #define PACKAGE_STRING "bctoolbox 0.2.0"
| #define PACKAGE_BUGREPORT "jehan.monnier@linphone.org"
| #define PACKAGE_URL ""
| #define STDC_HEADERS 1
| #define HAVE_SYS_TYPES_H 1
| #define HAVE_SYS_STAT_H 1
| #define HAVE_STDLIB_H 1
| #define HAVE_STRING_H 1
| #define HAVE_MEMORY_H 1
| #define HAVE_STRINGS_H 1
| #define HAVE_INTTYPES_H 1
| #define HAVE_STDINT_H 1
| #define HAVE_UNISTD_H 1
| #define HAVE_DLFCN_H 1
| #define LT_OBJDIR ".libs/"
| #define PACKAGE "bctoolbox"
| #define VERSION "0.2.0"
| #define HAVE_CU_GET_SUITE 1
| /* end confdefs.h.  */
| #include <stdio.h>
| #ifdef HAVE_SYS_TYPES_H
| # include <sys/types.h>
| #endif
| #ifdef HAVE_SYS_STAT_H
| # include <sys/stat.h>
| #endif
| #ifdef STDC_HEADERS
| # include <stdlib.h>
| # include <stddef.h>
| #else
| # ifdef HAVE_STDLIB_H
| #  include <stdlib.h>
| # endif
| #endif
| #ifdef HAVE_STRING_H
| # if !defined STDC_HEADERS && defined HAVE_MEMORY_H
| #  include <memory.h>
| # endif
| # include <string.h>
| #endif
| #ifdef HAVE_STRINGS_H
| # include <strings.h>
| #endif
| #ifdef HAVE_INTTYPES_H
| # include <inttypes.h>
| #endif
| #ifdef HAVE_STDINT_H
| # include <stdint.h>
| #endif
| #ifdef HAVE_UNISTD_H
| # include <unistd.h>
| #endif
| #include <CUnit/CUCurses.h>
configure:16502: result: no
configure:16502: checking CUnit/CUCurses.h presence
configure:16502: mipsel-openwrt-linux-uclibc-gcc -E  -I/home/openwrt/staging_dir/toolchain-mipsel_24kec+dsp_gcc-4.8-linaro_uClibc-0.9.33.2 conftest.c
mipsel-openwrt-linux-uclibc-gcc: warning: environment variable 'STAGING_DIR' not defined
conftest.c:24:28: fatal error: CUnit/CUCurses.h: No such file or directory
 #include <CUnit/CUCurses.h>
                            ^
compilation terminated.
configure:16502: $? = 1
configure: failed program was:
| /* confdefs.h */
| #define PACKAGE_NAME "bctoolbox"
| #define PACKAGE_TARNAME "bctoolbox"
| #define PACKAGE_VERSION "0.2.0"
| #define PACKAGE_STRING "bctoolbox 0.2.0"
| #define PACKAGE_BUGREPORT "jehan.monnier@linphone.org"
| #define PACKAGE_URL ""
| #define STDC_HEADERS 1
| #define HAVE_SYS_TYPES_H 1
| #define HAVE_SYS_STAT_H 1
| #define HAVE_STDLIB_H 1
| #define HAVE_STRING_H 1
| #define HAVE_MEMORY_H 1
| #define HAVE_STRINGS_H 1
| #define HAVE_INTTYPES_H 1
| #define HAVE_STDINT_H 1
| #define HAVE_UNISTD_H 1
| #define HAVE_DLFCN_H 1
| #define LT_OBJDIR ".libs/"
| #define PACKAGE "bctoolbox"
| #define VERSION "0.2.0"
| #define HAVE_CU_GET_SUITE 1
| /* end confdefs.h.  */
| #include <CUnit/CUCurses.h>
configure:16502: result: no
configure:16502: checking for CUnit/CUCurses.h
configure:16502: result: no
configure:16524: checking mbedtls/ssl.h usability
configure:16524: mipsel-openwrt-linux-uclibc-gcc -c -g -O2  -g  -I/home/openwrt/staging_dir/toolchain-mipsel_24kec+dsp_gcc-4.8-linaro_uClibc-0.9.33.2 conftest.c >&5
mipsel-openwrt-linux-uclibc-gcc: warning: environment variable 'STAGING_DIR' not defined
configure:16524: $? = 0
configure:16524: result: yes
configure:16524: checking mbedtls/ssl.h presence
configure:16524: mipsel-openwrt-linux-uclibc-gcc -E  -I/home/openwrt/staging_dir/toolchain-mipsel_24kec+dsp_gcc-4.8-linaro_uClibc-0.9.33.2 conftest.c
mipsel-openwrt-linux-uclibc-gcc: warning: environment variable 'STAGING_DIR' not defined
configure:16524: $? = 0
configure:16524: result: yes
configure:16524: checking for mbedtls/ssl.h
configure:16524: result: yes
configure:16527: checking for mbedtls_pk_parse_key in -lmbedtls
configure:16552: mipsel-openwrt-linux-uclibc-gcc -o conftest -g -O2  -g  -I/home/openwrt/staging_dir/toolchain-mipsel_24kec+dsp_gcc-4.8-linaro_uClibc-0.9.33.2  conftest.c -lmbedtls -lmbedcrypto  -L/home/openwrt/staging_dir/toolchain-mipsel_24kec+dsp_gcc-4.8-linaro_uClibc-0.9.33.2/lib >&5
mipsel-openwrt-linux-uclibc-gcc: warning: environment variable 'STAGING_DIR' not defined
mipsel-openwrt-linux-uclibc-gcc: warning: environment variable 'STAGING_DIR' not defined
mipsel-openwrt-linux-uclibc-gcc: warning: environment variable 'STAGING_DIR' not defined
configure:16552: $? = 0
configure:16561: result: yes
configure:16846: checking that generated files are newer than configure
configure:16852: result: done
configure:16899: creating ./config.status

## ---------------------- ##
## Running config.status. ##
## ---------------------- ##

This file was extended by bctoolbox config.status 0.2.0, which was
generated by GNU Autoconf 2.69.  Invocation command line was

  CONFIG_FILES    = 
  CONFIG_HEADERS  = 
  CONFIG_LINKS    = 
  CONFIG_COMMANDS = 
  $ ./config.status 

on ubuntu

config.status:1182: creating Makefile
config.status:1182: creating include/Makefile
config.status:1182: creating include/bctoolbox/Makefile
config.status:1182: creating src/Makefile
config.status:1182: creating bctoolbox-tester.pc
config.status:1182: creating bctoolbox.pc
config.status:1182: creating config.h
config.status:1411: executing libtool commands
config.status:1411: executing depfiles commands

## ---------------- ##
## Cache variables. ##
## ---------------- ##

ac_cv_build=i686-pc-linux-gnu
ac_cv_c_compiler_gnu=yes
ac_cv_cxx_compiler_gnu=yes
ac_cv_env_CCC_set=
ac_cv_env_CCC_value=
ac_cv_env_CC_set=
ac_cv_env_CC_value=
ac_cv_env_CFLAGS_set=
ac_cv_env_CFLAGS_value=
ac_cv_env_CPPFLAGS_set=
ac_cv_env_CPPFLAGS_value=
ac_cv_env_CPP_set=
ac_cv_env_CPP_value=
ac_cv_env_CXXCPP_set=
ac_cv_env_CXXCPP_value=
ac_cv_env_CXXFLAGS_set=
ac_cv_env_CXXFLAGS_value=
ac_cv_env_CXX_set=
ac_cv_env_CXX_value=
ac_cv_env_LDFLAGS_set=
ac_cv_env_LDFLAGS_value=
ac_cv_env_LIBS_set=
ac_cv_env_LIBS_value=
ac_cv_env_OBJCFLAGS_set=
ac_cv_env_OBJCFLAGS_value=
ac_cv_env_OBJC_set=
ac_cv_env_OBJC_value=
ac_cv_env_PKG_CONFIG_LIBDIR_set=
ac_cv_env_PKG_CONFIG_LIBDIR_value=
ac_cv_env_PKG_CONFIG_PATH_set=
ac_cv_env_PKG_CONFIG_PATH_value=
ac_cv_env_PKG_CONFIG_set=
ac_cv_env_PKG_CONFIG_value=
ac_cv_env_build_alias_set=
ac_cv_env_build_alias_value=
ac_cv_env_host_alias_set=set
ac_cv_env_host_alias_value=mipsel-openwrt-linux-uclibc
ac_cv_env_target_alias_set=
ac_cv_env_target_alias_value=
ac_cv_header_CUnit_CUCurses_h=no
ac_cv_header_CUnit_CUnit_h=yes
ac_cv_header_dlfcn_h=yes
ac_cv_header_inttypes_h=yes
ac_cv_header_mbedtls_ssl_h=yes
ac_cv_header_memory_h=yes
ac_cv_header_stdc=yes
ac_cv_header_stdint_h=yes
ac_cv_header_stdlib_h=yes
ac_cv_header_string_h=yes
ac_cv_header_strings_h=yes
ac_cv_header_sys_stat_h=yes
ac_cv_header_sys_types_h=yes
ac_cv_header_unistd_h=yes
ac_cv_host=mipsel-openwrt-linux-uclibc
ac_cv_lib_cunit_CU_get_error=yes
ac_cv_lib_cunit_CU_get_suite=yes
ac_cv_lib_cunit_CU_set_trace_handler=no
ac_cv_lib_mbedtls_mbedtls_pk_parse_key=yes
ac_cv_objc_compiler_gnu=no
ac_cv_objext=o
ac_cv_path_EGREP='/bin/grep -E'
ac_cv_path_FGREP='/bin/grep -F'
ac_cv_path_GREP=/bin/grep
ac_cv_path_SED=/bin/sed
ac_cv_path_ac_pt_PKG_CONFIG=/usr/bin/pkg-config
ac_cv_path_install='/usr/bin/install -c'
ac_cv_path_mkdir=/bin/mkdir
ac_cv_prog_AR=mipsel-openwrt-linux-uclibc-ar
ac_cv_prog_AWK=gawk
ac_cv_prog_CC=mipsel-openwrt-linux-uclibc-gcc
ac_cv_prog_CPP='mipsel-openwrt-linux-uclibc-gcc -E'
ac_cv_prog_CXX=mipsel-openwrt-linux-uclibc-g++
ac_cv_prog_CXXCPP='mipsel-openwrt-linux-uclibc-g++ -E'
ac_cv_prog_OBJC=mipsel-openwrt-linux-uclibc-gcc
ac_cv_prog_OBJDUMP=mipsel-openwrt-linux-uclibc-objdump
ac_cv_prog_RANLIB=mipsel-openwrt-linux-uclibc-ranlib
ac_cv_prog_STRIP=mipsel-openwrt-linux-uclibc-strip
ac_cv_prog_ac_ct_MANIFEST_TOOL=mt
ac_cv_prog_cc_c89=
ac_cv_prog_cc_g=yes
ac_cv_prog_cxx_g=yes
ac_cv_prog_make_make_set=yes
ac_cv_prog_objc_g=no
ac_cv_target=mipsel-openwrt-linux-uclibc
am_cv_CC_dependencies_compiler_type=gcc3
am_cv_CXX_dependencies_compiler_type=gcc3
am_cv_OBJC_dependencies_compiler_type=gcc3
am_cv_make_support_nested_variables=yes
am_cv_prog_cc_c_o=yes
lt_cv_ar_at_file=@
lt_cv_archive_cmds_need_lc=no
lt_cv_deplibs_check_method=pass_all
lt_cv_file_magic_cmd='$MAGIC_CMD'
lt_cv_file_magic_test_file=
lt_cv_ld_reload_flag=-r
lt_cv_nm_interface='BSD nm'
lt_cv_objdir=.libs
lt_cv_path_LD=/home/openwrt/staging_dir/toolchain-mipsel_24kec+dsp_gcc-4.8-linaro_uClibc-0.9.33.2/mipsel-openwrt-linux-uclibc/bin/ld
lt_cv_path_LDCXX=/home/openwrt/staging_dir/toolchain-mipsel_24kec+dsp_gcc-4.8-linaro_uClibc-0.9.33.2/mipsel-openwrt-linux-uclibc/bin/ld
lt_cv_path_NM='/home/openwrt/staging_dir/toolchain-mipsel_24kec+dsp_gcc-4.8-linaro_uClibc-0.9.33.2/bin/mipsel-openwrt-linux-uclibc-nm -B'
lt_cv_path_mainfest_tool=no
lt_cv_prog_compiler_c_o=yes
lt_cv_prog_compiler_c_o_CXX=yes
lt_cv_prog_compiler_pic='-fPIC -DPIC'
lt_cv_prog_compiler_pic_CXX='-fPIC -DPIC'
lt_cv_prog_compiler_pic_works=yes
lt_cv_prog_compiler_pic_works_CXX=yes
lt_cv_prog_compiler_rtti_exceptions=no
lt_cv_prog_compiler_static_works=no
lt_cv_prog_compiler_static_works_CXX=no
lt_cv_prog_gnu_ld=yes
lt_cv_prog_gnu_ldcxx=yes
lt_cv_sharedlib_from_linklib_cmd='printf %s\n'
lt_cv_shlibpath_overrides_runpath=no
lt_cv_sys_global_symbol_pipe='sed -n -e '\''s/^.*[	 ]\([ABCDGIRSTW][ABCDGIRSTW]*\)[	 ][	 ]*\([_A-Za-z][_A-Za-z0-9]*\)$/\1 \2 \2/p'\'' | sed '\''/ __gnu_lto/d'\'''
lt_cv_sys_global_symbol_to_c_name_address='sed -n -e '\''s/^: \([^ ]*\)[ ]*$/  {\"\1\", (void *) 0},/p'\'' -e '\''s/^[ABCDGIRSTW]* \([^ ]*\) \([^ ]*\)$/  {"\2", (void *) \&\2},/p'\'''
lt_cv_sys_global_symbol_to_c_name_address_lib_prefix='sed -n -e '\''s/^: \([^ ]*\)[ ]*$/  {\"\1\", (void *) 0},/p'\'' -e '\''s/^[ABCDGIRSTW]* \([^ ]*\) \(lib[^ ]*\)$/  {"\2", (void *) \&\2},/p'\'' -e '\''s/^[ABCDGIRSTW]* \([^ ]*\) \([^ ]*\)$/  {"lib\2", (void *) \&\2},/p'\'''
lt_cv_sys_global_symbol_to_cdecl='sed -n -e '\''s/^T .* \(.*\)$/extern int \1();/p'\'' -e '\''s/^[ABCDGIRSTW]* .* \(.*\)$/extern char \1;/p'\'''
lt_cv_sys_max_cmd_len=1572864
lt_cv_to_host_file_cmd=func_convert_file_noop
lt_cv_to_tool_file_cmd=func_convert_file_noop

## ----------------- ##
## Output variables. ##
## ----------------- ##

ACLOCAL='${SHELL} /usr/local/src/bctoolbox2/bctoolbox-0.2.0/missing aclocal-1.14'
AMDEPBACKSLASH='\'
AMDEP_FALSE='#'
AMDEP_TRUE=''
AMTAR='$${TAR-tar}'
AM_BACKSLASH='\'
AM_DEFAULT_V='$(AM_DEFAULT_VERBOSITY)'
AM_DEFAULT_VERBOSITY='0'
AM_V='$(V)'
AR='mipsel-openwrt-linux-uclibc-ar'
AUTOCONF='${SHELL} /usr/local/src/bctoolbox2/bctoolbox-0.2.0/missing autoconf'
AUTOHEADER='${SHELL} /usr/local/src/bctoolbox2/bctoolbox-0.2.0/missing autoheader'
AUTOMAKE='${SHELL} /usr/local/src/bctoolbox2/bctoolbox-0.2.0/missing automake-1.14'
AWK='gawk'
BCTOOLBOX_SO_CURRENT='0'
BCTOOLBOX_SO_VERSION='0:0:0'
CC='mipsel-openwrt-linux-uclibc-gcc'
CCDEPMODE='depmode=gcc3'
CFLAGS='-g -O2  -g -pthread -D_REENTRANT'
CMAKE_INSTALL_FULL_INCLUDEDIR='/home/openwrt/staging_dir/toolchain-mipsel_24kec+dsp_gcc-4.8-linaro_uClibc-0.9.33.2/include'
CMAKE_INSTALL_FULL_LIBDIR='/home/openwrt/staging_dir/toolchain-mipsel_24kec+dsp_gcc-4.8-linaro_uClibc-0.9.33.2/lib'
CMAKE_INSTALL_PREFIX='/home/openwrt/staging_dir/toolchain-mipsel_24kec+dsp_gcc-4.8-linaro_uClibc-0.9.33.2'
CPP='mipsel-openwrt-linux-uclibc-gcc -E'
CPPFLAGS=''
CUNIT_CFLAGS='-I/home/openwrt/staging_dir/toolchain-mipsel_24kec+dsp_gcc-4.8-linaro_uClibc-0.9.33.2'
CUNIT_LIBS='CUNIT_LIBS -lcunit'
CXX='mipsel-openwrt-linux-uclibc-g++'
CXXCPP='mipsel-openwrt-linux-uclibc-g++ -E'
CXXDEPMODE='depmode=gcc3'
CXXFLAGS='-g -O2  -g -pthread -D_REENTRANT -pthread -D_REENTRANT'
CYGPATH_W='echo'
DEFS='-DHAVE_CONFIG_H'
DEPDIR='.deps'
DLLTOOL='false'
DSYMUTIL=''
DUMPBIN=''
ECHO_C=''
ECHO_N='-n'
ECHO_T=''
EGREP='/bin/grep -E'
ENABLE_MBEDTLS_FALSE='#'
ENABLE_MBEDTLS_TRUE=''
ENABLE_POLARSSL12_FALSE=''
ENABLE_POLARSSL12_TRUE='#'
ENABLE_POLARSSL_FALSE=''
ENABLE_POLARSSL_TRUE='#'
EXEEXT=''
FGREP='/bin/grep -F'
GREP='/bin/grep'
INSTALL_DATA='${INSTALL} -m 644'
INSTALL_PROGRAM='${INSTALL}'
INSTALL_SCRIPT='${INSTALL}'
INSTALL_STRIP_PROGRAM='$(install_sh) -c -s'
LD='/home/openwrt/staging_dir/toolchain-mipsel_24kec+dsp_gcc-4.8-linaro_uClibc-0.9.33.2/mipsel-openwrt-linux-uclibc/bin/ld'
LDFLAGS=''
LIBOBJS=''
LIBS=' -pthread -lpthread'
LIBTOOL='$(SHELL) $(top_builddir)/libtool'
LIPO=''
LN_S='ln -s'
LTLIBOBJS=''
MAKEINFO='${SHELL} /usr/local/src/bctoolbox2/bctoolbox-0.2.0/missing makeinfo'
MANIFEST_TOOL=':'
MBEDTLS_CFLAGS='-I/home/openwrt/staging_dir/toolchain-mipsel_24kec+dsp_gcc-4.8-linaro_uClibc-0.9.33.2'
MBEDTLS_LIBS='-L/home/openwrt/staging_dir/toolchain-mipsel_24kec+dsp_gcc-4.8-linaro_uClibc-0.9.33.2/lib -lmbedtls -lmbedcrypto'
MKDIR_P='/bin/mkdir -p'
NM='/home/openwrt/staging_dir/toolchain-mipsel_24kec+dsp_gcc-4.8-linaro_uClibc-0.9.33.2/bin/mipsel-openwrt-linux-uclibc-nm -B'
NMEDIT=''
OBJC='mipsel-openwrt-linux-uclibc-gcc'
OBJCDEPMODE='depmode=gcc3'
OBJCFLAGS=''
OBJDUMP='mipsel-openwrt-linux-uclibc-objdump'
OBJEXT='o'
OTOOL64=''
OTOOL=''
PACKAGE='bctoolbox'
PACKAGE_BUGREPORT='jehan.monnier@linphone.org'
PACKAGE_NAME='bctoolbox'
PACKAGE_STRING='bctoolbox 0.2.0'
PACKAGE_TARNAME='bctoolbox'
PACKAGE_URL=''
PACKAGE_VERSION='0.2.0'
PATH_SEPARATOR=':'
PKG_CONFIG='/usr/bin/pkg-config'
PKG_CONFIG_LIBDIR=''
PKG_CONFIG_PATH=''
POLARSSL_CFLAGS=''
POLARSSL_LIBS=''
PROJECT_VERSION='0.2.0'
RANLIB='mipsel-openwrt-linux-uclibc-ranlib'
SED='/bin/sed'
SET_MAKE=''
SHELL='/bin/bash'
STRICT_OPTIONS='-Wall -Werror'
STRIP='mipsel-openwrt-linux-uclibc-strip'
TESTER_REQUIRES_PRIVATE=''
VERSION='0.2.0'
ac_ct_AR=''
ac_ct_CC=''
ac_ct_CXX=''
ac_ct_DUMPBIN=''
ac_ct_OBJC=''
am__EXEEXT_FALSE=''
am__EXEEXT_TRUE='#'
am__fastdepCC_FALSE='#'
am__fastdepCC_TRUE=''
am__fastdepCXX_FALSE='#'
am__fastdepCXX_TRUE=''
am__fastdepOBJC_FALSE='#'
am__fastdepOBJC_TRUE=''
am__include='include'
am__isrc=''
am__leading_dot='.'
am__nodep='_no'
am__quote=''
am__tar='$${TAR-tar} chof - "$$tardir"'
am__untar='$${TAR-tar} xf -'
bindir='${exec_prefix}/bin'
build='i686-pc-linux-gnu'
build_alias=''
build_cpu='i686'
build_os='linux-gnu'
build_vendor='pc'
datadir='${datarootdir}'
datarootdir='${prefix}/share'
docdir='${datarootdir}/doc/${PACKAGE_TARNAME}'
dvidir='${docdir}'
exec_prefix='${prefix}'
host='mipsel-openwrt-linux-uclibc'
host_alias='mipsel-openwrt-linux-uclibc'
host_cpu='mipsel'
host_os='linux-uclibc'
host_vendor='openwrt'
htmldir='${docdir}'
includedir='${prefix}/include'
infodir='${datarootdir}/info'
install_sh='${SHELL} /usr/local/src/bctoolbox2/bctoolbox-0.2.0/install-sh'
libdir='${exec_prefix}/lib'
libexecdir='${exec_prefix}/libexec'
localedir='${datarootdir}/locale'
localstatedir='${prefix}/var'
mandir='${datarootdir}/man'
mkdir_p='$(MKDIR_P)'
oldincludedir='/usr/include'
pdfdir='${docdir}'
prefix='/home/openwrt/staging_dir/toolchain-mipsel_24kec+dsp_gcc-4.8-linaro_uClibc-0.9.33.2'
program_transform_name='s,x,x,'
psdir='${docdir}'
sbindir='${exec_prefix}/sbin'
sharedstatedir='${prefix}/com'
sysconfdir='${prefix}/etc'
target='mipsel-openwrt-linux-uclibc'
target_alias=''
target_cpu='mipsel'
target_os='linux-uclibc'
target_vendor='openwrt'

## ----------- ##
## confdefs.h. ##
## ----------- ##

/* confdefs.h */
#define PACKAGE_NAME "bctoolbox"
#define PACKAGE_TARNAME "bctoolbox"
#define PACKAGE_VERSION "0.2.0"
#define PACKAGE_STRING "bctoolbox 0.2.0"
#define PACKAGE_BUGREPORT "jehan.monnier@linphone.org"
#define PACKAGE_URL ""
#define STDC_HEADERS 1
#define HAVE_SYS_TYPES_H 1
#define HAVE_SYS_STAT_H 1
#define HAVE_STDLIB_H 1
#define HAVE_STRING_H 1
#define HAVE_MEMORY_H 1
#define HAVE_STRINGS_H 1
#define HAVE_INTTYPES_H 1
#define HAVE_STDINT_H 1
#define HAVE_UNISTD_H 1
#define HAVE_DLFCN_H 1
#define LT_OBJDIR ".libs/"
#define PACKAGE "bctoolbox"
#define VERSION "0.2.0"
#define HAVE_CU_GET_SUITE 1

configure: exit 0
